<?xml version="1.0" encoding="UTF-8"?>
<testsuite xmlns:xsi="http://www.w3.org/2001/XMLSchema-instance" xsi:noNamespaceSchemaLocation="https://maven.apache.org/surefire/maven-surefire-plugin/xsd/surefire-test-report-3.0.xsd" version="3.0" name="hyperexecute.GFGLoginTest" time="29.301" tests="1" errors="0" skipped="0" failures="0">
  <properties>
    <property name="java.specification.version" value="23"/>
    <property name="webdriver.chrome.driver" value="/Users/roshank/.cache/selenium/chromedriver/mac64/134.0.6998.165/chromedriver"/>
    <property name="sun.jnu.encoding" value="UTF-8"/>
    <property name="java.class.path" value="/Users/roshank/selenium-java/target/test-classes:/Users/roshank/selenium-java/target/classes:/Users/roshank/.m2/repository/org/seleniumhq/selenium/selenium-java/4.10.0/selenium-java-4.10.0.jar:/Users/roshank/.m2/repository/org/seleniumhq/selenium/selenium-api/4.10.0/selenium-api-4.10.0.jar:/Users/roshank/.m2/repository/org/seleniumhq/selenium/selenium-chrome-driver/4.10.0/selenium-chrome-driver-4.10.0.jar:/Users/roshank/.m2/repository/com/google/auto/service/auto-service-annotations/1.0.1/auto-service-annotations-1.0.1.jar:/Users/roshank/.m2/repository/com/google/auto/service/auto-service/1.0.1/auto-service-1.0.1.jar:/Users/roshank/.m2/repository/com/google/auto/auto-common/1.2/auto-common-1.2.jar:/Users/roshank/.m2/repository/com/google/guava/guava/31.1-jre/guava-31.1-jre.jar:/Users/roshank/.m2/repository/com/google/guava/failureaccess/1.0.1/failureaccess-1.0.1.jar:/Users/roshank/.m2/repository/com/google/guava/listenablefuture/9999.0-empty-to-avoid-conflict-with-guava/listenablefuture-9999.0-empty-to-avoid-conflict-with-guava.jar:/Users/roshank/.m2/repository/com/google/code/findbugs/jsr305/3.0.2/jsr305-3.0.2.jar:/Users/roshank/.m2/repository/org/checkerframework/checker-qual/3.12.0/checker-qual-3.12.0.jar:/Users/roshank/.m2/repository/com/google/errorprone/error_prone_annotations/2.11.0/error_prone_annotations-2.11.0.jar:/Users/roshank/.m2/repository/com/google/j2objc/j2objc-annotations/1.3/j2objc-annotations-1.3.jar:/Users/roshank/.m2/repository/org/seleniumhq/selenium/selenium-chromium-driver/4.10.0/selenium-chromium-driver-4.10.0.jar:/Users/roshank/.m2/repository/org/seleniumhq/selenium/selenium-json/4.10.0/selenium-json-4.10.0.jar:/Users/roshank/.m2/repository/org/seleniumhq/selenium/selenium-manager/4.10.0/selenium-manager-4.10.0.jar:/Users/roshank/.m2/repository/org/seleniumhq/selenium/selenium-devtools-v112/4.10.0/selenium-devtools-v112-4.10.0.jar:/Users/roshank/.m2/repository/org/seleniumhq/selenium/selenium-devtools-v113/4.10.0/selenium-devtools-v113-4.10.0.jar:/Users/roshank/.m2/repository/org/seleniumhq/selenium/selenium-devtools-v114/4.10.0/selenium-devtools-v114-4.10.0.jar:/Users/roshank/.m2/repository/org/seleniumhq/selenium/selenium-devtools-v85/4.10.0/selenium-devtools-v85-4.10.0.jar:/Users/roshank/.m2/repository/org/seleniumhq/selenium/selenium-edge-driver/4.10.0/selenium-edge-driver-4.10.0.jar:/Users/roshank/.m2/repository/org/seleniumhq/selenium/selenium-firefox-driver/4.10.0/selenium-firefox-driver-4.10.0.jar:/Users/roshank/.m2/repository/org/seleniumhq/selenium/selenium-http/4.10.0/selenium-http-4.10.0.jar:/Users/roshank/.m2/repository/dev/failsafe/failsafe/3.3.1/failsafe-3.3.1.jar:/Users/roshank/.m2/repository/org/seleniumhq/selenium/selenium-ie-driver/4.10.0/selenium-ie-driver-4.10.0.jar:/Users/roshank/.m2/repository/org/seleniumhq/selenium/selenium-remote-driver/4.10.0/selenium-remote-driver-4.10.0.jar:/Users/roshank/.m2/repository/io/netty/netty-buffer/4.1.92.Final/netty-buffer-4.1.92.Final.jar:/Users/roshank/.m2/repository/io/netty/netty-codec-http/4.1.92.Final/netty-codec-http-4.1.92.Final.jar:/Users/roshank/.m2/repository/io/netty/netty-codec/4.1.92.Final/netty-codec-4.1.92.Final.jar:/Users/roshank/.m2/repository/io/netty/netty-handler/4.1.92.Final/netty-handler-4.1.92.Final.jar:/Users/roshank/.m2/repository/io/netty/netty-common/4.1.92.Final/netty-common-4.1.92.Final.jar:/Users/roshank/.m2/repository/io/netty/netty-transport-classes-epoll/4.1.92.Final/netty-transport-classes-epoll-4.1.92.Final.jar:/Users/roshank/.m2/repository/io/netty/netty-transport-classes-kqueue/4.1.92.Final/netty-transport-classes-kqueue-4.1.92.Final.jar:/Users/roshank/.m2/repository/io/netty/netty-transport-native-epoll/4.1.92.Final/netty-transport-native-epoll-4.1.92.Final.jar:/Users/roshank/.m2/repository/io/netty/netty-transport-native-kqueue/4.1.92.Final/netty-transport-native-kqueue-4.1.92.Final.jar:/Users/roshank/.m2/repository/io/netty/netty-transport-native-unix-common/4.1.92.Final/netty-transport-native-unix-common-4.1.92.Final.jar:/Users/roshank/.m2/repository/io/netty/netty-transport/4.1.92.Final/netty-transport-4.1.92.Final.jar:/Users/roshank/.m2/repository/io/netty/netty-resolver/4.1.92.Final/netty-resolver-4.1.92.Final.jar:/Users/roshank/.m2/repository/io/opentelemetry/opentelemetry-api/1.26.0/opentelemetry-api-1.26.0.jar:/Users/roshank/.m2/repository/io/opentelemetry/opentelemetry-context/1.26.0/opentelemetry-context-1.26.0.jar:/Users/roshank/.m2/repository/io/opentelemetry/opentelemetry-exporter-logging/1.26.0/opentelemetry-exporter-logging-1.26.0.jar:/Users/roshank/.m2/repository/io/opentelemetry/opentelemetry-sdk-metrics/1.26.0/opentelemetry-sdk-metrics-1.26.0.jar:/Users/roshank/.m2/repository/io/opentelemetry/opentelemetry-extension-incubator/1.26.0-alpha/opentelemetry-extension-incubator-1.26.0-alpha.jar:/Users/roshank/.m2/repository/io/opentelemetry/opentelemetry-sdk-logs/1.26.0-alpha/opentelemetry-sdk-logs-1.26.0-alpha.jar:/Users/roshank/.m2/repository/io/opentelemetry/opentelemetry-api-logs/1.26.0-alpha/opentelemetry-api-logs-1.26.0-alpha.jar:/Users/roshank/.m2/repository/io/opentelemetry/opentelemetry-api-events/1.26.0-alpha/opentelemetry-api-events-1.26.0-alpha.jar:/Users/roshank/.m2/repository/io/opentelemetry/opentelemetry-sdk-common/1.26.0/opentelemetry-sdk-common-1.26.0.jar:/Users/roshank/.m2/repository/io/opentelemetry/opentelemetry-sdk-extension-autoconfigure-spi/1.26.0/opentelemetry-sdk-extension-autoconfigure-spi-1.26.0.jar:/Users/roshank/.m2/repository/io/opentelemetry/opentelemetry-sdk-extension-autoconfigure/1.26.0-alpha/opentelemetry-sdk-extension-autoconfigure-1.26.0-alpha.jar:/Users/roshank/.m2/repository/io/opentelemetry/opentelemetry-sdk-trace/1.26.0/opentelemetry-sdk-trace-1.26.0.jar:/Users/roshank/.m2/repository/io/opentelemetry/opentelemetry-sdk/1.26.0/opentelemetry-sdk-1.26.0.jar:/Users/roshank/.m2/repository/io/opentelemetry/opentelemetry-semconv/1.26.0-alpha/opentelemetry-semconv-1.26.0-alpha.jar:/Users/roshank/.m2/repository/net/bytebuddy/byte-buddy/1.14.4/byte-buddy-1.14.4.jar:/Users/roshank/.m2/repository/org/apache/commons/commons-exec/1.3/commons-exec-1.3.jar:/Users/roshank/.m2/repository/org/asynchttpclient/async-http-client/2.12.3/async-http-client-2.12.3.jar:/Users/roshank/.m2/repository/org/asynchttpclient/async-http-client-netty-utils/2.12.3/async-http-client-netty-utils-2.12.3.jar:/Users/roshank/.m2/repository/io/netty/netty-codec-socks/4.1.60.Final/netty-codec-socks-4.1.60.Final.jar:/Users/roshank/.m2/repository/io/netty/netty-handler-proxy/4.1.60.Final/netty-handler-proxy-4.1.60.Final.jar:/Users/roshank/.m2/repository/io/netty/netty-transport-native-epoll/4.1.60.Final/netty-transport-native-epoll-4.1.60.Final-linux-x86_64.jar:/Users/roshank/.m2/repository/io/netty/netty-transport-native-kqueue/4.1.60.Final/netty-transport-native-kqueue-4.1.60.Final-osx-x86_64.jar:/Users/roshank/.m2/repository/com/typesafe/netty/netty-reactive-streams/2.0.4/netty-reactive-streams-2.0.4.jar:/Users/roshank/.m2/repository/com/sun/activation/jakarta.activation/1.2.2/jakarta.activation-1.2.2.jar:/Users/roshank/.m2/repository/org/seleniumhq/selenium/selenium-safari-driver/4.10.0/selenium-safari-driver-4.10.0.jar:/Users/roshank/.m2/repository/org/seleniumhq/selenium/selenium-support/4.10.0/selenium-support-4.10.0.jar:/Users/roshank/.m2/repository/io/github/bonigarcia/webdrivermanager/5.5.3/webdrivermanager-5.5.3.jar:/Users/roshank/.m2/repository/com/google/code/gson/gson/2.10.1/gson-2.10.1.jar:/Users/roshank/.m2/repository/com/github/docker-java/docker-java/3.3.3/docker-java-3.3.3.jar:/Users/roshank/.m2/repository/com/github/docker-java/docker-java-core/3.3.3/docker-java-core-3.3.3.jar:/Users/roshank/.m2/repository/com/github/docker-java/docker-java-api/3.3.3/docker-java-api-3.3.3.jar:/Users/roshank/.m2/repository/commons-io/commons-io/2.6/commons-io-2.6.jar:/Users/roshank/.m2/repository/org/apache/commons/commons-compress/1.21/commons-compress-1.21.jar:/Users/roshank/.m2/repository/org/bouncycastle/bcpkix-jdk18on/1.75/bcpkix-jdk18on-1.75.jar:/Users/roshank/.m2/repository/org/bouncycastle/bcprov-jdk18on/1.75/bcprov-jdk18on-1.75.jar:/Users/roshank/.m2/repository/org/bouncycastle/bcutil-jdk18on/1.75/bcutil-jdk18on-1.75.jar:/Users/roshank/.m2/repository/org/slf4j/jcl-over-slf4j/1.7.30/jcl-over-slf4j-1.7.30.jar:/Users/roshank/.m2/repository/com/github/docker-java/docker-java-transport-httpclient5/3.3.3/docker-java-transport-httpclient5-3.3.3.jar:/Users/roshank/.m2/repository/com/github/docker-java/docker-java-transport/3.3.3/docker-java-transport-3.3.3.jar:/Users/roshank/.m2/repository/net/java/dev/jna/jna/5.12.1/jna-5.12.1.jar:/Users/roshank/.m2/repository/org/brotli/dec/0.1.2/dec-0.1.2.jar:/Users/roshank/.m2/repository/org/apache/httpcomponents/client5/httpclient5/5.2.1/httpclient5-5.2.1.jar:/Users/roshank/.m2/repository/org/apache/httpcomponents/core5/httpcore5/5.2/httpcore5-5.2.jar:/Users/roshank/.m2/repository/org/apache/httpcomponents/core5/httpcore5-h2/5.2/httpcore5-h2-5.2.jar:/Users/roshank/.m2/repository/org/junit/jupiter/junit-jupiter/5.9.3/junit-jupiter-5.9.3.jar:/Users/roshank/.m2/repository/org/junit/jupiter/junit-jupiter-api/5.9.3/junit-jupiter-api-5.9.3.jar:/Users/roshank/.m2/repository/org/opentest4j/opentest4j/1.2.0/opentest4j-1.2.0.jar:/Users/roshank/.m2/repository/org/junit/platform/junit-platform-commons/1.9.3/junit-platform-commons-1.9.3.jar:/Users/roshank/.m2/repository/org/apiguardian/apiguardian-api/1.1.2/apiguardian-api-1.1.2.jar:/Users/roshank/.m2/repository/org/junit/jupiter/junit-jupiter-params/5.9.3/junit-jupiter-params-5.9.3.jar:/Users/roshank/.m2/repository/org/junit/jupiter/junit-jupiter-engine/5.9.3/junit-jupiter-engine-5.9.3.jar:/Users/roshank/.m2/repository/org/junit/platform/junit-platform-engine/1.9.3/junit-platform-engine-1.9.3.jar:/Users/roshank/.m2/repository/org/testng/testng/7.7.1/testng-7.7.1.jar:/Users/roshank/.m2/repository/com/beust/jcommander/1.82/jcommander-1.82.jar:/Users/roshank/.m2/repository/org/webjars/jquery/3.6.1/jquery-3.6.1.jar:/Users/roshank/.m2/repository/org/slf4j/slf4j-api/2.0.7/slf4j-api-2.0.7.jar:/Users/roshank/.m2/repository/ch/qos/logback/logback-classic/1.4.5/logback-classic-1.4.5.jar:/Users/roshank/.m2/repository/ch/qos/logback/logback-core/1.4.5/logback-core-1.4.5.jar:/Users/roshank/.m2/repository/org/apache/commons/commons-lang3/3.12.0/commons-lang3-3.12.0.jar:/Users/roshank/.m2/repository/com/fasterxml/jackson/core/jackson-databind/2.14.1/jackson-databind-2.14.1.jar:/Users/roshank/.m2/repository/com/fasterxml/jackson/core/jackson-annotations/2.14.1/jackson-annotations-2.14.1.jar:/Users/roshank/.m2/repository/com/fasterxml/jackson/core/jackson-core/2.14.1/jackson-core-2.14.1.jar:/Users/roshank/.m2/repository/com/aventstack/extentreports/5.0.9/extentreports-5.0.9.jar:/Users/roshank/.m2/repository/io/reactivex/rxjava3/rxjava/3.0.4/rxjava-3.0.4.jar:/Users/roshank/.m2/repository/org/reactivestreams/reactive-streams/1.0.3/reactive-streams-1.0.3.jar:/Users/roshank/.m2/repository/org/freemarker/freemarker/2.3.30/freemarker-2.3.30.jar:/Users/roshank/.m2/repository/org/projectlombok/lombok/1.18.12/lombok-1.18.12.jar:/Users/roshank/.m2/repository/io/qameta/allure/allure-junit5/2.21.0/allure-junit5-2.21.0.jar:/Users/roshank/.m2/repository/io/qameta/allure/allure-junit-platform/2.21.0/allure-junit-platform-2.21.0.jar:/Users/roshank/.m2/repository/io/qameta/allure/allure-java-commons/2.21.0/allure-java-commons-2.21.0.jar:/Users/roshank/.m2/repository/io/qameta/allure/allure-model/2.21.0/allure-model-2.21.0.jar:/Users/roshank/.m2/repository/io/qameta/allure/allure-test-filter/2.21.0/allure-test-filter-2.21.0.jar:/Users/roshank/.m2/repository/org/junit/platform/junit-platform-launcher/1.8.2/junit-platform-launcher-1.8.2.jar:"/>
    <property name="java.vm.vendor" value="Homebrew"/>
    <property name="sun.arch.data.model" value="64"/>
    <property name="java.vendor.url" value="https://github.com/Homebrew/homebrew-core/issues"/>
    <property name="user.timezone" value="Asia/Kolkata"/>
    <property name="os.name" value="Mac OS X"/>
    <property name="java.vm.specification.version" value="23"/>
    <property name="sun.java.launcher" value="SUN_STANDARD"/>
    <property name="user.country" value="IN"/>
    <property name="sun.boot.library.path" value="/usr/local/Cellar/openjdk/23.0.2/libexec/openjdk.jdk/Contents/Home/lib"/>
    <property name="sun.java.command" value="/Users/roshank/selenium-java/target/surefire/surefirebooter-20250327193052810_3.jar /Users/roshank/selenium-java/target/surefire 2025-03-27T19-30-52_501-jvmRun1 surefire-20250327193052810_1tmp surefire_0-20250327193052810_2tmp"/>
    <property name="http.nonProxyHosts" value="local|*.local|169.254/16|*.169.254/16"/>
    <property name="jdk.debug" value="release"/>
    <property name="surefire.test.class.path" value="/Users/roshank/selenium-java/target/test-classes:/Users/roshank/selenium-java/target/classes:/Users/roshank/.m2/repository/org/seleniumhq/selenium/selenium-java/4.10.0/selenium-java-4.10.0.jar:/Users/roshank/.m2/repository/org/seleniumhq/selenium/selenium-api/4.10.0/selenium-api-4.10.0.jar:/Users/roshank/.m2/repository/org/seleniumhq/selenium/selenium-chrome-driver/4.10.0/selenium-chrome-driver-4.10.0.jar:/Users/roshank/.m2/repository/com/google/auto/service/auto-service-annotations/1.0.1/auto-service-annotations-1.0.1.jar:/Users/roshank/.m2/repository/com/google/auto/service/auto-service/1.0.1/auto-service-1.0.1.jar:/Users/roshank/.m2/repository/com/google/auto/auto-common/1.2/auto-common-1.2.jar:/Users/roshank/.m2/repository/com/google/guava/guava/31.1-jre/guava-31.1-jre.jar:/Users/roshank/.m2/repository/com/google/guava/failureaccess/1.0.1/failureaccess-1.0.1.jar:/Users/roshank/.m2/repository/com/google/guava/listenablefuture/9999.0-empty-to-avoid-conflict-with-guava/listenablefuture-9999.0-empty-to-avoid-conflict-with-guava.jar:/Users/roshank/.m2/repository/com/google/code/findbugs/jsr305/3.0.2/jsr305-3.0.2.jar:/Users/roshank/.m2/repository/org/checkerframework/checker-qual/3.12.0/checker-qual-3.12.0.jar:/Users/roshank/.m2/repository/com/google/errorprone/error_prone_annotations/2.11.0/error_prone_annotations-2.11.0.jar:/Users/roshank/.m2/repository/com/google/j2objc/j2objc-annotations/1.3/j2objc-annotations-1.3.jar:/Users/roshank/.m2/repository/org/seleniumhq/selenium/selenium-chromium-driver/4.10.0/selenium-chromium-driver-4.10.0.jar:/Users/roshank/.m2/repository/org/seleniumhq/selenium/selenium-json/4.10.0/selenium-json-4.10.0.jar:/Users/roshank/.m2/repository/org/seleniumhq/selenium/selenium-manager/4.10.0/selenium-manager-4.10.0.jar:/Users/roshank/.m2/repository/org/seleniumhq/selenium/selenium-devtools-v112/4.10.0/selenium-devtools-v112-4.10.0.jar:/Users/roshank/.m2/repository/org/seleniumhq/selenium/selenium-devtools-v113/4.10.0/selenium-devtools-v113-4.10.0.jar:/Users/roshank/.m2/repository/org/seleniumhq/selenium/selenium-devtools-v114/4.10.0/selenium-devtools-v114-4.10.0.jar:/Users/roshank/.m2/repository/org/seleniumhq/selenium/selenium-devtools-v85/4.10.0/selenium-devtools-v85-4.10.0.jar:/Users/roshank/.m2/repository/org/seleniumhq/selenium/selenium-edge-driver/4.10.0/selenium-edge-driver-4.10.0.jar:/Users/roshank/.m2/repository/org/seleniumhq/selenium/selenium-firefox-driver/4.10.0/selenium-firefox-driver-4.10.0.jar:/Users/roshank/.m2/repository/org/seleniumhq/selenium/selenium-http/4.10.0/selenium-http-4.10.0.jar:/Users/roshank/.m2/repository/dev/failsafe/failsafe/3.3.1/failsafe-3.3.1.jar:/Users/roshank/.m2/repository/org/seleniumhq/selenium/selenium-ie-driver/4.10.0/selenium-ie-driver-4.10.0.jar:/Users/roshank/.m2/repository/org/seleniumhq/selenium/selenium-remote-driver/4.10.0/selenium-remote-driver-4.10.0.jar:/Users/roshank/.m2/repository/io/netty/netty-buffer/4.1.92.Final/netty-buffer-4.1.92.Final.jar:/Users/roshank/.m2/repository/io/netty/netty-codec-http/4.1.92.Final/netty-codec-http-4.1.92.Final.jar:/Users/roshank/.m2/repository/io/netty/netty-codec/4.1.92.Final/netty-codec-4.1.92.Final.jar:/Users/roshank/.m2/repository/io/netty/netty-handler/4.1.92.Final/netty-handler-4.1.92.Final.jar:/Users/roshank/.m2/repository/io/netty/netty-common/4.1.92.Final/netty-common-4.1.92.Final.jar:/Users/roshank/.m2/repository/io/netty/netty-transport-classes-epoll/4.1.92.Final/netty-transport-classes-epoll-4.1.92.Final.jar:/Users/roshank/.m2/repository/io/netty/netty-transport-classes-kqueue/4.1.92.Final/netty-transport-classes-kqueue-4.1.92.Final.jar:/Users/roshank/.m2/repository/io/netty/netty-transport-native-epoll/4.1.92.Final/netty-transport-native-epoll-4.1.92.Final.jar:/Users/roshank/.m2/repository/io/netty/netty-transport-native-kqueue/4.1.92.Final/netty-transport-native-kqueue-4.1.92.Final.jar:/Users/roshank/.m2/repository/io/netty/netty-transport-native-unix-common/4.1.92.Final/netty-transport-native-unix-common-4.1.92.Final.jar:/Users/roshank/.m2/repository/io/netty/netty-transport/4.1.92.Final/netty-transport-4.1.92.Final.jar:/Users/roshank/.m2/repository/io/netty/netty-resolver/4.1.92.Final/netty-resolver-4.1.92.Final.jar:/Users/roshank/.m2/repository/io/opentelemetry/opentelemetry-api/1.26.0/opentelemetry-api-1.26.0.jar:/Users/roshank/.m2/repository/io/opentelemetry/opentelemetry-context/1.26.0/opentelemetry-context-1.26.0.jar:/Users/roshank/.m2/repository/io/opentelemetry/opentelemetry-exporter-logging/1.26.0/opentelemetry-exporter-logging-1.26.0.jar:/Users/roshank/.m2/repository/io/opentelemetry/opentelemetry-sdk-metrics/1.26.0/opentelemetry-sdk-metrics-1.26.0.jar:/Users/roshank/.m2/repository/io/opentelemetry/opentelemetry-extension-incubator/1.26.0-alpha/opentelemetry-extension-incubator-1.26.0-alpha.jar:/Users/roshank/.m2/repository/io/opentelemetry/opentelemetry-sdk-logs/1.26.0-alpha/opentelemetry-sdk-logs-1.26.0-alpha.jar:/Users/roshank/.m2/repository/io/opentelemetry/opentelemetry-api-logs/1.26.0-alpha/opentelemetry-api-logs-1.26.0-alpha.jar:/Users/roshank/.m2/repository/io/opentelemetry/opentelemetry-api-events/1.26.0-alpha/opentelemetry-api-events-1.26.0-alpha.jar:/Users/roshank/.m2/repository/io/opentelemetry/opentelemetry-sdk-common/1.26.0/opentelemetry-sdk-common-1.26.0.jar:/Users/roshank/.m2/repository/io/opentelemetry/opentelemetry-sdk-extension-autoconfigure-spi/1.26.0/opentelemetry-sdk-extension-autoconfigure-spi-1.26.0.jar:/Users/roshank/.m2/repository/io/opentelemetry/opentelemetry-sdk-extension-autoconfigure/1.26.0-alpha/opentelemetry-sdk-extension-autoconfigure-1.26.0-alpha.jar:/Users/roshank/.m2/repository/io/opentelemetry/opentelemetry-sdk-trace/1.26.0/opentelemetry-sdk-trace-1.26.0.jar:/Users/roshank/.m2/repository/io/opentelemetry/opentelemetry-sdk/1.26.0/opentelemetry-sdk-1.26.0.jar:/Users/roshank/.m2/repository/io/opentelemetry/opentelemetry-semconv/1.26.0-alpha/opentelemetry-semconv-1.26.0-alpha.jar:/Users/roshank/.m2/repository/net/bytebuddy/byte-buddy/1.14.4/byte-buddy-1.14.4.jar:/Users/roshank/.m2/repository/org/apache/commons/commons-exec/1.3/commons-exec-1.3.jar:/Users/roshank/.m2/repository/org/asynchttpclient/async-http-client/2.12.3/async-http-client-2.12.3.jar:/Users/roshank/.m2/repository/org/asynchttpclient/async-http-client-netty-utils/2.12.3/async-http-client-netty-utils-2.12.3.jar:/Users/roshank/.m2/repository/io/netty/netty-codec-socks/4.1.60.Final/netty-codec-socks-4.1.60.Final.jar:/Users/roshank/.m2/repository/io/netty/netty-handler-proxy/4.1.60.Final/netty-handler-proxy-4.1.60.Final.jar:/Users/roshank/.m2/repository/io/netty/netty-transport-native-epoll/4.1.60.Final/netty-transport-native-epoll-4.1.60.Final-linux-x86_64.jar:/Users/roshank/.m2/repository/io/netty/netty-transport-native-kqueue/4.1.60.Final/netty-transport-native-kqueue-4.1.60.Final-osx-x86_64.jar:/Users/roshank/.m2/repository/com/typesafe/netty/netty-reactive-streams/2.0.4/netty-reactive-streams-2.0.4.jar:/Users/roshank/.m2/repository/com/sun/activation/jakarta.activation/1.2.2/jakarta.activation-1.2.2.jar:/Users/roshank/.m2/repository/org/seleniumhq/selenium/selenium-safari-driver/4.10.0/selenium-safari-driver-4.10.0.jar:/Users/roshank/.m2/repository/org/seleniumhq/selenium/selenium-support/4.10.0/selenium-support-4.10.0.jar:/Users/roshank/.m2/repository/io/github/bonigarcia/webdrivermanager/5.5.3/webdrivermanager-5.5.3.jar:/Users/roshank/.m2/repository/com/google/code/gson/gson/2.10.1/gson-2.10.1.jar:/Users/roshank/.m2/repository/com/github/docker-java/docker-java/3.3.3/docker-java-3.3.3.jar:/Users/roshank/.m2/repository/com/github/docker-java/docker-java-core/3.3.3/docker-java-core-3.3.3.jar:/Users/roshank/.m2/repository/com/github/docker-java/docker-java-api/3.3.3/docker-java-api-3.3.3.jar:/Users/roshank/.m2/repository/commons-io/commons-io/2.6/commons-io-2.6.jar:/Users/roshank/.m2/repository/org/apache/commons/commons-compress/1.21/commons-compress-1.21.jar:/Users/roshank/.m2/repository/org/bouncycastle/bcpkix-jdk18on/1.75/bcpkix-jdk18on-1.75.jar:/Users/roshank/.m2/repository/org/bouncycastle/bcprov-jdk18on/1.75/bcprov-jdk18on-1.75.jar:/Users/roshank/.m2/repository/org/bouncycastle/bcutil-jdk18on/1.75/bcutil-jdk18on-1.75.jar:/Users/roshank/.m2/repository/org/slf4j/jcl-over-slf4j/1.7.30/jcl-over-slf4j-1.7.30.jar:/Users/roshank/.m2/repository/com/github/docker-java/docker-java-transport-httpclient5/3.3.3/docker-java-transport-httpclient5-3.3.3.jar:/Users/roshank/.m2/repository/com/github/docker-java/docker-java-transport/3.3.3/docker-java-transport-3.3.3.jar:/Users/roshank/.m2/repository/net/java/dev/jna/jna/5.12.1/jna-5.12.1.jar:/Users/roshank/.m2/repository/org/brotli/dec/0.1.2/dec-0.1.2.jar:/Users/roshank/.m2/repository/org/apache/httpcomponents/client5/httpclient5/5.2.1/httpclient5-5.2.1.jar:/Users/roshank/.m2/repository/org/apache/httpcomponents/core5/httpcore5/5.2/httpcore5-5.2.jar:/Users/roshank/.m2/repository/org/apache/httpcomponents/core5/httpcore5-h2/5.2/httpcore5-h2-5.2.jar:/Users/roshank/.m2/repository/org/junit/jupiter/junit-jupiter/5.9.3/junit-jupiter-5.9.3.jar:/Users/roshank/.m2/repository/org/junit/jupiter/junit-jupiter-api/5.9.3/junit-jupiter-api-5.9.3.jar:/Users/roshank/.m2/repository/org/opentest4j/opentest4j/1.2.0/opentest4j-1.2.0.jar:/Users/roshank/.m2/repository/org/junit/platform/junit-platform-commons/1.9.3/junit-platform-commons-1.9.3.jar:/Users/roshank/.m2/repository/org/apiguardian/apiguardian-api/1.1.2/apiguardian-api-1.1.2.jar:/Users/roshank/.m2/repository/org/junit/jupiter/junit-jupiter-params/5.9.3/junit-jupiter-params-5.9.3.jar:/Users/roshank/.m2/repository/org/junit/jupiter/junit-jupiter-engine/5.9.3/junit-jupiter-engine-5.9.3.jar:/Users/roshank/.m2/repository/org/junit/platform/junit-platform-engine/1.9.3/junit-platform-engine-1.9.3.jar:/Users/roshank/.m2/repository/org/testng/testng/7.7.1/testng-7.7.1.jar:/Users/roshank/.m2/repository/com/beust/jcommander/1.82/jcommander-1.82.jar:/Users/roshank/.m2/repository/org/webjars/jquery/3.6.1/jquery-3.6.1.jar:/Users/roshank/.m2/repository/org/slf4j/slf4j-api/2.0.7/slf4j-api-2.0.7.jar:/Users/roshank/.m2/repository/ch/qos/logback/logback-classic/1.4.5/logback-classic-1.4.5.jar:/Users/roshank/.m2/repository/ch/qos/logback/logback-core/1.4.5/logback-core-1.4.5.jar:/Users/roshank/.m2/repository/org/apache/commons/commons-lang3/3.12.0/commons-lang3-3.12.0.jar:/Users/roshank/.m2/repository/com/fasterxml/jackson/core/jackson-databind/2.14.1/jackson-databind-2.14.1.jar:/Users/roshank/.m2/repository/com/fasterxml/jackson/core/jackson-annotations/2.14.1/jackson-annotations-2.14.1.jar:/Users/roshank/.m2/repository/com/fasterxml/jackson/core/jackson-core/2.14.1/jackson-core-2.14.1.jar:/Users/roshank/.m2/repository/com/aventstack/extentreports/5.0.9/extentreports-5.0.9.jar:/Users/roshank/.m2/repository/io/reactivex/rxjava3/rxjava/3.0.4/rxjava-3.0.4.jar:/Users/roshank/.m2/repository/org/reactivestreams/reactive-streams/1.0.3/reactive-streams-1.0.3.jar:/Users/roshank/.m2/repository/org/freemarker/freemarker/2.3.30/freemarker-2.3.30.jar:/Users/roshank/.m2/repository/org/projectlombok/lombok/1.18.12/lombok-1.18.12.jar:/Users/roshank/.m2/repository/io/qameta/allure/allure-junit5/2.21.0/allure-junit5-2.21.0.jar:/Users/roshank/.m2/repository/io/qameta/allure/allure-junit-platform/2.21.0/allure-junit-platform-2.21.0.jar:/Users/roshank/.m2/repository/io/qameta/allure/allure-java-commons/2.21.0/allure-java-commons-2.21.0.jar:/Users/roshank/.m2/repository/io/qameta/allure/allure-model/2.21.0/allure-model-2.21.0.jar:/Users/roshank/.m2/repository/io/qameta/allure/allure-test-filter/2.21.0/allure-test-filter-2.21.0.jar:/Users/roshank/.m2/repository/org/junit/platform/junit-platform-launcher/1.8.2/junit-platform-launcher-1.8.2.jar:"/>
    <property name="sun.cpu.endian" value="little"/>
    <property name="user.home" value="/Users/roshank"/>
    <property name="user.language" value="en"/>
    <property name="java.specification.vendor" value="Oracle Corporation"/>
    <property name="java.version.date" value="2025-01-21"/>
    <property name="java.home" value="/usr/local/Cellar/openjdk/23.0.2/libexec/openjdk.jdk/Contents/Home"/>
    <property name="file.separator" value="/"/>
    <property name="basedir" value="/Users/roshank/selenium-java"/>
    <property name="java.vm.compressedOopsMode" value="Zero based"/>
    <property name="line.separator" value="&#10;"/>
    <property name="java.vm.specification.vendor" value="Oracle Corporation"/>
    <property name="java.specification.name" value="Java Platform API Specification"/>
    <property name="apple.awt.application.name" value="ForkedBooter"/>
    <property name="surefire.real.class.path" value="/Users/roshank/selenium-java/target/surefire/surefirebooter-20250327193052810_3.jar"/>
    <property name="sun.management.compiler" value="HotSpot 64-Bit Tiered Compilers"/>
    <property name="ftp.nonProxyHosts" value="local|*.local|169.254/16|*.169.254/16"/>
    <property name="java.runtime.version" value="23.0.2"/>
    <property name="user.name" value="roshank"/>
    <property name="stdout.encoding" value="UTF-8"/>
    <property name="path.separator" value=":"/>
    <property name="otel.metrics.exporter" value="none"/>
    <property name="os.version" value="15.3.2"/>
    <property name="java.runtime.name" value="OpenJDK Runtime Environment"/>
    <property name="otel.traces.exporter" value="none"/>
    <property name="file.encoding" value="UTF-8"/>
    <property name="java.vm.name" value="OpenJDK 64-Bit Server VM"/>
    <property name="java.vendor.version" value="Homebrew"/>
    <property name="localRepository" value="/Users/roshank/.m2/repository"/>
    <property name="java.vendor.url.bug" value="https://github.com/Homebrew/homebrew-core/issues"/>
    <property name="java.io.tmpdir" value="/var/folders/1l/w5f8t4k558jbzmx3h__fbxw40000gq/T/"/>
    <property name="java.version" value="23.0.2"/>
    <property name="user.dir" value="/Users/roshank/selenium-java"/>
    <property name="os.arch" value="x86_64"/>
    <property name="java.vm.specification.name" value="Java Virtual Machine Specification"/>
    <property name="native.encoding" value="UTF-8"/>
    <property name="java.library.path" value="/Users/roshank/Library/Java/Extensions:/Library/Java/Extensions:/Network/Library/Java/Extensions:/System/Library/Java/Extensions:/usr/lib/java:."/>
    <property name="java.vm.info" value="mixed mode, sharing"/>
    <property name="stderr.encoding" value="UTF-8"/>
    <property name="java.vendor" value="Homebrew"/>
    <property name="java.vm.version" value="23.0.2"/>
    <property name="sun.io.unicode.encoding" value="UnicodeBig"/>
    <property name="socksNonProxyHosts" value="local|*.local|169.254/16|*.169.254/16"/>
    <property name="java.class.version" value="67.0"/>
  </properties>
  <testcase name="testLogin" classname="hyperexecute.GFGLoginTest" time="24.201">
    <system-out><![CDATA[19:30:59.250 [main] DEBUG io.github.bonigarcia.wdm.WebDriverManager - Using WebDriverManager 5.5.3
19:30:59.775 [main] DEBUG io.github.bonigarcia.wdm.cache.ResolutionCache - Removing resolution chrome=134 from cache (expired on Thu Mar 27 15:56:28 IST 2025)
19:30:59.793 [main] DEBUG org.apache.hc.client5.http.impl.classic.InternalHttpClient - ex-0000000001 preparing request execution
19:30:59.801 [main] DEBUG org.apache.hc.client5.http.impl.classic.ProtocolExec - ex-0000000001 target auth state: UNCHALLENGED
19:30:59.802 [main] DEBUG org.apache.hc.client5.http.impl.classic.ProtocolExec - ex-0000000001 proxy auth state: UNCHALLENGED
19:30:59.802 [main] DEBUG org.apache.hc.client5.http.impl.classic.ConnectExec - ex-0000000001 acquiring connection with route {s}->https://raw.githubusercontent.com:443
19:30:59.802 [main] DEBUG org.apache.hc.client5.http.impl.classic.InternalHttpClient - ex-0000000001 acquiring endpoint (3 MINUTES)
19:30:59.803 [main] DEBUG org.apache.hc.client5.http.impl.io.PoolingHttpClientConnectionManager - ex-0000000001 endpoint lease request (3 MINUTES) [route: {s}->https://raw.githubusercontent.com:443][total available: 0; route allocated: 0 of 5; total allocated: 0 of 25]
19:30:59.806 [main] DEBUG org.apache.hc.client5.http.impl.io.PoolingHttpClientConnectionManager - ex-0000000001 endpoint leased [route: {s}->https://raw.githubusercontent.com:443][total available: 0; route allocated: 1 of 5; total allocated: 1 of 25]
19:30:59.820 [main] DEBUG org.apache.hc.client5.http.impl.io.PoolingHttpClientConnectionManager - ex-0000000001 acquired ep-0000000001
19:30:59.820 [main] DEBUG org.apache.hc.client5.http.impl.classic.InternalHttpClient - ex-0000000001 acquired endpoint ep-0000000001
19:30:59.820 [main] DEBUG org.apache.hc.client5.http.impl.classic.ConnectExec - ex-0000000001 opening connection {s}->https://raw.githubusercontent.com:443
19:30:59.821 [main] DEBUG org.apache.hc.client5.http.impl.classic.InternalHttpClient - ep-0000000001 connecting endpoint (null)
19:30:59.824 [main] DEBUG org.apache.hc.client5.http.impl.io.PoolingHttpClientConnectionManager - ep-0000000001 connecting endpoint to https://raw.githubusercontent.com:443 (30 SECONDS)
19:30:59.824 [main] DEBUG org.apache.hc.client5.http.impl.io.DefaultHttpClientConnectionOperator - raw.githubusercontent.com resolving remote address
19:30:59.840 [main] DEBUG org.apache.hc.client5.http.impl.io.DefaultHttpClientConnectionOperator - raw.githubusercontent.com resolved to [raw.githubusercontent.com/185.199.108.133, raw.githubusercontent.com/185.199.110.133, raw.githubusercontent.com/185.199.109.133, raw.githubusercontent.com/185.199.111.133, raw.githubusercontent.com/2606:50c0:8003:0:0:0:0:154, raw.githubusercontent.com/2606:50c0:8001:0:0:0:0:154, raw.githubusercontent.com/2606:50c0:8000:0:0:0:0:154, raw.githubusercontent.com/2606:50c0:8002:0:0:0:0:154]
19:30:59.860 [main] DEBUG org.apache.hc.client5.http.impl.io.DefaultHttpClientConnectionOperator - raw.githubusercontent.com:443 connecting null->raw.githubusercontent.com/185.199.108.133:443 (30 SECONDS)
19:30:59.860 [main] DEBUG org.apache.hc.client5.http.ssl.SSLConnectionSocketFactory - Connecting socket to raw.githubusercontent.com/185.199.108.133:443 with timeout 30 SECONDS
19:30:59.953 [main] DEBUG org.apache.hc.client5.http.ssl.SSLConnectionSocketFactory - Enabled protocols: [TLSv1.3, TLSv1.2]
19:30:59.953 [main] DEBUG org.apache.hc.client5.http.ssl.SSLConnectionSocketFactory - Enabled cipher suites: [TLS_AES_256_GCM_SHA384, TLS_AES_128_GCM_SHA256, TLS_CHACHA20_POLY1305_SHA256, TLS_ECDHE_ECDSA_WITH_AES_256_GCM_SHA384, TLS_ECDHE_ECDSA_WITH_AES_128_GCM_SHA256, TLS_ECDHE_ECDSA_WITH_CHACHA20_POLY1305_SHA256, TLS_ECDHE_RSA_WITH_AES_256_GCM_SHA384, TLS_ECDHE_RSA_WITH_CHACHA20_POLY1305_SHA256, TLS_ECDHE_RSA_WITH_AES_128_GCM_SHA256, TLS_DHE_RSA_WITH_AES_256_GCM_SHA384, TLS_DHE_RSA_WITH_CHACHA20_POLY1305_SHA256, TLS_DHE_DSS_WITH_AES_256_GCM_SHA384, TLS_DHE_RSA_WITH_AES_128_GCM_SHA256, TLS_DHE_DSS_WITH_AES_128_GCM_SHA256, TLS_ECDHE_ECDSA_WITH_AES_256_CBC_SHA384, TLS_ECDHE_RSA_WITH_AES_256_CBC_SHA384, TLS_ECDHE_ECDSA_WITH_AES_128_CBC_SHA256, TLS_ECDHE_RSA_WITH_AES_128_CBC_SHA256, TLS_DHE_RSA_WITH_AES_256_CBC_SHA256, TLS_DHE_DSS_WITH_AES_256_CBC_SHA256, TLS_DHE_RSA_WITH_AES_128_CBC_SHA256, TLS_DHE_DSS_WITH_AES_128_CBC_SHA256, TLS_ECDHE_ECDSA_WITH_AES_256_CBC_SHA, TLS_ECDHE_RSA_WITH_AES_256_CBC_SHA, TLS_ECDHE_ECDSA_WITH_AES_128_CBC_SHA, TLS_ECDHE_RSA_WITH_AES_128_CBC_SHA, TLS_DHE_RSA_WITH_AES_256_CBC_SHA, TLS_DHE_DSS_WITH_AES_256_CBC_SHA, TLS_DHE_RSA_WITH_AES_128_CBC_SHA, TLS_DHE_DSS_WITH_AES_128_CBC_SHA, TLS_RSA_WITH_AES_256_GCM_SHA384, TLS_RSA_WITH_AES_128_GCM_SHA256, TLS_RSA_WITH_AES_256_CBC_SHA256, TLS_RSA_WITH_AES_128_CBC_SHA256, TLS_RSA_WITH_AES_256_CBC_SHA, TLS_RSA_WITH_AES_128_CBC_SHA, TLS_EMPTY_RENEGOTIATION_INFO_SCSV]
19:30:59.954 [main] DEBUG org.apache.hc.client5.http.ssl.SSLConnectionSocketFactory - Starting handshake (null)
19:31:00.176 [main] DEBUG org.apache.hc.client5.http.ssl.SSLConnectionSocketFactory - Secure session established
19:31:00.177 [main] DEBUG org.apache.hc.client5.http.ssl.SSLConnectionSocketFactory -  negotiated protocol: TLSv1.3
19:31:00.177 [main] DEBUG org.apache.hc.client5.http.ssl.SSLConnectionSocketFactory -  negotiated cipher suite: TLS_AES_128_GCM_SHA256
19:31:00.177 [main] DEBUG org.apache.hc.client5.http.ssl.SSLConnectionSocketFactory -  peer principal: CN=*.github.io
19:31:00.184 [main] DEBUG org.apache.hc.client5.http.ssl.SSLConnectionSocketFactory -  peer alternative names: [*.github.io, *.github.com, *.githubusercontent.com, github.com, github.io, githubusercontent.com, www.github.com]
19:31:00.184 [main] DEBUG org.apache.hc.client5.http.ssl.SSLConnectionSocketFactory -  issuer principal: CN=Sectigo RSA Domain Validation Secure Server CA, O=Sectigo Limited, L=Salford, ST=Greater Manchester, C=GB
19:31:00.185 [main] DEBUG org.apache.hc.client5.http.impl.io.DefaultManagedHttpClientConnection - http-outgoing-0 set socket timeout to 3 MINUTES
19:31:00.185 [main] DEBUG org.apache.hc.client5.http.impl.io.DefaultHttpClientConnectionOperator - raw.githubusercontent.com:443 connected null->raw.githubusercontent.com/185.199.108.133:443 as http-outgoing-0
19:31:00.185 [main] DEBUG org.apache.hc.client5.http.impl.io.PoolingHttpClientConnectionManager - ep-0000000001 connected http-outgoing-0
19:31:00.185 [main] DEBUG org.apache.hc.client5.http.impl.classic.InternalHttpClient - ep-0000000001 endpoint connected
19:31:00.186 [main] DEBUG org.apache.hc.client5.http.impl.classic.MainClientExec - ex-0000000001 executing GET /bonigarcia/webdrivermanager/master/src/main/resources/commands.properties HTTP/1.1
19:31:00.186 [main] DEBUG org.apache.hc.client5.http.protocol.RequestAddCookies - ex-0000000001 Cookie spec selected: strict
19:31:00.193 [main] DEBUG org.apache.hc.client5.http.impl.classic.InternalHttpClient - ep-0000000001 start execution ex-0000000001
19:31:00.193 [main] DEBUG org.apache.hc.client5.http.impl.io.PoolingHttpClientConnectionManager - ep-0000000001 executing exchange ex-0000000001 over http-outgoing-0
19:31:00.193 [main] DEBUG org.apache.hc.client5.http.headers - http-outgoing-0 >> GET /bonigarcia/webdrivermanager/master/src/main/resources/commands.properties HTTP/1.1
19:31:00.193 [main] DEBUG org.apache.hc.client5.http.headers - http-outgoing-0 >> user-agent: Apache-HttpClient/5.0
19:31:00.194 [main] DEBUG org.apache.hc.client5.http.headers - http-outgoing-0 >> accept-encoding: gzip, deflate, br
19:31:00.194 [main] DEBUG org.apache.hc.client5.http.headers - http-outgoing-0 >> cache-control: max-age=0
19:31:00.194 [main] DEBUG org.apache.hc.client5.http.headers - http-outgoing-0 >> connection: keep-alive
19:31:00.194 [main] DEBUG org.apache.hc.client5.http.headers - http-outgoing-0 >> Host: raw.githubusercontent.com
19:31:00.194 [main] DEBUG org.apache.hc.client5.http.wire - http-outgoing-0 >> "GET /bonigarcia/webdrivermanager/master/src/main/resources/commands.properties HTTP/1.1[\r][\n]"
19:31:00.194 [main] DEBUG org.apache.hc.client5.http.wire - http-outgoing-0 >> "user-agent: Apache-HttpClient/5.0[\r][\n]"
19:31:00.194 [main] DEBUG org.apache.hc.client5.http.wire - http-outgoing-0 >> "accept-encoding: gzip, deflate, br[\r][\n]"
19:31:00.194 [main] DEBUG org.apache.hc.client5.http.wire - http-outgoing-0 >> "cache-control: max-age=0[\r][\n]"
19:31:00.194 [main] DEBUG org.apache.hc.client5.http.wire - http-outgoing-0 >> "connection: keep-alive[\r][\n]"
19:31:00.194 [main] DEBUG org.apache.hc.client5.http.wire - http-outgoing-0 >> "Host: raw.githubusercontent.com[\r][\n]"
19:31:00.194 [main] DEBUG org.apache.hc.client5.http.wire - http-outgoing-0 >> "[\r][\n]"
19:31:00.199 [main] DEBUG org.apache.hc.client5.http.wire - http-outgoing-0 << "HTTP/1.1 200 OK[\r][\n]"
19:31:00.199 [main] DEBUG org.apache.hc.client5.http.wire - http-outgoing-0 << "Connection: keep-alive[\r][\n]"
19:31:00.199 [main] DEBUG org.apache.hc.client5.http.wire - http-outgoing-0 << "Content-Length: 946[\r][\n]"
19:31:00.199 [main] DEBUG org.apache.hc.client5.http.wire - http-outgoing-0 << "Cache-Control: max-age=300[\r][\n]"
19:31:00.200 [main] DEBUG org.apache.hc.client5.http.wire - http-outgoing-0 << "Content-Security-Policy: default-src 'none'; style-src 'unsafe-inline'; sandbox[\r][\n]"
19:31:00.200 [main] DEBUG org.apache.hc.client5.http.wire - http-outgoing-0 << "Content-Type: text/plain; charset=utf-8[\r][\n]"
19:31:00.200 [main] DEBUG org.apache.hc.client5.http.wire - http-outgoing-0 << "ETag: W/"dc0c32cea2dfa86f6cf10513cf8a64e1e8817484a415b658b4eecd962d4deaee"[\r][\n]"
19:31:00.200 [main] DEBUG org.apache.hc.client5.http.wire - http-outgoing-0 << "Strict-Transport-Security: max-age=31536000[\r][\n]"
19:31:00.200 [main] DEBUG org.apache.hc.client5.http.wire - http-outgoing-0 << "X-Content-Type-Options: nosniff[\r][\n]"
19:31:00.200 [main] DEBUG org.apache.hc.client5.http.wire - http-outgoing-0 << "X-Frame-Options: deny[\r][\n]"
19:31:00.200 [main] DEBUG org.apache.hc.client5.http.wire - http-outgoing-0 << "X-XSS-Protection: 1; mode=block[\r][\n]"
19:31:00.200 [main] DEBUG org.apache.hc.client5.http.wire - http-outgoing-0 << "X-GitHub-Request-Id: 8995:13DF90:3854C:7569C:67CF10B0[\r][\n]"
19:31:00.200 [main] DEBUG org.apache.hc.client5.http.wire - http-outgoing-0 << "Content-Encoding: gzip[\r][\n]"
19:31:00.200 [main] DEBUG org.apache.hc.client5.http.wire - http-outgoing-0 << "Accept-Ranges: bytes[\r][\n]"
19:31:00.200 [main] DEBUG org.apache.hc.client5.http.wire - http-outgoing-0 << "Date: Thu, 27 Mar 2025 14:01:00 GMT[\r][\n]"
19:31:00.200 [main] DEBUG org.apache.hc.client5.http.wire - http-outgoing-0 << "Via: 1.1 varnish[\r][\n]"
19:31:00.201 [main] DEBUG org.apache.hc.client5.http.wire - http-outgoing-0 << "X-Served-By: cache-del21722-DEL[\r][\n]"
19:31:00.201 [main] DEBUG org.apache.hc.client5.http.wire - http-outgoing-0 << "X-Cache: HIT[\r][\n]"
19:31:00.201 [main] DEBUG org.apache.hc.client5.http.wire - http-outgoing-0 << "X-Cache-Hits: 1[\r][\n]"
19:31:00.201 [main] DEBUG org.apache.hc.client5.http.wire - http-outgoing-0 << "X-Timer: S1743084060.214757,VS0,VE1[\r][\n]"
19:31:00.201 [main] DEBUG org.apache.hc.client5.http.wire - http-outgoing-0 << "Vary: Authorization,Accept-Encoding,Origin[\r][\n]"
19:31:00.201 [main] DEBUG org.apache.hc.client5.http.wire - http-outgoing-0 << "Access-Control-Allow-Origin: *[\r][\n]"
19:31:00.201 [main] DEBUG org.apache.hc.client5.http.wire - http-outgoing-0 << "Cross-Origin-Resource-Policy: cross-origin[\r][\n]"
19:31:00.201 [main] DEBUG org.apache.hc.client5.http.wire - http-outgoing-0 << "X-Fastly-Request-ID: 6b4cac96b28cc372bc3111f817e1b6ca2e79a740[\r][\n]"
19:31:00.201 [main] DEBUG org.apache.hc.client5.http.wire - http-outgoing-0 << "Expires: Thu, 27 Mar 2025 14:06:00 GMT[\r][\n]"
19:31:00.201 [main] DEBUG org.apache.hc.client5.http.wire - http-outgoing-0 << "Source-Age: 92[\r][\n]"
19:31:00.201 [main] DEBUG org.apache.hc.client5.http.wire - http-outgoing-0 << "[\r][\n]"
19:31:00.203 [main] DEBUG org.apache.hc.client5.http.headers - http-outgoing-0 << HTTP/1.1 200 OK
19:31:00.203 [main] DEBUG org.apache.hc.client5.http.headers - http-outgoing-0 << Connection: keep-alive
19:31:00.203 [main] DEBUG org.apache.hc.client5.http.headers - http-outgoing-0 << Content-Length: 946
19:31:00.203 [main] DEBUG org.apache.hc.client5.http.headers - http-outgoing-0 << Cache-Control: max-age=300
19:31:00.203 [main] DEBUG org.apache.hc.client5.http.headers - http-outgoing-0 << Content-Security-Policy: default-src 'none'; style-src 'unsafe-inline'; sandbox
19:31:00.203 [main] DEBUG org.apache.hc.client5.http.headers - http-outgoing-0 << Content-Type: text/plain; charset=utf-8
19:31:00.204 [main] DEBUG org.apache.hc.client5.http.headers - http-outgoing-0 << ETag: W/"dc0c32cea2dfa86f6cf10513cf8a64e1e8817484a415b658b4eecd962d4deaee"
19:31:00.204 [main] DEBUG org.apache.hc.client5.http.headers - http-outgoing-0 << Strict-Transport-Security: max-age=31536000
19:31:00.204 [main] DEBUG org.apache.hc.client5.http.headers - http-outgoing-0 << X-Content-Type-Options: nosniff
19:31:00.204 [main] DEBUG org.apache.hc.client5.http.headers - http-outgoing-0 << X-Frame-Options: deny
19:31:00.204 [main] DEBUG org.apache.hc.client5.http.headers - http-outgoing-0 << X-XSS-Protection: 1; mode=block
19:31:00.204 [main] DEBUG org.apache.hc.client5.http.headers - http-outgoing-0 << X-GitHub-Request-Id: 8995:13DF90:3854C:7569C:67CF10B0
19:31:00.204 [main] DEBUG org.apache.hc.client5.http.headers - http-outgoing-0 << Content-Encoding: gzip
19:31:00.204 [main] DEBUG org.apache.hc.client5.http.headers - http-outgoing-0 << Accept-Ranges: bytes
19:31:00.204 [main] DEBUG org.apache.hc.client5.http.headers - http-outgoing-0 << Date: Thu, 27 Mar 2025 14:01:00 GMT
19:31:00.204 [main] DEBUG org.apache.hc.client5.http.headers - http-outgoing-0 << Via: 1.1 varnish
19:31:00.204 [main] DEBUG org.apache.hc.client5.http.headers - http-outgoing-0 << X-Served-By: cache-del21722-DEL
19:31:00.204 [main] DEBUG org.apache.hc.client5.http.headers - http-outgoing-0 << X-Cache: HIT
19:31:00.204 [main] DEBUG org.apache.hc.client5.http.headers - http-outgoing-0 << X-Cache-Hits: 1
19:31:00.204 [main] DEBUG org.apache.hc.client5.http.headers - http-outgoing-0 << X-Timer: S1743084060.214757,VS0,VE1
19:31:00.204 [main] DEBUG org.apache.hc.client5.http.headers - http-outgoing-0 << Vary: Authorization,Accept-Encoding,Origin
19:31:00.204 [main] DEBUG org.apache.hc.client5.http.headers - http-outgoing-0 << Access-Control-Allow-Origin: *
19:31:00.204 [main] DEBUG org.apache.hc.client5.http.headers - http-outgoing-0 << Cross-Origin-Resource-Policy: cross-origin
19:31:00.204 [main] DEBUG org.apache.hc.client5.http.headers - http-outgoing-0 << X-Fastly-Request-ID: 6b4cac96b28cc372bc3111f817e1b6ca2e79a740
19:31:00.204 [main] DEBUG org.apache.hc.client5.http.headers - http-outgoing-0 << Expires: Thu, 27 Mar 2025 14:06:00 GMT
19:31:00.204 [main] DEBUG org.apache.hc.client5.http.headers - http-outgoing-0 << Source-Age: 92
19:31:00.208 [main] DEBUG org.apache.hc.client5.http.impl.classic.MainClientExec - ex-0000000001 connection can be kept alive for 3 MINUTES
19:31:00.221 [main] DEBUG org.apache.hc.client5.http.wire - http-outgoing-0 << "[0x1f][0xffffff8b][0x8][0x0][0x0][0x0][0x0][0x0][0x0][0x3][0xffffffb5]X[0xffffffd1]n[0xffffffda]0[0x14]}[0xffffffe7]+,[0xffffffba]J [0x11][0xffffffb2][0x1][0xffffffeb][0xffffffaa]Jy[0xffffffa0][0x19]e[0xffffffd5][0xffffffa8]`[0xffffffd0]v[0xffffff9b][0xffffffe4][0x17][0xffffff93]8`)[0xffffff89]Q[0xffffff9c]@[0xffffffb7][0xffffffa9][0xfffffffb][0xfffffff6]9NB[0xffffffe3]$[0xc]H[0xffffffe0][0xffffffad][0xffffff8e][0xffffff8f][0xffffffef]97[0xffffffdc]s}[0xffffffd3][0xb][0xffffffa0]S[0xffffffc7]A[0xffffffae][0xffffffc9][0xffffff80][0xffffff89]|4G[0xc][0xffffffd7].[0xffffffc0][0xffffffe3][0xffffff92]0`[0x11][0x1b][0x3][0xffffff83][0xffffffba]>".[0x3][0xfffffffe]2\[0xffffffc4]P[0xffffff9f][0xffffff82]9[0x6][0xfffffff8][0x5][0x1b][0xffffff81][0xffffff8f]M@\[0xffffffb1][0xffffffcd][0xffffff96][0xffffffd8][0xffffffb6][0xffffffc3][0x5][0xfffffff5]L[0xffffffec][0xffffff85] [0x13][0xfffffffb][0xffffffd8][0xfffffff0][0xffffffc5][0xffffffe6][0x1a]{[0xffffff8c]P[0xffffffbe]g[0x1][0xffffffcc][0xffffffff]^x[0x18][0xffffffbb]`[0xffffffee][0xffffffd1][\r][0xffffffe3][0x1b][0xffffff9c][0xffffffb2][0xffffffa1]/=[0xffffffea][0xffffffe0][0x16][0xffffffb8]#[0x1e][0xffffffb6][0xffffffe8]K[0xb][0xffffff8c]W[0xffffffd8]C-00[0x17][0xfffffffc][0xffffffa9][0xffffffd8]%[0xffffff81][0xffffffd3][0xc][0xffffffe3][0xffffff9b][0xffffffc4][0xffffffb2][0xffffffb0][0xffffff87]][0x1f][0xffffffd0][0x10][0xffffffe3][0x13]w[0x1][0xffffffd8]/[0xffffffe6]c[0xffffff87][0xffffff81][0xffffffc6]w[0xffffffe2][0xffffff9a]<j[0xb][0xffffff8c][0xffffff88][0x1b][0xfffffff0]0[0xf][0xffffffc8][0x0][0xffffffe3]Y[0xffffffb3][0xffffffc6]9"[0xffffff8a]Z[0xffffff9c]F[0xffffffdb][0x10][0xffffffcb][0xfffffff6]&:[0xffffffd0]~[0xffffffff]A3[0x1c][0xffffffb3][0xffffffcd][0xffffffb3][0x2][0xffffffaa][0xe]6[0xe]1[0xffffffc4]+[0x11][0xffffffaf]a[0xffffffb3][0xffffffe4]|[0xffffffc0]E[0xe][0xffffffd6][0xffffffea][0xffffff97][0xffffff93][0xffffffe9]x8[0xffffffed]?[0xffffffdc][0xffffffdd][0xffffff8f][0x6][0xffffffb3][0x1b][0xffffffa8]Ax[0x9][0xffffffe1][0xffffff90][0xffffffd2][0xffffff85][0xffffff8d]![0xffffff8c]( [0xffffffec][0xffffffaf]V61[0xffffffb8]4[0xffffffea]B[0x18][0x13][0xfffffff1][0xffffffc8]u[0xffffffb0][0xffffffc0]>x[0xffffff8e][0xffffffdf][0xffffff85][0xffffffba]Fv[0xffffffb0][O[0xffffffa7][0xffffff84][0xffffff9e][0xffffffc6][0xffffff8f][0xffffffeb][0xffffffab][0xffffffe6]9Eu[0xf][0x14]5[0x1a][0xffffffeb][0xfffffffd]Q[0x7f]2[0xfffffff9][0xffffffdc][0x7f][0xffffffec][0xffffff9f]SOO[0xffffff9b][0xe][0xffffff86][0xffffffe0][0xffffffdb][0xffffffd3]`[0xfffffffa][0x13]|[0xfffffff9][0xffffffaa]?[0xffffffc1][0x19][0xffffffb5][0xfffffffc][\r][0xfffffff2]p[0xffffffc2][0x16][0xffffff93][0xffffffdd][0xffffff8e]n12D[0xffffffbc][0xffffffa4][0x16]w[0xffffffc6][0xfffffffc][0xffffffa8][0xffffffad][0xffffffe8][0xffffff86]c[0xffffffc2]z[0x16][0xffffffa9]*[0xffffffb1]I@c[0xffffff88]}[0xffffffe5][0xffffff9e][0x17][0x1a][0xffffffa8][0xffffffbf][0xfffffffb][0xffffff83][0xffffffdd][0xfffffff5]M:[0xffffffcd][0xffffffd7][0xc]e:[0xffffffbd]Tv[0xffffffcd]v[0xffffff9c][0xffffffda][0xffffffbd]k[0xffffffd1][0xfffffff6][0xffffffc4][0xffffffa3]f`[0xfffffff8][0xffffffcf]{$][0x1d].)W[0xe][0xffffffe7][0xffffffd4][0xfffffff5][0xffffffa9][0xffffff9c][0xffffffae]SH[0xffffffca]j[0xffffffb2]C[0xffffffbf][0xffffff87].V[0x3][0xffffffe6][0xffffffa9]s[0xffffffe2][0xffffffaa][0xb][0xffffffc1][0xffffffa1]D[0xfffffffb]@Qv[0xfffffffc][0xffffffee][0xfffffff1][0xffffffc1][0xffffff8e][0xffffffb6][0xb][0xffffff9f]=[0xffffffe0] C[0xfffffff0][0xffffffa4]T35J([0xffffffee]1m[0xffffffb4]Z[0xffffffa9]:[0xffffffef][0xffffff9d][0xffffffbc]I1[0xffffff95][0xffffffb7][0xffffffa0][0xfffffff1]L[0x6][0xffffffa4][0xffffffa3][0xfffffff3][0xffffffce][0x14]7[0xffffffbd]-[0xffffff91][0x15][0xffffffad]O[0xffffffd3][0xffffff9b][0x1e][0xffffffe8]ob[0xffffffdb](![0xffffff81]0[0xffffff89][0xffffffbe][0xffffffcf]k9[0x15][0xffffff95];[0xffffffd2][0xffffffe9][0xffffffa4]tS[0xffffffbe][0xffffffaf][0xffffffcb][0xffffffc6][0xffffff8f]I[0xffffffb2]d[0xfffffff5][0xffffffd0][0xfffffffa]z[0xffffffe0][0xffffff85][0x17]G[0xffffffb6][0xffffffac]s[0xffffffe1]{[0xffffff95][0xfffffffc][0x16]1[0xffffffff][0xfffffffd] [0xffffffa5]w[0xffffff90][0xffffffbf]rB[0xffffff8e][0xffffffe8]E[0xffffffb2][0xffffffc1][0xffffff8e][0xffffffd7][0xffffff90][0x13][0xffffff91]wT[0xffffffbc][0x3][0xffffff94][0xfffffff5].pGKar[0xffffffa0]B[0xffffffe7][0xffffffc4][0xffffffbf]O[0xffffff91]g[0xffffffd2][0xffffffb1][0xffffffb8]M[0xffffffc2]Y`[0x1b][0x13][0xfffffff3]E5[0xffffff83][0xffffffc8][0xffffffa5]I[0xc][0xffffff8f]2^C[0x10][0xffffff86]4[0xffffff99][0xffffffdb][0xffffffc9]a[0xffffff82]n_[0xffffff99][0xffffffca][0xffffff9a][0xffffffca][0xffffffd8][0xffffffe5][0xffffff8c]r[0xffffffba];[0xffffffaf][0xffffffca]72[0xffffffc1][0xfffffff5][0xffffffbf][0xffffffbb]R[0xe]Y[0xffffffd2]&[0xffffffaf]Y[0xffffffc6]tr[0xffffffa9][0xffffffdc][0xe][0xffffffb2][0xffffff8c][0xffffffac][0xffffffa8][0xffffffa4]_[0x12][0xffffffe3]V[0xffffff97]U[0xffffff93][0xffffff85][0xffffffe5]=[0xffffffe4]$[0x1c]J[0x8]([0xffffffb8][0xffffff96][0xffffffd2][0xffffffe7]:[0xffffffda]N[0xffffffb8][0xffffff8c]/t[0xffffffd6]6[0x1d][0xffffffe1][0xffffff9c]"[0xffffff83][0xffffffc9][0x8] ]Jb[0x0][0xffffffdf][0xffffffb2][0xffffff88]Q[0xfffffffb]x[0xffffffbf][0x15][0xffffffcd][0xffffff81][0xfffffffc][0xffffff8d]-<[0xffffffe4]0[0x8][0x5][0x5][0xffffff84]Q[0xffffffec]}[0xffffffd5][0xffffff9c]QP[0xffffffc5]][0xffffffa7]QPe[0x16][0xffffff8e]ym[0x14][0xffffffb8][0x6][0xffffffc7][0x1e]K[0xffffffdd][0xffffffab][0xffffff90]|E[0xffffffea][0xffffffd2]7R[0xffffffc4]+[0xffffffd1][0x1e]d[0xfffffff0][0xc][0xffffffff][0x11][0xffffffa3][0xffffffb0]<[0xffffff9d][0xffffff9f][0xffffff88][0xffffffbf][0xfffffff4][0xffffffc8][0xffffffbb]-[0xffffffba]H[0xffffffc8][[0xffffffc9][0xffffff95]Qq][0xfffffff6]-[0xffffff94]S[0xffffff91][0xffffff91][0xffffff91][0xffffffef]j[0xffffffe2]yA3[0xffffff93][0xfffffff0][0x1d]-[0xb][0xffffffcb][0xffffffe0][\n]"
19:31:00.221 [main] DEBUG org.apache.hc.client5.http.wire - http-outgoing-0 << "[0xffffffbb][0xffffff98][0x10]Z[0xffffffd4][0xffffffbc][0xffffffc6][0xffffffd9]`[0xffffffc9]7>[0x9][0x1c]yf[0xffffffe7][0xf]N[0xffffffd3][0xffffffba][0xffffff92][0xfffffff0][0x15]>^%-[0xffffff95]'[0xffffffea]S[0xb]:[0xffffffb4][0xffffffa7][0x15]5[0xffffff96]Sk)=]l[0xffffff85]T[0xfffffffe][0xffffffd4][0xffffff95][0xfffffff4]T[0xffffff9b]-[0xffffffce]$[0xffffffaa]t;[0xffffffac][0xffffffa4]'/([0xffffffdf][0x12][0xffffff92]-%[0xfffffffe]7[0xffffffdf][0xffffffae]/[0xfffffff0][0xffffffd4]in[0xffffff87][0xffffffe3][0xf]u[0xfffffff3][0xffffff94][0x7][0xffffff9c][0xffffffea]i[0x5][0xffffffe0]<[0xffffffba][0xffffffb0]#%[0xffffffaf][0xffffffae][0xffffffa8])[0xffffffe9][0x5]Q/[0xffffffc0][0xc]Y[0xffffffc8]#[0xffffffdb][0xfffffff0]L,[0xffffff8b][0xffffff83]G[0xffffffd0][0xffffffa2][0xffffffd0][0xffffffd1]N*[0xfffffff0]?l[0x1d]d@[0xffffffbe][0x15][0x0][0x0]"
19:31:00.223 [main] DEBUG org.apache.hc.client5.http.impl.classic.InternalHttpClient - ep-0000000001 releasing valid endpoint
19:31:00.223 [main] DEBUG org.apache.hc.client5.http.impl.io.PoolingHttpClientConnectionManager - ep-0000000001 releasing endpoint
19:31:00.223 [main] DEBUG org.apache.hc.client5.http.impl.io.PoolingHttpClientConnectionManager - ep-0000000001 connection http-outgoing-0 can be kept alive for 3 MINUTES
19:31:00.223 [main] DEBUG org.apache.hc.client5.http.impl.io.PoolingHttpClientConnectionManager - ep-0000000001 connection released [route: {s}->https://raw.githubusercontent.com:443][total available: 1; route allocated: 1 of 5; total allocated: 1 of 25]
19:31:00.224 [main] DEBUG io.github.bonigarcia.wdm.versions.VersionDetector - Detecting chrome version using online commands.properties
19:31:00.227 [main] DEBUG io.github.bonigarcia.wdm.versions.Shell - Running command on the shell: [/Applications/Google Chrome.app/Contents/MacOS/Google Chrome, --version]
19:31:00.422 [main] DEBUG io.github.bonigarcia.wdm.versions.Shell - Result: Google Chrome 134.0.6998.166
19:31:00.424 [main] DEBUG io.github.bonigarcia.wdm.cache.ResolutionCache - Removing resolution chrome134=134.0.6998.165 from cache (expired on Thu Mar 27 17:58:04 IST 2025)
19:31:00.426 [main] DEBUG org.apache.hc.client5.http.impl.classic.InternalHttpClient - ex-0000000002 preparing request execution
19:31:00.426 [main] DEBUG org.apache.hc.client5.http.impl.classic.ProtocolExec - ex-0000000002 target auth state: UNCHALLENGED
19:31:00.427 [main] DEBUG org.apache.hc.client5.http.impl.classic.ProtocolExec - ex-0000000002 proxy auth state: UNCHALLENGED
19:31:00.427 [main] DEBUG org.apache.hc.client5.http.impl.classic.ConnectExec - ex-0000000002 acquiring connection with route {s}->https://googlechromelabs.github.io:443
19:31:00.427 [main] DEBUG org.apache.hc.client5.http.impl.classic.InternalHttpClient - ex-0000000002 acquiring endpoint (3 MINUTES)
19:31:00.427 [main] DEBUG org.apache.hc.client5.http.impl.io.PoolingHttpClientConnectionManager - ex-0000000002 endpoint lease request (3 MINUTES) [route: {s}->https://googlechromelabs.github.io:443][total available: 1; route allocated: 0 of 5; total allocated: 1 of 25]
19:31:00.427 [main] DEBUG org.apache.hc.client5.http.impl.io.PoolingHttpClientConnectionManager - ex-0000000002 endpoint leased [route: {s}->https://googlechromelabs.github.io:443][total available: 1; route allocated: 1 of 5; total allocated: 2 of 25]
19:31:00.427 [main] DEBUG org.apache.hc.client5.http.impl.io.PoolingHttpClientConnectionManager - ex-0000000002 acquired ep-0000000002
19:31:00.427 [main] DEBUG org.apache.hc.client5.http.impl.classic.InternalHttpClient - ex-0000000002 acquired endpoint ep-0000000002
19:31:00.427 [main] DEBUG org.apache.hc.client5.http.impl.classic.ConnectExec - ex-0000000002 opening connection {s}->https://googlechromelabs.github.io:443
19:31:00.427 [main] DEBUG org.apache.hc.client5.http.impl.classic.InternalHttpClient - ep-0000000002 connecting endpoint (null)
19:31:00.427 [main] DEBUG org.apache.hc.client5.http.impl.io.PoolingHttpClientConnectionManager - ep-0000000002 connecting endpoint to https://googlechromelabs.github.io:443 (30 SECONDS)
19:31:00.427 [main] DEBUG org.apache.hc.client5.http.impl.io.DefaultHttpClientConnectionOperator - googlechromelabs.github.io resolving remote address
19:31:00.443 [main] DEBUG org.apache.hc.client5.http.impl.io.DefaultHttpClientConnectionOperator - googlechromelabs.github.io resolved to [googlechromelabs.github.io/185.199.109.153, googlechromelabs.github.io/185.199.111.153, googlechromelabs.github.io/185.199.110.153, googlechromelabs.github.io/185.199.108.153, googlechromelabs.github.io/2606:50c0:8000:0:0:0:0:153, googlechromelabs.github.io/2606:50c0:8003:0:0:0:0:153, googlechromelabs.github.io/2606:50c0:8002:0:0:0:0:153, googlechromelabs.github.io/2606:50c0:8001:0:0:0:0:153]
19:31:00.444 [main] DEBUG org.apache.hc.client5.http.impl.io.DefaultHttpClientConnectionOperator - googlechromelabs.github.io:443 connecting null->googlechromelabs.github.io/185.199.109.153:443 (30 SECONDS)
19:31:00.444 [main] DEBUG org.apache.hc.client5.http.ssl.SSLConnectionSocketFactory - Connecting socket to googlechromelabs.github.io/185.199.109.153:443 with timeout 30 SECONDS
19:31:00.451 [main] DEBUG org.apache.hc.client5.http.ssl.SSLConnectionSocketFactory - Enabled protocols: [TLSv1.3, TLSv1.2]
19:31:00.452 [main] DEBUG org.apache.hc.client5.http.ssl.SSLConnectionSocketFactory - Enabled cipher suites: [TLS_AES_256_GCM_SHA384, TLS_AES_128_GCM_SHA256, TLS_CHACHA20_POLY1305_SHA256, TLS_ECDHE_ECDSA_WITH_AES_256_GCM_SHA384, TLS_ECDHE_ECDSA_WITH_AES_128_GCM_SHA256, TLS_ECDHE_ECDSA_WITH_CHACHA20_POLY1305_SHA256, TLS_ECDHE_RSA_WITH_AES_256_GCM_SHA384, TLS_ECDHE_RSA_WITH_CHACHA20_POLY1305_SHA256, TLS_ECDHE_RSA_WITH_AES_128_GCM_SHA256, TLS_DHE_RSA_WITH_AES_256_GCM_SHA384, TLS_DHE_RSA_WITH_CHACHA20_POLY1305_SHA256, TLS_DHE_DSS_WITH_AES_256_GCM_SHA384, TLS_DHE_RSA_WITH_AES_128_GCM_SHA256, TLS_DHE_DSS_WITH_AES_128_GCM_SHA256, TLS_ECDHE_ECDSA_WITH_AES_256_CBC_SHA384, TLS_ECDHE_RSA_WITH_AES_256_CBC_SHA384, TLS_ECDHE_ECDSA_WITH_AES_128_CBC_SHA256, TLS_ECDHE_RSA_WITH_AES_128_CBC_SHA256, TLS_DHE_RSA_WITH_AES_256_CBC_SHA256, TLS_DHE_DSS_WITH_AES_256_CBC_SHA256, TLS_DHE_RSA_WITH_AES_128_CBC_SHA256, TLS_DHE_DSS_WITH_AES_128_CBC_SHA256, TLS_ECDHE_ECDSA_WITH_AES_256_CBC_SHA, TLS_ECDHE_RSA_WITH_AES_256_CBC_SHA, TLS_ECDHE_ECDSA_WITH_AES_128_CBC_SHA, TLS_ECDHE_RSA_WITH_AES_128_CBC_SHA, TLS_DHE_RSA_WITH_AES_256_CBC_SHA, TLS_DHE_DSS_WITH_AES_256_CBC_SHA, TLS_DHE_RSA_WITH_AES_128_CBC_SHA, TLS_DHE_DSS_WITH_AES_128_CBC_SHA, TLS_RSA_WITH_AES_256_GCM_SHA384, TLS_RSA_WITH_AES_128_GCM_SHA256, TLS_RSA_WITH_AES_256_CBC_SHA256, TLS_RSA_WITH_AES_128_CBC_SHA256, TLS_RSA_WITH_AES_256_CBC_SHA, TLS_RSA_WITH_AES_128_CBC_SHA, TLS_EMPTY_RENEGOTIATION_INFO_SCSV]
19:31:00.452 [main] DEBUG org.apache.hc.client5.http.ssl.SSLConnectionSocketFactory - Starting handshake (null)
19:31:00.471 [main] DEBUG org.apache.hc.client5.http.ssl.SSLConnectionSocketFactory - Secure session established
19:31:00.472 [main] DEBUG org.apache.hc.client5.http.ssl.SSLConnectionSocketFactory -  negotiated protocol: TLSv1.3
19:31:00.472 [main] DEBUG org.apache.hc.client5.http.ssl.SSLConnectionSocketFactory -  negotiated cipher suite: TLS_AES_128_GCM_SHA256
19:31:00.472 [main] DEBUG org.apache.hc.client5.http.ssl.SSLConnectionSocketFactory -  peer principal: CN=*.github.io
19:31:00.472 [main] DEBUG org.apache.hc.client5.http.ssl.SSLConnectionSocketFactory -  peer alternative names: [*.github.io, *.github.com, *.githubusercontent.com, github.com, github.io, githubusercontent.com, www.github.com]
19:31:00.472 [main] DEBUG org.apache.hc.client5.http.ssl.SSLConnectionSocketFactory -  issuer principal: CN=Sectigo RSA Domain Validation Secure Server CA, O=Sectigo Limited, L=Salford, ST=Greater Manchester, C=GB
19:31:00.472 [main] DEBUG org.apache.hc.client5.http.impl.io.DefaultManagedHttpClientConnection - http-outgoing-1 set socket timeout to 3 MINUTES
19:31:00.472 [main] DEBUG org.apache.hc.client5.http.impl.io.DefaultHttpClientConnectionOperator - googlechromelabs.github.io:443 connected null->googlechromelabs.github.io/185.199.109.153:443 as http-outgoing-1
19:31:00.472 [main] DEBUG org.apache.hc.client5.http.impl.io.PoolingHttpClientConnectionManager - ep-0000000002 connected http-outgoing-1
19:31:00.472 [main] DEBUG org.apache.hc.client5.http.impl.classic.InternalHttpClient - ep-0000000002 endpoint connected
19:31:00.472 [main] DEBUG org.apache.hc.client5.http.impl.classic.MainClientExec - ex-0000000002 executing GET /chrome-for-testing/known-good-versions-with-downloads.json HTTP/1.1
19:31:00.472 [main] DEBUG org.apache.hc.client5.http.protocol.RequestAddCookies - ex-0000000002 Cookie spec selected: strict
19:31:00.472 [main] DEBUG org.apache.hc.client5.http.impl.classic.InternalHttpClient - ep-0000000002 start execution ex-0000000002
19:31:00.472 [main] DEBUG org.apache.hc.client5.http.impl.io.PoolingHttpClientConnectionManager - ep-0000000002 executing exchange ex-0000000002 over http-outgoing-1
19:31:00.472 [main] DEBUG org.apache.hc.client5.http.headers - http-outgoing-1 >> GET /chrome-for-testing/known-good-versions-with-downloads.json HTTP/1.1
19:31:00.473 [main] DEBUG org.apache.hc.client5.http.headers - http-outgoing-1 >> user-agent: Apache-HttpClient/5.0
19:31:00.473 [main] DEBUG org.apache.hc.client5.http.headers - http-outgoing-1 >> accept-encoding: gzip, deflate, br
19:31:00.473 [main] DEBUG org.apache.hc.client5.http.headers - http-outgoing-1 >> cache-control: max-age=0
19:31:00.473 [main] DEBUG org.apache.hc.client5.http.headers - http-outgoing-1 >> connection: keep-alive
19:31:00.473 [main] DEBUG org.apache.hc.client5.http.headers - http-outgoing-1 >> Host: googlechromelabs.github.io
19:31:00.473 [main] DEBUG org.apache.hc.client5.http.wire - http-outgoing-1 >> "GET /chrome-for-testing/known-good-versions-with-downloads.json HTTP/1.1[\r][\n]"
19:31:00.473 [main] DEBUG org.apache.hc.client5.http.wire - http-outgoing-1 >> "user-agent: Apache-HttpClient/5.0[\r][\n]"
19:31:00.473 [main] DEBUG org.apache.hc.client5.http.wire - http-outgoing-1 >> "accept-encoding: gzip, deflate, br[\r][\n]"
19:31:00.473 [main] DEBUG org.apache.hc.client5.http.wire - http-outgoing-1 >> "cache-control: max-age=0[\r][\n]"
19:31:00.473 [main] DEBUG org.apache.hc.client5.http.wire - http-outgoing-1 >> "connection: keep-alive[\r][\n]"
19:31:00.473 [main] DEBUG org.apache.hc.client5.http.wire - http-outgoing-1 >> "Host: googlechromelabs.github.io[\r][\n]"
19:31:00.473 [main] DEBUG org.apache.hc.client5.http.wire - http-outgoing-1 >> "[\r][\n]"
19:31:00.479 [main] DEBUG org.apache.hc.client5.http.wire - http-outgoing-1 << "HTTP/1.1 200 OK[\r][\n]"
19:31:00.480 [main] DEBUG org.apache.hc.client5.http.wire - http-outgoing-1 << "Connection: keep-alive[\r][\n]"
19:31:00.480 [main] DEBUG org.apache.hc.client5.http.wire - http-outgoing-1 << "Content-Length: 84723[\r][\n]"
19:31:00.480 [main] DEBUG org.apache.hc.client5.http.wire - http-outgoing-1 << "Server: GitHub.com[\r][\n]"
19:31:00.480 [main] DEBUG org.apache.hc.client5.http.wire - http-outgoing-1 << "Content-Type: application/json; charset=utf-8[\r][\n]"
19:31:00.480 [main] DEBUG org.apache.hc.client5.http.wire - http-outgoing-1 << "permissions-policy: interest-cohort=()[\r][\n]"
19:31:00.480 [main] DEBUG org.apache.hc.client5.http.wire - http-outgoing-1 << "x-origin-cache: HIT[\r][\n]"
19:31:00.480 [main] DEBUG org.apache.hc.client5.http.wire - http-outgoing-1 << "Last-Modified: Thu, 27 Mar 2025 13:15:37 GMT[\r][\n]"
19:31:00.480 [main] DEBUG org.apache.hc.client5.http.wire - http-outgoing-1 << "Access-Control-Allow-Origin: *[\r][\n]"
19:31:00.480 [main] DEBUG org.apache.hc.client5.http.wire - http-outgoing-1 << "Strict-Transport-Security: max-age=31556952[\r][\n]"
19:31:00.480 [main] DEBUG org.apache.hc.client5.http.wire - http-outgoing-1 << "ETag: W/"67e54f79-28baff"[\r][\n]"
19:31:00.480 [main] DEBUG org.apache.hc.client5.http.wire - http-outgoing-1 << "expires: Thu, 27 Mar 2025 13:28:11 GMT[\r][\n]"
19:31:00.480 [main] DEBUG org.apache.hc.client5.http.wire - http-outgoing-1 << "Cache-Control: max-age=600[\r][\n]"
19:31:00.480 [main] DEBUG org.apache.hc.client5.http.wire - http-outgoing-1 << "Content-Encoding: gzip[\r][\n]"
19:31:00.480 [main] DEBUG org.apache.hc.client5.http.wire - http-outgoing-1 << "x-proxy-cache: HIT[\r][\n]"
19:31:00.480 [main] DEBUG org.apache.hc.client5.http.wire - http-outgoing-1 << "X-GitHub-Request-Id: 2C88:1F3932:2E4416:358BEB:67E55033[\r][\n]"
19:31:00.480 [main] DEBUG org.apache.hc.client5.http.wire - http-outgoing-1 << "Accept-Ranges: bytes[\r][\n]"
19:31:00.480 [main] DEBUG org.apache.hc.client5.http.wire - http-outgoing-1 << "Date: Thu, 27 Mar 2025 14:01:00 GMT[\r][\n]"
19:31:00.480 [main] DEBUG org.apache.hc.client5.http.wire - http-outgoing-1 << "Via: 1.1 varnish[\r][\n]"
19:31:00.480 [main] DEBUG org.apache.hc.client5.http.wire - http-outgoing-1 << "Age: 23[\r][\n]"
19:31:00.480 [main] DEBUG org.apache.hc.client5.http.wire - http-outgoing-1 << "X-Served-By: cache-del21722-DEL[\r][\n]"
19:31:00.481 [main] DEBUG org.apache.hc.client5.http.wire - http-outgoing-1 << "X-Cache: HIT[\r][\n]"
19:31:00.481 [main] DEBUG org.apache.hc.client5.http.wire - http-outgoing-1 << "X-Cache-Hits: 1[\r][\n]"
19:31:00.481 [main] DEBUG org.apache.hc.client5.http.wire - http-outgoing-1 << "X-Timer: S1743084060.493423,VS0,VE1[\r][\n]"
19:31:00.481 [main] DEBUG org.apache.hc.client5.http.wire - http-outgoing-1 << "Vary: Accept-Encoding[\r][\n]"
19:31:00.481 [main] DEBUG org.apache.hc.client5.http.wire - http-outgoing-1 << "X-Fastly-Request-ID: 7dfe63ac93ac93b8f6f0b48581814707b41d3b4a[\r][\n]"
19:31:00.481 [main] DEBUG org.apache.hc.client5.http.wire - http-outgoing-1 << "[\r][\n]"
19:31:00.481 [main] DEBUG org.apache.hc.client5.http.headers - http-outgoing-1 << HTTP/1.1 200 OK
19:31:00.481 [main] DEBUG org.apache.hc.client5.http.headers - http-outgoing-1 << Connection: keep-alive
19:31:00.481 [main] DEBUG org.apache.hc.client5.http.headers - http-outgoing-1 << Content-Length: 84723
19:31:00.481 [main] DEBUG org.apache.hc.client5.http.headers - http-outgoing-1 << Server: GitHub.com
19:31:00.481 [main] DEBUG org.apache.hc.client5.http.headers - http-outgoing-1 << Content-Type: application/json; charset=utf-8
19:31:00.481 [main] DEBUG org.apache.hc.client5.http.headers - http-outgoing-1 << permissions-policy: interest-cohort=()
19:31:00.481 [main] DEBUG org.apache.hc.client5.http.headers - http-outgoing-1 << x-origin-cache: HIT
19:31:00.481 [main] DEBUG org.apache.hc.client5.http.headers - http-outgoing-1 << Last-Modified: Thu, 27 Mar 2025 13:15:37 GMT
19:31:00.481 [main] DEBUG org.apache.hc.client5.http.headers - http-outgoing-1 << Access-Control-Allow-Origin: *
19:31:00.481 [main] DEBUG org.apache.hc.client5.http.headers - http-outgoing-1 << Strict-Transport-Security: max-age=31556952
19:31:00.481 [main] DEBUG org.apache.hc.client5.http.headers - http-outgoing-1 << ETag: W/"67e54f79-28baff"
19:31:00.481 [main] DEBUG org.apache.hc.client5.http.headers - http-outgoing-1 << expires: Thu, 27 Mar 2025 13:28:11 GMT
19:31:00.481 [main] DEBUG org.apache.hc.client5.http.headers - http-outgoing-1 << Cache-Control: max-age=600
19:31:00.481 [main] DEBUG org.apache.hc.client5.http.headers - http-outgoing-1 << Content-Encoding: gzip
19:31:00.481 [main] DEBUG org.apache.hc.client5.http.headers - http-outgoing-1 << x-proxy-cache: HIT
19:31:00.482 [main] DEBUG org.apache.hc.client5.http.headers - http-outgoing-1 << X-GitHub-Request-Id: 2C88:1F3932:2E4416:358BEB:67E55033
19:31:00.482 [main] DEBUG org.apache.hc.client5.http.headers - http-outgoing-1 << Accept-Ranges: bytes
19:31:00.482 [main] DEBUG org.apache.hc.client5.http.headers - http-outgoing-1 << Date: Thu, 27 Mar 2025 14:01:00 GMT
19:31:00.482 [main] DEBUG org.apache.hc.client5.http.headers - http-outgoing-1 << Via: 1.1 varnish
19:31:00.482 [main] DEBUG org.apache.hc.client5.http.headers - http-outgoing-1 << Age: 23
19:31:00.482 [main] DEBUG org.apache.hc.client5.http.headers - http-outgoing-1 << X-Served-By: cache-del21722-DEL
19:31:00.482 [main] DEBUG org.apache.hc.client5.http.headers - http-outgoing-1 << X-Cache: HIT
19:31:00.482 [main] DEBUG org.apache.hc.client5.http.headers - http-outgoing-1 << X-Cache-Hits: 1
19:31:00.482 [main] DEBUG org.apache.hc.client5.http.headers - http-outgoing-1 << X-Timer: S1743084060.493423,VS0,VE1
19:31:00.482 [main] DEBUG org.apache.hc.client5.http.headers - http-outgoing-1 << Vary: Accept-Encoding
19:31:00.482 [main] DEBUG org.apache.hc.client5.http.headers - http-outgoing-1 << X-Fastly-Request-ID: 7dfe63ac93ac93b8f6f0b48581814707b41d3b4a
19:31:00.482 [main] DEBUG org.apache.hc.client5.http.impl.classic.MainClientExec - ex-0000000002 connection can be kept alive for 3 MINUTES
19:31:00.532 [main] DEBUG org.apache.hc.client5.http.wire - http-outgoing-1 << "[0x1f][0xffffff8b][0x8][0x0][0x0][0x0][0x0][0x0][0x0][0x3][0xffffffcc][0xffffffbd][0xffffffdd][0xffffff8e],Iv^[0xfffffff9].}[0xffffffad].[0xffffff86][0xffffffdb][0xffffff9f][0xffffff9b][0xfffffff1]9t5[0xffffff83][0xffffffb9][0xffffffe8]!{[0xffffffc8][0x6][0xffffff9a]l[0xffffffa2][0xffffff9b][0xffffff92][0x6]#[0xffffffe8][0xffffffdd]'22[0xffffffcf][0xffffffc9],[0xffffffdb]_[0x1c]U[0xfffffff8]i[0xffffffec][0xfffffff5]A[0x10][0x4][0xffffff8a][0xffffff9d][0xffffffe5]Fbaa[0xffffff95][0xffffff87][0xffffffed][0xffffffed][0xffffffff][0xfffffff3]w[0xffffffff][0xfffffff9][0xffffffa7][0x7f][0xfffffffb][0xffffffe3][0xffffffdf][0xfffffffe][0xfffffff3][0xf][0xffffffff][0xfffffff6][0x1f][0xffffffbf][0xfffffffb][0xffffffc7][0xffffffdf][0xffffff95][[0xffffffe9][0xffffffbf][0xffffffbf][0xffffffd5][0xffffffdf][0xffffff97][0xfffffff3][0xffffffbf][0x1e][0xfffffff5][0x1f][0xffffff8f][0xfffffff6][0xffffff8f][0xffffffad][0xfffffffd]r[0xffffffb4][0xfffffff5][0x7f][0xfffffffc][0xffffffee][0xffffffbf][0xfffffffc][0xffffffee][0xffffffbf][0xffffffff][0xfffffff1][0xffffffaf][0x7f][0xfffffffb][0xffffffd3]_[0xfffffffe][0xfffffffd]o[0xffffffbf][0xfffffffb][0xffffffc7][0xffffffff][0xfffffff3][0x7f]~[0xfffffffb]/[0xffffffee][0x7f]q[0x1c][0xfffffff5][0xffffff97][0xffffffdb]/}[0xffffff9c][0xffffffe5][0xffffff97][0xffffffdb][0xfffffffd]?[0xfffffff5][0xffffffd7]?[0xfffffffe][0xfffffff7]?}[0xffffffff][0xffffffef][0xffffff94][0xffffffa3][0xfffffff5]~[0xffffffff][0xffffffff][0xfffffffc][0xffffffe7][0xffffffbf][0xfffffffc][0xffffff8f][0x7f][0xffffffff][0xfffffff3]_[0xfffffffe][0xfffffff0][0xffffffcf][0xfffffff7][0xffffffbf][0xfffffffd][0xffffff9f][0xffffffbf][0xfffffffb][0xffffffa7][0x7f][0xfffffffd][0xffffffeb]_[0xfffffffe][0xffffffed][0xffffff8f][0xffffff8f][0x7f][0xffffffca][0x7f][0xfffffffc][0xfffffff9][0xf][0xffffffff][0xfffffff9][0xffffffff][0xfffffffc][0xffffffe5][0xffffffaf][0xffffffff]v[0xffffffff][0xf][0xffffffff][0xfffffff9]O[0xffffffff][0xfffffffe][0xffffffdf][0xfffffffe][0xffffffdf][0xffffffd1][0xffffffee][0xffffffff][0xffffffe1][0xffffffff][0xfffffff6][0xffffffd7]?[0xffffffdf][0xffffffff][0xffffffeb][0x7f][0xfffffffd][0xffffffcf][0xffffffff][0xfffffffc][0xffffff8f][0xffffffbf][0xfffffffd][0xffffffe3]?[0xfffffffc][0xffffffc3][0xffffffdf][0xfffffffe][0xfffffff3]/[0x7f][0xfffffffd][0xffffffc3][0xffffffbf][0xfffffffc][0xfffffff1][0xffffff97][0x7f][0xfffffff9][0xffffffcb]_[0xfffffffe][0xffffffe5][0xffffffcf][0x7f][0xfffffffc][0xffffffc3][0x7f][0xfffffffc][0xffffffe9]o[0xffffffbf][0xfffffffc][0xffffffd3]_[0xfffffffe][0xffffffed][0x1f][0xffffffde][0xffffffff]![0xffffffbf][0xffffffbf][0xffffffff][0xfffffff1][0xffffffef][0xffffffff][0xfffffff3]~[0xfffffff8]?[0xfffffffd][0xfffffffb][0xffffffbf][0xfffffffc][0xfffffffe]?[0xfffffffe][0xffffffdb][0xffffffff][0xfffffffd][0xffffffe7]?[0xfffffffd][0xffffffd3]?|=[0xffffffcf]?|[0xfffffffc]S[0xffffffbf][0xfffffffd][0xffffffc7]?[0xfffffffe][0xffffffcb]_[0xfffffffe][0xffffffbf]?[0xfffffffd][0xffffffc7][0xffffffef][0xfffffffe][0xffffffd7][0x7f][0xfffffff9][0xffffffd5][0xfffffff3][0xffffffff][0xffffffed][0xf][0xffffffff][0xfffffff4][0xfffffffb]?[0xfffffffc][0xfffffff5][0xffffffdf][0xfffffffe][0xffffffee]'[0xfffffff8][0xfffffffe][0xffffffcf][0xfffffffd][0xfffffff6][0x7][0xffffffdf][0xffffffff]?[0xffffff9e][0xffffff9d][0xffffffe2][0xffffffef][0xffffffff][0xffffffbf][0xffffff85][0xffffff8f][0x7f][0xffffffea][0xffffffd7][0x13]<[0xfffffff9][0xffffffdf][0xffffffc2][0xffffffff][0xfffffff8][0xffffffd3][0xffffffbf][0xffffffd7][0xfffffff2]w~[0xfffffffa][0xffffffe3][0xffffff9f][0xfffffff9][0xffffffed]?[0xfffffffc][0xfffffff8]/[0xffffff9e]<[0xfffffff9][0xffffffef][0xfffffffe]?[0xfffffff7][0xffffffe3][0xffffff9f][0xfffffff9][0xffffffe5][0xffffffc9][0xffffffdf][0xfffffffe]g[0xfffffffe][0xffffffbf][0xfffffffe][0xffffffd7][0xffffffdb][0xffffffc3]%[0xffffffc2][0xffffffb5][0xffffff9b]1\;[0xe][0xfffffff1][0xfffffffd][0x8]<[0xffffffc5][0x1f][0xffffff87][0xffffffa0]0[0xffffffbe]?[0xffffff9e][0xffffffe2][0xfffffff8][0xfffffffd][0xffffffd1][0xffffffaf][0xffffff82]<[0xffffffaa][0x19][0xffffffc8][0xffffffa3][0xffffffe2] [0xffffffdf][0xffffff8f][0xffffffc0][0xffffff83][0xfffffffc]q[0x8][\n]"
19:31:00.532 [main] DEBUG org.apache.hc.client5.http.wire - http-outgoing-1 << "[0xffffffe4][0xfffffffb][0xffffffe3])[0xffffff90][0xffffffdf][0x1f][0xfffffffd][0x1b]An[0xffffff8f][0xffffffbf]ZCD[0xffffffc5](c[0xffffffa5]s[0xfffffffc]y[0x1e][\n]"
19:31:00.532 [main] DEBUG org.apache.hc.client5.http.wire - http-outgoing-1 << "[0xffffffe3]/'[0xffffffc0]([0xffffffde][0xffffffce][0xffffff90][0xc][0xfffffff1][0xffffff97][0xffffffa7]'3[0xfffffffc][0xffffffeb]'[0xffffffbf][0xffffff82][0xfffffff0]y[0xffffff9b][0x2][0xffffffe1]Y[0xfffffffb][0xffffffc1] [0xfffffffc]8[0xf][0xffffff8a][0xfffffff0][0xfffffffb][0x9]X[0xffffff84]?[0xffffffcf]@ [0xfffffffc][0xfffffffe]t[0x2][0xffffffe1][0xffffffef]O~[\r][0xffffffe1][0xffffffa5][0x10][0xffffffee][0xffffffad]Q[0x8]/[0x1c][0xffffffe1]e[0xffffff80][0xfffffff0]B[0x11]^[0x18][0xffffffc2][0xffffffeb][0x2][0xffffffc2][0xffffffc7]M!<[0xffffffeb][0xffffff84][0x10]~;[0xf][0xffffff8b][0xfffffff0][0xffffffe3][0x4]0[0xffffffc2][0xffffffdf][0xffffffcf][0xffffff80] [0xfffffffc]x:[0xffffff82][0xfffffff0][0xffffffb7]'[0xffffffbf][0xffffff86][0xfffffff0][0xfffffff1]K[0xfffffffc]w[0xffffffba]u[0xffffff8c][0x1b][0xffffff85][0xfffffff0][0xfffffffd]<0[0xffffffc2]o'[0xffffffa0][0x11][0xfffffffe]v[0x6][0x6][0xffffffe1][0xffffffb7][0xffffffa7]3[0x8][0x7f]<[0xfffffff9]5[0xffffff84][0xffffffab][0xffffffb0][0xfffffff0]:[0x7][0x15][0x12]o[0xffffffe7][0xffffff81][0x11][0xffffffae][0x6][0x16][0xffffffae][0xffffffa8][0xffffff85]+f[0xffffffe1]z[0xffffffc5][0xffffffc2]="\ouV[\n]"
19:31:00.533 [main] DEBUG org.apache.hc.client5.http.wire - http-outgoing-1 << "[0xffffffe1][0xffffff8e]#[0xffffffdc][\r][0x10][0xffffffee]([0xffffffc2][0x1d]C[0xffffffb8]_AX[0xffffffbc][0xffffff91][0xffffffa8]G[0x1]^[0xe][0x7f][0xffffff9e][0x7]F[0xffffffd8][0xffffffe0][0xffffff8d][0xffffffc4][0xffffff81][0xffffffbe][0xffffff91]8[0xffffffb0]7[0x12][0xffffffc7][0xffffff95]7[0x12][0xffffffe5][0xfffffff6]K[0xffffff8b][0x8][0xffffffcf][0xffffffdb][0xffffff80][0x10]~;[0xf][0xffffff8b][0xfffffff0][0xffffffe3][0x4]0[0xffffffc2][0xffffffdf][0xffffffcf][0xffffff80] [0xfffffffc]x:[0xffffff82][0xfffffff0][0xffffffb7]'[0xffffffbf][0xffffff86][0xffffffb0][0xffffffb8]/QK[0xffffffe3][0x10][0x6][0xffffffef]K|9[0x1][0xffffff8d]0t_[0xffffffe2][0xffffffcb][0xffffffd3][0x19][0xffffff84]_[0xffffffbb]/[0xfffffff1][0xfffffff1]GM \o[0x7][0xfffffff5]F[0xffffffe2][0xffffffed]<0[0xffffffc2][0xffffffcd][0x0][0xffffffe1][0xffffff86]"[0xffffffdc]0[0xffffff84][0xffffffdb][0x15][0xffffff84]U[0xb][0xffffffb7]rP[0xffffffbf][0xffffffce][0x15][0xffffffbc][0xffffff85][0xffffff8b]A[0xb][0x17][0xffffffb4][0xffffff85][0xb][0xffffffd6][0xffffffc2][0xffffffe5]J[0xb]W[0x15][0x12][0xffffffad][0xffffffad][0x2]!\[0xfffffff1][0xffffff90][0xffffffa8][0x6]!Q[0xffffffd1][0xffffff90][0xffffffa8]XH[0xffffffd4]+!Q[0xffffffc5]{[0xffffffe1][0xffffffda][0xffffffe6]I[0xffffffbd][0xffffff91][0xffffffa8][0xfffffff8]{[0xffffffe1]j[0xfffffff0]^[0xffffffb8][0xffffffa2][0xffffffef][0xffffff85]+[0xfffffff6]^[0xffffffb8]^y/\U[0xb][0xfffffff7][0xffffffe3][0xffffff86]![0xffffff8c][0xffffffb7]p5h[0xffffffe1][0xffffffef]g`[0x10][0xffffffc6]Z[0xfffffff8][0xffffffdb][0xffffff93]_CX[0xfffffffd][0xffffffb4][0xffffffd1][0xfffffffb]I[0xfffffffd][0xffffffeb]\[0xffffffc5][0x7f][0xffffffda][0xffffffa8][0x6]?mT[0xfffffff4][0xffffffa7][0xffffff8d][0xffffff8a][0xfffffffd][0xffffffb4]Q[0xffffffaf][0xfffffffc][0xffffffb4]q[0xffffffff][0xffffffa3]b[0xffffff86]p[0xffffffc1][0x11].[0x6][0x8][0x17][0x14][0xffffffe1][0xffffff82]!\[0xffffffae] [0x1c][0xffffffae][0xfffffff9][0xffffffc0][0x8][0xffffffc3][0xffffffd7]|[0x1e]'[0xffffffe0][0x11][0x6][0xffffffaf][0xfffffff9]<[0xffffff9e]N![0xfffffffc][0xfffffffa]5[0xffffff9f][0xfffffffb][0x1f][\r]3[0xffffff84][0x7][0xffffff8e][0xfffffff0]0@x[0xffffffa0][0x8][0xf][0xc][0xffffffe1]q[0x5][0xffffffe1][0xffffffc3][0xffffff8d][0xffffffe1][0xffffff83][0xffffff87][0xfffffff8]p[0xffffffa0][0xfffffff8]`1>8[0xffffff8e][0xffffff8f]K [0x17]7[0xffffff90][0xb][0xf]rq[0x0][0xffffffb9][0xffffffb0] [0x17][0xe][0xffffffe4]r[0x9][0xffffffe4]8[0xffffff9c][0xf][0xffffff83][0xffffffcc][\r][0xffffffe7][0x7f]=[0x2][0xf]23[0xffffff9c][0xffffffff][0xfffffff5][0xfffffff1][0x14][0xffffffc8]/[\r][0xffffffe7][0x7f][0xffffffff][0xffffffab][0xffffffe6][0x6]r[0xffffffe3]An[0xe] 7[0x16][0xffffffe4][0xffffffc6][0xffffff81][0xffffffdc].[0xffffff81][0xffffffbc][0xffffffdc]^[0x18]/[0xfffffffe][0xffffff8d][0xfffffff1][0xfffffffd][0x8]<[0xffffffc8][0x1f][0xffffff87][0xffffffa0]@^[0xffffffdc]K[0xffffffe3]u[0xffffffe9][0xffffffad][0xfffffff1]Q[0xffffffdd]^[0xffffffba][0xffffffdd]O[0xffffff84][0xffffffa3][0xfffffffc]v[0x6][0xffffff9e][0xffffffe5]o[0xffffffa7][0xffffffa0]`~{>E[0xfffffff3][0xffffffc7][0xffffffb3][0x7f]#[0xffffffce][0xfffffffd][0xfffffffd][0xffffffcf][0xffffffc4][0xffffffb8]~=o#[0xffffffff]B[0xffffffd0][0xffffffe7]y([0xffffff94][0xffffffbf][0xffffff9c][0x0][0x3]y;C2[0xffffffc6]_[0xffffff9e][0xffffff9e][0xc][0xfffffff1][0xffffffaf][0xffffff9f][0xfffffffc][0x12][0xffffffc2]M[0xffffff8c][0xffffffeb][0xffffffd7][0xffffffb3][0xffffffce][0xfffffffc]k[0xffffff99][0xffffff9f][0xffffffe7]a[0x11]n[0xffffffe8][0xffffffb8][0xfffffffe]v[0x6][0x4][0xffffffe1][0x6][0xffffff8c][0xffffffeb][0xffffffff][0xfffffffa][0xffffffc9][0xffffffaf]!|([0xffffff84]{[0xffffffcb]O[0xffffff8a][0xffffffcf][0xfffffff3][0xffffffc0][0x8][0x1f][0x6][0x8][0x1f]([0xffffffc2][0x7][0xffffff86][0xfffffff0]q[0x5]au[0xffffffb3][0xfffffff8][0xffffffec][0xffffffeb][0xffffffa4][0x10][0x6]o[0x16][0x7f]9[0x1][0xffffff8d]0t[0xffffffb3][0xfffffff8][0xffffffcb][0xffffffd3][0x19][0xffffff84]_[0xffffffbb]Y[0xfffffffc][0xfffffff1]G[0xffffffea]f[0xfffffff1]9Z[0xfffffffe][0x2][0xffffffc1][0xffffffcf][0xfffffff3][0xffffffc0][0x8][0xffffffa3]7[0xffffff8b][0xffffffb7]30[0x8][0x3]7[0xffffff8b][0x7f][0xfffffffd][0xffffffe4][0xffffffd7][0x10]n[0x12][0xffffffe1][0xffffff95][0xffffffbf]q[0xffffffe2][0xfffffff3]<0[0xffffffc2][0xffffffcd][0x0][0xffffffe1][0xffffff86]"[0xffffffdc]0[0xffffff84][0xffffffdb][0x15][0xffffff84]O[0xffffff81][0xfffffff0],[0x5][0xb][0xffffff89][0x13]G[0xfffffff8]4@[0xfffffff8]D[0x11]>1[0xffffff84][0xffffffcf]+[0x8][0xffffffab][0xffffff97]jsv[0xffffffcc][0xffffffc2][0xfffffff8]K[0xffffffb5]f[0xfffffff0]R[0xffffffad][0xffffffa1]/[0xffffffd5][0x1a][0xfffffff6]R[0xffffffad]]y[0xffffffa9][0xffffffd6][0xffffffd5]K[0xffffffb5]U[0xe][\n]"
19:31:00.533 [main] DEBUG org.apache.hc.client5.http.wire - http-outgoing-1 << "[0xffffffe1][0xffffff8e][0xffffffbf]T[0xffffffeb][0x6]/[0xffffffd5]:[0xfffffffa]R[0xffffffad]c/[0xffffffd5][0xfffffffa][0xffffff95][0xffffff97]j][0xffffffbd]T[[0xffffffad]P/[0xffffffd5]:[0xfffffffe]R[0xffffffad][0x1b][0xffffffbc]T[0xffffffeb][0xffffffe8]K[0xffffffb5][0xffffff8e][0xffffffbd]T[0xffffffeb]W^[0xffffffaa][0xffffffdd][0xffffffff]([0xffffff8e]([0xffffffb1][0x8]c#J_N[0xffffffc0]#[0xffffff8c][0xffffff8c](}y:[0xffffff85][0xfffffff0]+#J[0x1f][0x7f]T[0x14][0xffffffc2][0xfffffff7][0xffffffae][0xffffffa6][0x10].8[0xffffffc2][0xffffffc5][0x0][0xffffffe1][0xffffff82]"\0[0xffffff84][0xffffffcb][0x15][0xffffff84][0xffffffc5]{[0xffffffe1]v[0xffffffbb][0xffffff95][0xfffffffc][0xffffffed]k[0xffffff9f][0xffffffe7][0xffffff81][0x11]6x/[0xffffffdc][0xffffffd1][0xfffffff7][0xffffffc2][0x1d]{/[0xffffffdc][0xffffffaf][0xffffffbc][0x17][0xffffffee]]![0xffffffdc][0xffffff81][0xffffff8d][0x13][0xffffff9f][0xffffffe7][0xffffff81][0x11][0xffffffee][0x6][0x8]w[0x14][0xffffffe1][0xffffff8e]![0xffffffdc][0xffffffaf] ,>[0xffffffef]uG[0x18][0xffffffbb][0xffffffa9][0xffffffd6][0xffffffc1][0xffffffcf]{}9[0x1][0xffffff8d]0[0xfffffff4]y[0xffffffaf]/Og[0x10]~[0xffffffed][0xfffffff3]^[0x1f][0x7f]$~[0xffffffda]h[0xffffffb7][0xffffffc1]Y[0x18][0xffffffff]i[0xffffffa3][0x1b][0xfffffffc][0xffffffb4][0xffffffd1][0xffffffd1][0xffffff9f]6:[0xfffffff6][0xffffffd3]F[0xffffffbf][0xfffffff2][0xffffffd3]F[0x17];0[0xffffffef][0x8][0x3][0x1f][0xffffff96][0xfffffff9]<[0xf][0xffffff8c]0[0xffffffba][0x3]s;[0x3][0xffffff83]0[0xffffffb0][0x3][0xfffffff3][0xffffffd7]O~[\r]a[0xfffffff1][0xffffffeb]\[0xffffffbb][0xffffff9d]'u_[0xffffffb8][0xffffffe3][0xffffffbf][0xffffffce]u[0xffffff83]_[0xffffffe7]:[0xfffffffa][0xffffffeb]\[0xffffffc7]~[0xffffff9d][0xffffffeb]W~[0xffffff9d][0x1b][0xffffffe2][0xffffffa7][0xffffff8d][0xffffff86]|[0xffffff95][0xffffffe3][0xfffffff3]<,[0xffffffc2][0xffffffc3][0xffffffe0][0xffffffa7][0xffffff8d][0xffffff81][0xfffffffe][0xffffffb4]1[0xffffffb0][0xffffff9f]6[0xffffffc6][0xffffff95][0xffffff9f]6[0xffffff86][0xffffffb8]/[0xffffffdc][0xffffff8e]Q[0xffffffa9][0xffffff97]j[0x3][0xffffffbf]/<[0xc][0xffffffee][0xb][0xf][0xfffffff4][0xffffffbe][0xfffffff0][0xffffffc0][0xffffffee][0xb][0xffffff8f]+[0xfffffff7][0xffffff85][0xffffffef][0x7f][0xffffffd4][0xffffffcc][0x10][0xffffffc6]>,[0xfffffff3][0xffffffe5][0x4]<[0xffffffc2][0xffffffc8][0xffffff87]e[0xffffffbe]<[0xffffff9d]B[0xfffffff8][0xffffff95][0xf][0xffffffcb]|[0xfffffffc][0xffffff91][0xfffffffa]i[0xffffffe3]X[0xffffff83]j[0xffffffe1][0xffffff81][0xffffffff][0xffffffb4]1[0xc]~[0xffffffda][0x18][0xffffffe8]O[0x1b][0x3][0xfffffffb]ic[0xfffffffc][0xfffffff0][0xffffffa7][0xffffff8d][0xffffffff][0xfffffff2][0x1][0xffffffe1]?[0xffffffff][0xfffffff5]Ow[0xffffff90][0x9][0x14][0xffffffdf][0xffffff9f][0xffffffec][0x0][0xffffffe4][0xffffffc7]Ip,[0xffffffbf][0xffffff9c][0x3][0xffffff82][0xfffffff3][0xffffffe3][0x4][0x18][0xffffffa2][0xffffff9f][0xffffffcf][0xffffffff][0xffffffdf][0xffffffba][0xffffffb6][0xb][0xffffffd7][0xffffff96][0x1]|V[0xfffffffc][0xfffffff3]<[0xffffffb0]k[0xffffffbb][0xffffff81]k{[0xffffff80]:[0x13][0xffffffe7][0xffffff8e][0xffffffb9][0xffffffb6];[0xffffffb9]6[0xffffffa2][0xffffffc8][0xffffffb8]V[0x1][0xffffffc9][0xffffffb8]6b[0xffffff99][0xffffffef][0xffffffda][0x1d][0xffffffce]l[0xffffffd7][0xffffffee][0xffffff88][0xffffffbe][0xffffffe0]Z[0xfffffff5]K[=&[0xffffffe6]Z[0xfffffffc][0xffffff97][0xffffffb6]a[0xfffffff0]K[0xffffffdb]@[0x7f]i[0x1b][0xffffffd8]/m[0xffffffe3][0xffffff87][0xffffffbf][0xffffffb4]e[0xffffffbb]6[0xffffffa2][0xffffffc8][0xffffffb8]V[0x1][0xffffffc9][0xffffffb8]6b[0xffffff99][0xffffffef][0xffffffda][0x1d][0xffffffce]l[0xffffffd7][0xffffffee][0xffffff88][0xffffffbe][0xffffffe0]Z[0xfffffff5][0xffffff93]p[0xffffffed][0x15][0xfffffffb]1[0x2][0xffffffff]Ix[0x18][0xfffffffc]$<[0xffffffd0][0xffffff9f][0xffffff84][0x7][0xfffffff6][0xffffff93][0xfffffff0][0xfffffff8][0xffffffe1]O[0xffffffc2][0xffffffd9][0xffffffae][0xffffff8d](2[0xffffffae]U@2[0xffffffae][0xffffff8d]X[0xffffffe6][0xffffffbb]v[0xffffff87]3[0xffffffdb][0xffffffb5];[0xffffffa2]/[0xffffffb8]V[0xffffffdd]][0xffffffa8][0xffffffa3]S+J[0x6]~wa[0x18][0xffffffdc]][0x18][0xffffffe8][0xffffffdd][0xffffff85][0xffffff81][0xffffffdd]][0x18]?[0xffffffbc][0xffffffbb][0xffffff90][0xffffffed][0xffffffda][0xffffff88]"[0xffffffe3]Z[0x5]$[0xffffffe3][0xffffffda][0xffffff88]e[0xffffffbe]kw8[0xffffffb3]][0xffffffbb]#[0xfffffffa][0xffffffdb]]{[0xffffff8a][0x11][0xfffffff8]V[0xffffffcf][0xffffff83][0xffffff9a]\;[0xfffffff1][0x11][0xfffffff8][0xffffffd3]`[0x4][0xfffffffe]DG[0xffffffe0]Ol[0x4][0xfffffffe][0xfffffffc][0xffffffe1][0x8]|[0xffffffb2]k[0x5][0xffffff8a][0xffffff88]k%[0xffffff90][0xffffff88]k[0x5][0xffffff96][0xffffffe9][0xffffffae][\r]p&[0xffffffbb]6 [0xfffffffa][0xffffff82]k[0xffffffd5][0xffffff85][0xffffffc6]z/e[0xffffffca][0xffffffb5][0xfffffff8][0xffffff85][0xffffffc6][0xffffffd3][0xffffffe0]B[0xffffffe3][0xffffff89]^h<[0xffffffb1][0xb][0xffffff8d][0xffffffe7][0xf]/4f[0xffffffbb]6[0xffffffa2][0xffffffc8][0xffffffb8]V[0x1][0xffffffc9][0xffffffb8]6b[0xffffff99][0xffffffef][0xffffffda][0x1d][0xffffffce]l[0xffffffd7][0xffffffee][0xffffff88][0xffffffbe][0xffffffe0]Zu[0xfffffff3][0xffffffb6][0xffffffce][0xffffff83][0xffffffba][0xffffffb6]x[0xffffffe2]7oO[0xffffff83][0xffffff9b][0xffffffb7]'z[0xfffffff3][0xfffffff6][0xffffffc4]n[0xffffffde][0xffffff9e]?[0xffffffbc]y[0xffffff9b][0xffffffed][0xffffffda][0xffffff88]"[0xffffffe3]Z[0x5]$[0xffffffe3][0xffffffda][0xffffff88]e[0xffffffbe]kw8[0xffffffb3]][0xffffffbb]#[0xfffffffa][0xffffff82]k[0xffffffd5][0xfffffffd][0xffffffda][0xffffffba][0xffffff80]o[0x5]}[0xffffff9e][0x7]v[0xffffffad][0xffffffc1][0xfffffffd][0xffffffda]3^d[0xffffffcc][0xffffffc4][0x19][0xffffffbb]_{[0xffffffee][0xffffff97][0x17]Q[0xffffffd7][0xffffff9a][0xffffffdc][0xffffffaf][0xffffff95]@2[0xffffffae]5[0xffffffb8]_[0x1b][0xffffffe0][0xffffffcc]v[0xffffffed][0xfffffff5][0xfffffffb][0xffffffb5][0xfffffff7]?mf[0xffffffae][0xffffff85][0xffffffc7]q[0x1e]'[0xffffffe0]][0xb][0xffffff8e][0xffffffe3]<[0xffffff9e]N[0xffffffb9][0xfffffff6][0x7][0xffffffe3]8[0xfffffff9][0xffffffae][0xffffffdd]Q[0xffffffa4]\[0x1b][0xffffff81][0xffffffa4]\[0xffffffbb]cI[0xffffffb8][0xffffffb6][0xffffffc1][0xffffffae]mW][0xffffffab][0xffffff96]1[0xffffffb5][0xffffff85][0xffffffad][0xffffff87]>[0xfffffff1]eL[0xffffffa7][0xffffffc1]2[0xffffffa6][0x13]][0xffffffc6]tb[0xffffffcb][0xffffff98][0xffffffce][0x1f].c[0xffffffca]vmD[0xffffff91]q[0xffffffad][0x2][0xffffff92]qm[0xffffffc4]2[0xffffffdf][0xffffffb5];[0xffffff9c][0xffffffd9][0xffffffae][0xffffffdd][0x11]}[0xffffffc1][0xffffffb5]j[0xffffff96][0xffffffa1][0x17][0xffffffec]k[0x12]'>[0xffffffcb]p[0x1a][0xffffffcc]2[0xffffff9c][0xfffffff1][0xffffffd2]x&[0xffffffce][0xffffffd8],[0xffffffc3][0xffffffb9]_[0x14]G]k2[0xffffffcb] [0xffffff81]d\k0[0xffffffcb][0x10][0xffffffe0][0xffffffcc]v[0xffffffed][0xfffffff5]Y[0xffffff86][0xffffffa9][0xffffffee]![0xffffff8c][0xffffff86]}[0x2]p[0xffffffe2][0xfffffff7][0x10][0xffffffa6][0xffffffc1]=[0xffffff84][0x19][0x7f][0xfffffff0]M[0xffffffc4]yb[0xfffffff7][0x10][0xffffffe6][0xfffffffe]#/[0xffffffe9]Z[0xffffff81]"[0xffffffe2]Z[0x9]$[0xffffffe2]Z[0xffffff81]e[0xffffffba]k[0x3][0xffffff9c][0xffffffc9][0xffffffae][\r][0xffffff88][0xffffffbe][0xffffffe0][0xffffffda][0xffffffae]\[0xffffffbb]J[0xffffffa3]\[0xffffffdb]q[0xffffffd7]v[0x3][0xffffffd7][0xfffffff6][0x0]u&[0xffffffce][0x1d]smwrmD[0xffffff91]q[0xffffffad][0x2][0xffffff92]qm[0xffffffc4]2[0xffffffdf][0xffffffb5];[0xffffff9c][0xffffffd9][0xffffffae][0xffffffdd][0x11]}[0xffffffc1][0xffffffb5]jn[0xffffffec][0xffffffbc][0xffffffff][0x13])[0xffffffd7][0xffffffe2]sc[0xffffffd3]`nl[0xffffffc6][0x1][0xffffff9d]L[0xffffff9c][0xffffffb1][0xffffffb9][0xffffffb1][0xffffffb9][0xf][0xffffffe5][0xffffffa0][0xffffffae]5[0xffffff99][0x1b][0xffffff93]@2[0xffffffae]5[0xffffff98][0x1b][0xb]pf[0xffffffbb][0xfffffff6][0xfffffffa][0xffffffdc][0xffffffd8][0xffffffba][0xfffffffd]R[0xffffff83]k[0xffffffe7][0xfffffffd][0xffffffff]B[0xffffffae]};[0xf][0xffffffeb][0xffffffda][0xffffffc7][0x9]`[0xffffffd7]~?[0x3][0xffffffe2][0xffffffda][0xffffffc7][0xffffffd3][0x11][0xffffffd7]~{[0xffffffb2][0xffffff85]k[0x5][0xffffff8a][0xffffff88]k%[0xffffff90][0xffffff88]k[0x5][0xffffff96][0xffffffe9][0xffffffae][\r]p&[0xffffffbb]6 [0xfffffffa][0xffffff92]k[0xf]7[0xffffffd9][0x1e][0xffffffbc]m[0xf][0x7][0xffffffdd][0x1e][0xffffffac]o[0xf]N[0xffffffb8][0xffffff87][0xffffff95]q[0x3][0xffffff8f][0xffffff94]r[0x5][0xffffff95][0xffffff94]s[0x3][0xffffff9b][0xffffff84]t[0xf][0xffffffda][0xffffffba][0xffffffc7]Oh[0xfffffff7][0xfffffff1][0xffffff9a][0xffffffd6]I[0xffffffbb][0x5][0xffffffbe]l[0xfffffffb]~[0x4]^[0xffffffbb][0x5][0xffffffbc]n[0xfffffffb][0xfffffffe]xJ[0xffffffbb][0xffffffc5][0xffffffe7][0xffffffc2][0xffffffad][0xffffffe2][0xffffff91][0xffffffd2][0xffffffae][0xffffffa0][0xffffff92][0xffffffd2]n`[0xffffff93][0xffffffd0]nA/[0xffffffdd]FN_[0xffffffd2]n[0x1f]f[0xffffffda][0xffffffed][0x3][0xffffffd7][0xffffffee][0xfffffffd][0x8][0xffffffbc]v?[0xe]Ai[0xfffffff7][0xfffffffe]xJ[0xffffffbb][0xffffffef][0xffffff8f]v[0xffffffd1]n[0xffffffe0][0xffffff91][0xffffffd2][0xffffffae][0xffffffa0][0xffffff92][0xffffffd2]n`[0xffffff93][0xffffffd0][0xffffffee]Fh[0xffffffbe]v7N_[0xffffffd2][0xffffffee][0xffffffd9][0xffffffcd][0xffffffb4]{v\[0xffffffbb][0xfffffff7]#[0xfffffff0][0xffffffda][0xfffffffd]8[0x4][0xffffffa5][0xffffffdd][0xfffffffb][0xffffffe3])[0xffffffed][0xffffffbe]?[0xffffffda]E[0xffffffbb][0xffffff81]GJ[0xffffffbb][0xffffff82]JJ[0xffffffbb][0xffffff81]MB[0xffffffbb][0x1b][0xffffffa1][0xfffffff9][0xffffffda][0xffffffdd]8}I[0xffffffbb]+^Z`[0xffffffb5][0xffffffbb][0xffffffe0][[0xb][0xffffffef]G[0xffffffe0][0xffffffb5][0xfffffffb]q[0x8]J[0xffffffbb][0xb][0xffffffba][0xffffffb8][0xfffffff0][0xfffffffd][0xffffffd1].[0xffffffda][\r]<R[0xffffffda][0x15]TR[0xffffffda][\r]l[0x12][0xffffffda]][0xffffffe8][0xffffffed][0xffffff85][0xffffffc8][0xffffffe9]k[0xffffffda][0xffffff9d]n[0xffffffda][0xffffff9d][0xffffffbc]v[0xffffffa7][0xffffff83]v'[0xffffffab][0xffffffdd][0xffffffc9]iwZiw[0xffffffe7][0x11][0xffffffd3]n[0xffffffa4][0x12][0xffffffd3][0xffffffee][0xffffffce]&[0xffffffa2][0xffffffdd]Ikw^[0xffffffd7][0xffffffee]q+f[0xffffffde][0xffffffbd][0xffffff9f][0x8][0x17][0xffffffef][0xffffffdb][0x19]x[0xfffffff3]~;[0x5][0xffffffa5][0xffffffde][0xffffffb7][0xffffffe7]S[0xffffffee][0xfffffffd]x[0xffffffb6][0xffffff8b]|#[0xffffff94][0xffffff94]}[0x15][0xffffff9a][0xffffff94]~#[0xffffffa0][0xffffff84][0x7f]wL[0xfffffff3][0x5][0xffffffbc][0xffffffc3][0xfffffffa][0xffffff9a][0xffffff81]O[0xffffffb7][0x17][0xe][0xfffffff7][0x13][0xfffffff1][0x6][0xffffffbe][0xffffff9f][0xffffffc1][0xffffffc0][0xffffffc0][0x1f][0xffffffa7][0xffffffc0][0xc]|r/[0x1d]>[0xffffff9e]mc[0xffffffe0][0x0]%f`[0xffffff81]&f[0xffffffe0][0x0](b[0xffffffe0][0xffffff93]~[0xfffffff3][0xffffffb0][0xffffffc3][0xfffffffa][[0xc]<[0xffffffde][0xffffffff]Xm_[0xffffff98]g[0xffffffcd][0xfffffff7][0xffffffef][0xffffffe7]y([0xfffffffb]~9[0x1][0xffffffe6][0xffffffde][0xffffffed][0xc][0xffffffc9][0xffffffe6][0xfffffffd][0xfffffff2][0xfffffff4]d[0xffffffef][0xfffffffe][0xfffffffa][0xffffffc9][0xffffffb0]u[0xffffff9f][0xffffffa2][0xffffff98][0xffffffec][0xffffffdc][0x1f][0x0][0xffffff99]l[0xffffffdc][0xffffffa7]X&[0xfffffffa][0xfffffff6][0x9][0xffffff9c]i[0xffffffb6]}[0xffffff82][0xffffffe8][0xb][0xffffffae]U[0xffffff9b][0xffffffc9]W[0x1d][0xffffff85]r-[0xffffffb8][0xffffff99][0xfffffffc][0xffffffcb][0x9]h[0xffffffd7]B[0xffffff9b][0xffffffc9][0xffffffbf]<[0xffffff9d]q[0xffffffad][0xffffffc7]f[0xfffffff2][0xffffffa7](2[0xffffffae]5[0xffffffd8]L[0xfffffffe][0x14][0xffffffcb]|[0xffffffd7]b[0xffffff9b][0xffffffc9][0xffffff9f] [0xfffffffa][0xffffff82]k[0xffffff9b]r[0xffffffed][0xffffffe8][0xfffffff9][0xffffff9b][0xffffffc9]?[0xffffffcf][0x3][0xffffffbb][0xffffffb6][0x19][0xffffffb8][0xffffffb6][0x5][0xffffffa8]3qn[0xffffff98]k[0xffffff9b][0xffffff93]k#[0xffffff8a][0xffffff8c]k[0x15][0xffffff90][0xffffff8c]k#[0xffffff96][0xfffffff9][0xffffffae][0xffffffdd][0xffffffe1][0xffffffcc]v[0xffffffed][0xffffff8e][0xffffffe8][0xb][0xffffffae][0xffffffed][0xffffffca][0xffffffb5][0xffffffeb][0xffffffc0]\[0xffffffdb]q[0xffffffd7]v[0x3][0xffffffd7][0xfffffff6][0x0]u&[0xffffffce][0x1d]smwrmD[0xffffff91]q[0xffffffad][0x2][0xffffff92]qm[0xffffffc4]2[0xffffffdf][0xffffffb5];[0xffffff9c][0xffffffd9][0xffffffae][0xffffffdd][0x11]}[0xffffffc1][0xffffffb5]#[0xffffffba][0xffffffb6][0xffffffdf]n[0x3]s[0xffffffed][0xffffffc0]];[0xc]\;[0x2][0xffffffd4][0xffffff99]8[0xf][0xffffffcc][0xffffffb5][0xffffffc3][0xffffffc9][0xffffffb5][0x11]E[0xffffffc6][0xffffffb5][\n]"
19:31:00.534 [main] DEBUG org.apache.hc.client5.http.wire - http-outgoing-1 << "H[0xffffffc6][0xffffffb5][0x11][0xffffffcb]|[0xffffffd7][0xffffffee]pf[0xffffffbb]vG[0xfffffff4][0x5][0xffffffd7][0xffffff8a][0xffffffaf]@[0xffffffdc]][0xffffffbb][0xffffffb0][0xfffffff7][0xffffffb5][0xffffffe0]W [0xffffffbe][0xffffff9c][0xffffff80]v-[0xfffffff4][0x15][0xffffff88]/Og\[0xffffffeb][0xfffffff1][0x15][0xffffff88][0xffffffa7](2[0xffffffae]5[0xfffffff8][\n]"
19:31:00.534 [main] DEBUG org.apache.hc.client5.http.wire - http-outgoing-1 << "[0xffffffc4]S,[0xfffffff3]][0xffffff8b]}[0x5][0xffffffe2][0x9][0xffffffa2]/[0xffffffb8]v*[0xffffffd7][0x1e]G[0xfffffffe]W >[0xffffffcf][0x3][0xffffffbb]v[0x1a][0xffffffb8]v[0x6][0xffffffa8]3q[0xffffff9e][0xffffff98]k[0xffffffa7][0xffffff93]k#[0xffffff8a][0xffffff8c]k[0x15][0xffffff90][0xffffff8c]k#[0xffffff96][0xfffffff9][0xffffffae][0xffffffdd][0xffffffe1][0xffffffcc]v[0xffffffed][0xffffff8e][0xffffffe8][0xb][0xffffffae][0x15][0xffffff9b][0xffffffc9][0xffffffef][0xffffffae][0x5][0xffffffbe]n[0xfffffff6]y[0x1e][0xffffffd8][0xffffffb5][0xffffffe8]f[0xfffffff2][0xffffffed][0xc][0xffffff8c]k[0xffffff81][0xffffffcd][0xffffffe4][0xffffffbf]~[0xffffffb2][0xffffff87]k[0xfffffff1][0xffffffcd][0xffffffe4]?[0x0][0xffffff92]q-[0xffffffba][0xffffff99][0xfffffffc][0x9][0xffffff9c][0xffffffd9][0xffffffae][0xffffffbd][0xffffffb2][0xffffff99][0xfffffffc][0xfffffff1][0xffffffa7][0xfffffff3]vS[0xffffffae]-[0x15]r[0xffffffed][0xffffffe3]<[0xffffffa8]k[0xffffffdf]O[0xffffffc0][0xffffffba][0xfffffff6][0xfffffff3][0xc][0xffffff84]k[0xffffffdf][0xffffff9f]N[0xffffffb8][0xfffffff6][0xfffffffb][0xffffff93][0x1d]\[0xffffffab]P$\[0xffffffab][0xffffff81]$\[0xffffffab][0xffffffb0][0xffffffcc]vm[0xffffff84]3[0xffffffd7][0xffffffb5][0x11][0xffffffd1][0x17]\+f[0x19][0xfffffffa][0xffffffad]V[0xffffffe8][0x1d][0xffffffc2][0xffffffe3]<[0xffffffb0]k[0xfffffff9]Y[0xffffff86][0xffffffcf]30[0xffffffae][0xffffffa5]f[0x19][0xffffffbe]?[0xffffffd9][0xffffffc3][0xffffffb5][0x1e][0xffffffb3][0xc][0x1a]H[0xffffffc6][0xffffffb5][0xfffffffc],C[0xffffff84]3[0xffffffdb][0xffffffb5][0xffffff97]g[0x19][0xffffffe6][0xffffffad]([0xffffffd7][0xffffffb6]qR[0xffffffae]-[0xffffffb8]k[0xffffff8b][0xffffff81]kK[0xffffff80]:[0x13][0xffffffe7][0xffffff82][0xffffffb9][0xffffffb6]8[0xffffffb9]6[0xffffffa2][0xffffffc8][0xffffffb8]V[0x1][0xffffffc9][0xffffffb8]6b[0xffffff99][0xffffffef][0xffffffda][0x1d][0xffffffce]l[0xffffffd7][0xffffffee][0xffffff88][0xffffffbe][0xffffffe0][0xffffffda][0xfffffffa]K[0xffffffd8]R[0xffffffd3]o[0xffffffab]`[0xffffffae][0xffffffbd][0xffffff9f][0x7]v[0xffffffed][0xffffffdb][0x9]h[0xffffffd7]~;[0x3][0xffffffe3][0xffffffda][0xffffffb7][0xffffffa7]3[0xffffffae][0xfffffffd]x[0xffffffb2][0xffffff87]k#[0xffffff8a][0xffffff8c]k[0x15][0xffffff90][0xffffff8c]k#[0xffffff96][0xfffffff9][0xffffffae][0xffffffdd][0xffffffe1][0xffffffcc]v[0xffffffed][0xffffff8e][0xffffffe8][0xb][0xffffffae][0x15]sc[0xfffffffd]8*[0xffffffe6]Zzn[0xffffffec][0xfffffffd][0x4][0xffffffb4]k[0xffffffc9][0xffffffb9][0xffffffb1][0xfffffff7][0xffffffa7]3[0xffffffae]5[0xffffff9a][0x1b]S(2[0xffffffae]u[0xffffff99][0x1b]SX[0xffffffe6][0xffffffbb][0xffffff96][0xffffff9d][0x1b][0xffffff8b][0xffffff88][0xffffffbe][0xffffffe0]Z17[0xffffffd6][0xffffff8f][0xffffffd6]'[0xffffffe5]Zzn[0xffffffec][0xfffffffd][0x4][0xffffffb4]k[0xffffffc9][0xffffffb9][0xffffffb1][0xfffffff7][0xffffffa7]3[0xffffffae]5[0xffffff9a][0x1b]S(2[0xffffffae]u[0xffffff99][0x1b]SX[0xffffffe6][0xffffffbb][0xffffff96][0xffffff9d][0x1b][0xffffff8b][0xffffff88][0xffffffbe][0xffffffe0][0xffffffda][0xffffffa1]\{6[0xffffffac]k[0x7][0xffffffee][0xffffffda]a[0xffffffe0][0xffffffda][0x11][0xffffffa0][0xffffffce][0xffffffc4]y`[0xffffffae][0x1d]N[0xffffffae][0xffffff8d](2[0xffffffae]U@2[0xffffffae][0xffffff8d]X[0xffffffe6][0xffffffbb]v[0xffffff87]3[0xffffffdb][0xffffffb5];[0xffffffa2]/[0xffffffb8]V[0xffffffcd][0xffffff8d][0xffffff95][0xffffffe3][0xffffffc4]\K[0xffffffcf][0xffffff8d][0xffffffbd][0xffffff9f][0xffffff80]v-97[0xfffffff6][0xfffffffe]t[0xffffffc6][0xffffffb5]Fsc[\n]"
19:31:00.534 [main] DEBUG org.apache.hc.client5.http.wire - http-outgoing-1 << "E[0xffffffc6][0xffffffb5].sc[\n]"
19:31:00.534 [main] DEBUG org.apache.hc.client5.http.wire - http-outgoing-1 << "[0xffffffcb]|[0xffffffd7][0xffffffb2]sc[0x11][0xffffffd1][0x17]\[0xffffffab][0xffffffe6][0xffffffc6]J[0xffffffbb]a[0xffffffef][0x10][0xffffffe8][0xffffffb9][0xffffffb1][0xfffffff7][0x13][0xffffffd0][0xffffffae]%[0xffffffe7][0xffffffc6][0xffffffde][0xffffff9f][0xffffffce][0xffffffb8][0xffffffd6]hnL[0xffffffa1][0xffffffc8][0xffffffb8][0xffffffd6]enLa[0xffffff99][0xffffffef]Zvn,"[0xfffffffa][0xffffff92]k[0xffffffe3]=[0x4][0xffffffd6][0xffffffb5][0xfffffff4]=[0xffffff84]ip[0xf]a[0xffffff86][0x1f]|sq[0xffffffa6][0xffffffee]!L[0xffffffa7]{[0x8][0x11]E[0xffffffca][0xffffffb5].[0xfffffff7][0x10]"[0xffffff96][0xffffff84]k[0xffffffd9]{[0x8];[0xffffffa2]/[0xffffffb8]V[0xffffffcd][0xffffffe8][0xffffff96][0xfffffff3][0xffffffc4]f[0x19][0xffffffe8][0x19][0xffffffdd][0xfffffff7][0x13][0xffffffd0][0xffffffae]%gt[0xffffffdf][0xffffff9f][0xffffffce][0xffffffb8][0xffffffd6]hFW[0xffffffa1][0xffffffc8][0xffffffb8][0xffffffd6]eFWa[0xffffff99][0xffffffef]ZvF7"[0xfffffffa][0xffffff92]kE[0xffffffd7][0xffffffa2][0xffffffae][0xffffffa5][0xffffffbb]v[0x19]t[0xffffffed][\n]"
19:31:00.535 [main] DEBUG org.apache.hc.client5.http.wire - http-outgoing-1 << "[0x1][0xffffff91][0xffffff8b]3[0xffffffd5][0xffffffb5][0xffffffcb][0xffffffa9]k#[0xffffff8a][0xffffff94]k][0xffffffba]6bI[0xffffffb8][0xffffff96][0xffffffed][0xffffffda][0x1d][0xffffffd1][0xffffffdf][0xffffffee][0xffffffda]C[0xffffffed]C([0xffffffeb]8 [0xffffffd7][0x1e][0xfffffff8]>[0xffffff84][0xffffffc3]`[0x1f][0xffffffc2][0x11][0x7][0xffffffcf][0x13]q>[0xffffffb0]}[0x8][0xffffffc7]>lN[0xffffffba]V[0xffffffa0][0xffffff88][0xffffffb8]V[0x2][0xffffff89][0xffffffb8]V`[0xffffff99][0xffffffee][0xffffffda][0x0]g[0xffffffb2]k[0x3][0xffffffa2]/[0xffffffb8]V[0xffffffcd][0xffffffe8][0xffffff96]5[0xb][0xffffffe5]Z|F[0xfffffff7]0[0xffffff98][0xffffffd1]=[0xffffffe2]0d&[0xffffffce][0xffffffd8][0xffffff8c][0xffffffee][0xffffffb1][0xf]@[0xffffffa2][0xffffffae]5[0xffffff99][0xffffffd1][0xffffff95]@2[0xffffffae]5[0xffffff98][0xffffffd1][\r]pf[0xffffffbb][0xfffffff6][0xfffffffa][0xffffff8c][0xffffffee][0xffffffa1]f[0x19]j[0xffffffbf]u[0xffffffca][0xffffffb5][0xfffffff8],[0xffffffc3]a0[0xffffffcb]p[0xffffffc4]K[0xffffffe3][0xffffff99]8c[0xffffffb3][0xc][0xffffffc7]~Q[0x1c]u[0xffffffad][0xffffffc9],[0xffffff83][0x4][0xffffff92]q[0xffffffad][0xffffffc1],C[0xffffff80]3[0xffffffdb][0xffffffb5][0xffffffd7]g[0x19][0xffffffde][0xfffffffe][0xffffff9f][0xffffffe8][0xffffffda]sb[0xffffffef][0x10][0x6][0xffffffee][0xffffffda]a[0xffffffe0][0xffffffda][0x11][0xffffffa0][0xffffffce][0xffffffc4]y`[0xffffffae][0x1d]N[0xffffffae][0xffffff8d](2[0xffffffae]U@2[0xffffffae][0xffffff8d]X[0xffffffe6][0xffffffbb]v[0xffffff87]3[0xffffffdb][0xffffffb5];[0xffffffa2]/[0xffffffb8]V[0xffffffcd]2[0xffffffb4][0xffffffa3]a[0xffffffef][0x10][0xfffffff0]Y[0xffffff86][0xffffffc3]`[0xffffff96][0xffffffe1][0xffffff88][0xffffff97][0xffffffc6]3q[0xffffffc6]f[0x19][0xffffff8e][0xfffffffd][0xffffffa2]8[0xffffffea]Z[0xffffff93]Y[0x6][0x9]$[0xffffffe3]Z[0xffffff83]Y[0xffffff86][0x0]g[0xffffffb6]k[0xffffffaf][0xffffffcf]2[0x1c]j[0xffffff96][0xffffffa1][0xffffffd5][0xffffff86]u->[0xffffffcb]p[0x18][0xffffffcc]2[0x1c][0xfffffff1][0xffffffd2]x&[0xffffffce][0xffffffd8],[0xffffffc3][0xffffffb1]_[0x14]G]k2[0xffffffcb] [0xffffff81]d\k0[0xffffffcb][0x10][0xffffffe0][0xffffffcc]v[0xffffffed][0xfffffff5]Y[0xffffff86][0xffffffa2][0xffffffde][0xffffffd7][0xfffffff6][0xffffffd5][0xffffffa0][0xffffffef][0xffffffe8]>[0xffffffce][0xffffffc3][0xffffffba][0xffffffb6][0x18][0xffffffbc][0xffffffaf]-[0xfffffff1][0xffffffc5]X"[0xffffffce][0x5]{_[[0xfffffff6][0xffffff97]a[0xffffffa4]k[0x5][0xffffff8a][0xffffff88]k%[0xffffff90][0xffffff88]k[0x5][0xffffff96][0xffffffe9][0xffffffae][\r]p&[0xffffffbb]6 [0xfffffffa][0xffffff82]k[0xffffffd5];[0xffffff84]q[0xffffffa3][0xffffffbe][0xffffffed][0xfffffff8]8[0xf][0xffffffec]Z[0xffffff83]w[0x8]%[0xfffffffe][0xffffffcb]Z&[0xffffffce][0xffffffd8];[0xffffff84][0xffffffb2][0xffffffff][0xb][0x1a][0xffffffea]Z[0xffffff93]w[0x8][0x12]H[0xffffffc6][0xffffffb5][0x6][0xffffffef][0x10][0x2][0xffffff9c][0xffffffd9][0xffffffae][0xffffffbd][0xfffffffe][0xe][0xffffffa1][0xffffffa8]w[0x8][0xffffffe3][0xffffffc0][0xffffffbe]7V[0xfffffff0]w[0x8][0xffffffc5][0xffffffe0][0x1d]B[0xffffff89][0xffffffff][0xffffffb2][0xffffff96][0xffffff89]3[0xfffffff6][0xe][0xffffffa1][0xffffffec][0xffffffff][0xffffff82][0xffffff86][0xffffffba][0xffffffd6][0xffffffe4][0x1d][0xffffff82][0x4][0xffffff92]q[0xffffffad][0xffffffc1];[0xffffff84][0x0]g[0xffffffb6]k[0x7f][0xffffffe2][0x1d][0xffffff82][0xffffff9a][0xffffffd1][0x1d][0xffffffed]l[0xffffff94]k[0xfffffff1][0x19][0xffffffdd]b0[0xffffffa3][[0xffffffe2]0d&[0xffffffce][0xffffffd8][0xffffff8c]n[0xffffffd9][0x7] Q[0xffffffd7][0xffffff9a][0xffffffcc][0xffffffe8]J [0x19][0xffffffd7][0x1a][0xffffffcc][0xffffffe8][0x6]8[0xffffffb3]]{}F[0xffffffb7][0xffffffaa]Y[0xffffff86][0xffffffb3]u[0xffffffca][0xffffffb5][0x15][0xffffff9f]e[0xffffffa8][0x6][0xffffffb3][0xc]5^[0x1a]O[0xffffffc4][0xffffffb9]b[0xffffffb3][0xc]u[0xffffffbf](N[0xffffffba]V[0xffffffa0][0xffffff88][0xffffffb8]V[0x2][0xffffff89][0xffffffb8]V`[0xffffff99][0xffffffee][0xffffffda][0x0]g[0xffffffb2]k[0x3][0xffffffa2]/[0xffffffb8]V[0xfffffffd]66[0xffffffdb]I[0xffffffbd]C[0xffffffa8][0xfffffff8]oc[0xffffffd5][0xffffffe0][0xffffffb7][0xffffffb1][0x1a][0x7f][0xffffff84][0xffffffc8][0xffffffc4][0x19][0xfffffffb]m[0xffffffac][0xffffffee]?<[0xffffffa0][0xffffffae]5[0xfffffff9]mL[0x2][0xffffffc9][0xffffffb8][0xffffffd6][0xffffffe0][0xffffffb7][0xffffffb1][0x0]g[0xffffffb6]k[0xffffffaf][0xffffffff]6V[0xffffffd5];[0xffffff84]U+[0xffffffb5]S[0xffffffb1][0xffffffe2][0xffffffef][0x10][0xffffffaa][0xffffffc1];[0xffffff84][0x1a][0xffffffff]e-[0x13]g[0xffffffec][0x1d]B[0xffffffdd][0xffffffff][0x5][\r]u[0xffffffad][0xffffffc9];[0x4][0x9]$[0xffffffe3]Z[0xffffff83]w[0x8][0x1][0xffffffce]l[0xffffffd7]^[0x7f][0xffffff87][0xffffffd0][0xffffffd4][0xffffffee][0xffffff99]U[0xffffffb1][0xffffffb9][0xffffffb1][0xffffff86][0xffffffef][0xffffff9e]i[0x6][0xffffffbb]gZ\[0xfffffff2][0xffffff91][0xffffff88]s[0xffffffc3]v[0xffffffcf][0xffffffb4]}[0xffffffb1][0x7][0xffffffe9]Z[0xffffff81]"[0xffffffe2]Z[0x9]$[0xffffffe2]Z[0xffffff81]e[0xffffffba]k[0x3][0xffffff9c][0xffffffc9][0xffffffae][\r][0xffffff88][0xffffffbe][0xffffffe0][0xffffffda]C[0xffffffb9][0xffffffb6][0x1d][0xffffffd4]7p[0xffffffde][0xffffffce][0x3][0xffffffbb][0xfffffff6]0p[0xffffffed][0x11][0xffffffa0][0xffffffce][0xffffffc4][0xfffffff9][0xffffffc0]\{8[0xffffffb9]6[0xffffffa2][0xffffffc8][0xffffffb8]V[0x1][0xffffffc9][0xffffffb8]6b[0xffffff99][0xffffffef][0xffffffda][0x1d][0xffffffce]l[0xffffffd7][0xffffffee][0xffffff88][0xffffffbe][0xffffffe0]Z[0xfffffff5][0xffffffdb][0xffffffd8][0xffffffea][0xffffff95][0xffffffba]_[0xffffffdb][0xfffffff0][0xffffffdf][0xffffffc6][0xffffff9a][0xffffffc1]oc-[0xfffffffe][0x8][0xffffff91][0xffffff89]3[0xfffffff6][0xffffffdb]X[0xffffffdb][0x7f]x@]k[0xfffffff2][0xffffffdb][0xffffff98][0x4][0xffffff92]q[0xffffffad][0xffffffc1]oc[0x1][0xffffffce]l[0xffffffd7]^[0xffffffff]m[0xffffffac]U[0xffffffe5][0xffffffda][0x13][0xffffffdb][0xffffff87][0xfffffff0]v[0x1e][0xffffffd8][0xffffffb5][0xffffffd5][0xffffffc0][0xffffffb5]5@[0xffffff9d][0xffffff89]s[0xffffffc5]\[[0xffffff9d]\[0x1b]Qd\[0xffffffab][0xffffff80]d\[0x1b][0xffffffb1][0xffffffcc]w[0xffffffed][0xe]g[0xffffffb6]kwD_pmS[0xffffffae]][\r][0xffffffeb][0xffffffda][0xffffff86][0xffffffbb][0xffffffb6][0x19][0xffffffb8][0xffffffb6][0x5][0xffffffa8]3qn[0xffffff98]k[0xffffff9b][0xffffff93]k#[0xffffff8a][0xffffff8c]k[0x15][0xffffff90][0xffffff8c]k#[0xffffff96][0xfffffff9][0xffffffae][0xffffffdd][0xffffffe1][0xffffffcc]v[0xffffffed][0xffffff8e][0xffffffe8][0xb][0xffffffae][0x15]w[0xffffffbe][0xffffffc6][0xffffffad][0x16][0xffffffec][0xffffffb7]1[0xfffffffc][0xffffffce]W3[0xffffffb8][0xfffffff3][0xffffffd5][0xffffffe2][0xffffffe5][0xffffff9a]L[0xffffff9c][0xffffffb1];_m[0xffffffbf]P[0xffffff83][0xffffffba][0xffffffd6][0xffffffe4][0xffffffce][0xffffff97][0x4][0xffffff92]q[0xffffffad][0xffffffc1][0xffffff9d][0xffffffaf][0x0]g[0xffffffb6]k[0xffffffaf][0xffffffdf][0xfffffff9][0xffffffba][0xffffffff]i1s-[0xfffffffc][0xffffffbd][0xffffffb1][0xffffffc7][0x9]x[0xffffffd7][0xffffff82][0xffffffdf][0x1b]{<[0xffffff9d]r[0xffffffad][0xffffffcf][0xfffffff7][0xffffffc6][0x4][0xffffff8a][0xffffff94]kM[0xffffffbe]7&[0xffffffb0]$\[0xffffff8b]~o, [0xfffffffa][0xffffff92]k[0xffffffab][0xffffff99]k+[0xffffffee][0xffffffda]j[0xffffffe0][0xffffffda][0xffffff8a][0xffffffba][0xffffffb6]b[0xffffffae][0xffffffad]N[0xffffffae][0xffffffdd]Q[0xffffffa4]\[0x1b][0xffffff81][0xffffffa4]\[0xffffffbb]cI[0xffffffb8][0xffffffb6][0xffffffc2][0xffffffae][0xffffffad][0xffffffd7]][0xffffffdb][0xffffffcc]\[0xffffffdb]p[0xffffffd7]6[0x3][0xffffffd7]6[0xffffffd4][0xffffffb5][\r]smsr[0xffffffed][0xffffff8e]"[0xffffffe5][0xffffffda][0x8]$[0xffffffe5][0xffffffda][0x1d]K[0xffffffc2][0xffffffb5][\r]vm[0xffffffbb][0xffffffee][0xffffffda][0xffffffc3]M[0xffffffb6][0x7]o[0xffffffdb][0xffffffc3]A[0xffffffb7][0x7][0xffffffeb][0xffffffdb][0xffffff83][0x13][0xffffffee]ae[0xffffffdc][0xffffffc0]#[0xffffffa5]\A%[0xffffffe5][0xffffffdc][0xffffffc0]&![0xffffffdd][0xffffff83][0xffffffb6][0xffffffee][0xfffffff1][0x13][0xffffffda][0xffffffad]n[0xffffffef]n+[0xffffffff][0xfffffff2][0xffffffb6]:[0xffffffbc][0xffffffbd][0xffffffad][0xffffffec][0xffffffeb][0xffffffdb][0xffffffca][0xffffffbd][0xffffffbf][0xffffffad]V/p[0x3][0xffffff8f][0xffffff94]v[0x5][0xffffff95][0xffffff94]v[0x3][0xffffff9b][0xffffff84]v+[0xfffffffd][0x12][0xffffffb7][0xfffffffe][0xffffffc4][[0xffffffdc][0xffffffe6][0xffffffa6][0xffffffdd][0xffffffc6]k[0xffffffb7]9h[0xffffffb7][0xffffffb1][0xffffffda]m[0xffffff9c]v[0xffffff9b][0xffffff95]v[0x3][0xffffff8f][0xffffff94]v[0x5][0xffffff95][0xffffff94]v[0x3][0xffffff9b][0xffffff84]v[0x1b][0xffffffad][0xffffffdd][0xfffffff6]3[0xffffffda]]n[0xffffffda]][0xffffffbc]v[0xffffff97][0xffffff83]v[0x17][0xffffffab][0xffffffdd][0xffffffc5]iwYiw[0xffffffe7][0x11][0xffffffd3]n[0xffffffa4][0x12][0xffffffd3][0xffffffee][0xffffffce]&[0xffffffa2][0xffffffdd]Ekw][0xffffffd7][0xffffffee]p[0xffffffab][0xffffffdd][0xffffffc1][0xffffffd7][0xffffffee]p[0xffffffa8][0xffffffdd][0xffffffc1][0xffffffd6][0xffffffee][0xffffffe0]jwX[0xffffffd5]n[0xffffffe0][0xffffff91][0xffffffd2][0xffffffae][0xffffffa0][0xffffff92][0xffffffd2]n`[0xffffff93][0xffffffd0][0xffffffee][0xffffffa0]kw[0xfffffffc]D[0xffffffed]N7[0xffffffed]N^[0xffffffbb][0xffffffd3]A[0xffffffbb][0xffffff93][0xffffffd5][0xffffffee][0xffffffe4][0xffffffb4];[0xffffffad][0xffffffb4][0x1b]x[0xffffffa4][0xffffffb4]+[0xffffffa8][0xffffffa4][0xffffffb4][0x1b][0xffffffd8]$[0xffffffb4];i[0xffffffed][0xffffffce][0xffffff9f][0xffffffd0][0xffffffee][0x1a]f[0xffffffda]][0x3][0xffffffd7][0xffffffee][0xfffffffd][0x8][0xffffffbc]v?[0xe]Ai[0xfffffff7][0xfffffffe]xJ[0xffffffbb][0xffffffef][0xffffff8f]v[0xffffffd1]n[0xffffffe0][0xffffff91][0xffffffd2][0xffffffae][0xffffffa0][0xffffff92][0xffffffd2]n`[0xffffff93][0xffffffd0][0xffffffee]Fh[0xffffffbe]v7N[0x7f][0xffffff8b]v[0xffffffcf][0xfffffff7][0xffffffbf][0x1d]j[0xffffffe0]w[0xffffff95][0xffffff96]n[0xffffffdd][0xffffffcf][0xfffffff3]P[0xffffffd2][0xfffffffd]r[0x2][0xffffffcc][0xffffffb9][0xffffffdb][0x19][0xffffff92][0xffffff95][0xfffffffb][0xffffffe5][0xffffffe9][0xffffffc9][0xffffffc6][0xfffffffd][0xfffffff5][0xffffff93]a[0xffffffe1]>E1[0xffffffd9][0xffffffb7]?[0x0]2Y[0xffffffb7]O[0xffffffb1]L[0xffffffb4][0xffffffed][0x13]8[0xffffffd3]d[0xfffffffb][0x4][0xffffffd1][0x17]\+>[0xffffff80]>[0xffffff8e][0x3]X[0xffffffd0][0xfffffff8]y[0x1e][0xffffffd8][0xffffffb5][0xffffffe8][0x7][0xffffffd0][0xffffffb7]30[0xffffffae][0x5]>[0xffffff80][0xfffffffe][0xffffffeb]'{[0xffffffb8][0x16][0xffffffff][0x0][0xfffffffa][0xf][0xffffff80]d\[0xffffff8b]~[0x0][0xfffffffd][0x9][0xffffff9c][0xffffffd9][0xffffffae][0xffffffdd][0x11]}[0xffffffc1][0xffffffb5]S,W8Z[0xffffffc9][0xffffffff][0xffffffa0][0xffffffce][0xffffffe7]y`[0xffffffd7]Nr[0xffffffb9][0xffffffc2]v[0x6][0xffffffc6][0xffffffb5]3[0x7f][0xffffffb9][0xffffffc2][0xffffffaf][0xffffff9f][0xffffffec][0xffffffe1][0xffffffda][0xffffff88]"[0xffffffe3]Z[0x5]$[0xffffffe3][0xffffffda][0xffffff88]e[0xffffffbe]kw8[0xffffffb3]][0xffffffbb]#[0xfffffffa][0xffffff82]k[0xffffff97]r[0xffffffed]8[0xfffffff3]?[0xfffffff2][0xfffffff0]y[0x1e][0xffffffd8][0xffffffb5][0xffffffcb][0xffffffc0][0xffffffb5]+@[0xffffff9d][0xffffff89][0xfffffff3][0xffffffc2]\[0xffffffbb][0xffffff9c]\[0x1b]Qd\[0xffffffab][0xffffff80]d\[0x1b][0xffffffb1][0xffffffcc]w[0xffffffed][0xe]g[0xffffffb6]kwD[0x7f][0xffffffbb]k[0xffffffbb][0xfffffff8][0xffffffa0][0xffffffce]([0xffffffb7][0xffffff95][0xffffffff]+[0xffffffd9][0xffffffe7]yX[0xffffffd7]v[0xfffffff4][0xffffff83]:[0xffffffdb][0x19][0x10][0xffffffd7]v[0xffffffe0][0xffffff83]:[0xffffffbf]~[0xffffffb2][0xffffff85]k[0x5][0xffffff8a][0xffffff88]k%[0xffffff90][0xffffff88]k[0x5][0xffffff96][0xffffffe9][0xffffffae][\r]p&[0xffffffbb]6 [0xfffffffa][0xffffff82]k[0xffffffc5]G[0x1e]F9[0x6][0xfffffff5][0xffffffbe][0xffffffb6][0xffffff83][0x1f]y[0xfffffff8]r[0x2][0xffffffda][0xffffffb5][0xffffffd0]G[0x1e][0xffffffbe]<[0xffffff9d]q[0xffffffad][0xffffffc7]G[0x1e][0xffffff9e][0xffffffa2][0xffffffc8][0xffffffb8][0xffffffd6][0xffffffe0]#[0xf]O[0xffffffb1][0xffffffcc]w-[0xfffffff6][0xffffff91][0xffffff87]'[0xffffff88][0xffffffbe][0xffffffe0]Z[0xfffffff1][0xffffff91][0xffffff87]Q[0xffffffca][0xffffffad]R[0xffffffae][0x5]?[0xfffffff2][0xfffffff0][0xffffffe5][0x4][0xffffffb4]k[0xffffffa1][0xffffff8f]<|y:[0xffffffe3]Z[0xffffff8f][0xffffff8f]<<E[0xffffff91]q[0xffffffad][0xffffffc1]G[0x1e][0xffffff9e]b[0xffffff99][0xffffffef]Z[0xffffffec]#[0xf]O[0x10]}[0xffffffc1][0xffffffb5][0xffffffea]#[0xf][0xffffffa5][0xffffffde][0xffffffb0][0xffffffae][0x5]?[0xfffffff2][0xfffffff0][0xffffffe5][0x4][0xffffffb4]k[0xffffffa1][0xffffff8f]<|y:[0xffffffe3]Z[0xffffff8f][0xffffff8f]<<E[0xffffff91]q[0xffffffad][0xffffffc1]G[0x1e][0xffffff9e]b[0xffffff99][0xffffffef]Z[0xffffffec]#[0xf]O[0x10]}[0xffffffc1][0xffffffb5][0xffffffa7]r[0xffffffed][0x1c][0xffffff9d]r[0xffffffed][0xffffff89][0xffffffbb][0xfffffff6]4p[0xffffffed][0x19][0xffffffa0][0xffffffce][0xffffffc4][0xfffffff9][0xffffffc4]\{:[0xffffffb9]6[0xffffffa2][0xffffffc8][0xffffffb8]V[0x1][0xffffffc9][0xffffffb8]6b[0xffffff99][0xffffffef][0xffffffda][0x1d][0xffffffce]l[0xffffffd7][0xffffffee][0xffffff88][0xffffffbe][0xffffffe4][0xffffffda]x[0xf][0xffffff81]u-|[0xf][0xffffffe1]q[0x2][0xffffffde][0xffffffb5][0xffffffe0]=[0xffffff84][0xffffffc7][0xffffffd3])[0xffffffd7][0xfffffffa][0xffffffdc]C[0x10](R[0xffffffae]5[0xffffffb9][0xffffff87] [0xffffffb0]$\[0xffffff8b][0xffffffde]C[0x8][0xffffff88][0xffffffbe][0xffffffe0][0xffffffda])[0xffffffba][0xffffffb6][0xffffff96][0x13]{_;[0xfffffff1][0xffffffae][0xffffff9d][0x6]];C@d[0xffffffe2]<[0xffffffb1][0xffffffae][0xffffff9d]N][0x1b]Qd\[0xffffffab][0xffffff80]d\[0x1b][0xffffffb1][0xffffffcc]w[0xffffffed][0xe]g[0xffffffb6]kwD_p[0xffffffed]R[0xffffffae]mg[0xffffffa1]\[0xffffffbb]p[0xffffffd7].[0x3][0xffffffd7][0xffffffae][0x0]u&[0xffffffce][0xb]s[0xffffffed]rrmD[0xffffff91]q[0xffffffad][0x2][0xffffff92]qm[0xffffffc4]2[0xffffffdf][0xffffffb5];[0xffffff9c][0xffffffd9][0xffffffae][0xffffffdd][0x11][0xfffffffd][0xffffffed][0xffffffae][0x1d]7[0xfffffff1][0xe][0xffffffa1][0xffffff9e][0xffffffd8][0xffffffdc][0xffffffd8][0xffffffdb]yX[0xffffffd7]>N[0x0][0xffffffbb][0xfffffff6][0xfffffffb][0x19][0x10][0xffffffd7]>[0xffffff9e][0xffffff8e][0xffffffb8][0xfffffff6][0xffffffdb][0xffffff93]-\+PD\+[0xffffff81]D\+[0xffffffb0]Lwm[0xffffff80]3[0xffffffd9][0xffffffb5][0x1][0xffffffd1][0x17]\[0xffffffab][0xffffffee][0xffffffd7][0xffffffb6][0xffffff8e]u[0xffffffed][0xffffffc0][0xffffffef][0xffffffd7][0xe][0xffffff83][0xfffffffb][0xffffffb5]#^d[0xffffffcc][0xffffffc4][0x19][0xffffffbb]_;[0xfffffff6][0xffffffcb][0xffffff8b][0xffffffa8]kM[0xffffffee][0xffffffd7]J [0x19][0xffffffd7][0x1a][0xffffffdc][0xffffffaf][\r]pf[0xffffffbb][0xfffffff6][0xfffffffa][0xfffffffd][0xffffffda][0xffffffa1][0xffffffee][0xffffffd7][0xffffffb6]U0[0xffffffd7][0xffffffe2][0xfffffff7]k[0xffffff87][0xffffffc1][0xfffffffd][0xffffffda][0x11]/2f[0xffffffe2][0xffffff8c][0xffffffdd][0xffffffaf][0x1d][0xfffffffb][0xffffffe5]E[0xffffffd4][0xffffffb5]&[0xfffffff7]k%[0xffffff90][0xffffff8c]k[\r][0xffffffee][0xffffffd7][0x6]8[0xffffffb3]]{[0xfffffffd]~[0xffffffed]P[0xfffffff7]k[0xfffffffb][0xffffffad][0xe][0xffffffca][0xffffffb5][0xfffffff8][0xfffffffd][0xffffffda]ap[0xffffffbf]v[0xffffffc4][0xffffff8b][0xffffff8c][0xffffff99]8c[0xfffffff7]k[0xffffffc7]~y[0x11]u[0xffffffad][0xffffffc9][0xfffffffd]Z[0x9]$[0xffffffe3]Z[0xffffff83][0xfffffffb][0xffffffb5][0x1][0xffffffce]l[0xffffffd7]^[0xffffffbf]_;[0xffffffd4][0xfffffffe][0xffffffda]~[0xffffff9b][0xffffffd4]>[0xffffff84][0xffffff81][0xffffffef][0xffffffaf][0x1d][0x6][0xfffffffb]kG\[0x14][0xffffff9a][0xffffff89]3[0xffffffb6][0xffffffbf]v[0xffffffec][0xffffffcb]AQ[0xffffffd7][0xffffff9a][0xffffffec][0xffffffaf][0xffffff95]@2[0xffffffae]5[0xffffffd8]_[0x1b][0xffffffe0][0xffffffcc]v[0xffffffed][0xfffffff5][0xfffffffd][0xffffffb5][0xffffffe3]T[0xffffffae]=n[0xffffffd4][0xffffff9e][0xffffffaf][0xffffffb7][0xfffffff3][0xffffffc0][0xffffffae]=[\r]\{[0x6][0xffffffa8]3q>1[0xffffffd7][0xffffff9e]N[0xffffffae][0xffffff8d](2[0xffffffae]U@2[0xffffffae][0xffffff8d]X[0xffffffe6][0xffffffbb]v[0xffffff87]3[0xffffffdb][0xffffffb5];[0xffffffa2]/[0xffffffb8]V[0xffffffdd][0xfffffff9][0xffffffea][0xffffffa5]c[0xffffffef][0x10][0xfffffff0];_[0xffffffc3][0xffffffe0][0xffffffce][0xffffffd7][0xffffff88][0xffffff97]k2q[0xffffffc6][0xffffffee]|[0xffffff8d][0xfffffffd]B[\r][0xffffffea]Z[0xffffff93];_[0x12]H[0xffffffc6][0xffffffb5][0x6]w[0xffffffbe][0x2][0xffffff9c][0xffffffd9][0xffffffae][0xffffffbd]~[0xffffffe7][0xffffffeb][0xffffffbc])[0xffffffd7]6l[0x1f][0xffffffc2][0xffffffdb]yX[0xffffffd7]>N[0x0][0xffffffbb][0xfffffff6][0xfffffffb][0x19][0x10][0xffffffd7]>[0xffffff9e][0xffffff8e][0xffffffb8][0xfffffff6][0xffffffdb][0xffffff93]-\+PD\+[0xffffff81]D\+[0xffffffb0]Lwm[0xffffff80]3[0xffffffd9][0xffffffb5][0x1][0xffffffd1][0x17]\[0xffffffab][0xfffffff6][0xffffffd7][0xfffffff6]^[0xffffffa9][0xffffffb9][0xffffffb1][0x13][0xffffffdf]_{[0x1a][0xffffffec][0xffffffaf]=[0xffffffe3][0xffffffa2][0xffffffd0]L[0xffffff9c][0xffffffb1][0xfffffffd][0xffffffb5][0xffffffe7][0xffffffbe][0x1c][0x14]u[0xffffffad][0xffffffc9][0xfffffffe]Z[0x9]$[0xffffffe3]Z[0xffffff83][0xfffffffd][0xffffffb5][0x1][0xffffffce]l[0xffffffd7]^[0xffffffdf]_{[0x16][0xffffffe5][0xffffffda][0xfffffff3]F[0xfffffffd]6[0xfffffff6]v[0x1e][0xffffffd8][0xffffffb5][0xffffffc5][0xffffffc0][0xffffffb5]%@[0xffffff9d][0xffffff89]s[0xffffffc1]\[[0xffffff9c]\[0x1b]Qd\[0xffffffab][0xffffff80]d\[0x1b][0xffffffb1][0xffffffcc]w[0xffffffed][0xe]g[0xffffffb6]kwD_p[0xffffffad][0xffffff9a]e[0xffffffe8]s`][0xffffff8b][0xffffffcf]2[0xffffff9c][0x6][0xffffffb3][0xc]g[0xffffffbc]4[0xffffff9e][0xffffff89]36[0xffffffcb]p[0xffffffee][0x17][0xffffffc5]Q[0xffffffd7][0xffffff9a][0xffffffcc]2H [0x19][0xffffffd7][0x1a][0xffffffcc]2[0x4]8[0xffffffb3]]{}[0xffffff96][0xffffffe1]T[0xffffffb3][0xc][0xffffffa3][0xffffffb4][0x1b][0xffffffe5]Z|[0xffffff96][0xffffffe1]4[0xffffff98]e8[0xffffffe3][0xffffffa5][0xfffffff1]L[0xffffff9c][0xffffffb1]Y[0xffffff86]s[0xffffffbf]([0xffffff8e][0xffffffba][0xffffffd6]d[0xffffff96]A[0x2][0xffffffc9][0xffffffb8][0xffffffd6]`[0xffffff96]![0xffffffc0][0xffffff99][0xffffffed][0xffffffda][0xffffffeb][0xffffffb3][0xc][0xffffffa7][0xffffff9a]e[0x18]uR[0xfffffffb][0x10]N|[0xffffff96][0xffffffe1]4[0xffffff98]e8[0xffffffe3][0xffffffa5][0xfffffff1]L[0xffffff9c][0xffffffb1]Y[0xffffff86]s[0xffffffbf]([0xffffff8e][0xffffffba][0xffffffd6]d[0xffffff96]A[0x2][0xffffffc9][0xffffffb8][0xffffffd6]`[0xffffff96]![0xffffffc0][0xffffff99][0xffffffed][0xffffffda][0xffffffeb][0xffffffb3][0xc][0xffffffa7][0xffffff9a]e[0x18]g[0xffffffa7][0xffffffee][0xffffffd7][0xffffff9e][0xfffffff8],[0xffffffc3]i0[0xffffffcb]p[0xffffffc6]K[0xffffffe3][0xffffff99]8c[0xffffffb3][0xc][0xffffffe7]~Q[0x1c]u[0xffffffad][0xffffffc9],[0xffffff83][0x4][0xffffff92]q[0xffffffad][0xffffffc1],C[0xffffff80]3[0xffffffdb][0xffffffb5][0xffffffd7]g[0x19][0xffffffce]S[0xffffffb8][0xfffffff6][0xffffffac][0xffffff9c]kO[0xffffffdc][0xffffffb5][0xffffffa7][0xffffff81]k[0xffffffcf][0x0]u&[0xffffffce]'[0xffffffe6][0xffffffda][0xffffffd3][0xffffffc9][0xffffffb5][0x11]E[0xffffffc6][0xffffffb5][\n]"
19:31:00.536 [main] DEBUG org.apache.hc.client5.http.wire - http-outgoing-1 << "H[0xffffffc6][0xffffffb5][0x11][0xffffffcb]|[0xffffffd7][0xffffffee]pf[0xffffffbb]vG[0xfffffff4][0x5][0xffffffd7][0xffffffaa]][0xffffffe1][0xffffffe7]h[0xffffffd4],[0xffffffc3][0xffffff89][0xffffffef][\n]"
19:31:00.536 [main] DEBUG org.apache.hc.client5.http.wire - http-outgoing-1 << "?[\r]v[0xffffff85][0xffffff9f]q)s&[0xffffffce][0xffffffd8][0xffffffae][0xfffffff0]s_[0xffffffc4][0xffffff8c][0xffffffba][0xffffffd6]dW[0xffffffb8][0x4][0xffffff92]q[0xffffffad][0xffffffc1][0xffffffae][0xfffffff0][0x0]g[0xffffffb6]k[0xffffffaf][0xffffffef][\n]"
19:31:00.536 [main] DEBUG org.apache.hc.client5.http.wire - http-outgoing-1 << "?[0xffffffd5][0xffffffdc][0xffffffd8]yv[0xffffffec][0xffffffb7]1|n[0xffffffec]4[0xffffff98][0x1b];[0xffffffe3][0xffffff80]N&[0xffffffce][0xffffffd8][0xffffffdc][0xffffffd8][0xffffffb9][0xf][0xffffffe5][0xffffffa0][0xffffffae]5[0xffffff99][0x1b][0xffffff93]@2[0xffffffae]5[0xffffff98][0x1b][0xb]pf[0xffffffbb][0xfffffff6][0xfffffffa][0xffffffdc][0xffffffd8][0xffffffbc][0xfffffffd][0xffffffd2][0xffffffa2]k'v[0xffffffbf][0xfffffff6][0xffffffed]<[0xffffffac]k[0x1f]'[0xffffff80]][0xfffffffb][0xfffffffd][0xc][0xffffff88]k[0x1f]OG\[0xfffffffb][0xffffffed][0xffffffc9][0x16][0xffffffae][0x15]("[0xffffffae][0xffffff95]@"[0xffffffae][0x15]X[0xffffffa6][0xffffffbb]6[0xffffffc0][0xffffff99][0xffffffec][0xffffffda][0xffffff80][0xffffffe8][0xb][0xffffffae]Usc[0xffffffe7][0xffffffea][0xffffff98]k[0xfffffff1][0xffffffb9][0xffffffb1]i076[0xffffffe3][0xffffff80]N&[0xffffffce][0xffffffd8][0xffffffdc][0xffffffd8][0xffffffdc][0xffffff87]rP[0xffffffd7][0xffffff9a][0xffffffcc][0xffffff8d]I [0x19][0xffffffd7][0x1a][0xffffffcc][0xffffff8d][0x5]8[0xffffffb3]]{}nl[0xffffffaa][0xffffffb9][0xffffffb1]Y&[0xfffffff5][0x1d][0xffffffdd][0xffffff89][0xffffffcf][0xffffff8d]M[0xffffff83][0xffffffb9][0xffffffb1][0x19][0x7]t2q[0xffffffc6][0xffffffe6][0xffffffc6][0xffffffe6]>[0xffffff94][0xffffff83][0xffffffba][0xffffffd6]dnL[0x2][0xffffffc9][0xffffffb8][0xffffffd6]`n,[0xffffffc0][0xffffff99][0xffffffed][0xffffffda][0xffffffeb]scS[0xffffffcd][0xffffff8d][0xffffffcd][0xffffffbe][0xffffffa8][0xffffffdd]3[0x13][0xffffff9f][0x1b][0xffffff9b][0x6]sc3[0xe][0xffffffe8]d[0xffffffe2][0xffffff8c][0xffffffcd][0xffffff8d][0xffffffcd]}([0x7]u[0xffffffad][0xffffffc9][0xffffffdc][0xffffff98][0x4][0xffffff92]q[0xffffffad][0xffffffc1][0xffffffdc]X[0xffffff80]3[0xffffffdb][0xffffffb5][0xffffffd7][0xffffffe7][0xffffffc6][0xffffffa6][0xffffff9a][0x1b][0xffffff9b][0xffffffab]Q3[0xffffffba][0x13][0xffffff9f][0x1b][0xffffff9b][0x6]sc3[0xe][0xffffffe8]d[0xffffffe2][0xffffff8c][0xffffffcd][0xffffff8d][0xffffffcd]}([0x7]u[0xffffffad][0xffffffc9][0xffffffdc][0xffffff98][0x4][0xffffff92]q[0xffffffad][0xffffffc1][0xffffffdc]X[0xffffff80]3[0xffffffdb][0xffffffb5][0xffffffd7][0xffffffe7][0xffffffc6][0xffffffa6][0xffffff9a][0x1b][[0xffffffe5][0xffffffa0][0xffffffe6][0xffffffc6]&>76[\r][0xffffffe6][0xffffffc6]f[0x1c][0xffffffd0][0xffffffc9][0xffffffc4][0x19][0xffffff9b][0x1b][0xffffff9b][0xfffffffb]P[0xe][0xffffffea]Z[0xffffff93][0xffffffb9]1[0x9]$[0xffffffe3]Z[0xffffff83][0xffffffb9][0xffffffb1][0x0]g[0xffffffb6]k[0xffffffaf][0xffffffcf][0xffffff8d]M57[0xffffffb6][0x1a]v[0xffffffe7]k[0xffffffe2]sc[0xffffffd3]`nl[0xffffffc6][0x1][0xffffff9d]L[0xffffff9c][0xffffffb1][0xffffffb9][0xffffffb1][0xffffffb9][0xf][0xffffffe5][0xffffffa0][0xffffffae]5[0xffffff99][0x1b][0xffffff93]@2[0xffffffae]5[0xffffff98][0x1b][0xb]pf[0xffffffbb][0xfffffff6][0xfffffffa][0xffffffdc][0xffffffd8]<[0xffffff95]kg[0xffffffa5][0xffffffe6][0xffffffc6][0xffffffde][0xffffffce][0x3][0xffffffbb][0xfffffff6]4p[0xffffffed][0x19][0xffffffa0][0xffffffce][0xffffffc4][0xfffffff9][0xffffffc4]\{:[0xffffffb9]6[0xffffffa2][0xffffffc8][0xffffffb8]V[0x1][0xffffffc9][0xffffffb8]6b[0xffffff99][0xffffffef][0xffffffda][0x1d][0xffffffce]l[0xffffffd7][0xffffffee][0xffffff88][0xffffffbe][0xffffffe0]Z17v[0xffffffde]n[0x3][0xffffffbb][0xfffffff3][0xffffff85][0xffffffcf][0xffffff8d]M[0xffffff83][0xffffffb9][0xffffffb1][0x19][0x7]t2q[0xffffffc6][0xffffffe6][0xffffffc6][0xffffffe6]>[0xffffff94][0xffffff83][0xffffffba][0xffffffd6]dnL[0x2][0xffffffc9][0xffffffb8][0xffffffd6]`n,[0xffffffc0][0xffffff99][0xffffffed][0xffffffda][0xffffffeb]scS[0xffffffcc][0xffffff8d][0xffffff9d][0xffffffb7][0xffffffca][0xffffffdd][0xfffffff9][0xffffffc2][0xffffffe7][0xffffffc6][0xffffffa6][0xffffffc1][0xffffffdc][0xffffffd8][0xffffff8c][0x3]:[0xffffff99]8cscs[0x1f][0xffffffca]A]k27&[0xffffff81]d\k07[0x16][0xffffffe0][0xffffffcc]v[0xffffffed][0xfffffff5][0xffffffb9][0xffffffb1]%[0xffffffbe]7v[0xffffffde][0x6][0xffffffb6]+|[0xffffffe1][0xffffffdf][0x1b][[0x6][0xffffffdf][0x1b][[0xfffffff1][0xffffffc3]N[0xffffff89]8/[0xffffffec]{ck[0xffffffff][0xffffff98][0x13][0xffffffe9]Z[0xffffff81]"[0xffffffe2]Z[0x9]$[0xffffffe2]Z[0xffffff81]e[0xffffffba]k[0x3][0xffffff9c][0xffffffc9][0xffffffae][\r][0xffffff88][0xffffffbe][0xffffffe0]Z1[0xffffffcb]p[0xffffffde]V[0xffffffc1]\[0xffffff8b][0xffffffcf]2,[0xffffff83]Y[0xffffff86][0x15]/[0xffffff8d]g[0xffffffe2][0xffffff8c][0xffffffcd]2[0xffffffac][0xfffffffd][0xffffffa2]8[0xffffffea]Z[0xffffff93]Y[0x6][0x9]$[0xffffffe3]Z[0xffffff83]Y[0xffffff86][0x0]g[0xffffffb6]k[0xffffffaf][0xffffffcf]2,1[0xffffffcb]pw-[0xffffffb6]+|[0xffffffe1][0xffffffb3][0xc][0xffffffcb]`[0xffffff96]a[0xffffffc5]K[0xffffffe3][0xffffff99]8c[0xffffffb3][0xc]k[0xffffffbf]([0xffffff8e][0xffffffba][0xffffffd6]d[0xffffff96]A[0x2][0xffffffc9][0xffffffb8][0xffffffd6]`[0xffffff96]![0xffffffc0][0xffffff99][0xffffffed][0xffffffda][0xffffffeb][0xffffffb3][0xc]K[0xffffffcc]2[0xffffff9c][0xffffffc7]qk[0xffffff94]k[0xfffffff1]Y[0xffffff86]e0[0xffffffcb][0xffffffb0][0xffffffe2][0xffffffa5][0xfffffff1]L[0xffffff9c][0xffffffb1]Y[0xffffff86][0xffffffb5]_[0x14]G]k2[0xffffffcb] [0xffffff81]d\k0[0xffffffcb][0x10][0xffffffe0][0xffffffcc]v[0xffffffed][0xfffffff5]Y[0xffffff86]%f[0x19][0xffffffce][0xffffffa3][0x1e][0xffffff85]r->[0xffffffcb][0xffffffb0][0xc]f[0x19]V[0xffffffbc]4[0xffffff9e][0xffffff89]36[0xffffffcb][0xffffffb0][0xfffffff6][0xffffff8b][0xffffffe2][0xffffffa8]kMf[0x19]$[0xffffff90][0xffffff8c]k[\r]f[0x19][0x2][0xffffff9c][0xffffffd9][0xffffffae][0xffffffbd]>[0xffffffcb][0xffffffb0][0xffffffc4],[0xffffffc3]y[0xffffff8c][0xffffff86]u->[0xffffffcb][0xffffffb0][0xc]f[0x19]V[0xffffffbc]4[0xffffff9e][0xffffff89]36[0xffffffcb][0xffffffb0][0xfffffff6][0xffffff8b][0xffffffe2][0xffffffa8]kMf[0x19]$[0xffffff90][0xffffff8c]k[\r]f[0x19][0x2][0xffffff9c][0xffffffd9][0xffffffae][0xffffffbd]>[0xffffffcb][0xffffffb0]N[0xffffffe5][0xffffffda]5[0xffffffb1][0xffffffae]=q[0xffffffd7][0xffffff9e][0x6][0xffffffae]=[0x3][0xffffffd4][0xffffff99]8[0xffffff9f][0xffffff98]kO'[0xffffffd7]F[0x14][0x19][0xffffffd7]* [0x19][0xffffffd7]F,[0xfffffff3]][0xffffffbb][0xffffffc3][0xffffff99][0xffffffed][0xffffffda][0x1d][0xffffffd1][0xffffff97]\[[0xffffffcd]\[q[0xffffffd7]V[0x3][0xffffffd7]V[0xffffffd4][0xffffffb5][0x15]smur[0xffffffed][0xffffff8e]"[0xffffffe5][0xffffffda][0x8]$[0xffffffe5][0xffffffda][0x1d]K[0xffffffc2][0xffffffb5][0x15]vm[0xffffffbd][0xffffffea]Z57V[\n]"
19:31:00.536 [main] DEBUG org.apache.hc.client5.http.wire - http-outgoing-1 << "[0xffffffb6][0xf]a[0xffffffe1]sc[0xffffffcb]`nl[0xffffffc5][0x1][0xffffff9d]L[0xffffff9c][0xffffffb1][0xffffffb9][0xffffffb1][0xffffffb5][0xf][0xffffffe5][0xffffffa0][0xffffffae]5[0xffffff99][0x1b][0xffffff93]@2[0xffffffae]5[0xffffff98][0x1b][0xb]pf[0xffffffbb][0xfffffff6][0xfffffffa][0xffffffdc][0xffffffd8]Rsc[0xffffffa5]7jnl[0xffffffe1]sc[0xffffffcb]`nl[0xffffffc5][0x1][0xffffff9d]L[0xffffff9c][0xffffffb1][0xffffffb9][0xffffffb1][0xffffffb5][0xf][0xffffffe5][0xffffffa0][0xffffffae]5[0xffffff99][0x1b][0xffffff93]@2[0xffffffae]5[0xffffff98][0x1b][0xb]pf[0xffffffbb][0xfffffff6][0xfffffff2][0xffffffdc][0xffffffd8][0xffffffba][0xffffffa9][0xffffffb9][0xffffffb1]2+t[0xffffffbf][0xfffffff6]q[0x1e][0xffffffd4][0xffffffb5][0xffffffef]'`][0xfffffffb]y[0x6][0xffffffc2][0xffffffb5][0xffffffef]O'\[0xfffffffb][0xfffffffd][0xffffffc9][0xe][0xffffffae]U([0x12][0xffffffae][0xffffffd5]@[0x12][0xffffffae]UXf[0xffffffbb]6[0xffffffc2][0xffffff99][0xffffffeb][0xffffffda][0xffffff88][0xffffffe8]K[0xffffffae]-f[0xffffffae]-[0xffffffb8]k[0xffffff8b][0xffffff81]k[0xb][0xffffffea][0xffffffda][0xffffff82][0xffffffb9][0xffffffb6]8[0xffffffb9]vG[0xffffff91]rm[0x4][0xffffff92]r[0xffffffed][0xffffff8e]%[0xffffffe1][0xffffffda][0x2][0xffffffbb][0xffffffb6]\u[0xffffffad][0xfffffff8][0xffffffb6][0xffffffe3]Y[0xffffff8f][0x9][0xffffffed][0xfffffff9]z[0xffffff9c][0x7]v-[0xffffffff]m[0xffffffc7][0xffffffcf]30[0xffffffae][0xffffffa5][0xffffffbe][0xffffffed][0xfffffff8][0xfffffffd][0xffffffc9][0x1e][0xffffffae][0xfffffff5][0xfffffff8][0xffffffb6][0xffffffa3][0x6][0xffffff92]q-[0xffffffff]m[0xffffffc7][0x8]g[0xffffffb6]k/[0x7f][0xffffffdb]q[0xffffffdd][0xffffffd4]>[0xffffff84]ZOh[0x7f][0xffffffed][0xffffffe3]<[0xffffffb0]k[0xfffffff9]}[0x8][0xffffff9f]g`\K[0xffffffed]C[0xfffffff8][0xfffffffe]d[0xf][0xffffffd7]z[0xffffffec]C[0xffffffd0]@2[0xffffffae][0xffffffe5][0xfffffff7]!D8[0xffffffb3]]{y[0x1f][0xffffffc2][0xffffffdb][0xffffff9f][0xffffffc6]w[0x8][0xffffffac]k[0xffffffe9]w[0x8][0xffffffc5][0xffffffe0][0x1d]B[0x9][0xffffffff][0xffffffb2][0xffffff96][0xffffff8b]3[0xfffffff5][0xe][0xffffffa1]8[0xffffffbd]C[0xffffff88](R[0xffffffae]uy[0xffffff87][0x10][0xffffffb1]$\[0xffffffcb][0xffffffbe]C[0xffffffd8][0x11]}[0xffffffc1][0xffffffb5]U[0xffffffb9]v,h[0xffffffcf][0xffffffd7][0xffffffe3]<[0xffffffb0]k[0xffffffab][0xffffff81]kk[0xffffff80]:[0x13][0xffffffe7][0xffffff8a][0xffffffb9][0xffffffb6]:[0xffffffb9]6[0xffffffa2][0xffffffc8][0xffffffb8]V[0x1][0xffffffc9][0xffffffb8]6b[0xffffff99][0xffffffef][0xffffffda][0x1d][0xffffffce]l[0xffffffd7][0xffffffee][0xffffff88][0xffffffbe][0xffffffe0]Z[0xffffffb5]{[0xffffffa6][0xffffff82][0xffffffbf][0xffffff8d][0xffffffd1][0xffffffbb]g[0xffffffde]O@[0xffffffbb][0xffffff96][0xffffffdc]=[0xfffffff3][0xfffffffe]t[0xffffffc6][0xffffffb5]F[0xffffffbb]g[0x14][0xffffff8a][0xffffff8c]k]v[0xffffffcf](,[0xfffffff3]][0xffffffcb][0xffffffee][0xffffff9e][0xffffff89][0xffffff88][0xffffffbe][0xffffffe0]Z[0xffffffb5]{[0xffffffa6][0xffffffce][0xffffff85][0xffffffbd]C[0xffffffa0]w[0xffffffcf][0xffffffbc][0xffffff9f][0xffffff80]v-[0xffffffb9]{[0xffffffe6][0xfffffffd][0xffffffe9][0xffffff8c]k[0xffffff8d]v[0xffffffcf]([0x14][0x19][0xffffffd7][0xffffffba][0xffffffec][0xffffff9e]QX[0xffffffe6][0xffffffbb][0xffffff96][0xffffffdd]=[0x13][0x11]}[0xffffffc1][0xffffffb5]j[0xfffffff7]L][\r][0xffffff9a][0xffffffd1]}[0xffffff9c][0x7]v-[0xffffffbf]{[0xffffffe6][0xfffffff3][0xc][0xffffff8c]k[0xffffffa9][0xffffffdd]3[0xffffffdf][0xffffff9f][0xffffffec][0xffffffe1]Z[0xffffff8f][0xffffffdd]3[0x1a]H[0xffffffc6][0xffffffb5][0xfffffffc][0xffffffee][0xffffff99][0x8]g[0xffffffb6]k/[0xffffffef][0xffffff9e]Y[0xffffffb7]S[0xffffffb8][0xffffffb6][0xffffffdd]n[0xffffffd0][0xffffff8c][0xffffffee][0xffffffe3]<[0xffffffb0]kO[0x3][0xffffffd7][0xffffff9e][0x1][0xffffffea]L[0xffffff9c]O[0xffffffcc][0xffffffb5][0xffffffa7][0xffffff93]k#[0xffffff8a][0xffffff8c]k[0x15][0xffffff90][0xffffff8c]k#[0xffffff96][0xfffffff9][0xffffffae][0xffffffdd][0xffffffe1][0xffffffcc]v[0xffffffed][0xffffff8e][0xffffffe8][0xb][0xffffffae]U[0xfffffffb][0x10][0xffffffda]Q[0x1a][0xffffffe5]Zz[0x1f][0xffffffc2][0xfffffffb][0x9]h[0xffffffd7][0xffffff92][0xfffffffb][0x10][0xffffffde][0xffffff9f][0xffffffce][0xffffffb8][0xffffffd6]h[0x1f][0xffffff82]B[0xffffff91]q[0xffffffad][0xffffffcb]>[0x4][0xffffff85]e[0xffffffbe]k[0xffffffd9]}[0x8][0x11][0xffffffd1][0xffffffdf][0xffffffee][0xffffffda]C[0xffffffcd][0xffffffe8][0xffffffb6][0xffffff93][0xffffffda]_[0xfffffffb]8[0xf][0xffffffeb][0xffffffda][0xffffffc3]`F[0xfffffff7][0xffffff88][0xffffffc3][0xffffff90][0xffffff89]8[0x1f][0xffffffd8][0xffffff8c][0xffffffee][0xffffffb1][0xf]@[0xffffff92][0xffffffae][0x15]("[0xffffffae][0xffffff95]@"[0xffffffae][0x15]X[0xffffffa6][0xffffffbb]6[0xffffffc0][0xffffff99][0xffffffec][0xffffffda][0xffffff80][0xffffffe8][0xb][0xffffffae]Usc[0xfffffffd]vR[0xfffffff7][0x10][0xe]|n[0xffffffec]0[0xffffff98][0x1b];[0xffffffe2][0xffffff80]N&[0xffffffce][0xffffffd8][0xffffffdc][0xffffffd8][0xffffffb1][0xf][0xffffffe5][0xffffffa0][0xffffffae]5[0xffffff99][0x1b][0xffffff93]@2[0xffffffae]5[0xffffff98][0x1b][0xb]pf[0xffffffbb][0xfffffff6][0xfffffffa][0xffffffdc][0xffffffd8][0xfffffffd]O[0xffffffe3][0xfffffffd]Z[0xffffffd6][0xffffffb5][0xfffffff0][0xfffffffd][0xffffffda][0xffffffc7][0x9]x[0xffffffd7][0xffffff82][0xfffffff7]k[0x1f]O[0xffffffa7]\[0xffffffeb]s[0xffffffbf]V[0xffffffa0]H[0xffffffb9][0xffffffd6][0xffffffe4]~[0xffffffad][0xffffffc0][0xffffff92]p-z[0xffffffbf]6 [0xfffffffa][0xffffff82]k[0xffffffd5][0xffffff8c]n[0xffffffaf][0xffffff83][0xffffff9a]e8[0xfffffff0][0x19][0xffffffdd][0xffffffc3]`F[0xfffffff7][0xffffff88][0xffffffc3][0xffffff90][0xffffff99]8c3[0xffffffba][0xffffffc7]>[0x0][0xffffff89][0xffffffba][0xffffffd6]dFW[0x2][0xffffffc9][0xffffffb8][0xffffffd6]`F7[0xffffffc0][0xffffff99][0xffffffed][0xffffffda][0xffffffeb]3[0xffffffba][0xffffff87][0xffffff9a]e[0xffffffe8][0xffffffeb][0xffffffa4][0xffffffee]![0x1c][0xfffffff8],[0xffffffc3]a0[0xffffffcb]p[0xffffffc4]K[0xffffffe3][0xffffff99]8c[0xffffffb3][0xc][0xffffffc7]~Q[0x1c]u[0xffffffad][0xffffffc9],[0xffffff83][0x4][0xffffff92]q[0xffffffad][0xffffffc1],C[0xffffff80]3[0xffffffdb][0xffffffb5][0xffffffd7]g[0x19][0xe]5[0xffffffcb]0*[0xfffffff5][0xffffffcd][0xfffffff2][0xffffffc7]y`[0xffffffd7][0x1a][0xffffffcc]2[0x1c][0xfffffff1][0xffffffd2]x&[0xffffffce][0xffffffd8],[0xffffffc3][0xffffffb1]_[0x14]G]k2[0xffffffcb] [0xffffff81]d\k0[0xffffffcb][0x10][0xffffffe0][0xffffffcc]v[0xffffffed][0xfffffff5]Y[0xffffff86]C[0xffffffcd]2[0xffffff8c]^[0x6][0xffffffe5]Z|[0xffffff96][0xffffffe1]0[0xffffff98]e8[0xffffffe2][0xffffffa5][0xfffffff1]L[0xffffff9c][0xffffffb1]Y[0xffffff86]c[0xffffffbf]([0xffffff8e][0xffffffba][0xffffffd6]d[0xffffff96]A[0x2][0xffffffc9][0xffffffb8][0xffffffd6]`[0xffffff96]![0xffffffc0][0xffffff99][0xffffffed][0xffffffda][0xffffffeb][0xffffffb3][0xc]o[0xffffffff]Ot[0xffffffed]9[0xffffffb0][0xffffffae]=q[0xffffffd7][0xffffff9e][0x6][0xffffffae]=[0x3][0xffffffd4][0xffffff99]8[0xffffff9f][0xffffff98]kO'[0xffffffd7]F[0x14][0x19][0xffffffd7]* [0x19][0xffffffd7]F,[0xfffffff3]][0xffffffbb][0xffffffc3][0xffffff99][0xffffffed][0xffffffda][0x1d][0xffffffd1][0x17]\[0xffffffab]f[0x19][0xffffffc6][0xffffffc2]v[0xffffffcf][0x1c][0xfffffff8],[0xffffffc3]a0[0xffffffcb]p[0xffffffc4]K[0xffffffe3][0xffffff99]8c[0xffffffb3][0xc][0xffffffc7]~Q[0x1c]u[0xffffffad][0xffffffc9],[0xffffff83][0x4][0xffffff92]q[0xffffffad][0xffffffc1],C[0xffffff80]3[0xffffffdb][0xffffffb5][0xffffffd7]g[0x19][0xffffff8a][0xffffff9a]e8o[0xffffff85][0xfffffffa]m[0xffffffac][0xffffffe0][0xffffffb3][0xc][0xffffffc5]`[0xffffff96][0xffffffa1][0xffffffc4]"
19:31:00.575 [main] DEBUG org.apache.hc.client5.http.wire - http-outgoing-1 << "K[0xffffffe3][0xffffff89]8[0x17]l[0xffffff96][0xffffffa1][0xffffffec][0x17][0xffffffc5]I[0xffffffd7][\n]"
19:31:00.575 [main] DEBUG org.apache.hc.client5.http.wire - http-outgoing-1 << "[0x14][0x11][0xffffffd7]J [0x11][0xffffffd7][\n]"
19:31:00.575 [main] DEBUG org.apache.hc.client5.http.wire - http-outgoing-1 << ",[0xffffffd3]][0x1b][0xffffffe0]Lvm@[0xfffffff4][0x5][0xffffffd7][0xffffffaa];_[0xffffffe7][0xffffffd1][0xffffffa9][0xffffffdd]3[0x5][0xffffffbf][0xfffffff3]U[0xc][0xffffffee]|[0xffffff95]x[0xffffffb9]&[0x13]g[0xffffffec][0xffffffce]W[0xffffffd9]/[0xffffffd4][0xffffffa0][0xffffffae]5[0xffffffb9][0xfffffff3]%[0xffffff81]d\kp[0xffffffe7]+[0xffffffc0][0xffffff99][0xffffffed][0xffffffda][0xffffffeb]w[0xffffffbe][0xffffff8a][0xfffffffa].[0x3][0xffffffeb]Zx[0xffffff96][0xffffffa1][0x18]|[0xffffff97][0xffffffa1][0xffffffc4][0x5][0xfffffff8][0xffffffb9]8C[0xffffffb3][0xc]e_z[0xf][0xffffffbb][0xffffffd6]b[0xffffff96]A[0x2]I[0xffffffb9][0x16][0xffffff9f]e[0x8]p[0xffffffe6][0xffffffbb][0xfffffff6][0xffffffea],C[0xffffffa9][0xffffffaa]k[[0xffffffa7]f[0x19][0xffffffde][0xffffffce][0x3][0xffffffbb][0xffffffb6][0x1a]tm[\r][0x1][0xffffff91][0xffffff89]s[0xffffffc5][0xffffffba][0xffffffb6]:umD[0xffffff91]q[0xffffffad][0x2][0xffffff92]qm[0xffffffc4]2[0xffffffdf][0xffffffb5];[0xffffff9c][0xffffffd9][0xffffffae][0xffffffdd][0x11]}[0xffffffc1][0xffffffb5]Mu[0xffffffed][0xffffff98]X[0xffffffd7]6[0xffffffbc]k[0xffffff9b]A[0xffffffd7][0xffffffb6][0x10][0x10][0xffffff99]87[0xffffffac]k[0xffffff9b]S[0xffffffd7]F[0x14][0x19][0xffffffd7]* [0x19][0xffffffd7]F,[0xfffffff3]][0xffffffbb][0xffffffc3][0xffffff99][0xffffffed][0xffffffda][0x1d][0xffffffd1][0x17]\[0xffffffab]f[0x19][0xffffffe6]mt[0xffffffca][0xffffffb5][0xfffffff8],C1[0xffffff98]e([0xfffffff1][0xffffffd2]x&[0xffffffce][0xffffffd8],C[0xffffffd9]/[0xffffff8a][0xffffffa3][0xffffffae]5[0xffffff99]e[0xffffff90]@2[0xffffffae]5[0xffffff98]e[0x8]pf[0xffffffbb][0xfffffff6][0xfffffffa],CQ[0xffffffb3][0xc][0xffffffb3][0xffffffb6]E[0xffffffb9][0x16][0xffffff9f]e([0x6][0xffffffb3][0xc]%^[0x1a][0xffffffcf][0xffffffc4][0x19][0xffffff9b]e([0xfffffffb]Eq[0xffffffd4][0xffffffb5]&[0xffffffb3][0xc][0x12]H[0xffffffc6][0xffffffb5][0x6][0xffffffb3][0xc][0x1][0xffffffce]l[0xffffffd7]^[0xffffff9f]e([0xffffffa7]r[0xffffffed]([0xffffff98]kO[0xffffffdc][0xffffffb5][0xffffffa7][0xffffff81]k[0xffffffcf][0x0]u&[0xffffffce]'[0xffffffe6][0xffffffda][0xffffffd3][0xffffffc9][0xffffffb5][0x11]E[0xffffffc6][0xffffffb5][\n]"
19:31:00.576 [main] DEBUG org.apache.hc.client5.http.wire - http-outgoing-1 << "H[0xffffffc6][0xffffffb5][0x11][0xffffffcb]|[0xffffffd7][0xffffffee]pf[0xffffffbb]vG[0xfffffff4][0x5][0xffffffd7][0xffffffaa]Y[0xffffff86][0xffffffc9]}o[0xffffffac][0xffffffe0][0xffffffb3][0xc][0xffffffc5]`[0xffffff96][0xffffffa1][0xffffffc4]K[0xffffffe3][0xffffff99]8c[0xffffffb3][0xc]e[0xffffffbf]([0xffffff8e][0xffffffba][0xffffffd6]d[0xffffff96]A[0x2][0xffffffc9][0xffffffb8][0xffffffd6]`[0xffffff96]![0xffffffc0][0xffffff99][0xffffffed][0xffffffda][0xffffff9f][0xffffff98]eX[0xffffffc2][0xffffffb5][0xffffffab]tj[0x1f][0xffffffc2][0xffffffdb]y`[0xffffffd7].[0x3][0xffffffd7][0xffffffae][0x0]u&[0xffffffce][0xb]s[0xffffffed]rrmD[0xffffff91]q[0xffffffad][0x2][0xffffff92]qm[0xffffffc4]2[0xffffffdf][0xffffffb5];[0xffffff9c][0xffffffd9][0xffffffae][0xffffffdd][0x11][0xfffffffd][0xffffffed][0xffffffae][0xffffffad]jnl[0xffffffb5][0xffffffd9] [0xffffffd7]V|n[0xffffffac][0x1a][0xffffffcc][0xffffff8d][0xffffffd5]8[0xffffffa0][0xffffff93][0xffffff88]s[0xffffffc5][0xffffffe6][0xffffffc6][0xffffffea]>[0xffffff94]C[0xffffffba]V[0xffffffa0][0xffffff88][0xffffffb8]V[0x2][0xffffff89][0xffffffb8]V`[0xffffff99][0xffffffee][0xffffffda][0x0]g[0xffffffb2]k[0x3][0xffffffa2]/[0xffffffb8]V}[0x3]g[0xffffff9d][0xffffffd8];[0xffffff84][0xffffff8a][0x7f][0x3][0xffffffa7][0x1a]|[0x3][0xffffffa7][0xffffffc6][0xffffff8f][0xffffff8d]d[0xffffffe2][0xffffff8c]}[0x3][0xffffffa7][0xffffffee][0x1f][0x18]A]k[0xfffffff2][\r][0x1c][0x9]$[0xffffffe3]Z[0xffffff83]o[0xffffffe0][0x4]8[0xffffffb3]]{[0xfffffffd][0x1b]8U[0xffffffcc][0xffffffe8][0xffffffce][0xffffffdb][0xffffffad][0x1c][0xffffff94]k[0xfffffff1][0x19][0xffffffdd]j0[0xffffffa3][[0xffffffe3]0d&[0xffffffce][0xffffffd8][0xffffff8c]n[0xffffffdd][0x7] Q[0xffffffd7][0xffffff9a][0xffffffcc][0xffffffe8]J [0x19][0xffffffd7][0x1a][0xffffffcc][0xffffffe8][0x6]8[0xffffffb3]]{}F[0xffffffb7][0xffffff8a][0xffffffb9][0xffffffb1][0xffffffbb]k[0xffffffb9][0xffffffae][0xffffffc5][0xffffffe7][0xffffffc6][0xffffffaa][0xffffffc1][0xffffffdc]X[0xffffff8d][0x3]:[0xffffff99]8cscu[0x1f][0xffffffca]A]k27&[0xffffff81]d\k07[0x16][0xffffffe0][0xffffffcc]v[0xffffffed][0xfffffff5][0xffffffb9][0xffffffb1]*[0xffffffbe][0xffffff81]sw[0xffffffed][0xffffffa4][0xfffffff6]|U[0xfffffffc][0x1b]8[0xffffffd5][0xffffffe0][0x1b]85~l$[0x13]g[0xffffffec][0x1b]8u[0xffffffff][0xffffffc0][0x8][0xffffffea]Z[0xffffff93]o[0xffffffe0]H [0x19][0xffffffd7][0x1a]|[0x3]'[0xffffffc0][0xffffff99][0xffffffed][0xffffffda][0xffffffeb][0xffffffdf][0xffffffc0][0xffffffa9]bnl[0xffffffde][0xffffffca][0xffffff8d][0xffffffba][0xffffff87]P[0xfffffff1][0xffffffb9][0xffffffb1]j07V[0xffffffe3][0xffffff80]N&[0xffffffce][0xffffffd8][0xffffffdc]X[0xffffffdd][0xffffff87]rP[0xffffffd7][0xffffff9a][0xffffffcc][0xffffff8d]I [0x19][0xffffffd7][0x1a][0xffffffcc][0xffffff8d][0x5]8[0xffffffb3]]{}n[0xffffffac][0xffffff8a][0xffffffb9][0xffffffb1]y[0xffffffeb][0x15][0xffffffeb]Z|n[0xffffffac][0x1a][0xffffffcc][0xffffff8d][0xffffffd5]8[0xffffffa0][0xffffff93][0xffffff89]367V[0xfffffff7][0xffffffa1][0x1c][0xffffffd4][0xffffffb5]&sc[0x12]H[0xffffffc6][0xffffffb5][0x6]sc[0x1][0xffffffce]l[0xffffffd7]^[0xffffff9f][0x1b][0xffffffab][0xffffffa7]r[0xffffffed]<[0xffffffb0][0xffffffdf][0xffffffc6]N[0xffffffdc][0xffffffb5][0xffffffa7][0xffffff81]k[0xffffffcf][0x0]u&[0xffffffce]'[0xffffffe6][0xffffffda][0xffffffd3][0xffffffc9][0xffffffb5][0x11]E[0xffffffc6][0xffffffb5][\n]"
19:31:00.576 [main] DEBUG org.apache.hc.client5.http.wire - http-outgoing-1 << "H[0xffffffc6][0xffffffb5][0x11][0xffffffcb]|[0xffffffd7][0xffffffee]pf[0xffffffbb]vG[0xfffffff4][0x5][0xffffffd7][0xffffff8a][0xffffffb9][0xffffffb1]y[0xffffff94][0x1b][0xffffffb5]{[0xffffffa6][0xffffffe2]sc[0xffffffd5]`n[0xffffffac][0xffffffc6][0x1][0xffffff9d]L[0xffffff9c][0xffffffb1][0xffffffb9][0xffffffb1][0xffffffba][0xf][0xffffffe5][0xffffffa0][0xffffffae]5[0xffffff99][0x1b][0xffffff93]@2[0xffffffae]5[0xffffff98][0x1b][0xb]pf[0xffffffbb][0xfffffff6][0xfffffffa][0xffffffdc][0xffffffd8][0xfffffffd]O[0xffffff8b][0xffffff99]k[0xffffffe1][0xffffff9d][0xffffff8a][0xffffff8f][0x13][0xfffffff0][0xffffffae][0x5]w*>[0xffffff9e]N[0xffffffb9][0xffffffd6]g[0xffffffa7][0xffffffa2]@[0xffffff91]r[0xffffffad][0xffffffc9]NE[0xffffff81]%[0xffffffe1]Zt[0xffffffa7]b@[0xfffffff4]%[0xffffffd7]63[0xffffffd7]6[0xffffffdc][0xffffffb5][0xffffffcd][0xffffffc0][0xffffffb5][\r]um[0xffffffc3]\[0xffffffdb][0xffffff9c]\[0xffffffbb][0xffffffa3]H[0xffffffb9]6[0x2]I[0xffffffb9]v[0xffffffc7][0xffffff92]pm[0xffffff83]][0xffffffdb][0xffffffae][0xffffffbb][0xfffffff6][0xfffffff1]n[0xffffffd6]I[0xffffffb6][0xffffffc7][0xffffff81][0xffffffdb][0xfffffff6]~[0x4]^[0xffffffb7][0x1f][0xffffff87][0xffffffa0]|{[0x7f]<%[0xffffffdc][0xfffffff7]G[0xffffffbb][0x18]7[0xfffffff0]H)WPI97[0xffffffb0]IHw#4[0xffffffdf][0xffffffba][0x1b][0xffffffa7]/i[0xffffffb7][0xffffffd8][0xffffffbd]O0x[0xffffffa1]`[0xfffffff1]F[0x1]~[0xffffffa5][0x0][0xffffffbe]S[0xfffffff0]z[0xffffffa9]`[0xfffffff3]V[0xffffffc1][0xffffffe8][0xffffffb5][0xffffff82][0xffffffc5]{[0x5][0xfffffffc][0xffffffc5][0xffffffc2]O[0xffffffbc]Y[0xffffffa8][0xffffffdd]L[0xffffffbb][0xffffffb5][0xffffffe3][0xffffffda][0xffffffbd][0x1f][0xffffff81][0xffffffd7][0xffffffee][0xffffffc7]!([0xffffffed][0xffffffde][0x1f]Oi[0xfffffff7][0xfffffffd][0xffffffd1].[0xffffffda][\r]<R[0xffffffda][0x15]TR[0xffffffda][\r]l[0x12][0xffffffda][0xffffffdd][0x8][0xffffffcd][0xffffffd7][0xffffffee][0xffffffc6][0xffffffe9]K[0xffffffda]m[0xffffffd3]L[0xffffffbb]m[0xffffffe2][0xffffffda][0xffffffbd][0x1f][0xffffff81][0xffffffd7][0xffffffee][0xffffffc7]!([0xffffffed][0xffffffde][0x1f]Oi[0xfffffff7][0xfffffffd][0xffffffd1].[0xffffffda][\r]<R[0xffffffda][0x15]TR[0xffffffda][\r]l[0x12][0xffffffda][0xffffffdd][0x8][0xffffffcd][0xffffffd7][0xffffffee][0xffffffc6][0xffffffe9]K[0xffffffda][0x1d]n/[0x19][0x6][0xffffffff][0xffffff92]a8[0xffffffbc]d[0x18][0xffffffec]K[0xffffff86][0xffffffc1][0xffffffbd]d[0x18]V/[0x19][0x2][0xffffff8f][0xffffff94]v[0x5][0xffffff95][0xffffff94]v[0x3][0xffffff9b][0xffffff84]v[0x7][0xfffffffd][0xffffff92]a[0xfffffffc][0xffffffc4]K[0xffffff86][0xffffffe9]V[0xffffffbb][0xffffff93][0xffffffaf][0xffffffdd][0xffffffe9]P[0xffffffbb][0xffffff93][0xffffffad][0xffffffdd][0xffffffc9][0xffffffd5][0xffffffee][0xffffffb4][0xffffffaa][0xffffffdd][0xffffffc0]#[0xffffffa5]]A%[0xffffffa5][0xffffffdd][0xffffffc0]&[0xffffffa1][0xffffffdd]I[0xffffffd7][0xffffffee][0xfffffffc][0xffffff89][0xffffffda]]n[0xffffffb5][0xffffffbb][0xfffffff8][0xffffffda]][0xe][0xffffffb5][0xffffffbb][0xffffffd8][0xffffffda]]\[0xffffffed].[0xffffffab][0xffffffda][\r]<R[0xffffffda][0x15]TR[0xffffffda][\r]l[0x12][0xffffffda]]t[0xffffffed][0xffffffae][0xffffff9f][0xffffffa8][0xffffffdd][0xffffffe3][0xfffffff1][0x5]^'[0xffffffef][0xffffffde]O[0xffffff84][0xffffff8b][0xfffffff7][0xffffffed][0xc][0xffffffbc]y[0xffffffbf][0xffffff9d][0xffffff82]R[0xffffffef][0xffffffdb][0xfffffff3])[0xfffffff7]~<[0xffffffdb]E[0xffffffbe][0x11]J[0xffffffca][0xffffffbe][\n]"
19:31:00.576 [main] DEBUG org.apache.hc.client5.http.wire - http-outgoing-1 << "MJ[0xffffffbf][0x11]P[0xffffffc2][0xffffffbf];[0xffffffa6][0xfffffff9][0x2][0xffffffde]a[0xfffffffd]-[0x6][0xffffff9e][0xffffffef][0x7f],>i6[0xffffff8f][0xffffffb1][0xfffffff2]?[0xffffffd5][0xfffffffb]y[0x1e][0xffffffca][0xffffffbe]_N[0xffffff80][0xffffffb9]w;C[0xffffffb2]y[0xffffffbf]<=[0xffffffd9][0xffffffbb][0xffffffbf]~2l[0xffffffdd][0xffffffa7](&;[0xfffffff7][0x7]@&[0x1b][0xfffffff7])[0xffffff96][0xffffff89][0xffffffbe]}[0x2]g[0xffffff9a]m[0xffffff9f] [0xfffffffa][0xffffffdb]][0xffffffdb][0xffffffc4]'[0xffffffcd][0xffffffe6][0xffffffb1]V[0xfffffffe]*[0xffffffb1][0xffffffcf][0xfffffff3][0xffffffb0][0xffffffae]m[0xffffffe8]'[0xffffffcd][0xffffffb6]3 [0xffffffae]m[0xffffffc0]'[0xffffffcd]~[0xfffffffd]d[0xb][0xffffffd7][\n]"
19:31:00.576 [main] DEBUG org.apache.hc.client5.http.wire - http-outgoing-1 << "[0x14][0x11][0xffffffd7]J [0x11][0xffffffd7][\n]"
19:31:00.576 [main] DEBUG org.apache.hc.client5.http.wire - http-outgoing-1 << ",[0xffffffd3]][0x1b][0xffffffe0]Lvm@[0xfffffff4][0x5][0xffffffd7][0xffffff8a]O[0xffffff9a][0xffffffcd]R[0x1b][0xffffffe6]Z[0xfffffff0][0xffffff93]f_N@[0xffffffbb][0x16][0xfffffffa][0xffffffa4][0xffffffd9][0xffffff97][0xffffffa7]3[0xffffffae][0xfffffff5][0xfffffff8][0xffffffa4][0xffffffd9]S[0x14][0x19][0xffffffd7][0x1a]|[0xffffffd2][0xffffffec])[0xffffff96][0xfffffff9][0xffffffae][0xffffffc5]>i[0xfffffff6][0x4][0xffffffd1][0x17]\[0xffffffab]>iV:[0xffffffb0][0xffffffb6][0xfffffff1][0xfffffff3]<[0xffffffb0]k[0xffffffd1]O[0xffffff9a]mg`\[0xb]|[0xffffffd2][0xffffffec][0xffffffd7]O[0xfffffff6]p-[0xfffffffe]I[0xffffffb3][0x1f][0x0][0xffffffc9][0xffffffb8][0x16][0xfffffffd][0xffffffa4][0xffffffd9][0x13]8[0xffffffb3]]{[0xffffffe5][0xffffff93]f[0x1f][0x7f][0xffffffaa]>iV[0xffffffce]U)[0xffffffd7][0xffffff82][0xffffff9f]4[0xfffffffb]r[0x2][0xffffffda][0xffffffb5][0xffffffd0]'[0xffffffcd][0xffffffbe]<[0xffffff9d]q[0xffffffad][0xffffffc7]'[0xffffffcd][0xffffff9e][0xffffffa2][0xffffffc8][0xffffffb8][0xffffffd6][0xffffffe0][0xffffff93]fO[0xffffffb1][0xffffffcc]w-[0xfffffff6]I[0xffffffb3]'[0xffffff88][0xfffffffe]v[0xffffffd7]v[0xfffffff5][0xffffffbe][0xffffffb6][0xfffffff6][0xffffff96][0xffffffff][0xffffff99][0xffffff9d][0xffffffcf][0xfffffff3][0xffffffb0][0xffffffae][0xffffffed][0x6][0xffffffef]k{|1[0xffffff96][0xffffff88]s[0xffffffc7][0xffffffde][0xffffffd7][0xfffffff6][0xfffffffd]e[0x18][0xffffffe9]Z[0xffffff81]"[0xffffffe2]Z[0x9]$[0xffffffe2]Z[0xffffff81]e[0xffffffba]k[0x3][0xffffff9c][0xffffffc9][0xffffffae][\r][0xffffff88][0xffffffbe][0xffffffe0]Z[0xfffffff5][0xffffffbe][0xffffffb6][0xffffff9e][0xffffff83][0xffffffea][0xffffffda][0xffffff8e][0xffffffbf][0xffffffaf][0xffffffed][0x6][0xffffffef]k{|1[0xffffff96][0xffffff89]3[0xfffffff6][0xffffffbe][0xffffffb6][0xffffffef]/[0xffffffc3]P[0xffffffd7][0xffffff9a][0xffffffbc][0xffffffaf][0xffffff95]@2[0xffffffae]5x_[0x1b][0xffffffe0][0xffffffcc]v[0xffffffed][0xfffffff5][0xfffffff7][0xffffffb5][0xffffffbd][0xffffff88]u[0xffffffe4][0xffffffed]6[0xfffffff3][0xffffffef][0xffffffdc]~[0xffffff9e][0x7]vm![0xffffffd7][0xffffff91]og`\[[0xfffffff2][0xffffffd7][0xffffff91][0xffffffff][0xfffffffa][0xffffffc9][0x1e][0xffffffae][0xffffff8d](2[0xffffffae]U@2[0xffffffae][0xffffff8d]X[0xffffffe6][0xffffffbb]v[0xffffff87]3[0xffffffdb][0xffffffb5];[0xffffffa2]/[0xffffffb8]V[0xffffffbd][0xffffffaf]mea[0xffffffef][0x10][0xfffffff0][0xfffffff7][0xffffffb5][0xffffffdd][0xffffffe0]}m[0xffffff8f]/[0xffffffc6]2q[0xffffffc6][0xffffffde][0xffffffd7][0xfffffff6][0xfffffffd]e[0x18][0xffffffea]Z[0xffffff93][0xfffffff7][0xffffffb5][0x12]H[0xffffffc6][0xffffffb5][0x6][0xffffffef]k[0x3][0xffffff9c][0xffffffd9][0xffffffae][0xfffffffd][0xffffff89][0xfffffff7][0xffffffb5]M[0xffffffb9]v[0xffffffdc][0xffffffb0]w[0x8][\r]wm3pm[0xb]Pg[0xffffffe2][0xffffffdc]0[0xffffffd7]6'[0xffffffd7]F[0x14][0x19][0xffffffd7]* [0x19][0xffffffd7]F,[0xfffffff3]][0xffffffbb][0xffffffc3][0xffffff99][0xffffffed][0xffffffda][0x1d][0xffffffd1][0x17]\[0xffffffdb][0xffffff95]k'[0xfffffff7][0xffffffbe][0xffffffb6][0xffffffe3][0xffffffae][0xffffffed][0x6][0xffffffae][0xffffffed][0x1][0xffffffea]L[0xffffff9c];[0xffffffe6][0xffffffda][0xffffffee][0xffffffe4][0xffffffda][0xffffff88]"[0xffffffe3]Z[0x5]$[0xffffffe3][0xffffffda][0xffffff88]e[0xffffffbe]kw8[0xffffffb3]][0xffffffbb]#[0xfffffffa][0xffffff82]k[0xffffff87][0xfffffff8][0xffffffa4]Y?[0xe][0xffffffec]}[0xffffffed][0xffffffe0]>i[0xfffffff6][0xffffffe5][0x4][0xffffffb4]kG[0xfffffff8]vT&[0xffffffce]#[0xffffffff][0xffffff93]f[0xffffffbf]~[0xffffffb2][0xffffff87]k#[0xffffff8a][0xffffff8c]k[0x15][0xffffff90][0xffffff8c]k#[0xffffff96][0xfffffff9][0xffffffae][0xffffffdd][0xffffffe1][0xffffffcc]v[0xffffffed][0xffffff8e][0xffffffe8][0xb][0xffffffae]=E[0xffffffd7][0xfffffff6]v;)[0xffffffd7][0xffffff9e]x[0xffffffd7][0xffffff9e][0x6]]{[0xffffff86][0xffffff80][0xffffffc8][0xffffffc4][0xfffffff9][0xffffffc4][0xffffffba][0xfffffff6]t[0xffffffea][0xffffffda][0xffffff88]"[0xffffffe3]Z[0x5]$[0xffffffe3][0xffffffda][0xffffff88]e[0xffffffbe]kw8[0xffffffb3]][0xffffffbb]#[0xfffffffa][0xffffff82]k[0xffffffa7]rm/[0xffffff8d]r[0xffffffed][0xffffffc4]];[\r]\;[0x3][0xffffffd4][0xffffff99]8O[0xffffffcc][0xffffffb5][0xffffffd3][0xffffffc9][0xffffffb5][0x11]E[0xffffffc6][0xffffffb5][\n]"
19:31:00.577 [main] DEBUG org.apache.hc.client5.http.wire - http-outgoing-1 << "H[0xffffffc6][0xffffffb5][0x11][0xffffffcb]|[0xffffffd7][0xffffffee]pf[0xffffffbb]vG[0xfffffff4][0x5][0xffffffd7][0xffffffaa]=_[0xffffffbd]?>[0xfffffff1][0xffffff80][0xffffffb8][0x16][0xffffffdf][0xfffffff3][0xffffffd5][\r][0xfffffff6]|[0xfffffff5][0xffffffb8]P)[0x13]gl[0xffffffcf]W[0xffffffdf][0xffffff97]([0xffffffa1][0xffffffae]5[0xffffffd9][0xfffffff3]%[0xffffff81]d\k[0xffffffb0][0xffffffe7]+[0xffffffc0][0xffffff99][0xffffffed][0xffffffda][0xffffffeb]{[0xffffffbe][0xffffff86][0xffffff9a][0x1b][0xffffffeb][0xffffffe3][0xffffff98][0xffffff90]k[0x7]>76[0xc][0xffffffe6][0xffffffc6]F[0x1c][0xffffffd0]I[0xffffffc4]y`scc[0x1f][0xffffffca]!]+PD\+[0xffffff81]D\+[0xffffffb0]Lwm[0xffffff80]3[0xffffffd9][0xffffffb5][0x1][0xffffffd1][0x17]\[0xffffffab][0xffffffe6][0xffffffc6][0xfffffffa][0xffffffe8][0xffffffd4]=[0xffffff84][0xffffff81][0xffffffcf][0xffffff8d][\r][0xffffff83][0xffffffb9][0xffffffb1][0x11][0x7]t2q[0xffffffc6][0xffffffe6][0xffffffc6][0xffffffc6]>[0xffffff94][0xffffff83][0xffffffba][0xffffffd6]dnL[0x2][0xffffffc9][0xffffffb8][0xffffffd6]`n,[0xffffffc0][0xffffff99][0xffffffed][0xffffffda][0xffffffeb]scC[0xffffffed][0xfffffff9][0xffffffea][0xffffffe7][0xffffffa0]v[0xffffff85][0xf]|[0xffffffcf][0xffffffd7]0[0xffffffd8][0xfffffff3]5[0xffffffe2]B[0xffffffa5]L[0xffffff9c][0xffffffb1]=_c_[0xffffffa2][0xffffff84][0xffffffba][0xffffffd6]d[0xffffffcf][0xffffff97][0x4][0xffffff92]q[0xffffffad][0xffffffc1][0xffffff9e][0xffffffaf][0x0]g[0xffffffb6]k[0xffffffaf][0xffffffef][0xfffffff9][0x1a]j[0xffffff96]a[0xffffffd4]A[0xffffffcd][0xffffff8d][\r]|[0xffffff96]a[0x18][0xffffffcc]2[0xffffff8c]xi<[0x13]gl[0xffffff96]a[0xffffffec][0x17][0xffffffc5]Q[0xffffffd7][0xffffff9a][0xffffffcc]2H [0x19][0xffffffd7][0x1a][0xffffffcc]2[0x4]8[0xffffffb3]]{}[0xffffff96]a[0xc][0xffffffe1][0xffffffda][0xfffffff3][0xffffffe8][0xffffffd4][0xfffffffe][0xffffffda][0xffffffb7][0xfffffff3][0xffffffc0][0xffffffae][0x1d][0x6][0xffffffae][0x1d][0x1][0xffffffea]L[0xffffff9c][0x7][0xffffffe6][0xffffffda][0xffffffe1][0xffffffe4][0xffffffda][0xffffff88]"[0xffffffe3]Z[0x5]$[0xffffffe3][0xffffffda][0xffffff88]e[0xffffffbe]kw8[0xffffffb3]][0xffffffbb]#[0xfffffffa][0xffffff82]k[0xffffffa7]r[0xffffffed][0xffffff89][0xffffffdd][0xffffffaf]};[0xf][0xffffffec][0xffffffda]i[0xffffffe0][0xffffffda][0x19][0xffffffa0][0xffffffce][0xffffffc4]yb[0xffffffae][0xffffff9d]N[0xffffffae][0xffffff8d](2[0xffffffae]U@2[0xffffffae][0xffffff8d]X[0xffffffe6][0xffffffbb]v[0xffffff87]3[0xffffffdb][0xffffffb5];[0xffffffa2]/[0xffffffb8]V[0xffffffdd][0xfffffff9][0xffffff9a][0xffffffb7][0xffffff81][0xffffffdd]C[0xffffffc0][0xffffffef]|[\r][0xffffff83];_#^[0xffffffae][0xffffffc9][0xffffffc4][0x19][0xffffffbb][0xfffffff3]5[0xfffffff6][0xb]5[0xffffffa8]kM[0xffffffee]|I [0x19][0xffffffd7][0x1a][0xffffffdc][0xfffffff9][\n]"
19:31:00.577 [main] DEBUG org.apache.hc.client5.http.wire - http-outgoing-1 << "pf[0xffffffbb][0xfffffff6][0xfffffffa][0xffffff9d][0xffffffaf]S[0xffffffdd][0xfffffff9][0xffffff9a][0xffffffa5]5[0xffffffc8][0xffffffb5]'~[0xffffffe7][0xffffffeb]4[0xffffffb8][0xfffffff3]u[0xffffffc6][0xffffffcb]5[0xffffff89]8[0xffffff9f][0xffffffd8][0xffffff9d][0xffffffaf]s[0xffffffbf]PC[0xffffffba]V[0xffffffa0][0xffffff88][0xffffffb8]V[0x2][0xffffff89][0xffffffb8]V`[0xffffff99][0xffffffee][0xffffffda][0x0]g[0xffffffb2]k[0x3][0xffffffa2]/[0xffffffb8]V[0xffffffdd][0xfffffff9][0xffffff9a][0xffffffbd]Q[0xfffffffb][0x10]N[0xfffffffc][0xffffffce][0xffffffd7]ip[0xffffffe7][0xffffffeb][0xffffff8c][0xffffff97]k2q[0xffffffc6][0xffffffee]|[0xffffff9d][0xfffffffb][0xffffff85][0x1a][0xffffffd4][0xffffffb5]&w[0xffffffbe]$[0xffffff90][0xffffff8c]k[\r][0xffffffee]|[0x5]8[0xffffffb3]]{[0xfffffffd][0xffffffce][0xffffffd7][0xffffffa9][0xffffffee]|[0xffffffcd]qRw[0xffffffbe]N[0xfffffffc][0xffffffce][0xffffffd7]ip[0xffffffe7][0xffffffeb][0xffffff8c][0xffffff97]k2q[0xffffffc6][0xffffffee]|[0xffffff9d][0xfffffffb][0xffffff85][0x1a][0xffffffd4][0xffffffb5]&w[0xffffffbe]$[0xffffff90][0xffffff8c]k[\r][0xffffffee]|[0x5]8[0xffffffb3]]{[0xfffffffd][0xffffffce][0xffffffd7][0xffffffa9]v[0xffffff85][0xffffffcf][0xffffffb3]P[0xffffffb3][0xc]'[0xffffffbe]+[0xfffffffc]4[0xffffffd8][0x15]~[0xffffffc6][0xffffffa5][0xffffffcc][0xffffff99]8c[0xffffffbb][0xffffffc2][0xffffffcf]}[0x11]3[0xffffffea]Z[0xffffff93]][0xffffffe1][0x12]H[0xffffffc6][0xffffffb5][0x6][0xffffffbb][0xffffffc2][0x3][0xffffff9c][0xffffffd9][0xffffffae][0xffffffbd][0xffffffbe]+[0xfffffffc]T[0xfffffff7]k[0xffffffe7][0xfffffff9]8[0x1d][0xffffffe2]Z[0xfffffffc]~[0xffffffed]ip[0xffffffbf][0xfffffff6][0xffffff8c][0x17][0x19]3q[0xffffffc6][0xffffffee][0xffffffd7][0xffffff9e][0xfffffffb][0xffffffe5]E[0xffffffd4][0xffffffb5]&[0xfffffff7]k%[0xffffff90][0xffffff8c]k[\r][0xffffffee][0xffffffd7][0x6]8[0xffffffb3]]{[0xfffffffd]~[0xffffffed][0xffffffa9]v[0xffffff85][0xffffffcf]sa[0xffffffef][0x10][0xfffffff0]][0xffffffe1][0xffffffa7][0xffffffc1][0xffffffae][0xfffffff0]3.e[0xffffffce][0xffffffc4][0x19][0xffffffdb][0x15]~[0xffffffee][0xffffff8b][0xffffff98]Q[0xffffffd7][0xffffff9a][0xffffffec][\n]"
19:31:00.577 [main] DEBUG org.apache.hc.client5.http.wire - http-outgoing-1 << "[0xffffff97]@2[0xffffffae]5[0xffffffd8][0x15][0x1e][0xffffffe0][0xffffffcc]v[0xffffffed][0xfffffff5]][0xffffffe1][0xffffffa7][0xffffff9a]e[0xffffff98][0xffffffeb][0xffffff86][0xfffffffd]6[0xffffff86][0xffffffcf]2[0xffffff9c][0x6][0xffffffb3][0xc]g[0xffffffbc]4[0xffffff9e][0xffffff89]36[0xffffffcb]p[0xffffffee][0x17][0xffffffc5]Q[0xffffffd7][0xffffff9a][0xffffffcc]2H [0x19][0xffffffd7][0x1a][0xffffffcc]2[0x4]8[0xffffffb3]]{}[0xffffff96][0xffffffe1]T[0xffffffbb][0xffffffc2]W9[0xffffffa8]Y[0xffffff86][0x13][0xffffffdf][0x15]~[0x1a][0xffffffec][\n]"
19:31:00.577 [main] DEBUG org.apache.hc.client5.http.wire - http-outgoing-1 << "?[0xffffffe3]R[0xffffffe6]L[0xffffff9c][0xffffffb1]][0xffffffe1][0xffffffe7][0xffffffbe][0xffffff88][0x19]u[0xffffffad][0xffffffc9][0xffffffae]p[0x9]$[0xffffffe3]Z[0xffffff83]][0xffffffe1][0x1][0xffffffce]l[0xffffffd7]^[0xffffffdf][0x15]~N[0xffffffe5][0xffffffda][0xffffff86][0xffffffed]T|;[0xf][0xffffffec][0xffffffda]i[0xffffffe0][0xffffffda][0x19][0xffffffa0][0xffffffce][0xffffffc4]yb[0xffffffae][0xffffff9d]N[0xffffffae][0xffffff8d](2[0xffffffae]U@2[0xffffffae][0xffffff8d]X[0xffffffe6][0xffffffbb]v[0xffffff87]3[0xffffffdb][0xffffffb5];[0xffffffa2]/[0xffffffb8]V[0xffffffcd][0xffffff8d][0xffffffad][0xffffffb3]c][0xffffff8b][0xffffffcf][0xffffff8d][0xffffff9d][0x6]scg[0x1c][0xffffffd0][0xffffffc9][0xffffffc4][0x19][0xffffff9b][0x1b];[0xfffffff7][0xffffffa1][0x1c][0xffffffd4][0xffffffb5]&sc[0x12]H[0xffffffc6][0xffffffb5][0x6]sc[0x1][0xffffffce]l[0xffffffd7]^[0xffffff9f][0x1b][0xffffff9b]jnl-[0xffffffec][0xffffffb7][0xffffffb1][0xffffff89][0xffffffcf][0xffffff8d]M[0xffffff83][0xffffffb9][0xffffffb1][0x19][0x7]t[0x12]q[0xffffff9e][0xffffffd8][0xffffffdc][0xffffffd8][0xffffffdc][0xffffff87]rH[0xffffffd7][\n]"
19:31:00.577 [main] DEBUG org.apache.hc.client5.http.wire - http-outgoing-1 << "[0x14][0x11][0xffffffd7]J [0x11][0xffffffd7][\n]"
19:31:00.578 [main] DEBUG org.apache.hc.client5.http.wire - http-outgoing-1 << ",[0xffffffd3]][0x1b][0xffffffe0]Lvm@[0xfffffff4][0x5][0xffffffd7][0xffffff8a][0xffffffb9][0xffffffb1]u[0xffffffab][0xffffffb3]P[0xffffffae][0xffffffc5][0xffffffe7][0xffffffc6][0xffffffa6][0xffffffc1][0xffffffdc][0xffffffd8][0xffffff8c][0x3]:[0xffffff99]8cscs[0x1f][0xffffffca]A]k27&[0xffffff81]d\k07[0x16][0xffffffe0][0xffffffcc]v[0xffffffed][0xfffffff5][0xffffffb9][0xffffffb1])[0xffffffe6][0xffffffc6][0xffffffd6]m4j[0x7f][0xffffffed][0xffffffc4][0xffffffe7][0xffffffc6][0xffffffa6][0xffffffc1][0xffffffdc][0xffffffd8][0xffffff8c][0x3]:[0xffffff99]8cscs[0x1f][0xffffffca]A]k27&[0xffffff81]d\k07[0x16][0xffffffe0][0xffffffcc]v[0xffffffed][0xfffffff5][0xffffffb9][0xffffffb1]%[0xffffffe6][0xffffffc6]V[0xffffffe9][0xffffffab]A[0xffffffae]][0xfffffff8][0xffffffdc][0xffffffd8]2[0xffffff98][0x1b][q@'[0x11][0xffffffe7][0xffffff85][0xffffffcd][0xffffff8d][0xffffffad]}([0xffffff87]t[0xffffffad]@[0x11]q[0xffffffad][0x4][0x12]q[0xffffffad][0xffffffc0]2[0xffffffdd][0xffffffb5][0x1][0xffffffce]d[0xffffffd7][0x6]D_rm5sm[0xffffffc5]][[\r]\[Q[0xffffffd7]V[0xffffffcc][0xffffffb5][0xffffffd5][0xffffffc9][0xffffffb5];[0xffffff8a][0xffffff94]k#[0xffffff90][0xffffff94]kw,[0x9][0xffffffd7]V[0xffffffd8][0xffffffb5][0xfffffff5][0xffffffba]k[0x1f][0xfffffff7][0xffffffbb][0xffffff9c]d{L[0xffffffdc][0xffffffb6][0xfffffff7]#[0xfffffff0][0xffffffba][0xfffffffd]8[0x4][0xffffffe5][0xffffffdb][0xfffffffb][0xffffffe3])[0xffffffe1][0xffffffbe]?[0xffffffda][0xffffffc5][0xffffffb8][0xffffff81]GJ[0xffffffb9][0xffffff82]J[0xffffffca][0xffffffb9][0xffffff81]MB[0xffffffba][0x1b][0xffffffa1][0xfffffff9][0xffffffd6][0xffffffdd]8}I[0xffffffbb][0xffffff8f][0xffffffff]]8i[0xfffffff7][0xfffffffe][0xffffffbf]GZ[0xffffffbb][0xfffffff7]#[0xfffffff0][0xffffffda][0xfffffffd]8[0x4][0xffffffa5][0xffffffdd][0xfffffffb][0xffffffe3])[0xffffffed][0xffffffbe]?[0xffffffda]E[0xffffffbb][0xffffff81]GJ[0xffffffbb][0xffffff82]JJ[0xffffffbb][0xffffff81]MB[0xffffffbb][0x1b][0xffffffa1][0xfffffff9][0xffffffda][0xffffffdd]8}I[0xffffffbb][0xffffffbd][0xffffff99]i[0xffffffb7]7\[0xffffffbb][0xfffffff7]#[0xfffffff0][0xffffffda][0xfffffffd]8[0x4][0xffffffa5][0xffffffdd][0xfffffffb][0xffffffe3])[0xffffffed][0xffffffbe]?[0xffffffda]E[0xffffffbb][0xffffff81]GJ[0xffffffbb][0xffffff82]JJ[0xffffffbb][0xffffff81]MB[0xffffffbb][0x1b][0xffffffa1][0xfffffff9][0xffffffda][0xffffffdd]8}I[0xffffffbb][0xffffffa7][0xffffffdb][0xffffffaf]g'[0xffffffff][0xfffffff3][0xffffffd9][0xfffffffd][0x8][0xffffffbc]v?[0xe]Ai[0xfffffff7][0xffffffe4]~A;[0xffffffad]~B[0xb]<R[0xffffffda][0x15]TR[0xffffffda][\r]l[0x12][0xffffffda]=[0xffffffe9][0xffffff9f][0xffffffd1][0xffffffce][0xffffffd7][0x7f]G[[0xffffffef][0x7f]+v'[0xffffffac]J[0xffffffcc]=|[0xffffff9e][0xffffff87][0xffffff92][0xffffffee][0xffffff97][0x13]`[0xffffffce][0xffffffdd][0xffffffce][0xffffff90][0xffffffac][0xffffffdc]/OO6[0xffffffee][0xffffffaf][0xffffff9f][0xc][0xb][0xfffffff7])[0xffffff8a][0xffffffc9][0xffffffbe][0xfffffffd][0x1][0xffffff90][0xffffffc9][0xffffffba]}[0xffffff8a]e[0xffffffa2]m[0xffffff9f][0xffffffc0][0xffffff99]&[0xffffffdb]'[0xffffff88][0xffffffbe][0xffffffe0]Z1[0xffffffcf][0xffffffbb]Z[0x1b][0xfffffff9]s[0xf][0xffffff9f][0xffffffe7][0xffffff81]][0xffffff8b][0xffffffce][0xfffffff3]ng`\[0xb][0xffffffcc][0xfffffff3][0xfffffffe][0xfffffffa][0xffffffc9][0x1e][0xffffffae][0xffffffc5][0xffffffe7]y[0x7f][0x0]$[0xffffffe3]Zt[0xffffff9e][0xfffffff7][0x9][0xffffff9c][0xffffffd9][0xffffffae][0xffffffdd][0x11][0xfffffffd][0xffffffad][0xffffffae][0x1d][0xffffffb7][0xffffff9b][0xffffff98][0xffffffe7]][0xffffffad][0xffffff97][0xfffffffc][0xffffffdd][0x9][0xffffff9f][0xffffffe7]!][0xfffffffb]q[0x2][0xffffffd4][0xffffffb5]_[0xffffffce][0x0][0xffffffb8][0xfffffff6][0xffffffe3][0xffffffe9][0xffffff80]k?[0xffffff9f]l[0xffffffe0]Z[0xffffff89]"[0xffffffe0][0xffffffda]'@[0x2][0xffffffae][0xffffff95]X&[0xffffffbb]V[0xffffffc0][0xffffff99][0xffffffea]Z[0xffffff81][0xffffffe8][0xb][0xffffffae]U[0xfffffff3][0xffffffbc][0xffffffad]?^[0xffffffe7]"[0xffffffae][0x5][0xffffffe7]y[0xffffffbf][0xffffff9c][0xffffff80]v-4[0xffffffcf][0xfffffffb][0xffffffe5][0xffffffe9][0xffffff8c]k=[0xffffffe6]y[0xffffff9f][0xffffffa2][0xffffffc8][0xffffffb8][0xffffffd6]`[0xffffff9e][0xfffffff7])[0xffffff96][0xfffffff9][0xffffffae][0xffffffc5][0xffffffe6]y[0xffffff9f] [0xfffffffa][0xffffff82]k[0xffffffd5]<o[0x1b]\[0xffffffd7][0xffffff82][0xfffffff3][0xffffffbc]_N@[0xffffffbb][0x16][0xffffff9a][0xffffffe7][0xfffffffd][0xfffffff2]t[0xffffffc6][0xffffffb5][0x1e][0xfffffff3][0xffffffbc]OQd\k0[0xffffffcf][0xfffffffb][0x14][0xffffffcb]|[0xffffffd7]b[0xfffffff3][0xffffffbc]O[0x10]}[0xffffffc1][0xffffffb5]j[0xffffff9e][0xffffffb7][0xffffff9d]=[0xffffffff][0x1b][0xe][0xffffff9f][0xffffffe7][0xffffff81]][0xffffff8b][0xffffffce][0xfffffff3]ng`\[0xb][0xffffffcc][0xfffffff3][0xfffffffe][0xfffffffa][0xffffffc9][0x1e][0xffffffae][0xffffffc5][0xffffffe7]y[0x7f][0x0]$[0xffffffe3]Zt[0xffffff9e][0xfffffff7][0x9][0xffffff9c][0xffffffd9][0xffffffae][0xffffffbd]2[0xffffffcf][0xfffffffb][0xfffffff1][0xffffffa7][0xffffffe2];[0xffffff90][0xffffffab][0xffffffad][0xffffffce][0xffffffdc]Cx?[0xf][0xffffffec]Z[0xfffffff4];[0xffffff90][0xffffffdb][0x19][0x18][0xffffffd7][0x2][0xffffffdf][0xffffff81][0xfffffffc][0xfffffff5][0xffffff93]=\[0xffffff8b][0x7f][0x7][0xfffffff2][0x7]@2[0xffffffae]E[0xffffffbf][0x3][0xfffffff9][0x4][0xffffffce]l[0xffffffd7]^[0xfffffff9][0xe][0xffffffe4][0xffffffc7][0xffffff9f][0xffffff8a][0xffffffef]@[0xffffffae]^[0x16]s[0xf][0xffffffe1][0xfffffffd]<[0xffffffb0]k[0xffffffd1][0xffffffef]@ng`\[0xb]|[0x7][0xfffffff2][0xffffffd7]O[0xfffffff6]p-[0xfffffffe][0x1d][0xffffffc8][0x1f][0x0][0xffffffc9][0xffffffb8][0x16][0xfffffffd][0xe][0xffffffe4][0x13]8[0xffffffb3]]{[0xffffffe5];[0xffffff90][0x1f][0x7f][0xffffffaa][0xffffffee][0xffffffd7][0xfffffff6]9[0xf][0xffffffca][0xffffffb5][0xfffffff0][0xfffffffd][0xffffffda][0xffffff8f][0x13][0xffffffd0][0xffffffae][0x5][0xffffffef][0xffffffd7]~<[0xffffff9d]q[0xffffffad][0xffffffcf][0xfffffffd]Z[0xffffff89]"[0xffffffe3]Z[0xffffff93][0xfffffffb][0xffffffb5][0x12][0xffffffcb]|[0xffffffd7][0xffffffa2][0xfffffff7]k[0x5][0xffffffa2]/[0xffffffb8]v[\n]"
19:31:00.578 [main] DEBUG org.apache.hc.client5.http.wire - http-outgoing-1 << "[0xffffffd7][0xffffff8e]cT[0xffffffca][0xffffffb5][0x13]w[0xffffffed]4p[0xffffffed][0xc]Pg[0xffffffe2]<1[0xffffffd7]N'[0xffffffd7]F[0x14][0x19][0xffffffd7]* [0x19][0xffffffd7]F,[0xfffffff3]][0xffffffbb][0xffffffc3][0xffffff99][0xffffffed][0xffffffda][0x1d][0xffffffd1][0xffffffdf][0xffffffee][0xffffffda]C[0xffffffb9]v[0xffffff96][0xffffffd9] [0xffffffd7][0x1e][0xffffffb8]k[0xf][0x3][0xffffffd7][0x1e][0x11][0xffffffea]D[0xffffff9c][0xf][0xffffffcc][0xffffffb5][0xffffffc7][0xe]2[0xffffffe9]Z[0xffffff81]"[0xffffffe2]Z[0x9]$[0xffffffe2]Z[0xffffff81]e[0xffffffba]k[0x3][0xffffff9c][0xffffffc9][0xffffffae][\r][0xffffff88][0xffffffbe][0xffffffe4][0xffffffda]f[0xffffffe6]Zl[0x1f][0xffffffcd][0xffffff97][0x13][0xfffffff0][0xffffffae]E[0xffffffb6][0xffffffd1]|y:[0xffffffe5]Z[0xffffff87]]4OQ[0xffffffa4]\[0xffffff8b]o[0xffffffa2]y[0xffffff8a]%[0xffffffe1]Zh[0xf][0xffffffcd][0x13]D[0x7f][0xffffffbb]k[0xffffffcb][0xffffffed][0xffffff97][0x12]][0xffffffbb][\n]"
19:31:00.578 [main] DEBUG org.apache.hc.client5.http.wire - http-outgoing-1 << "u[0xf][0xffffffe1][0xffffffed]<[0xffffffac]k[0x1f]'[0xffffff80]][0xfffffffb][0xfffffffd][0xc][0xffffff88]k[0x1f]OG\[0xfffffffb][0xffffffed][0xffffffc9][0x16][0xffffffae][0x15]("[0xffffffae][0xffffff95]@"[0xffffffae][0x15]X[0xffffffa6][0xffffffbb]6[0xffffffc0][0xffffff99][0xffffffec][0xffffffda][0xffffff80][0xffffffe8][0xb][0xffffffae]U[0xffffffb3][0xc][0xffffffab][0xffffff9d][0xffffffd4],C[0xffffffc1]g[0x19][0xffffff8a][0xffffffc1],C[0xffffff89][0xffffff97][0xffffffc6]3q[0xffffffc6]f[0x19][0xffffffca]~Q[0x1c]u[0xffffffad][0xffffffc9],[0xffffff83][0x4][0xffffff92]q[0xffffffad][0xffffffc1],C[0xffffff80]3[0xffffffdb][0xffffffb5][0xffffffd7]g[0x19][0xffffff8a][0xffffff9a]eX[0xffffffb3]P[0xffffffb3][0xc][0x5][0xffffff9f]e([0x6][0xffffffb3][0xc]%^[0x1a][0xffffffcf][0xffffffc4][0x19][0xffffff9b]e([0xfffffffb]Eq[0xffffffd4][0xffffffb5]&[0xffffffb3][0xc][0x12]H[0xffffffc6][0xffffffb5][0x6][0xffffffb3][0xc][0x1][0xffffffce]l[0xffffffd7]^[0xffffff9f]e(q[0xffffff96][0xffffffa1][0xffffffdc]n[0xffffffb7]E[0xffffffed]C([0xfffffff8],C1[0xffffff98]e([0xfffffff1][0xffffffd2]x&[0xffffffce][0xffffffd8],C[0xffffffd9]/[0xffffff8a][0xffffffa3][0xffffffae]5[0xffffff99]e[0xffffff90]@2[0xffffffae]5[0xffffff98]e[0x8]pf[0xffffffbb][0xfffffff6][0xfffffffa],C[0x19][0xffffffca][0xffffffb5][0xffffffa3]N[0xffffffca][0xffffffb5][0x3]w[0xffffffed]0p[0xffffffed][0x8]Pg[0xffffffe2]<0[0xffffffd7][0xe]'[0xffffffd7]F[0x14][0x19][0xffffffd7]* [0x19][0xffffffd7]F,[0xfffffff3]][0xffffffbb][0xffffffc3][0xffffff99][0xffffffed][0xffffffda][0x1d][0xffffffd1][0x17]\[0x1b]g[0x19][0xffffffde]\;[0xffffffa9][0xffffffb9][0xffffffb1][0xffffff82][0xffffffcf]2[0x14][0xffffff83]Y[0xffffff86][0x12]/[0xffffff8d]g[0xffffffe2][0xffffff8c][0xffffffcd]2[0xffffff94][0xfffffffd][0xffffffa2]8[0xffffffea]Z[0xffffff93]Y[0x6][0x9]$[0xffffffe3]Z[0xffffff83]Y[0xffffff86][0x0]g[0xffffffb6]k[0xffffffaf][0xffffffcf]2[0xffffff94]x[0xffffffbf][0xfffffff6][0xffffffee][0xffffffda][0xffffff93]{_[0xffffff8b][0xffffffdf][0xffffffaf]-[0x6][0xfffffff7]kK[0xffffffbc][0xffffffc8][0xffffff98][0xffffff89]3v[0xffffffbf][0xffffffb6][0xffffffec][0xffffff97][0x17]Q[0xffffffd7][0xffffff9a][0xffffffdc][0xffffffaf][0xffffff95]@2[0xffffffae]5[0xffffffb8]_[0x1b][0xffffffe0][0xffffffcc]v[0xffffffed][0xfffffff5][0xfffffffb][0xffffffb5]eI[0xffffffd7]b3[0xffffffba]o[0xffffffe7][0xffffff81]][0xffffffbb][0xc]\[0xffffffbb][0x2][0xffffffd4][0xffffff99]8/[0xffffffcc][0xffffffb5][0xffffffcb][0xffffffc9][0xffffffb5][0x11]E[0xffffffc6][0xffffffb5][\n]"
19:31:00.579 [main] DEBUG org.apache.hc.client5.http.wire - http-outgoing-1 << "H[0xffffffc6][0xffffffb5][0x11][0xffffffcb]|[0xffffffd7][0xffffffee]pf[0xffffffbb]vG[0xfffffff4][0xffffffb7][0xffffffbb][0xffffffb6][0xffffffb6]_jp[0xffffffed][0xffffffb1][0xffffffce][0x6][0xffffffb9][0xfffffff6][0xffffffed]<[0xffffffac]k[0x1f]'[0xffffff80]][0xfffffffb][0xfffffffd][0xc][0xffffff88]k[0x1f]OG\[0xfffffffb][0xffffffed][0xffffffc9][0x16][0xffffffae][0x15]("[0xffffffae][0xffffff95]@"[0xffffffae][0x15]X[0xffffffa6][0xffffffbb]6[0xffffffc0][0xffffff99][0xffffffec][0xffffffda][0xffffff80][0xffffffe8][0xb][0xffffffae]U[0xffffffbf][0xffffff8d][0xffffff95]~[0xe][0xffffffca][0xffffffb5][0xfffffff8]oc[0xffffffd5][0xffffffe0][0xffffffb7][0xffffffb1][0x1a][0x7f][0xffffff84][0xffffffc8][0xffffffc4][0x19][0xfffffffb]m[0xffffffac][0xffffffee]?<[0xffffffa0][0xffffffae]5[0xfffffff9]mL[0x2][0xffffffc9][0xffffffb8][0xffffffd6][0xffffffe0][0xffffffb7][0xffffffb1][0x0]g[0xffffffb6]k[0xffffffaf][0xffffffff]6V[0xffffff97]pm[0xffffffed]7j[0xfffffff7][0xffffffcc][0xffffffdb]y`[0xffffffd7].[0xffffff81]v6[0xffffffd4]+@[0xffffff9d][0xffffff89][0xfffffff3][0xffffffc2]\[0xffffffbb][0xffffff9c]\[0x1b]Qd\[0xffffffab][0xffffff80]d\[0x1b][0xffffffb1][0xffffffcc]w[0xffffffed][0xe]g[0xffffffb6]kwD[0x7f][0xffffffbb]k[[0xfffffffc][0xffffffb6][0xffffffe3][0xffffffdd][0xffffffb5]cP[0xffffffef]k[0x1b][0xfffffffe]m[0xffffffc7]f[0xfffffff0]m[0xffffffc7][0x16]?[0xffffffa2][0xffffff97][0xffffff88]s[0xffffffc3][0xffffffbe][0xffffffed][0xffffffd8][0xfffffff6][0xf][0xffffffe7][0xffffff91][0xffffffae][0x15]("[0xffffffae][0xffffff95]@"[0xffffffae][0x15]X[0xffffffa6][0xffffffbb]6[0xffffffc0][0xffffff99][0xffffffec][0xffffffda][0xffffff80][0xffffffe8][0xb][0xffffffae][0xffffff8d][0xffffffdf]v[0xffffffbc][0xffffffbb][0xfffffff6]<[0xffffffa8][0x19][0xffffffdd][0xffffff86][0x7f][0xffffffdb][0xffffffb1][0x19]|[0xffffffdb][0xffffffb1][0xffffffc5][0xffffff8f][0xffffffe8]e[0xffffffe2][0xffffff8c]}[0xffffffdb][0xffffffb1][0xffffffed][0x1f][0xffffffce]C]k[0xfffffff2]mG[0x9]$[0xffffffe3]Z[0xffffff83]o;[0x6]8[0xffffffb3]]{[0xfffffffd][0xffffffdb][0xffffff8e]-[0xffffffee]Cxsm[0xffffffa7]f[0x19][0x1a][0xffffffbe][0xf][0xffffffa1][0x19][0xffffffec]Chq[0xfffffff0]<[0x13]gl[0x1f]B[0xffffffdb][0xffffff87][0xffffffcd]Q[0xffffffd7][0xffffff9a][0xffffffec]C[0xffffff90]@2[0xffffffae]5[0xffffffd8][0xffffff87][0x10][0xffffffe0][0xffffffcc]v[0xffffffed][0xfffffff5]}[0x8]M[0xffffffcd][0xffffffe8][0xffffffd6]9[0xffffffa8]=_[\r][0xffffff9f][0xffffffd1]m[0x6]3[0xffffffba]-[0xe]Cf[0xffffffe2][0xffffff8c][0xffffffcd][0xffffffe8][0xffffffb6]}[0x0][0x12]u[0xffffffad][0xffffffc9][0xffffff8c][0xffffffae][0x4][0xffffff92]q[0xffffffad][0xffffffc1][0xffffff8c]n[0xffffff80]3[0xffffffdb][0xffffffb5][0xffffffd7]gt[[0xfffffffc][0xffffffde]X[0xffffffb9][0xffffffbb][0xffffffbb]Rsc[\r][0xffffffff][0xffffffde]X3[0xfffffff8][0xffffffde]X[0xffffff8b][0x1f]v[0xffffffca][0xffffffc4][0x19][0xfffffffb][0xffffffde]X[0xffffffdb]?[0xffffffe6][0xffffff84][0xffffffba][0xffffffd6][0xffffffe4]{c[0x12]H[0xffffffc6][0xffffffb5][0x6][0xffffffdf][0x1b][0xb]pf[0xffffffbb][0xfffffff6][0xfffffffa][0xfffffff7][0xffffffc6][0xffffffee][0x7f]:[0xffffffcc]\;p[0xffffffd7][0xe][0x3][0xffffffd7][0xe][0xffffffd4][0xffffffb5][0x3]s[0xffffffed]pr[0xffffffed][0xffffff8e]"[0xffffffe5][0xffffffda][0x8]$[0xffffffe5][0xffffffda][0x1d]K[0xffffffc2][0xffffffb5][0x3]v[0xffffffed][0xffffffb8][0xffffffee][0xffffffda]e[0xffffffe6][0xffffffda][0xffffff85][0xffffffbb]v[0x19][0xffffffb8]v[0xffffffa1][0xffffffae]][0xffffff98]k[0xffffff97][0xffffff93]kw[0x14])[0xffffffd7]F )[0xffffffd7][0xffffffee]X[0x12][0xffffffae]][0xffffffb0]k[0xffffffd7]u[0xffffffd7][0xffffff96][0xffffffc3]L[0xffffffb6][0xffffffe5][0xffffffc0]m{?[0x2][0xffffffaf][0xffffffdb][0xffffff8f]CP[0xffffffbe][0xffffffbd]?[0xffffff9e][0x12][0xffffffee][0xfffffffb][0xffffffa3]][0xffffff8c][0x1b]x[0xffffffa4][0xffffff94]+[0xffffffa8][0xffffffa4][0xffffff9c][0x1b][0xffffffd8]$[0xffffffa4][0xffffffbb][0x11][0xffffff9a]o[0xffffffdd][0xffffff8d][0xffffffd3][0xffffff97][0xffffffb4][0xffffffdb][0xffffffdd][0x1a][0xffffffb7][0xfffffff3][0xffffff91][0xffffffdb][0x1d]*[0xffffffb7][0xffffffb3][0xffffff99][0xffffffdb][0xffffffb9][0xffffffce][0xffffffed]V[0xffffffa1][0x1b]x[0xffffffa4][0xffffffb4]+[0xffffffa8][0xffffffa4][0xffffffb4][0x1b][0xffffffd8]$[0xffffffb4][0xffffffdb][0xffffffe9][0xffffffd8][0xffffffed]?Q[0xffffffbb][0xffffffc7][0xffffffad][0xffffff9b]y[0xfffffff7]~"\[0xffffffbc]og[0xffffffe0][0xffffffcd][0xfffffffb][0xffffffed][0x14][0xffffff94]z[0xffffffdf][0xffffff9e]O[0xffffffb9][0xfffffff7][0xffffffe3][0xffffffd9].[0xfffffff2][0xffffff8d]PR[0xfffffff6]UhR[0xfffffffa][0xffffff8d][0xffffff80][0x12][0xfffffffe][0xffffffdd]1[0xffffffcd][0x17][0xfffffff0][0xe][0xffffffeb]o0p[0xffffffb9][0xffffffbd][0xffffffff][0xffffffb1][0xffffffda][0xffffff9d][0xffffffd0][0xffffffd6][0xffffff91][0xffffffbe];[0xffffffe1][0xffffffcb]y [0xfffffffb]~=[0x1][0xffffffe5][0xffffffde][0xfffffffd][0xc][0xffffffb9][0xffffffe6][0xfffffffd][0xfffffffa][0xfffffff4]\[0xffffffef]nOf[0xffffffad][0xfffffffb][0x1c][0xffffffc5]\[0xffffffe7][0xfffffffe][0x8][0xffffffc8]\[0xffffffe3]>[0xffffffc7]2[0xffffffcf][0xffffffb7][0xffffffcf][0xffffffe0][0xffffffcc][0xffffffb2][0xffffffed]3D_p[0xffffffad][0xffffffda]u[0xffffffdb][0xfffffffb]J[0xffffffdf][0xffffff9d][0xfffffff0][0xffffffe5]<[0xffffffb0]k[0xffffffc9]][0xffffffb7][0xfffffffb][0x19][0x18][0xffffffd7][0xffffffe6][0xffffffef][0xffffffba][0xffffffdd][0xffffff9e][0xffffffec][0xffffffe1]Zz[0xffffffd7][0xffffffed][0xffffff8f][0xffffff80]d\K[0xffffffee][0xffffffba]}[0x6]g[0xffffffb6]k/[0xffffffec][0xffffffba][0xfffffffd][0xfffffff6][0xffffffa7]K[0xffffffb9]v[0xffffffde][0xffffffd2][0xffffffe7][0x1e][0xffffffbe][0xffffff9c][0x7]v[0xffffffed]2p[0xffffffed][\n]"
19:31:00.579 [main] DEBUG org.apache.hc.client5.http.wire - http-outgoing-1 << "Pg[0xffffffe2][0xffffffbc]0[0xffffffd7].'[0xffffffd7]F[0x14][0x19][0xffffffd7]* [0x19][0xffffffd7]F,[0xfffffff3]][0xffffffbb][0xffffffc3][0xffffff99][0xffffffed][0xffffffda][0x1d][0xffffffd1][0xffffffdf][0xffffffee][0xffffffda]~[0x13][0xffffffae][0x1d][0xffffffc7]H[0xffffffdf][0xffffff9d][0xfffffff0][0xffffffe5]<[0xffffffac]k[0x1f]'[0xffffff80]][0xfffffffb][0xfffffffd][0xc][0xffffff88]k[0x1f]OG\[0xfffffffb][0xffffffed][0xffffffc9][0x16][0xffffffae][0x15]("[0xffffffae][0xffffff95]@"[0xffffffae][0x15]X[0xffffffa6][0xffffffbb]6[0xffffffc0][0xffffff99][0xffffffec][0xffffffda][0xffffff80][0xffffffe8][0xb][0xffffffae]U{jFm[0xffffffe9];[0xffffffc1][0xffffffbe][0xffffff9c][0x7]v-[0xffffffb9][0xffffffa7]f?[0x3][0xffffffe3][0xffffffda][0xfffffffc]=5[0xffffffdb][0xffffff93]=\K[0xffffffef][0xffffffa9][0xfffffff9][0x11][0xffffff90][0xffffff8c]k[0xffffffc9]=5[0xffffffcf][0xffffffe0][0xffffffcc]v[0xffffffed][0xffffff85]=5[0xffffff9f][0x7f]Z[0xffffffcc]\[p[0xffffffd7][0x16][0x3][0xffffffd7][0x16][0xffffffd4][0xffffffb5][0x5]smqr[0xffffffed][0xffffff8e]"[0xffffffe5][0xffffffda][0x8]$[0xffffffe5][0xffffffda][0x1d]K[0xffffffc2][0xffffffb5][0x5]vm[0xffffffb9][0xffffffea]Z[0xffffffb5];a[0xffffffcc][0xffffff99][0xffffffbe][0x13][0xffffffec][0xffffffcb]y`[0xffffffd7][0xffffff92][0xffffffbb][0x13][0xfffffff6]30[0xffffffae][0xffffffcd][0xffffffdf][0xffffff9d][0xffffffb0]=[0xffffffd9][0xffffffc3][0xffffffb5][0xfffffff4][0xffffffee][0xffffff84][0x1f][0x1][0xffffffc9][0xffffffb8][0xffffff96][0xffffffdc][0xffffff9d][0xfffffff0][0xc][0xffffffce]l[0xffffffd7]^[0xffffffd8][0xffffff9d][0xfffffff0][0xffffffed]O[0xffffffd5][0xfffffff7][0xffffffcd][0xffffffcf][o[0xffffff94]k[0xffffffb9][0xffffffef][0xffffff9b][0x7f]=[0x1][0xffffffed]Z[0xffffffe6][0xfffffffb][0xffffffe6]_[0xffffff9f][0xffffffce][0xffffffb8][0xffffffd6][0xffffffe2][0xfffffffb][0xffffffe6][0xffffffcf]Qd\[0xffffffcb][0x7f][0xffffffdf][0xfffffffc]9[0xffffff96][0xfffffff9][0xffffffae][0xffffffa5][0xffffffbe]o[0xfffffffe][0xc][0xffffffd1][0xffffffdf][0xffffffee][0xffffffda][0xffffffa1][0xffffffde][0xffffffd7][0xffffffce]cQ[0xffffffae][0x1d][0xfffffff8][0xfffffffb][0xffffffda]a[0xfffffff0][0xffffffbe]v[0xffffffc4][0x17]c[0xffffff89]8[0xf][0xffffffec]}[0xffffffed][0xffffffd8]_[0xffffff86][0xffffff91][0xffffffae][0x15]("[0xffffffae][0xffffff95]@"[0xffffffae][0x15]X[0xffffffa6][0xffffffbb]6[0xffffffc0][0xffffff99][0xffffffec][0xffffffda][0xffffff80][0xffffffe8][0xb][0xffffffae]-[0xffffffe2]}[0xffffffed][0xffffffec][0xffffff83]z[0xffffff87][0xfffffff0]v[0x1e][0xffffffd8][0xffffffb5][0xffffff85][0x7f]_[0xfffffffb][0xfffffffd][0xc][0xffffff8c]k[0xb][0xfffffff5][0xffffffbe][0xfffffff6][0xffffffdb][0xffffff93]=\[0x1b]Qd\[0xffffffab][0xffffff80]d\[0x1b][0xffffffb1][0xffffffcc]w[0xffffffed][0xe]g[0xffffffb6]kwD_p[0xffffffad]z_[0xffffffbb][0xffffffda][0xffffff8d][0xfffffffa]ml[0xffffffe0][0xffffffef]k[0xffffff87][0xffffffc1][0xfffffffb][0xffffffda][0x11]_[0xffffff8c]e[0xffffffe2][0xffffff8c][0xffffffbd][0xffffffaf][0x1d][0xfffffffb][0xffffffcb]0[0xffffffd4][0xffffffb5]&[0xffffffef]k%[0xffffff90][0xffffff8c]k[\r][0xffffffde][0xffffffd7][0x6]8[0xffffffb3]]{[0xfffffffd]}[0xffffffed]P3[0xffffffba][0xffffffeb][0xffffffcc][0xffffffdf][0xffffff91][0xfffffff0][0xffffffe5]<[0xffffffb0]k[\r]ftG[0x1c][0xffffff86][0xffffffcc][0xffffffc4][0x19][0xffffff9b][0xffffffd1][0x1d][0xfffffffb][0x0]$[0xffffffea]Z[0xffffff93][0x19]][0x9]$[0xffffffe3]Z[0xffffff83][0x19][0xffffffdd][0x0]g[0xffffffb6]k[0xffffffaf][0xffffffcf][0xffffffe8][0xe][0xfffffff5][0xffffffdb][0xffffffd8][0xffffff9a][0xffffffc7][0xffffff8d]r-[0xfffffffe][0xffffffdb][0xffffffd8]0[0xfffffff8]ml[0xffffffc4][0x1f]!2q[0xffffffc6]~[0x1b][0x1b][0xfffffffb][0xf][0xf][0xffffffa8]kM~[0x1b][0xffffff93]@2[0xffffffae]5[0xfffffff8]m,[0xffffffc0][0xffffff99][0xffffffed][0xffffffda][0xffffff9f][0xfffffff8]mL[0xffffffed]CX[0xfffffff3]q:[0xffffffc4][0xffffffb5][0xfffffff8]>[0xffffff84]a[0xffffffb0][0xf]a[0xffffffc4][0xffffffc1][0xfffffff3]L[0xffffff9c][0xffffffb1]}[0x8]c[0x1f]6G]k[0xffffffb2][0xf]A[0x2][0xffffffc9][0xffffffb8][0xffffffd6]`[0x1f]B[0xffffff80]3[0xffffffdb][0xffffffb5][0xffffffd7][0xfffffff7]![0xc][0xffffffb5][0xf]a[0xffffffad][0x3]{[0xffffff87][0xffffff80][0xffffffef]C[0x18][0x6][0xfffffffb][0x10]F[0x1c]<[0xffffffcf][0xffffffc4][0x19][0xffffffdb][0xffffff87]0[0xfffffff6]as[0xffffffd4][0xffffffb5]&[0xfffffffb][0x10]$[0xffffff90][0xffffff8c]k[\r][0xfffffff6]![0x4]8[0xffffffb3]]{}[0x1f][0xffffffc2]y[0xffffff93][0xffffffae]=[0xffffffa9]=_o[0xffffffe7]a][0xfffffffb]8[0x1][0xffffffec][0xffffffda][0xffffffef]g@\[0xfffffffb]x:[0xffffffe2][0xffffffda]oO[0xffffffb6]p[0xffffffad]@[0x11]q[0xffffffad][0x4][0x12]q[0xffffffad][0xffffffc0]2[0xffffffdd][0xffffffb5][0x1][0xffffffce]d[0xffffffd7][0x6]D_p[0xffffffad][0xffffffb8]_{[0xffffffdc][0xffffff8e]N[0xffffffed][0xfffffff9]:[0xfffffff1][0xfffffffb][0xffffffb5][0xffffffa7][0xffffffc1][0xfffffffd][0xffffffda]3^d[0xffffffcc][0xffffffc4][0x19][0xffffffbb]_{[0xffffffee][0xffffff97][0x17]Q[0xffffffd7][0xffffff9a][0xffffffdc][0xffffffaf][0xffffff95]@2[0xffffffae]5[0xffffffb8]_[0x1b][0xffffffe0][0xffffffcc]v[0xffffffed][0xfffffff5][0xfffffffb][0xffffffb5]gQ[0xffffffae][0xffffffed][0xffffff93][0xffffffda][0x15][0xfffffffe]v[0x1e][0xffffffd8][0xffffffb5][0xffffffc5][0xffffffc0][0xffffffb5]%@[0xffffff9d][0xffffff89]s[0xffffffc1]\[[0xffffff9c]\[0x1b]Qd\[0xffffffab][0xffffff80]d\[0x1b][0xffffffb1][0xffffffcc]w[0xffffffed][0xe]g[0xffffffb6]kwD_pmU[0xffffffae]=[0xffffffb1]][0xffffffe1]o[0xffffffe7][0xffffff81]][[\r]\[[0x3][0xffffffd4][0xffffff99]8W[0xffffffcc][0xffffffb5][0xffffffd5][0xffffffc9][0xffffffb5][0x11]E[0xffffffc6][0xffffffb5][\n]"
19:31:00.579 [main] DEBUG org.apache.hc.client5.http.wire - http-outgoing-1 << "H[0xffffffc6][0xffffffb5][0x11][0xffffffcb]|[0xffffffd7][0xffffffee]pf[0xffffffbb]vG[0xfffffff4][0x5][0xffffffd7][0xffffff8a]Y[0xffffff86][0xffffffe3]h[0xffffffdc][0xfffffffb]Z|[0xffffff96][0xffffffe1]4[0xffffff98]e8[0xffffffe3][0xffffffa5][0xfffffff1]L[0xffffff9c][0xffffffb1]Y[0xffffff86]s[0xffffffbf]([0xffffff8e][0xffffffba][0xffffffd6]d[0xffffff96]A[0x2][0xffffffc9][0xffffffb8][0xffffffd6]`[0xffffff96]![0xffffffc0][0xffffff99][0xffffffed][0xffffffda][0xffffffeb][0xffffffb3][0xc][0xffffffa7][0xffffffb8]_{[0xffffffff][0xffffffef][0x1d][0xffffffd4][0xffffff8c][0xffffffee][0xffffff89][0xffffffdf][0xffffffaf]=[\r][0xffffffee][0xffffffd7][0xffffff9e][0xfffffff1]"c&[0xffffffce][0xffffffd8][0xfffffffd][0xffffffda]s[0xffffffbf][0xffffffbc][0xffffff88][0xffffffba][0xffffffd6][0xffffffe4]~[0xffffffad][0x4][0xffffff92]q[0xffffffad][0xffffffc1][0xfffffffd][0xffffffda][0x0]g[0xffffffb6]k[0xffffffaf][0xffffffdf][0xffffffaf]=[0xffffffc5][0xfffffffd][0xffffffda][0xffffffa3][0xfffffff4][0xffffffa3]Q[0xffffffae][0xffffffc5][0xffffffef][0xffffffd7][0xffffff9e][0x6][0xfffffff7]k[0xffffffcf]x[0xffffff91]1[0x13]g[0xffffffec]~[0xffffffed][0xffffffb9]_^D]kr[0xffffffbf]V[0x2][0xffffffc9][0xffffffb8][0xffffffd6][0xffffffe0]~m[0xffffff80]3[0xffffffdb][0xffffffb5][0xffffffd7][0xffffffef][0xffffffd7][0xffffff9e][0xffffffe2]~[0xffffffed]Q[0xffffffce][0xffffffa3]S[0xffffffae][0xffffffc5][0xffffffef][0xffffffd7][0xffffff9e][0x6][0xfffffff7]k[0xffffffcf]x[0xffffff91]1[0x13]g[0xffffffec]~[0xffffffed][0xffffffb9]_^D]kr[0xffffffbf]V[0x2][0xffffffc9][0xffffffb8][0xffffffd6][0xffffffe0]~m[0xffffff80]3[0xffffffdb][0xffffffb5][0xffffffd7][0xffffffef][0xffffffd7][0xffffffce][0xffffff9b]pm[0xffffffbd]u[0xffffffea]{co[0xffffffe7]a][0xfffffffb]8[0x1][0xffffffec][0xffffffda][0xffffffef]g@\[0xfffffffb]x:[0xffffffe2][0xffffffda]oO[0xffffffb6]p[0xffffffad]@[0x11]q[0xffffffad][0x4][0x12]q[0xffffffad][0xffffffc0]2[0xffffffdd][0xffffffb5][0x1][0xffffffce]d[0xffffffd7][0x6]D_p[0xffffffad][0xffffffba]_[o[0xffffff8b][0xffffffba]_;[0xfffffff1][0xfffffffb][0xffffffb5][0xffffffd3][0xffffffe0]~[0xffffffed][0xffffff8c][0x17][0x19]3q[0xffffffc6][0xffffffee][0xffffffd7][0xffffffce][0xfffffffd][0xfffffff2]"[0xffffffea]Z[0xffffff93][0xfffffffb][0xffffffb5][0x12]H[0xffffffc6][0xffffffb5][0x6][0xfffffff7]k[0x3][0xffffff9c][0xffffffd9][0xffffffae][0xffffffbd]~[0xffffffbf]v[0xffffffaa][0xfffffffb][0xffffffb5][0xfffffff5][0x18][0xffffff98]k[0xfffffff1][0xfffffffb][0xffffffb5][0xffffffd3][0xffffffe0]~[0xffffffed][0xffffff8c][0x17][0x19]3q[0xffffffc6][0xffffffee][0xffffffd7][0xffffffce][0xfffffffd][0xfffffff2]"[0xffffffea]Z[0xffffff93][0xfffffffb][0xffffffb5][0x12]H[0xffffffc6][0xffffffb5][0x6][0xfffffff7]k[0x3][0xffffff9c][0xffffffd9][0xffffffae][0xffffffbd]~[0xffffffbf]v6[0xffffffe5][0xffffffda]2[0xffffffa8]}[0x8]o[0xffffffe7][0xffffff81]][0xffffffdb][0xc]\[0xffffffdb][0x2][0xffffffd4][0xffffff99]87[0xffffffcc][0xffffffb5][0xffffffcd][0xffffffc9][0xffffffb5][0x11]E[0xffffffc6][0xffffffb5][\n]"
19:31:00.579 [main] DEBUG org.apache.hc.client5.http.wire - http-outgoing-1 << "H[0xffffffc6][0xffffffb5][0x11][0xffffffcb]|[0xffffffd7][0xffffffee]pf[0xffffffbb]vG[0xfffffff4][0x5][0xffffffd7][0xffffff8a][0xfffffffd][0xffffffb5]G[0xffffff9d][0x13]s-[0xffffffbe][0xffffffbf]v[0x1a][0xffffffec][0xffffffaf][0xffffff9d]qQh&[0xffffffce][0xffffffd8][0xfffffffe][0xffffffda][0xffffffb9]/[0x7]E]k[0xffffffb2][0xffffffbf]V[0x2][0xffffffc9][0xffffffb8][0xffffffd6]`[0x7f]m[0xffffff80]3[0xffffffdb][0xffffffb5][0xffffffd7][0xfffffff7][0xffffffd7]Nu[0xffffffbf][0xffffffb6][0x1d][0xffffffd8][0xfffffffd][0xffffffda][0xffffff89][0xffffffdf][0xffffffaf][0xffffff9d][0x6][0xfffffff7]kg[0xffffffbc][0xffffffc8][0xffffff98][0xffffff89]3v[0xffffffbf]v[0xffffffee][0xffffff97][0x17]Q[0xffffffd7][0xffffff9a][0xffffffdc][0xffffffaf][0xffffff95]@2[0xffffffae]5[0xffffffb8]_[0x1b][0xffffffe0][0xffffffcc]v[0xffffffed][0xfffffff5][0xfffffffb][0xffffffb5]s[0xffffffc6][0xffffffef][0xffffff8d][0x1d][0xffffffad]?N[0xffffff87][0xffffffb8]v[0xffffffd2][0xffffffdf][0x1b]{[0xffffff9c][0xffffff80]v[0xffffffed][0xc][0x1f]v[0xffffffca][0xffffffc4]yR[0xffffffdf][0x1b][0xfffffffb][0xfffffff6]d[0xf][0xffffffd7]F[0x14][0x19][0xffffffd7]* [0x19][0xffffffd7]F,[0xfffffff3]][0xffffffbb][0xffffffc3][0xffffff99][0xffffffed][0xffffffda][0x1d][0xffffffd1][0x17]\[0xffffffab][0xffffffee][0xffffffd7][0xffffffb6][0xffffff93][0xfffffffb]m[0xc][0xffffffbf]_;[\r][0xffffffee][0xffffffd7][0xffffffce]x[0xffffff91]1[0x13]g[0xffffffec]~[0xffffffed][0xffffffdc]//[0xffffffa2][0xffffffae]5[0xffffffb9]_+[0xffffff81]d\kp[0xffffffbf]6[0xffffffc0][0xffffff99][0xffffffed][0xffffffda][0xffffff9f][0xffffffb8]_[0xffffffbb]~[0xffffffa9]f[0xffffffae][0xffffffad][0xffffffb8]k[0xffffffab][0xffffff81]k+[0xffffffea][0xffffffda][0xffffff8a][0xffffffb9][0xffffffb6]:[0xffffffb9]vG[0xffffff91]rm[0x4][0xffffff92]r[0xffffffed][0xffffff8e]%[0xffffffe1][0xffffffda][\n]"
19:31:00.580 [main] DEBUG org.apache.hc.client5.http.wire - http-outgoing-1 << "[0xffffffbb][0xffffffb6]^t[0xffffffed]R[0xfffffff7]k{[0xffffffc5][0xffffffde][0xffffffd7].[0xfffffffc]~[0xffffffed]2[0xffffffb8]_[0xffffffbb][0xffffffe2]E[0xffffffc6]D[0xffffff9c][0x17]v[0xffffffbf]v[0xffffffed][0xffffff97][0x17]I[0xffffffd7][\n]"
19:31:00.580 [main] DEBUG org.apache.hc.client5.http.wire - http-outgoing-1 << "[0x14][0x11][0xffffffd7]J [0x11][0xffffffd7][\n]"
19:31:00.580 [main] DEBUG org.apache.hc.client5.http.wire - http-outgoing-1 << ",[0xffffffd3]][0x1b][0xffffffe0]Lvm@[0xfffffff4][0x5][0xffffffd7][0xffffffaa][0xfffffffb][0xffffffb5][0xffffffe3][0xffffffc0][0xffffffee]!,[0xfffffffc]~[0xffffffed]2[0xffffffb8]_[0xffffffbb][0xffffffe2]E[0xffffffc6]L[0xffffff9c][0xffffffb1][0xfffffffb][0xffffffb5]k[0xffffffbf][0xffffffbc][0xffffff88][0xffffffba][0xffffffd6][0xffffffe4]~[0xffffffad][0x4][0xffffff92]q[0xffffffad][0xffffffc1][0xfffffffd][0xffffffda][0x0]g[0xffffffb6]k[0xffffffaf][0xffffffdf][0xffffffaf]]j[0x7f][0xffffffed][0xffffffe8][0x7][0xffffffb5]Sq[0xffffffe1][0xfffffffb]k[0xffffff97][0xffffffc1][0xfffffffe][0xffffffda][0x15][0x17][0xffffff85]f[0xffffffe2][0xffffff8c][0xffffffed][0xffffffaf]][0xfffffffb]rP[0xffffffd4][0xffffffb5]&[0xfffffffb]k%[0xffffff90][0xffffff8c]k[\r][0xfffffff6][0xffffffd7][0x6]8[0xffffffb3]]{}[0x7f][0xffffffed]R[0xffffffb3][0xc][0xffffffa3][0xffffff9f][0x7][0xffffffe5]Z|[0xffffff96]a[0x19][0xffffffcc]2[0xffffffac]xi<[0x13]gl[0xffffff96]a[0xffffffed][0x17][0xffffffc5]Q[0xffffffd7][0xffffff9a][0xffffffcc]2H [0x19][0xffffffd7][0x1a][0xffffffcc]2[0x4]8[0xffffffb3]]{}[0xffffff96]a[0xffffffa9]][0xffffffe1]c`{[0xffffffbe][0x16][0xffffffbe]+|[0x19][0xffffffec][\n]"
19:31:00.580 [main] DEBUG org.apache.hc.client5.http.wire - http-outgoing-1 << "_q)s&[0xffffffce][0xffffffd8][0xffffffae][0xfffffff0][0xffffffb5]/bF]k[0xffffffb2]+\[0x2][0xffffffc9][0xffffffb8][0xffffffd6]`Wx[0xffffff80]3[0xffffffdb][0xffffffb5][0xffffffd7]w[0xffffff85]/576[0xffffffc6][0xffffffc0]~[0x1b][0xffffffc3][0xffffffe7][0xffffffc6][0xffffff96][0xffffffc1][0xffffffdc][0xffffffd8][0xffffff8a][0x3]:[0xffffff99]8csck[0x1f][0xffffffca]A]k27&[0xffffff81]d\k07[0x16][0xffffffe0][0xffffffcc]v[0xffffffed][0xfffffff5][0xffffffb9][0xffffffb1][0xffffffa5][0xffffffe6][0xffffffc6][0xffffffc6][0xffffffd9][0xffffffa8]o;.|nl[0x19][0xffffffcc][0xffffff8d][0xffffffad]8[0xffffffa0][0xffffff93][0xffffff89]367[0xffffffb6][0xfffffff6][0xffffffa1][0x1c][0xffffffd4][0xffffffb5]&sc[0x12]H[0xffffffc6][0xffffffb5][0x6]sc[0x1][0xffffffce]l[0xffffffd7]^[0xffffff9f][0x1b][[0xffffffea][0xffffffbb][0xc]c[0xffffffdd][0xffffffa8][0xfffffffd][0xffffffb5][0xb][0xffffffff].[0xffffffc3]2[0xfffffff8].[0xffffffc3][0xffffff8a][0xb][0xfffffff0]3q[0xffffffc6][0xffffffbe][0xffffffcb][0xffffffb0][0xfffffff6][0xffffffa5][0xfffffff7][0xffffffa8]kM[0xffffffbe][0xffffffcb] [0xffffff81]d\k[0xfffffff0]][0xffffff86][0x0]g[0xffffffb6]k[0x7f][0xffffffc3]w[0x19][0xffffffbe][0xffffff81][0xfffffffa][0xfffffffb][0x7f][0xfffffffd][0xffffffe3][0x1f][0xfffffffe][0xfffffff9][0xffffffcf][0x7f][0xfffffffc][0xffffffdb][0xffffffdf]~[0xffffffff][0xffffffb7][0x7f][0xfffffffd][0xffffffe3][0xffffff9f][0xffffffff]L[0x10][0xffffffbb][0x1d][0xffffffc1][0x1][0xffffffdd][0xfffffffd]H8[0xffffffc3][0xffffffea]@[0x10][0xffffffcc][0xfffffffb]Q0[0xffffffaa][0xffffffc5]A[0xfffffffe][0xffffffb7])[0xffffffa1][0xffffffc6]"[0xffffffcf][0xffffff8a][0xffffffad][0xffffffb1][[0xfffffff8]X[0xffffffe4]2[0x18][0xffffff8b]\q[0xfffffffe],[0x13]pl,r[0xffffffed]3ghJ[0xffffff98][0xffffff8c]EJ [0xffffff99][0xffffff94]0[0x18][0xffffff8b][0xc]pf[0xffffffa7][0xffffffc4]o[0x18][0xffffff8b][0xffffffc4]RB[0xffffffc8][0xffffff93]M[0x9][0xffffffe9]R6%[0xffffff84]Z[0xffffffb9][0xffffff94][0x8][0xffffffa6][0xffffffa5]R"[0xffffff88][0xfffffff7]RJ[0xffffffc4]m6lJ[0xffffffc0][0xffffffdb]l[0x1e]'[0xffffffe0]S[0x2][0xffffffdc]f[0xfffffff3]x:[0xffffff95][0x12]>[0xffffffdb]l[0x4][0xffffff8a]TJ[0xffffff98]l[0xffffffb3][0x11]X[0x12])[0xffffff81]n[0xffffffb3][0x9][0xffffff88]z[0xffffffa5]D[0xffffff90]'[0xffffff9d][0x12][0xffffffc2][0xffffffa5]tJ[0x4][0xffffffb5][0xffffff92])Q\R[0xffffffa2][0xfffffffc][0x1d]R[0xffffffa2][0xffffff9b][0xffffffa5]D[0xffffffc7]S[0xffffffa2][0x1b][0xffffffa4]DGS[0xffffffa2]c)[0xffffffd1][0xffffff9d]RbG[0xffffff91]J[0xffffff89][0x8]$[0xffffff95][0x12];[0xffffff96]DJt8%[0xffffffba]qJ[0x4]y[0xffffffd2])!\J[0xffffffa7]DP+[0xffffff99][0x12][0xffffffdd]%%[0xfffffffa][0xffffffdf]!%[0x1e][0xffffffbb]p[0xffffff9c]Z[0xffffffe2][0xffffff98]xL[0xffffffdc][0xffffff8f][0xffffffc0][0xffffffd7][0xffffffc4][0xffffffc7]![0xffffffa8][0xffffff9c][0xffffffb8]?[0xffffff9e][0xffffffea][0xffffff89][0xfffffff7]G[0xffffffbb][0x4]E[0xffffffe0][0xffffff91]*[\n]"
19:31:00.580 [main] DEBUG org.apache.hc.client5.http.wire - http-outgoing-1 << "A%[0xffffff95][0x14][0xffffff81]M[0xffffffa2])6B[0xfffffff3][0xffffffa3]b[0xffffffe3][0xffffffd4][0xffffffab]*[0xffffffa2]F[0xffffffe9][0xffffffac]PV[0xffffffa5][0xffffffbb]"J[0xffffff96][0xc][0xffffff8b][0xffffffdd][0xffffffb9]\Y[0xffffffec][\n]"
19:31:00.580 [main] DEBUG org.apache.hc.client5.http.wire - http-outgoing-1 << "[0xffffffbe][0xffffff94][0x16][0xffffffc5]--[\n]"
19:31:00.580 [main] DEBUG org.apache.hc.client5.http.wire - http-outgoing-1 << "[0xffffff9f][0x16][0xffffffc5]!-[\n]"
19:31:00.580 [main] DEBUG org.apache.hc.client5.http.wire - http-outgoing-1 << "[0xffffff9b][0x16][0xffffff85]K[0xffffff8b]b[0xffffff95][0x16][0xffffff81]G*-[0x4][0xffffff95]TZ[0x4]6[0xffffff89][0xffffffb4](tZ[0x14][0xffffffe7][0xffffffb4][0xffffff88][0x1a][0xffffffa5][0xffffffd3]BY[0xffffff95]N[0xffffff8b](Y2-v[0xffffffe7]ri[0xffffffb1]+[0xfffffff8]RZT[0xffffffb7]_@*[0xffffffff][0x13]Hu[0xfffffff8][\r][0xffffffa4][0xffffffb2]?[0xffffff82]T[0xffffffee]W[0xffffff90]j[0xfffffff5]3H[0xffffffe0][0xffffff91]J[0xb]A%[0xffffff95][0x16][0xffffff81]M"-*[0xfffffffd]SHu[0xfffffffe]-$j[0xffffff94]N[0xb]eU:-[0xffffffa2]d[0xffffffc9][0xffffffb4][0xffffffd8][0xffffff9d][0xffffffcb][0xffffffa5][0xffffffc5][0xffffffae][0xffffffe0]Ki[0xffffffd1][0xffffff87]YZ[0xfffffff4][0xffffff81][0xffffffa7][0xffffffc5][0xfffffffd][0x8]|Z|[0x1c][0xffffff82]J[0xffffff8b][0xfffffffb][0xffffffe3][0xffffffa9][0xffffffb4]x[0x7f][0xffffffb4]KZ[0x4][0x1e][0xffffffa9][0xffffffb4][0x10]TRi[0x11][0xffffffd8]$[0xffffffd2]b#4?-6N[0xffffffbd][0xffffffd2]"j[0xffffff94]N[0xb]eU:-[0xffffffa2]d[0xffffffc9][0xffffffb4][0xffffffd8][0xffffff9d][0xffffffcb][0xffffffa5][0xffffffc5][0xffffffae][0xffffffe0]Ki1[0xffffffdc]F@[0x6]?[0x3]2[0x1c][0xffffff86]@[0x6];[0x5]2[0xffffffb8]1[0xffffff90]a5[0x7][0x12]x[0xffffffa4][0xffffffd2]BPI[0xffffffa5]E`[0xffffff93]H[0xffffff8b]A[0xffffffcf][0xffffff82][0xc][0xffffffe7]a[0xffffff90][0xffffffa8]Q:-[0xffffff94]U[0xffffffe9][0xffffffb4][0xffffff88][0xffffff92]%[0xffffffd3]bw.[0xffffff97][0x16][0xffffffbb][0xffffff82]/[0xffffffa5][0xffffffc5][0xffffffe3]s[0x4]Niq[0x1e]xZ[0xffffffdc][0xffffff8f][0xffffffc0][0xffffffa7][0xffffffc5][0xffffffc7]![0xffffffa8][0xffffffb4][0xffffffb8]?[0xffffff9e]J[0xffffff8b][0xfffffff7]G[0xffffffbb][0xffffffa4]E[0xffffffe0][0xffffff91]J[0xb]A%[0xffffff95][0x16][0xffffff81]M"-6B[0xfffffff3][0xffffffd3]b[0xffffffe3][0xffffffd4]+-[0xffffffa2]F[0xffffffe9][0xffffffb4]PV[0xffffffa5][0xffffffd3]"J[0xffffff96]L[0xffffff8b][0xffffffdd][0xffffffb9]\Z[0xffffffec][\n]"
19:31:00.580 [main] DEBUG org.apache.hc.client5.http.wire - http-outgoing-1 << "[0xffffffbe][0xffffff94][0x16][0xffffffc7]m[0xffffff99][0xffffffb5][0xffffffc5][0xfffffffd]Dx\[0xffffffbc][0xffffff9d][0xffffff81][0xffffffaf][0xffffff8b]o[0xffffffa7][0xffffffa0][0xfffffff2][0xffffffe2][0xffffffed][0xfffffff9]T_|<[0xffffffdb]%0"[0xffffff94]Ta(4[0xffffffa9][0xffffffc4][0xffffff88][0xffffff80][0x12][0xffffff8d][0xffffffb1]c[0xffffff9a][0x1f][0x19];[0xffffffac]^[0xffffff95]![0xffffff84]Jg[0xffffff86][0xfffffff4]+[0xffffffdd][0x19]B[0xffffffb7]dh[0x4][0xfffffffb]r[0xffffffa5][0x11]d[0xfffffffc]Jj[0x1c]o[0xffffffff][0xffffff94][0xffffffe3]vS[0xffffffdb]6[0xffffffd7]\[0xffffffe9][0xffffffa1][0xfffffff1]y[0x1e]*3[0xffffffbe][0xffffff9c][0x0][0xffffff8b][0xffffff8c][0xffffffed][0xc][0xffffffc9][0xffffff89][0xfffffff1][0xffffffe5][0xffffffe9][0xffffffc9][0xffffff81][0xfffffff1][0xffffffeb]'[0xffffffc3]y[0xfffffff1][0x14][0xffffffc5][0xffffffe4][0xffffffb8][0xfffffff8][0x1][0xffffff90][0xffffffc9]i[0xfffffff1][0x14][0xffffffcb][0xffffffc4][0xffffffb0]x[0x2]gZV<A[0xffffffd4]"*[0xffffff9e][0xffffffcb][0x13]J[0xffffff8a][0x1f][0xffffffb9][0x14][\n]"
19:31:00.580 [main] DEBUG org.apache.hc.client5.http.wire - http-outgoing-1 << "[0xffffff8a][0xffffffe7]j[0x5]r[0xffffffe2][0xffffff99]i[0xffffffd3]c[0xffffffe2][0xffffff99]x/[0xffffffa4][0xffffffc4]!Rb[0x1e]g[0xfffffffe][0xffffffb7][0xffffffed]>[0xffffffcf][0x3][0xffffffa7][0xffffffc4]a[0xffffff90][0x12]G[0xffffffe4]=[0x11][0xfffffff0][0x3]K[0xffffff89][0xffffffc3])%"[0xffffff8a]LJ( [0xffffff99][0xffffff94][0xffffff88]X[0xffffffe6][0xffffffa7][0xffffffc4][0xe]gvJ[0xffffffec][0xffffff88]:[0xffffffa5][0xffffff84][0xffffff90]'[0xffffff9b][0x12][0xffffffd2][0xffffffa5]lJ[0x8][0xffffffb5]r)[0x11]LK[0xffffffa5]D[0x10][0xffffffef][0xffffff85][0xffffff94](*%[0xfffffffa][0xffffffca][0xffffffff]t[0xffffffe3][0xffffffe7]y[0xffffffe0][0xffffff94]([0x6])Q"[0xffffffef][0xffffff89][0xffffff80][0x17],%[0xffffff8a]SJD[0x14][0xffffff99][0xffffff94]P@2)[0x11][0xffffffb1][0xffffffcc]O[0xffffff89][0x1d][0xffffffce][0xffffffec][0xffffff94][0xffffffd8][0x11]uJ[0x9]!O6%[0xffffffa4]K[0xffffffd9][0xffffff94][0x10]j[0xffffffe5]R"[0xffffff98][0xffffff96]J[0xffffff89] [0xffffffde][0xb])QUJ[0xffffff9c]3[0xffffffff]&[0xffffffc5][0xffffffe7]y[0xffffffe0][0xffffff94][0xffffffa8][0x6])Q#[0xffffffef][0xffffff89][0xffffff80]W,%[0xffffffaa]SJD[0x14][0xffffff99][0xffffff94]P@2)[0x11][0xffffffb1][0xffffffcc]O[0xffffff89][0x1d][0xffffffce][0xffffffec][0xffffff94][0xffffffd8][0x11]uJ[0x9]!O6%[0xffffffa4]K[0xffffffd9][0xffffff94][0x10]j[0xffffffe5]R"[0xffffff98][0xffffff96]J[0xffffff89] [0xffffffde]K)Q[0xffffffcd]R[0xffffffa2][0xffffffe2])Q[\r]R[0xffffffa2][0xffffffa2])Q[0xffffffb1][0xffffff94][0xffffffa8]N)[0xffffffb1][0xffffffa3]H[0xffffffa5]D[0x4][0xffffff92]J[0xffffff89][0x1d]K"%*[0xffffff9c][0x12][0xffffffd5]8%[0xffffff82]<[0xffffffe9][0xffffff94][0x10].[0xffffffa5]S"[0xffffffa8][0xffffff95]L[0xffffff89][0xffffffea][0xffffff92][0x12][0xfffffff5][0xffffffa7]S[0xffffffa2][0xffffff89][0xffffffb7][0x12][0xffffffab][0xfffffff4]J[0xffffffa5]D[0xffffffc3][0xffffffdf]J4[0xffffff83][0xffffffb7][0x12]-[0xffffffa6]s"[0xffffffe0][\r]{+[0xffffffd1][0xffffff9c][0xffffffde]JD[0x14][0xffffff99][0xffffff94]P@2)[0x11][0xffffffb1][0xffffffcc]O[0xffffff89][0x1d][0xffffffce][0xffffffec][0xffffff94][0xffffffd8][0x11]uJ[0x9]!O6%[0xffffffa4]K[0xffffffd9][0xffffff94][0x10]j[0xffffffe5]R"[0xffffff98][0xffffff96]J[0xffffff89] [0xffffffde][0xb])[0xffffffd1]UJ[0xffffffb4]vP)[0xffffffd1][0xfffffff1][0xffffff94][0xffffffe8][0x6])[0xffffffd1]#[0xffffffef][0xffffff89][0xffffff80]w,%[0xffffffba]SJD[0x14][0xffffff99][0xffffff94]P@2)[0x11][0xffffffb1][0xffffffcc]O[0xffffff89][0x1d][0xffffffce][0xffffffec][0xffffff94][0xffffffd8][0x11]uJ[0x9]!O6%[0xffffffa4]K[0xffffffd9][0xffffff94][0x10]j[0xffffffe5]R"[0xffffff98][0xffffff96]J[0xffffff89] [0xffffffde]K)Q[0xffffffcc]R[0x2][0xffffffdb][0xffffff95][0xfffffff9][0xffffffe5][0x4]|J [0xffffff9b]2[0xffffffbf]<[0xffffff9d]J[0x9][0xffffff87]=[0xffffff99]OQ[0xffffffa4]R[0x2][0xffffffdf][0xffffff92][0xfffffff9][0x14]K"%[0xffffffa0][0x1d][0xffffff99]O[0x10][0xfffffff5]J[0x9][0xffffff97][\r][0xffffff99]?r)[0xffffff9d][0x12][0xe][0xfffffffb]1[0xffffff9f][0xffffff99][0xffffff96]K[0xffffff89][0xffffff9f][0xffffffd8][0xffffff8e][0xfffffff9][0xfffffff1][0xffffffcf][0x18][0xffffffea][0xffffffad][0xffffffc4]l'[0xffffff95][0x12][0x3][0x7f]+1[0xc][0xffffffde]J[0xffffff8c][0xffffff98][0xffffffce][0xffffff89][0xffffff80][0xf][0xffffffec][0xffffffad][0xffffffc4]pz+[0x11]QdRB[0x1][0xffffffc9][0xffffffa4]D[0xffffffc4]2?%v8[0xffffffb3]SbG[0xffffffd4])%[0xffffff84]<[0xffffffd9][0xffffff94][0xffffff90].eSB[0xffffffa8][0xffffff95]K[0xffffff89]`Z*%[0xffffff82]x/[0xffffffa4][0xffffffc4][0xffffffa9]Rb[0x1d][0xffffffd8][[0xffffff89][0x13]O[0xffffff89][0xffffffd3] %[0xffffffce][0xffffffc8]{"[0xffffffe0]'[0xffffff96][0x12][0xffffffa7]SJD[0x14][0xffffff99][0xffffff94]P@2)[0x11][0xffffffb1][0xffffffcc]O[0xffffff89][0x1d][0xffffffce][0xffffffec][0xffffff94][0xffffffd8][0x11]uJ[0x9]!O6%[0xffffffa4]K[0xffffffd9][0xffffff94][0x10]j[0xffffffe5]R"[0xffffff98][0xffffff96]J[0xffffff89] [0xffffffde][0xb])1eJ[0xc]l[0xffffffdb][0xffffffe5][0xffffffc4]Sb[0x1a][0xffffffa4][0xffffffc4][0xffffff8c][0xffffffbc]'[0x2]>[0xffffffb1][0xffffff94][0xffffff98]N)[0x11]QdRB[0x1][0xffffffc9][0xffffffa4]D[0xffffffc4]2?%v8[0xffffffb3]SbG[0xffffffd4])%[0xffffff84]<[0xffffffd9][0xffffff94][0xffffff90].eSB[0xffffffa8][0xffffff95]K[0xffffff89]`Z*%[0xffffff82]x/[0xffffffa4][0xffffffc4][0xffffff8a])Qn7[0xffffffee][0xffffffad][0xffffffc4][0xffffffc2]Sb[0x19][0xffffffa4][0xffffffc4][0xffffff8a][0xffffffbc]'[0x2][0xffffffbe][0xffffffb0][0xffffff94]XN)[0x11]"
19:31:00.597 [main] DEBUG org.apache.hc.client5.http.wire - http-outgoing-1 << "QdRB[0x1][0xffffffc9][0xffffffa4]D[0xffffffc4]2?%v8[0xffffffb3]SbG[0xffffffd4])%[0xffffff84]<[0xffffffd9][0xffffff94][0xffffff90].eSB[0xffffffa8][0xffffff95]K[0xffffff89]`Z*%[0xffffff82]x_O[0xffffff89][0xffffffe3]P)Q*[0xffffffb5]W[0xffffffe2][0xffffffed]<lJ<N[0x0][0xffffffa7][0xffffffc4][0xfffffff7]3 )[0xfffffff1]x:[0xffffff92][0x12][0xffffffdf][0xffffff9e]l[0xffffff91][0x12][0x2]E$%$[0xffffff90]HJ[0x8],[0xffffffd3]S"[0xffffffc0][0xffffff99][0xffffff9c][0x12][0x1]Q[0xffffffa3][0xffffff94]P[0xfffffff2]DSB[0xffffffbb][0x14]M[0x9][0xffffffa5]V,%[0xffffffa2]i[0xffffffa1][0xffffff94][0xffffff88][0xffffffe2][0xffffffbd][0xffffff90][0x12]b[0xffffffaf]D[0xffffffb9][0xffffffad][[0xffffffa3]R[0x2][0xffffffdf]+q[0x18][0xffffffec][0xffffff95]8[0xffffffc4][0xfffffff0]s"[0xffffffe0][0xffffffd8]^[0xffffff89]#[0xffffff8c]7[0xffffff93])a[0xffffffb2]WB[0x2][0xffffffc9][0xffffffa4][0xffffff84][0xffffffc1]^[0xffffff89][0x0]gvJ[0x18][0xffffffef][0xffffff95]P[0xfffffff2]dS[0xffffffc2]o[0xffffffaf][0xffffff84]R+[0xffffff97][0x12].{%[0xffffffa2]x/[0xffffffa4][0xffffff84][0x18][0x6]-GY[0xffffff9d]J[0x9]|[0x18][0xfffffff4]0[0x18][0x6]=[0xffffffc4][0xffffffc4]R"[0xffffffe0][0xffffffd8]0[0xffffffe8][0x11]f[0xffffff92][0xffffffc8][0xffffff94]0[0x19][0x6][0xffffff95]@2)a0[0xc][0x1a][0xffffffe0][0xffffffcc]N[0x9][0xffffffe3]aP%O6%[0xfffffffc][0xffffff86]A[0xffffff95]Z[0xffffffb9][0xffffff94]p[0x19][0x6][0xffffff8d][0xffffffe2][0xffffffbd][0xffffff90][0x12][0xffffffea][0xffffffae]D[0x19][0xffffff93][0xfffffffa]2[0xffffffe8][0xffffff81][0xffffffdf][0xffffff95]8[0xc][0xffffffee]J[0x1c][0xffffffe2][0x7][0xffffffbd]D[0xffffffc0][0xffffffb1][0xffffffbb][0x12]G[0xfffffff8][0xffffffc9][0xffffff8e]L[0x9][0xffffff93][0xffffffbb][0x12][0x12]H&%[0xc][0xffffffee]J[0x4]8[0xffffffb3]S[0xffffffc2][0xfffffff8][0xffffffae][0xffffff84][0xffffff92]'[0xffffff9b][0x12]~w%[0xffffff94]Z[0xffffffb9][0xffffff94]p[0xffffffb9]+[0x11][0xffffffc5][0xfffffffb]zJ[0xffffff94][0xffffff9b]J[0xffffff89]u[0xffffffa3][0xffffffee]J[0xffffffbc][0xffffff9d][0xffffff87]M[0xffffff89]rS[0xfffffff8][0xffffffe7][0xfffffff2][0xfffffffe][0xfffffffd][0xc]HJ[0xffffff94][0x1b][0xffffff95][0x12][0xffffffdf][0xffffff9e]l[0xffffff91][0x12][0x2]E$%$[0xffffff90]HJ[0x8],[0xffffffd3]S"[0xffffffc0][0xffffff99][0xffffff9c][0x12][0x1]Q[0xffffffa3][0xffffff94]P[0xfffffff2]DSB[0xffffffbb][0x14]M[0x9][0xffffffa5]V,%[0xffffffa2]i[0xffffffa1][0xffffff94][0xffffff88][0xffffffe2][0xffffffbd][0xffffff90][0x12][0xffffffe2]#[0xffffffe3][0xffffffa5][0xffffffd6]r[0xffffffa3]R[0x2][0xffffffff][0xffffffc8]x1[0xfffffff8][0xffffffc8]x[0x11]_[0xffffffc2]M[0x4][0x1c][0xfffffffb][0xffffffc8]x[0x9][0xffffffdf][0xffffffba]%S[0xffffffc2][0xffffffe4]#[0xffffffe3][0x12]H&%[0xc]>2[0x1e][0xffffffe0][0xffffffcc]N[0x9][0xffffffe3][0xffffff8f][0xffffff8c]+y[0xffffffb2])[0xffffffe1][0xfffffff7][0xffffff91]q[0xffffffa5]V.%\>2[0x1e][0xffffffc5]{!%[0xffffffc4]G[0xffffffc6][0xffffffef])[0xffffff81]}[0xffffffce][0xffffffab][0xffffffe0][0x1f][0x19]/[0x6][0x1f][0x19]/[0xffffffe2]K[0xffffffb8][0xffffff89][0xffffff80]c[0x1f][0x19]/[0xffffffe1][[0xffffffb7]dJ[0xffffff98]|d\[0x2][0xffffffc9][0xffffffa4][0xffffff84][0xffffffc1]G[0xffffffc6][0x3][0xffffff9c][0xffffffd9])a[0xfffffffc][0xffffff91]q%O6%[0xfffffffc]>2[0xffffffae][0xffffffd4][0xffffffca][0xffffffa5][0xffffff84][0xffffffcb]G[0xffffffc6][0xffffffa3]x/[0xffffffa4][0xffffff84][0xffffff9a][0xffffffe0][0xffffffa8]ubo%[0xfffffff0][0x9][0xffffff8e]b0[0xffffffc1]Q[0xffffffc4]5[0xffffffe3]D[0xffffffc0][0xffffffb1][0x9][0xffffff8e][0x12].[0x12][0xffffff93])a2[0xffffffc1]![0xffffff81]dR[0xffffffc2]`[0xffffff82]#[0xffffffc0][0xffffff99][0xffffff9d][0x12][0xffffffc6][0x13][0x1c]J[0xffffff9e]lJ[0xfffffff8]Mp([0xffffffb5]r)[0xffffffe1]2[0xffffffc1][0x11][0xffffffc5]{!%[0xffffffc4][0xffffff97]AKm[0xffffff95][0xfffffffa][0x6]G[0xffffffc1][0xffffffbf][0xc]Z[0xc][0xffffffbe][0xc]Z[0xffffffc4][0xffffffe7][0xffffffeb][0x12][0x1][0xffffffc7][0xffffffbe][0xc]Z[0xffffffc2][0x7][0xffffffea][0xffffffc8][0xffffff94]0[0xfffffff9]2[0xffffffa8][0x4][0xffffff92]I[0x9][0xffffff83]/[0xffffff83][0x6]8[0xffffffb3]S[0xffffffc2][0xfffffff8][0xffffffcb][0xffffffa0]J[0xffffff9e]lJ[0xfffffff8]}[0x19]T[0xffffffa9][0xffffff95]K[0x9][0xffffff97]/[0xffffff83]F[0xfffffff1]^H[0x9][0xfffffff1]9[0xffffffaf]R[0xfffffffb][0xffffffa2]&8[\n]"
19:31:00.597 [main] DEBUG org.apache.hc.client5.http.wire - http-outgoing-1 << "[0xfffffffe]9[0xffffffaf]b[0xfffffff0]9[0xffffffaf]"[0xffffffbe]9[0xffffff93][0x8]8[0xfffffff6]9[0xffffffaf][0x12][0xffffffbe]*C[0xffffffa6][0xffffff84][0xffffffc9][0xffffffe7][0xffffffbc]$[0xffffff90]LJ[0x18]|[0xffffffce]+[0xffffffc0][0xffffff99][0xffffff9d][0x12][0xffffffc6][0xffffff9f][0xfffffff3]R[0xfffffff2]dS[0xffffffc2][0xffffffef]s^J[0xffffffad]\J[0xffffffb8]|[0xffffffce]+[0xffffff8a][0xfffffff7]BJ[0xffffff88][0xffffffcf]y[0xffffff95]v[0xffffffeb][0xffffffd4]^[0xffffff89][0xffffff82][0x7f][0xffffffce][0xffffffab][0x18]|[0xffffffce][0xffffffab][0xffffff88]o[0xffffffce]$[0x2][0xffffff8e]}[0xffffffce][0xffffffab][0xffffff84][0xffffffaf][0xffffffca][0xffffff90])a[0xfffffff2]9/[0x9]$[0xffffff93][0x12][0x6][0xffffff9f][0xfffffff3][\n]"
19:31:00.598 [main] DEBUG org.apache.hc.client5.http.wire - http-outgoing-1 << "pf[0xffffffa7][0xffffff84][0xfffffff1][0xffffffe7][0xffffffbc][0xffffff94]<[0xffffffd9][0xffffff94][0xfffffff0][0xfffffffb][0xffffff9c][0xffffff97]R+[0xffffff97][0x12].[0xffffff9f][0xfffffff3][0xffffff8a][0xffffffe2][0xffffffbd][0xffffff90][0x12][0xffffffe2]s^[0xffffffa5][0xffffff95][0xffffffb3]Q)[0xffffff81][0x7f][0xffffffce][0xffffffab][0x18]|[0xffffffce][0xffffffab][0xffffff88]o[0xffffffce]$[0x2][0xffffff8e]}[0xffffffce][0xffffffab][0xffffff84][0xffffffaf][0xffffffca][0xffffff90])a[0xfffffff2]9/[0x9]$[0xffffff93][0x12][0x6][0xffffff9f][0xfffffff3][\n]"
19:31:00.598 [main] DEBUG org.apache.hc.client5.http.wire - http-outgoing-1 << "pf[0xffffffa7][0xffffff84][0xfffffff1][0xffffffe7][0xffffffbc][0xffffff94]<[0xffffffd9][0xffffff94][0xfffffff0][0xfffffffb][0xffffff9c][0xffffff97]R+[0xffffff97][0x12].[0xffffff9f][0xfffffff3][0xffffff8a][0xffffffe2][0xffffffbd][0xffffff94][0x12]q[0xffffffdb]%[0xffffff9b][0x12][0xfffffff0][0xffffffb6][0xffffffcb][0xffffffc7][0x9][0xfffffff8][0xffffff94][0x0][0xffffffb7]]]]><![CDATA[>[0xffffff9e]N[0xffffffa5][0xffffff84][0xffffffcf][0xffffffb6]K[0xffffff81]"[0xffffff95][0x12]&[0xffffffdb].[0x5][0xffffff96]DJ[0xffffffa0][0xffffffdb].[0x3][0xffffffa2]^)[0xffffffe1][0xffffffb5][0xffffffed]R[0xffffffbb][0xffffff94]N[0x9][0xffffff9f]m[0xffffff97][0xffffffd1][0xffffffb4]\J[0xfffffffc][0xfffffff4][0xffffffb6][0xffffffcb][0xffffffa2][0xffffffb6]][0xffffffb6][0xfffffff3]F}[0x19][0xffffffb4][0xffffffe0][0xffffffdb].[0xffffff8b][0xffffffc1][0xffffffb6][0xffffffcb]"V[0xffffffb2]%[0x2][0xffffff8e]m[0xffffffbb],a[0xffffffe9][0x1a][0xffffff99][0x12]&[0xffffffdb].%[0xffffff90]LJ[0x18]l[0xffffffbb][0xc]pf[0xffffffa7][0xffffff84][0xfffffff1][0xffffffb6]K%O6%[0xfffffffc][0xffffffb6]]*[0xffffffb5]r)[0xffffffe1][0xffffffb2][0xffffffed]2[0xffffff8a][0xfffffff7][0xfffffff5][0xffffff94][0xffffffa8]j[0xffffffdb]e[0xffffffe3][0xffffffb6]]V|[0xffffffdb]e5[0xffffffd8]vY[0xffffffc5]J[0xffffffb6]<[0xffffffc0]+[0xffffffb6][0xffffffed][0xffffffb2][0xffffff86][0xffffffa5]k`J[0x8][0x14][0xffffff91][0xffffff94][0xffffff90]@")![0xffffffb0]LO[0xffffff89][0x0]grJ[0x4]D[0xffffff8d]RB[0xffffffc9][0x13]M[0x9][0xffffffed]R4%[0xffffff94]Z[0xffffffb1][0xffffff94][0xffffff88][0xffffffa6][0xffffff85]R"[0xffffff8a][0xfffffff7]BJ[0xffffffa8][0x15]U}[0xe]j[0x18][0xffffffb4][0xffffffe2]+[0xffffffaa][0xffffffaa][0xffffffc1][0xffffff8a][0xffffffaa]*[0xfffffff6][0xffffffa8]$[0x2][0xffffff8e][0xffffffad][0xffffffa8][0xffffffaa]aS[\n]"
19:31:00.598 [main] DEBUG org.apache.hc.client5.http.wire - http-outgoing-1 << "[0xffffff99][0x12]&+[0xffffffaa]$[0xffffff90]LJ[0x18][0xffffffac][0xffffffa8][\n]"
19:31:00.598 [main] DEBUG org.apache.hc.client5.http.wire - http-outgoing-1 << "pf[0xffffffa7][0xffffff84][0xfffffff1][0xffffff8a]*%O6%[0xfffffffc]VT)[0xffffffb5]r)[0xffffffe1][0xffffffb2][0xffffffa2]*[0xffffff8a][0xfffffff7]BJ[0xffffffa8][0x15]U[0xffffffe3]vbo%[0xfffffff0][0x15]U[0xffffffd5]`EU[0x15]{T[0x12][0x1][0xffffffc7]VT[0xffffffd5][0xffffffb0])[0xffffff85]L[0x9][0xffffff93][0x15]U[0x12]H&%[0xc]VT[0x5]8[0xffffffb3]S[0xffffffc2]xE[0xffffff95][0xffffff92]'[0xffffff9b][0x12]~+[0xffffffaa][0xffffff94]Z[0xffffffb9][0xffffff94]pYQ[0x15][0xffffffc5]{!%[0xffffffd4]^[0xffffff89][0xffffffd1][0xffffffb1][0x15]U[0x15][0xffffffdf]+Q[\r][0xfffffff6]JT1[0xfffffffc][0xffffff9c][0x8]8[0xffffffb6]W[0xffffffa2][0xffffff86][0xfffffff1]f2%L[0xfffffff6]JH [0xffffff99][0xffffff94]0[0xffffffd8]+[0x11][0xffffffe0][0xffffffcc]N[0x9][0xffffffe3][0xffffffbd][0x12]J[0xffffff9e]lJ[0xfffffff8][0xffffffed][0xffffff95]Pj[0xffffffe5]R[0xffffffc2]e[0xffffffaf]D[0x14][0xffffffef][0xffffff85][0xffffff94]P{%[0xffffffc6]h[0xffffff8d]J[0x9]|[0xffffffaf]D5[0xffffffd8]+Q[0xffffffc5][0xfffffff0]s"[0xffffffe0][0xffffffd8]^[0xffffff89][0x1a][0xffffffc6][0xffffff9b][0xffffffc9][0xffffff94]0[0xffffffd9]+![0xffffff81]dR[0xffffffc2]`[0xffffffaf]D[0xffffff80]3;%[0xffffff8c][0xfffffff7]J(y[0xffffffb2])[0xffffffe1][0xffffffb7]WB[0xffffffa9][0xffffff95]K[0x9][0xffffff97][0xffffffbd][0x12]Q[0xffffffbc][0x17]RBMp[0xffffff9c][0xffffffc7][0xffffffa4]>[0xffffffe7]U[0xfffffff1][0x9][0xffffff8e]j0[0xffffffc1]Q[0xffffffc5]5[0xffffffe3]D[0xffffffc0][0xffffffb1][0x9][0xffffff8e][0x1a].[0x12][0xffffff93])a2[0xffffffc1]![0xffffff81]dR[0xffffffc2]`[0xffffff82]#[0xffffffc0][0xffffff99][0xffffff9d][0x12][0xffffffc6][0x13][0x1c]J[0xffffff9e]lJ[0xfffffff8]Mp([0xffffffb5]r)[0xffffffe1]2[0xffffffc1][0x11][0xffffffc5][0xfffffffb]zJ45[0xffffffc1]q[0xffffffd6]>[0xffffffa0][0xffffff94]h[0xfffffff8][0x4]G3[0xffffff98][0xffffffe0]h[0xffffffe2][0xffffff9a]q[0x1e][0xffffffe0][\r][0xffffff9b][0xffffffe0]h[0xffffffe1]"1[0xffffff98][0x12][0x2]E$%$[0xffffff90]HJ[0x8],[0xffffffd3]S"[0xffffffc0][0xffffff99][0xffffff9c][0x12][0x1]Q[0xffffffa3][0xffffff94]P[0xfffffff2]DSB[0xffffffbb][0x14]M[0x9][0xffffffa5]V,%[0xffffffa2]i[0xffffffa1][0xffffff94][0xffffff88][0xffffffe2][0xffffffbd][0xffffff90][0x12][0xffffff87]J[0xffffff89][0xffffffb3]S[0xffffffdf][0xffffffe0]x;[0xf][0xffffff9c][0x12][0xffffff87]AJ[0x1c][0xffffff91][0xfffffff7]D[0xffffffc0][0xf],%[0xe][0xffffffa7][0xffffff94][0xffffff88](2)[0xffffffa1][0xffffff80]dR"b[0xffffff99][0xffffff9f][0x12];[0xffffff9c][0xffffffd9])[0xffffffb1]#[0xffffffea][0xffffff94][0x12]B[0xffffff9e]lJH[0xffffff97][0xffffffb2])![0xffffffd4][0xffffffca][0xffffffa5]D0-[0xffffff95][0x12]A[0xffffffbc][0x17]R[0xffffffa2][0xffffffa8][0xffffff94]X}Q)Q[0xfffffff0][0xffffff94]([0x6])Q"[0xffffffef][0xffffff89][0xffffff80][0x17],%[0xffffff8a]SJD[0x14][0xffffff99][0xffffff94]P@2)[0x11][0xffffffb1][0xffffffcc]O[0xffffff89][0x1d][0xffffffce][0xffffffec][0xffffff94][0xffffffd8][0x11]uJ[0x9]!O6%[0xffffffa4]K[0xffffffd9][0xffffff94][0x10]j[0xffffffe5]R"[0xffffff98][0xffffff96]J[0xffffff89] [0xffffffde][0xb])[0xffffffa1][0xfffffff6]J[0xffffffcc][0xffffffd2][0xffffffa9]a[0xffffffd0][0xffffff86][0xffffffef][0xffffff95]h[0x6]{%[0xffffff9a][0x18]~N[0x4][0x1c][0xffffffdb]+[0xffffffd1][0xffffffc2]x3[0xffffff99][0x12]&{%$[0xffffff90]LJ[0x18][0xffffffec][0xffffff95][0x8]pf[0xffffffa7][0xffffff84][0xfffffff1]^[0x9]%O6%[0xfffffffc][0xfffffff6]J([0xffffffb5]r)[0xffffffe1][0xffffffb2]W"[0xffffff8a][0xfffffff7]BJ[0xffffffa8][0xffffffbd][0x12][0xffffffb3]5jqv[0xffffffc3][0xfffffff7]J4[0xffffff83][0xffffffbd][0x12]M[0xc]?'[0x2][0xffffff8e][0xffffffed][0xffffff95]ha[0xffffffbc][0xffffff99]L[0x9][0xffffff93][0xffffffbd][0x12][0x12]H&%[0xc][0xfffffff6]J[0x4]8[0xffffffb3]S[0xffffffc2]x[0xffffffaf][0xffffff84][0xffffff92]'[0xffffff9b][0x12]~{%[0xffffff94]Z[0xffffffb9][0xffffff94]p[0xffffffd9]+[0x11][0xffffffc5]{!%[0xffffffba]J[0xffffff89]Q[0xffffffb1][0xffffffb7][0x12][0x1d]O[0xffffff89]n[0xffffff90][0x12]=[0xfffffff2][0xffffff9e][0x8]x[0xffffffc7]R[0xffffffa2];[0xffffffa5]DD[0xffffff91]I[0x9][0x5]$[0xffffff93][0x12][0x11][0xffffffcb][0xfffffffc][0xffffff94][0xffffffd8][0xffffffe1][0xffffffcc]N[0xffffff89][0x1d]Q[0xffffffa7][0xffffff94][0x10][0xfffffff2]dSB[0xffffffba][0xffffff94]M[0x9][0xffffffa1]V.%[0xffffff82]i[0xffffffa9][0xffffff94][0x8][0xffffffe2][0xffffffbd][0xffffff90][0x12]jE[0xffffffd5]<[0xffffffcf]N[0xffffffa5][0x4][0xffffffbe][0xffffffa2][0xffffffaa][0x19][0xffffffac][0xffffffa8]jb[0xffffff8f]J"[0xffffffe0][0xffffffd8][0xffffff8a][0xffffffaa][0x16]6[0xffffffa5][0xffffff90])a[0xffffffb2][0xffffffa2]J[0x2][0xffffffc9][0xffffffa4][0xffffff84][0xffffffc1][0xffffff8a][0xffffffaa][0x0]gvJ[0x18][0xffffffaf][0xffffffa8]R[0xfffffff2]dS[0xffffffc2]oE[0xffffff95]R+[0xffffff97][0x12].+[0xffffffaa][0xffffffa2]x/[0xffffffa4][0xffffff84]ZQ5[0xffffffd7][0xffffff81][0xffffffbd][0xffffff95][0xffffffc0]WT5[0xffffff83][0x15]UM[0xffffffec]QI[0x4][0x1c][Q[0xffffffd5][0xffffffc2][0xffffffa6][0x14]2%LVTI [0xffffff99][0xffffff94]0XQ[0x15][0xffffffe0][0xffffffcc]N[0x9][0xffffffe3][0x15]UJ[0xffffff9e]lJ[0xfffffff8][0xffffffad][0xffffffa8]Rj[0xffffffe5]R[0xffffffc2]eEU[0x14][0xffffffef][0xffffff85][0xffffff94][0xffffff98]2%[0x1e][0xffffffc7]DRb[0xffffffe2])1[\r]RbF[0xffffffde][0x13][0x1][0xffffff9f]XJL[0xffffffa7][0xffffff94][0xffffff88](2)[0xffffffa1][0xffffff80]dR"b[0xffffff99][0xffffff9f][0x12];[0xffffff9c][0xffffffd9])[0xffffffb1]#[0xffffffea][0xffffff94][0x12]B[0xffffff9e]lJH[0xffffff97][0xffffffb2])![0xffffffd4][0xffffffca][0xffffffa5]D0-[0xffffff95][0x12]A[0xffffffbc][0xffffffaf][0xffffffa7]DW+[0xffffffaa][0xffffffd6][0xffffffed][0xffffffbc]A)[0xffffffd1][0xfffffff1][0x15]U[0xffffffdd]`EU[0x17]{T[0xfffffff2][0x0][0xffffffef][0xffffffd8][0xffffff8a][0xffffffaa][0x1e]6[0xffffffa5][0xffffff80])!PDRB[0x2][0xffffff89][0xffffffa4][0xffffff84][0xffffffc0]2=%[0x2][0xffffff9c][0xffffffc9])[0x11][0x10]5J[0x9]%O4%[0xffffffb4]K[0xffffffd1][0xffffff94]Pj[0xffffffc5]R"[0xffffff9a][0x16]J[0xffffff89]([0xffffffde][0xb])[0xffffffa1][0xfffffff6]J[0xffffffac]z[0xffffffa3]>[0xffffffe7][0xffffffd5][0xfffffff1][0xffffffbd][0x12][0xffffffdd]`[0xffffffaf]D[0x17][0xffffffc3][0xffffffcf][0xffffff89][0xffffff80]c{%z[0x18]o&S[0xffffffc2]d[0xffffffaf][0xffffff84][0x4][0xffffff92]I[0x9][0xffffff83][0xffffffbd][0x12][0x1][0xffffffce][0xffffffec][0xffffff94]0[0xffffffde]+[0xffffffa1][0xffffffe4][0xffffffc9][0xffffffa6][0xffffff84][0xffffffdf]^[0x9][0xffffffa5]V.%\[0xfffffff6]JD[0xfffffff1]^H[0x9]5[0xc][0xffffffba][0xffffffe6]I[\r][0xffffff83]v|[0x18][0xffffffb4][0x1b][0xc][0xffffff83]v1[0xffffffb1][0xffffff94][0x8]86[0xc][0xffffffda][0xffffffc3]L[0x12][0xffffff99][0x12]&[0xffffffc3][0xffffffa0][0x12]H&%[0xc][0xffffff86]A[0x3][0xffffff9c][0xffffffd9])a<[0xc][0xffffffaa][0xffffffe4][0xffffffc9][0xffffffa6][0xffffff84][0xffffffdf]0[0xffffffa8]R+[0xffffff97][0x12].[0xffffffc3][0xffffffa0]Q[0xffffffbc][0x17]RBLp[0xffffffd4][[0xffffffbf]a)[0xffffff81]Opt[0xffffff83][0x9][0xffffff8e].[0xffffffae][0x19]'[0x2][0xffffff8e]Mp[0xfffffff4]p[0xffffff91][0xffffff98]L[0x9][0xffffff93][0x9][0xe][0x9]$[0xffffff93][0x12][0x6][0x13][0x1c][0x1][0xffffffce][0xffffffec][0xffffff94]0[0xffffff9e][0xffffffe0]P[0xfffffff2]dS[0xffffffc2]o[0xffffff82]C[0xffffffa9][0xffffff95]K[0x9][0xffffff97][0x9][0xffffff8e]([0xffffffde]K)Q[0xffffffcc]R[0xffffffa2][0xffffffe0])Q[0xc]R[0xffffffa2][0xffffffa0])Q[0xffffffb0][0xffffff94](N)[0xffffffb1][0xffffffa3]H[0xffffffa5]D[0x4][0xffffff92]J[0xffffff89][0x1d]K"%[\n]"
19:31:00.599 [main] DEBUG org.apache.hc.client5.http.wire - http-outgoing-1 << "[0xffffff9c][0x12][0xffffffc5]8%[0xffffff82]<[0xffffffe9][0xffffff94][0x10].[0xffffffa5]S"[0xffffffa8][0xffffff95]L[0xffffff89][0xffffffe2][0xffffff92][0x12][0xffffffe5]gSb[0xffffffa8][0xffffffb7][0x12]e,j[0xffffffaf][0xffffffc4][0xffffffc0][0xffffffdf]J[0xc][0xffffff83][0xffffffb7][0x12]C[0xffffffa4]s[0x1e][0xffffffe0][0x3]{+1B[0x1c][0xffffff83])!PDRB[0x2][0xffffff89][0xffffffa4][0xffffff84][0xffffffc0]2=%[0x2][0xffffff9c][0xffffffc9])[0x11][0x10]5J[0x9]%O4%[0xffffffb4]K[0xffffffd1][0xffffff94]Pj[0xffffffc5]R"[0xffffff9a][0x16]J[0xffffff89]([0xffffffde][0xb])![0xfffffff6]J[0xffffffd4]z`[0xffffffd7].[0x7][0xffffffbe]Wb[0x18][0xffffffec][0xffffff95][0x18]b[0xfffffff8]9[0x11]pl[0xffffffaf][0xffffffc4][0x8][0xffffffe3][0xffffffcd]dJ[0xffffff98][0xffffffec][0xffffff95][0xffffff90]@2)a[0xffffffb0]W"[0xffffffc0][0xffffff99][0xffffff9d][0x12][0xffffffc6]{%[0xffffff94]<[0xffffffd9][0xffffff94][0xfffffff0][0xffffffdb]+[0xffffffa1][0xffffffd4][0xffffffca][0xffffffa5][0xffffff84][0xffffffcb]^[0xffffff89]([0xffffffde]K)[0x11][0x7f][0xffffffe0]`S[0x2][0xfffffffe][0xffffff81][0xffffffe3]q[0x2]>%[0xffffffc0][0x1f]8[0x1e]O[0xffffffa7]R[0xffffffc2][0xffffffe7][0x7][0xe][0xffffff81]"[0xffffff95][0x12]&?p[0x8],[0xffffff89][0xffffff94]@[0x7f][0xffffffe0][0x8][0xffffff88]z[0xffffffa5][0xffffff84][0xffffffd7][0xf][0x1c][0xffffffda][0xffffffa5]tJ[0xfffffff8][0xfffffffc][0xffffffc0][0x11]M[0xffffffcb][0xffffffa5][0xffffffc4][0xffffffcf][0xffffffff][0xffffffc0]q[0xfffffffe]2[0xffffffcd]Rb[0xffffffe2])1[\r]Rb[0xffffffa2])1[0xffffffb1][0xffffff94][0xffffff98]N)[0xffffffb1][0xffffffa3]H[0xffffffa5]D[0x4][0xffffff92]J[0xffffff89][0x1d]K"%&[0xffffff9c][0x12][0xffffffd3]8%[0xffffff82]<[0xffffffe9][0xffffff94][0x10].[0xffffffa5]S"[0xffffffa8][0xffffff95]L[0xffffff89][0xffffffe9][0xffffff92][0x12][0xfffffff3][0xffffffef][0xffffff90][0x12][0xffffffc7]0k[0xffffff89]c[0xffffffe0]1q?[0x2]_[0x13][0x1f][0xffffff87][0xffffffa0]r[0xffffffe2][0xfffffffe]x[0xffffffaa]'[0xffffffde][0x1f][0xffffffed][0x12][0x14][0xffffff81]G[0xffffffaa]([0x4][0xffffff95]TR[0x4]6[0xffffff89][0xffffffa6][0xffffffd8][0x8][0xffffffcd][0xffffff8f][0xffffff8a][0xffffff8d]S[0xffffffaf][0xffffffaa][0xffffff88][0x1a][0xffffffa5][0xffffffb3]BY[0xffffff95][0xffffffee][0xffffff8a](Y2,v[0xffffffe7]re[0xffffffb1]+[0xfffffff8]RZ[0xffffffb4][0xffffffd3],-[0xffffffda][0xffffff89][0xffffffa7][0xffffffc5][0xfffffffd][0x8]|Z|[0x1c][0xffffff82]J[0xffffff8b][0xfffffffb][0xffffffe3][0xffffffa9][0xffffffb4]x[0x7f][0xffffffb4]KZ[0x4][0x1e][0xffffffa9][0xffffffb4][0x10]TRi[0x11][0xffffffd8]$[0xffffffd2]b#4?-6N[0xffffffbd][0xffffffd2]"j[0xffffff94]N[0xb]eU:-[0xffffffa2]d[0xffffffc9][0xffffffb4][0xffffffd8][0xffffff9d][0xffffffcb][0xffffffa5][0xffffffc5][0xffffffae][0xffffffe0]Ki[0xffffffd1][0xffffffdd][0xffffffd2][0xffffffa2][0xfffffff3]i[0xffffffd1][0x1d][0xffffffd2][0xffffffa2][0xffffffb3]i[0xffffffd1][0xffffffb9][0xffffffb4][0xffffffe8]Vi[0x11]x[0xffffffa4][0xffffffd2]BPI[0xffffffa5]E`[0xffffff93]H[0xffffff8b]N[0xffffffa7]EwN[0xffffff8b][0xffffffa8]Q:-[0xffffff94]U[0xffffffe9][0xffffffb4][0xffffff88][0xffffff92]%[0xffffffd3]bw.[0xffffff97][0x16][0xffffffbb][0xffffff82]/[0xffffffa5][0xffffffc5][0xffffffec]fi1;[0xffffff9e][0x16][0xfffffff7]#[0xfffffff0]i[0xfffffff1]q[0x8]*-[0xffffffee][0xffffff8f][0xffffffa7][0xffffffd2][0xffffffe2][0xfffffffd][0xffffffd1].i[0x11]x[0xffffffa4][0xffffffd2]BPI[0xffffffa5]E`[0xffffff93]H[0xffffff8b][0xffffff8d][0xffffffd0][0xfffffffc][0xffffffb4][0xffffffd8]8[0xfffffff5]J[0xffffff8b][0xffffffa8]Q:-[0xffffff94]U[0xffffffe9][0xffffffb4][0xffffff88][0xffffff92]%[0xffffffd3]bw.[0xffffff97][0x16][0xffffffbb][0xffffff82]/[0xffffffa5][0xffffffc5]1[0xffffff9b]Y[[0xffffffdc]O[0xffffff84][0xffffffc7][0xffffffc5][0xffffffdb][0x19][0xfffffff8][0xffffffba][0xfffffff8]v[\n]"
19:31:00.600 [main] DEBUG org.apache.hc.client5.http.wire - http-outgoing-1 << "*/[0xffffffde][0xffffff9e]O[0xfffffff5][0xffffffc5][0xffffffc7][0xffffffb3]][0x2]#BI[0x15][0xffffff86]B[0xffffff93]J[0xffffff8c][0x8]([0xffffffd1][0x18];[0xffffffa6][0xfffffff9][0xffffff91][0xffffffb1][0xffffffc3][0xffffffea]U[0x19]B[0xffffffa8]tfH[0xffffffbf][0xffffffd2][0xffffff9d]!tK[0xffffff86]F[0xffffffb0]/W[0x1a]A[0xffffffc6][0xffffffaf][0xffffffa4]Fy[0xffffffff][0xffffffa7][0xffffff88][0xffffff8f][0xffffff98][0xffffffd7]z[0xffffffd6][0xffffff9a][0x1e][0x1a][0xffffff9f][0xffffffe7][0xffffffa1]2[0xffffffe3][0xffffffcb][0x9][0xffffffb0][0xffffffc8][0xffffffd8][0xffffffce][0xffffff90][0xffffff9c][0x18]_[0xffffff9e][0xffffff9e][0x1c][0x18][0xffffffbf]~2[0xffffff9c][0x17]OQL[0xffffff8e][0xffffff8b][0x1f][0x0][0xffffff99][0xffffff9c][0x16]O[0xffffffb1]L[0xc][0xffffff8b]'p[0xffffffa6]e[0xffffffc5][0x13]D-[0xffffffa2][0xffffffe2][0xffffffb9]<[0xffffffa1][0xffffffa4][0xfffffff8][0xffffff91]K[0xffffffa1][0xffffffa0]x[0xffffffae]V '[0xffffff9e][0xffffff99]6=&[0xffffff9e][0xffffff89][0xfffffff7]BJ,[0xffffff95][0x12][0xffffffeb][0xffffffc8]_[0xffffffcc][0xfffffffd]y[0x1e]8%[0xffffff96]AJ[0xffffffac][0xffffffc8]{"[0xffffffe0][0xb]K[0xffffff89][0xffffffe5][0xffffff94][0x12][0x11]E&%[0x14][0xffffff90]LJD,[0xfffffff3]Sb[0xffffff87]3;%vD[0xffffff9d]RB[0xffffffc8][0xffffff93]M[0x9][0xffffffe9]R6%[0xffffff84]Z[0xffffffb9][0xffffff94][0x8][0xffffffa6][0xffffffa5]R"[0xffffff88][0xfffffff7][0xfffffff5][0xffffff94]8o"%[0xffffffda]QoPJ[0xffffffbc][0xffffff9d][0xffffff87]M[0xffffff89][0xffffffc7][0x9][0xffffffe0][0xffffff94][0xfffffff8]~[0x6]$%[0x1e]OGR[0xffffffe2][0xffffffdb][0xffffff93]-RB[0xffffffa0][0xffffff88][0xffffffa4][0xffffff84][0x4][0x12]I[0x9][0xffffff81]ezJ[0x4]8[0xffffff93]S" j[0xffffff94][0x12]J[0xffffff9e]hJh[0xffffff97][0xffffffa2])[0xffffffa1][0xffffffd4][0xffffff8a][0xffffffa5]D4-[0xffffff94][0x12]Q[0xffffffbc][0xffffff97]R[0xffffffa2][0xffffff9a][0xffffffa5]D[0xffffffc5]S[0xffffffa2][0x1a][0xffffffa4]DES[0xffffffa2]b)Q[0xffffff9d]RbG[0xffffff91]J[0xffffff89][0x8]$[0xffffff95][0x12];[0xffffff96]DJT8%[0xffffffaa]qJ[0x4]y[0xffffffd2])!\J[0xffffffa7]DP+[0xffffff99][0x12][0xffffffd5]%%[0xffffffea][0xffffffdf]!%[0xffffffe2][0xffffffc0][0x7][0xffffff9b][0x12][0xffffffd8][0xffffffbc][0xffffffc7][0xffffff97][0x13][0xfffffff0])[0xffffff81]L{|y:[0xffffff95][0x12][0xe][0xffffffb3][0x1e]OQ[0xffffffa4]R[0x2][0xffffff9f][0xfffffff4]x[0xffffff8a]%[0xffffff91][0x12][0xffffffd0][0xffffff9c][0xffffffc7][0x13]D[0xffffffbd]R[0xffffffc2]e[0xffffffca][0xffffffe3]G.[0xffffffa5]S[0xffffffc2]a[0xffffffc6][0xffffffe3][0xffffff99]i[0xffffffb9][0xffffff94][0xfffffff8][0xffffff89][0x9][0xffffff8f][0xffffff8f][0x7f][0xffffffc6][0xffffffa1]~[0xffffffe0]hg[0xfffffffe]|[0xffffffc7][0xffffffe7]y[0xffffffe0][0xffffff94]8[0xc]~[0xffffffe0]8[0xffffffe2][[0xffffffb8]D[0xffffffc0][0xf][0xffffffec][0x7][0xffffff8e][0xffffffc3][0xffffffe9][0x7][0xffffff8e][0xffffff88]"[0xffffff93][0x12][\n]"
19:31:00.600 [main] DEBUG org.apache.hc.client5.http.wire - http-outgoing-1 << "H&%"[0xffffff96][0xfffffff9])[0xffffffb1][0xffffffc3][0xffffff99][0xffffff9d][0x12];[0xffffffa2]N)![0xffffffe4][0xffffffc9][0xffffffa6][0xffffff84]t)[0xffffff9b][0x12]B[0xffffffad]\J[0x4][0xffffffd3]R)[0x11][0xffffffc4]{!%[0xffffff8a]J[0xffffff89]Y[0xffffffb0][0xffffffb7][0x12][0x5]O[0xffffff89]b[0xffffff90][0x12]%[0xfffffff2][0xffffff9e][0x8]x[0xffffffc1]R[0xffffffa2]8[0xffffffa5]DD[0xffffff91]I[0x9][0x5]$[0xffffff93][0x12][0x11][0xffffffcb][0xfffffffc][0xffffff94][0xffffffd8][0xffffffe1][0xffffffcc]N[0xffffff89][0x1d]Q[0xffffffa7][0xffffff94][0x10][0xfffffff2]dSB[0xffffffba][0xffffff94]M[0x9][0xffffffa1]V.%[0xffffff82]i[0xffffffa9][0xffffff94][0x8][0xffffffe2][0xffffffbd][0xffffff90][0x12]U[0xffffffa6][0xffffffc4]9[0xffffffa9][0xffffff94][0xffffffa8]xJT[0xffffff83][0xffffff94][0xffffffa8][0xffffff91][0xfffffff7]D[0xffffffc0]+[0xffffff96][0x12][0xffffffd5])%"[0xffffff8a]LJ( [0xffffff99][0xffffff94][0xffffff88]X[0xffffffe6][0xffffffa7][0xffffffc4][0xe]gvJ[0xffffffec][0xffffff88]:[0xffffffa5][0xffffff84][0xffffff90]'[0xffffff9b][0x12][0xffffffd2][0xffffffa5]lJ[0x8][0xffffffb5]r)[0x11]LK[0xffffffa5]D[0x10][0xffffffef][0xffffff85][0xffffff94]h"%z[0x1d][0xffffff8b]J[0xffffff89][0xffffff86][0xffffffa7]D3H[0xffffff89][0x16]yO[0x4][0xffffffbc]a)[0xffffffd1][0xffffff9c]R"[0xffffffa2][0xffffffc8][0xffffffa4][0xffffff84][0x2][0xffffff92]I[0xffffff89][0xffffff88]e~J[0xffffffec]pf[0xffffffa7][0xffffffc4][0xffffff8e][0xffffffa8]SJ[0x8]y[0xffffffb2])!][0xffffffca][0xffffffa6][0xffffff84]P+[0xffffff97][0x12][0xffffffc1][0xffffffb4]TJ[0x4][0xfffffff1]^H[0xffffff89][0xffffffae]R[0xffffffa2][0x1d][0xffffffd4][0xffffff8a][0xffffffaa][0xffffffb7][0xfffffff3][0xffffffc0])[0xffffffd1][\r]R[0xffffffa2]G[0xffffffde][0x13][0x1][0xffffffef]XJt[0xffffffa7][0xffffff94][0xffffff88](2)[0xffffffa1][0xffffff80]dR"b[0xffffff99][0xffffff9f][0x12];[0xffffff9c][0xffffffd9])[0xffffffb1]#[0xffffffea][0xffffff94][0x12]B[0xffffff9e]lJH[0xffffff97][0xffffffb2])![0xffffffd4][0xffffffca][0xffffffa5]D0-[0xffffff95][0x12]A[0xffffffbc][0x17]Rb[0xffffffc8][0xffffff94][0xffffffe8][0xffffff83]J[0xffffff89][0xffffff81][0xffffffa7][0xffffffc4]0H[0xffffff89][0x11]yO[0x4]|`)1[0xffffff9c]R"[0xffffffa2][0xffffffc8][0xffffffa4][0xffffff84][0x2][0xffffff92]I[0xffffff89][0xffffff88]e~J[0xffffffec]pf[0xffffffa7][0xffffffc4][0xffffff8e][0xffffffa8]SJ[0x8]y[0xffffffb2])!][0xffffffca][0xffffffa6][0xffffff84]P+[0xffffff97][0x12][0xffffffc1][0xffffffb4]TJ[0x4][0xfffffff1]^H[0xffffff89]S[0xffffffa6][0xffffffc4][0xffffffc2][0xffffffee]J[0xffffff9c]xJ[0xffffff9c][0x6])qF[0xffffffde][0x13][0x1]?[0xffffffb1][0xffffff94]8[0xffffff9d]R"[0xffffffa2][0xffffffc8][0xffffffa4][0xffffff84][0x2][0xffffff92]I[0xffffff89][0xffffff88]e~J[0xffffffec]pf[0xffffffa7][0xffffffc4][0xffffff8e][0xffffffa8]SJ[0x8]y[0xffffffb2])!][0xffffffca][0xffffffa6][0xffffff84]P+[0xffffff97][0x12][0xffffffc1][0xffffffb4]TJ[0x4][0xfffffff1]^H[0x9][0xfffffff5][\r][0xffffff8e][0xffffffde];vW[0x2][0xffffffff][0x6][0xffffffc7]i[0xfffffff0][\r][0xffffff8e]S,[0xffffff8a]O[0x4][0x1c][0xfffffffb][0x6][0xffffffc7][0x19]V[0xffffffc1][0xffffff93])a[0xfffffff2][\r][0xe][0x9]$[0xffffff93][0x12][0x6][0xffffffdf][0xffffffe0][0x8]pf[0xffffffa7][0xffffff84][0xfffffff1]78[0xffffff94]<[0xffffffd9][0xffffff94][0xfffffff0][0xfffffffb][0x6][0xffffff87]R+[0xffffff97][0x12].[0xffffffdf][0xffffffe0][0xffffff88][0xffffffe2][0xffffffbd][0xffffff90][0x12][0xffffffea][0x1b][0x1c][0xfffffffd][0xffffffbc]ao%[0xfffffff0]op[0xffffff9c][0x6][0xffffffdf][0xffffffe0]8[0xffffffc5][0xffffffa2][0xfffffff8]D[0xffffffc0][0xffffffb1]op[0xffffff9c]a[0x15]<[0xffffff99][0x12]&[0xffffffdf][0xffffffe0][0xffffff90]@2)a[0xfffffff0][\r][0xffffff8e][0x0]gvJ[0x18][0x7f][0xffffff83]C[0xffffffc9][0xffffff93]M[0x9][0xffffffbf]op([0xffffffb5]r)[0xffffffe1][0xfffffff2][\r][0xffffff8e]([0xffffffde]K)Q[0xffffffcc]R[0xffffffa2][0xffffffe0])Q[0xc]R[0xffffffa2][0xffffffa0])Q[0xffffffb0][0xffffff94](N)[0xffffffb1][0xffffffa3]H[0xffffffa5]D[0x4][0xffffff92]J[0xffffff89][0x1d]K"%[\n]"
19:31:00.600 [main] DEBUG org.apache.hc.client5.http.wire - http-outgoing-1 << "[0xffffff9c][0x12][0xffffffc5]8%[0xffffff82]<[0xffffffe9][0xffffff94][0x10].[0xffffffa5]S"[0xffffffa8][0xffffff95]L[0xffffff89][0xffffffe2][0xffffff92][0x12][0xffffffe5]gSb[0xffffffaa][0xffffffcf]y[0xffffff8d][0xffffffe3]F[0xfffffffd][0xffffffc0]1[0xfffffff1][0xffffffcf]yM[0xffffff83][0xffffffcf]yM[0xfffffff1][0xffffffcd][0xffffff99]<[0xffffffc0]'[0xfffffff6]9[0xffffffaf][0x19][0xffffffbe]*[0x3][0xffffffa6][0xffffff84]@[0x11]I[0x9][0x9]$[0xffffff92][0x12][0x2][0xffffffcb][0xfffffff4][0xffffff94][0x8]p&[0xffffffa7]D@[0xffffffd4](%[0xffffff94]<[0xffffffd1][0xffffff94][0xffffffd0].ESB[0xffffffa9][0x15]K[0xffffff89]hZ(%[0xffffffa2]x/[0xffffffa4][0xffffff84]Z[0xffffff9c]=[0xffffffca][0xffffffa4][0xffffffde]JL|q[0xfffffff6]4X[0xffffff9c]=[0xffffffc5]v[0xffffffd7]D[0xffffffc0][0xffffffb1][0xffffffc5][0xffffffd9]3[0xffffffec]o%S[0xffffffc2]dq[0xffffffb6][0x4][0xffffff92]I[0x9][0xffffff83][0xffffffc5][0xffffffd9][0x1][0xffffffce][0xffffffec][0xffffff94]0^[0xffffff9c][0xffffffad][0xffffffe4][0xffffffc9][0xffffffa6][0xffffff84][0xffffffdf][0xffffffe2]l[0xffffffa5]V.%\[0x16]gG[0xfffffff1]^H[0xffffff89][0xffffffa2]R[0xffffffe2]lXJ[0x14]<%[0xffffff8a]AJ[0xffffff94][0xffffffc8]{"[0xffffffe0][0x5]K[0xffffff89][0xffffffe2][0xffffff94][0x12][0x11]E&%[0x14][0xffffff90]LJD,[0xfffffff3]Sb[0xffffff87]3;%vD[0xffffff9d]RB[0xffffffc8][0xffffff93]M[0x9][0xffffffe9]R6%[0xffffff84]Z[0xffffffb9][0xffffff94][0x8][0xffffffa6][0xffffffa5]R"[0xffffff88][0xfffffff7]BJ[0xffffffa8][0xffffffc5][0xffffffd9]c[0x1d]XJ[0xffffffe0][0xffffff8b][0xffffffb3][0xffffffa7][0xffffffc1][0xffffffe2][0xffffffec])[0xffffffb6][0xffffffbb]&[0x2][0xffffff8e]-[0xffffffce][0xffffff9e]a[0x7f]+[0xffffff99][0x12]&[0xffffff8b][0xffffffb3]%[0xffffff90]LJ[0x18],[0xffffffce][0xe]pf[0xffffffa7][0xffffff84][0xfffffff1][0xffffffe2]l%O6%[0xfffffffc][0x16]g+[0xffffffb5]r)[0xffffffe1][0xffffffb2]8;[0xffffff8a][0xfffffff7]BJ[0xffffffa8][0xffffffc5][0xffffffd9]g[0xffffffbd]u*%[0xfffffff0][0xffffffc5][0xffffffd9][0xffffffd3]`q[0xfffffff6][0x14][0xffffffdb]][0x13][0x1][0xffffffc7][0x16]g[0xffffffcf][0xffffffb0][0xffffffbf][0xffffff95]L[0x9][0xffffff93][0xffffffc5][0xffffffd9][0x12]H&%[0xc][0x16]g[0x7]8[0xffffffb3]S[0xffffffc2]xq[0xffffffb6][0xffffff92]'[0xffffff9b][0x12]~[0xffffff8b][0xffffffb3][0xffffff95]Z[0xffffffb9][0xffffff94]pY[0xffffff9c][0x1d][0xffffffc5]{!%[0xffffffd4][0xffffffe2][0xffffffec][0xffffffb3]-[0xffffffec][0xffffffda]%[0xffffffbe]8{[0x1a],[0xffffffce][0xffffff9e]b[0xffffffbb]k"[0xffffffe0][0xffffffd8][0xffffffe2][0xffffffec][0x19][0xfffffff6][0xffffffb7][0xffffff92])a[0xffffffb2]8[[0x2][0xffffffc9][0xffffffa4][0xffffff84][0xffffffc1][0xffffffe2][0xffffffec][0x0]gvJ[0x18]/[0xffffffce]V[0xfffffff2]dS[0xffffffc2]oq[0xffffffb6]R+[0xffffff97][0x12].[0xffffff8b][0xffffffb3][0xffffffa3]x/[0xffffffa4][0xffffff84]Z[0xffffff9c]}[0xffffffce]E}d|[0xffffffe2][0xffffff8b][0xffffffb3][0xffffffa7][0xffffffc1][0xffffffe2][0xffffffec])[0xffffffb6][0xffffffbb]&[0x2][0xffffff8e]-[0xffffffce][0xffffff9e]a[0x7f]+[0xffffff99][0x12]&[0xffffff8b][0xffffffb3]%[0xffffff90]LJ[0x18],[0xffffffce][0xe]pf[0xffffffa7][0xffffff84][0xfffffff1][0xffffffe2]l%O6%[0xfffffffc][0x16]g+[0xffffffb5]r)[0xffffffe1][0xffffffb2]8;[0xffffff8a][0xfffffff7]BJ[0xffffffa8][0xffffffc5][0xffffffd9][0xfffffff3][0xffffff86]}[0xffffff83]c[0xffffffe2][0xffffff8b][0xffffffb3][0xffffffa7][0xffffffc1][0xffffffe2][0xffffffec])[0xffffffb6][0xffffffbb]&[0x2][0xffffff8e]-[0xffffffce][0xffffff9e]a[0x7f]+[0xffffff99][0x12]&[0xffffff8b][0xffffffb3]%[0xffffff90]LJ[0x18],[0xffffffce][0xe]pf[0xffffffa7][0xffffff84][0xfffffff1][0xffffffe2]l%O6%[0xfffffffc][0x16]g+[0xffffffb5]r)[0xffffffe1][0xffffffb2]8;[0xffffff8a][0xfffffff7]BJ[0xffffffa8][0xffffffc5][0xffffffd9][0xffffffb3]b[0xffffff8b][0xffffffb3]'[0xffffffbe]8{[0x1a],[0xffffffce][0xffffff9e]b[0xffffffbb]k"[0xffffffe0][0xffffffd8][0xffffffe2][0xffffffec][0x19][0xfffffff6][0xffffffb7][0xffffff92])a[0xffffffb2]8[[0x2][0xffffffc9][0xffffffa4][0xffffff84][0xffffffc1][0xffffffe2][0xffffffec][0x0]gvJ[0x18]/[0xffffffce]V[0xfffffff2]dS[0xffffffc2]oq[0xffffffb6]R+[0xffffff97][0x12].[0xffffff8b][0xffffffb3][0xffffffa3]x/[0xffffffa4][0xffffff84]Z[0xffffff9c]=[0xffffffb9][0xffffff8f][0xffffff8c]O|q[0xfffffff6]4X[0xffffff9c]=[0xffffffc5]v[0xffffffd7]D[0xffffffc0][0xffffffb1][0xffffffc5][0xffffffd9]3[0xffffffec]o%S[0xffffffc2]dq[0xffffffb6][0x4][0xffffff92]I[0x9][0xffffff83][0xffffffc5][0xffffffd9][0x1][0xffffffce][0xffffffec][0xffffff94]0^[0xffffff9c][0xffffffad][0xffffffe4][0xffffffc9][0xffffffa6][0xffffff84][0xffffffdf][0xffffffe2]l[0xffffffa5]V.%\[0x16]gG[0xfffffff1][0xffffffbe][0xffffff9e][0x12]Km[0xffffffbb][0xffffff9c][0xffffffad]Ro%[0x16][0xffffffbe][0xffffffed]r[0x19]l[0xffffffbb]\b%[[0x1e][0xffffffe0][0xb][0xffffffdb]v[0xffffffb9][0xffffffc2][0xffffffd2]50%[0x4][0xffffff8a]HJH [0xffffff91][0xffffff94][0x10]X[0xffffffa6][0xffffffa7]D[0xffffff80]39%[0x2][0xffffffa2]F)[0xffffffa1][0xffffffe4][0xffffff89][0xffffffa6][0xffffff84]v)[0xffffff9a][0x12]J[0xffffffad]XJD[0xffffffd3]B)[0x11][0xffffffc5]{!%[0xffffff8a]L[0xffffff89]uP)Q[0xfffffff0][0xffffff94]([0x6])Q"[0xffffffef][0xffffff89][0xffffff80][0x17],%[0xffffff8a]SJD[0x14][0xffffff99][0xffffff94]P@2)[0x11][0xffffffb1][0xffffffcc]O[0xffffff89][0x1d][0xffffffce][0xffffffec][0xffffff94][0xffffffd8][0x11]uJ[0x9]!O6%[0xffffffa4]K[0xffffffd9][0xffffff94][0x10]j[0xffffffe5]R"[0xffffff98][0xffffff96]J[0xffffff89] [0xffffffde][0xb])[0xffffffa1]VT[0xffffffcd]>[0xffffffa9][0x1f]8[0x16][0xffffffbe][0xffffffa2]j[0x19][0xffffffac][0xffffffa8]Zb[0xffffff8f]J"[0xffffffe0][0xffffffd8][0xffffff8a][0xffffffaa][0x15]6[0xffffffa5][0xffffff90])a[0xffffffb2][0xffffffa2]J[0x2][0xffffffc9][0xffffffa4][0xffffff84][0xffffffc1][0xffffff8a][0xffffffaa][0x0]gvJ[0x18][0xffffffaf][0xffffffa8]R[0xfffffff2]dS[0xffffffc2]oE[0xffffff95]R+[0xffffff97][0x12].+[0xffffffaa][0xffffffa2]x/[0xffffffa4][0xffffff84]ZQ5[0xffffffd7]AMp,|E[0xffffffd5]2XQ[0xffffffb5][0xffffffc4][0x1e][0xffffff95]D[0xffffffc0][0xffffffb1][0x15]U+lJ!S[0xffffffc2]dE[0xffffff95][0x4][0xffffff92]I[0x9][0xffffff83][0x15]U[0x1][0xffffffce][0xffffffec][0xffffff94]0^Q[0xffffffa5][0xffffffe4][0xffffffc9][0xffffffa6][0xffffff84][0xffffffdf][0xffffff8a]*[0xffffffa5]V.%\VTE[0xfffffff1]^H[0x9][0xffffffb5][0xffffffa2]j[0x1d][0xffffffd8][0xffffffe2][0xffffffec][0xffffff85][0xffffffaf][0xffffffa8]Z[0x6]+[0xffffffaa][0xffffff96][0xffffffd8][0xffffffa3][0xffffff92][0x8]8[0xffffffb6][0xffffffa2]j[0xffffff85]M)dJ[0xffffff98][0xffffffac][0xffffffa8][0xffffff92]@2)a[0xffffffb0][0xffffffa2]*[0xffffffc0][0xffffff99][0xffffff9d][0x12][0xffffffc6]+[0xffffffaa][0xffffff94]<[0xffffffd9][0xffffff94][0xfffffff0][Q[0xffffffa5][0xffffffd4][0xffffffca][0xffffffa5][0xffffff84][0xffffffcb][0xffffff8a][0xffffffaa]([0xffffffde]K)Q[0xffffffcc]R[0xffffffa2][0xffffffe0])Q[0xc]R[0xffffffa2][0xffffffa0])Q[0xffffffb0][0xffffff94](N)[0xffffffb1][0xffffffa3]H[0xffffffa5]D[0x4][0xffffff92]J[0xffffff89][0x1d]K"%[\n]"
19:31:00.601 [main] DEBUG org.apache.hc.client5.http.wire - http-outgoing-1 << "[0xffffff9c][0x12][0xffffffc5]8%[0xffffff82]<[0xffffffe9][0xffffff94][0x10].[0xffffffa5]S"[0xffffffa8][0xffffff95]L[0xffffff89][0xffffffe2][0xffffff92][0x12][0xffffffe5][0xffffffa7]SBm[0xffffffbb]\[0xfffffffd]8[0xffffffa9][0xffffff94][0xffffffc0][0xffffffb7]].[0xffffff83]m[0xffffff97]K[0xffffffac]dK[0x4][0x1c][0xffffffdb]v[0xffffffb9][0xffffffc2][0xffffffd2]52%L[0xffffffb6]]J [0xffffff99][0xffffff94]0[0xffffffd8]v[0x19][0xffffffe0][0xffffffcc]N[0x9][0xffffffe3]m[0xffffff97]J[0xffffff9e]lJ[0xfffffff8]m[0xffffffbb]Tj[0xffffffe5]R[0xffffffc2]e[0xffffffdb]e[0x14][0xffffffef][0xffffff85][0xffffff94]P[0xffffffdb].[0xffffffd7]h[0xffffffd8][0x4][0x7][0xffffffbe][0xffffffed]r[0x19]l[0xffffffbb]\b%["[0xffffffe0][0xffffffd8][0xffffffb6][0xffffffcb][0x15][0xffffff96][0xffffffae][0xffffff91])a[0xffffffb2][0xffffffed]R[0x2][0xffffffc9][0xffffffa4][0xffffff84][0xffffffc1][0xffffffb6][0xffffffcb][0x0]gvJ[0x18]o[0xffffffbb]T[0xfffffff2]dS[0xffffffc2]o[0xffffffdb][0xffffffa5]R+[0xffffff97][0x12].[0xffffffdb].[0xffffffa3]x/[0xffffffa4][0xffffff84]XQ[0xffffffd5]n[0xffffffc7][0xffffffad]Q)[0xffffff81][0xffffffaf][0xffffffa8]Z[0x6]+[0xffffffaa][0xffffff96][0xffffffd8][0xffffffa3][0xffffff92][0x8]8[0xffffffb6][0xffffffa2]j[0xffffff85]M)dJ[0xffffff98][0xffffffac][0xffffffa8][0xffffff92]@2)a[0xffffffb0][0xffffffa2]*[0xffffffc0][0xffffff99][0xffffff9d][0x12][0xffffffc6]+[0xffffffaa][0xffffff94]<[0xffffffd9][0xffffff94][0xfffffff0][Q[0xffffffa5][0xffffffd4][0xffffffca][0xffffffa5][0xffffff84][0xffffffcb][0xffffff8a][0xffffffaa]([0xffffffde][0xffffff97]S[0xffffffa2][0xffffffdc][0xffffffc4][0xffffff8a][0xffffffaa]vk[0x5][0xfffffffa][0xffffff81][0xffffffe3]q[0x1e]4%[0xffffffde]O[0xffffffc0][0xffffffa6][0xffffffc4][0xffffffe7][0x19][0xffffff88][0xffffff94]x[0x7f]:[0xffffff91][0x12][0xffffffdf][0xffffff9f][0xffffffec][0xffffff90][0x12][\n]"
19:31:00.601 [main] DEBUG org.apache.hc.client5.http.wire - http-outgoing-1 << "E"%4[0xffffff90]DJ(,[0xffffffb3]S"[0xffffffc2][0xffffff99][0xffffff9b][0x12][0x11]Q[0xffffff9f][0xffffff94][0xffffff90][0xfffffff2]$S[0xffffffe2][0xffffff89]K[0xffffffc9][0xffffff94][0xffffff90]j[0xffffffa5]RB[0xffffff98][0xffffff96]I[0x9]![0xffffffde][0xb])q[0xffffffa8][0xffffff94][0xffffffe8][0x3][0xfffffffa][0xffffff81][0xffffffe3]q[0x1e]8%[0xe][0xffffff83][0xffffff94]8"[0xffffffef][0xffffff89][0xffffff80][0x1f]XJ[0x1c]N)[0x11]QdRB[0x1][0xffffffc9][0xffffffa4]D[0xffffffc4]2?%v8[0xffffffb3]SbG[0xffffffd4])%[0xffffff84]<[0xffffffd9][0xffffff94][0xffffff90].eSB[0xffffffa8][0xffffff95]K[0xffffff89]`Z*%[0xffffff82]x/[0xffffffa4]DQ)1:[0xffffffb4][0xffffffa2][0xffffffea]q[0x1e]8%[0xffffff8a]AJ[0xffffff94][0xffffffc8]{"[0xffffffe0][0x5]K[0xffffff89][0xffffffe2][0xffffff94][0x12][0x11]E&%[0x14][0xffffff90]LJD,[0xfffffff3]Sb[0xffffff87]3;%vD[0xffffff9d]RB[0xffffffc8][0xffffff93]M[0x9][0xffffffe9]R6%[0xffffff84]Z[0xffffffb9][0xffffff94][0x8][0xffffffa6][0xffffffa5]R"[0xffffff88][0xfffffff7]BJ[0xffffff88]m[0xffffff97][0xffffffed]v[0xffffffde]nTJ[0xffffffd0][0xffffffdb].[0xffffffdf]O@[0xffffffa7][0x4][0xffffffb9][0xffffffed][0xfffffff2][0xfffffffd][0xffffffe9]LJ[0x18]m[0xffffffbb]T(2)[0xffffffe1][0xffffffb2][0xffffffed]Ra[0xffffff99][0xffffff9f][0x12][0xffffffec][0xffffffb6][0xffffffcb][0xffffff88][0xffffffa8]SJ[0xffffff98]m[0xffffffbb]|[0xffffffe2]R6%[0xffffff8c][0xffffffb6]][\n]"
19:31:00.601 [main] DEBUG org.apache.hc.client5.http.wire - http-outgoing-1 << "[0xffffffd3]R)[0xfffffff1][0xfffffff3][0xffffffdb].[0xffffffcb]Ml[0xffffffbb][0xffffffbc][0xffffffa7][0x4]5[0xffffffc1][0xfffffff1]8[0xf][0xffffff9c][0x12][0xfffffffc][0xffffffb6][0xffffffcb][0xffffffcf]30)Am[0xffffffbb][0xfffffffc][0xfffffffe]d[0xffffff8f][0xffffff94][0xfffffff0][0xffffffd8]v[0xffffffa9][0xffffff81]dR[0xffffff82][0xffffffdf]v[0x19][0xffffffe1][0xffffffcc]N[0x9][0xffffffdf]m[0xffffff97]R[0xffffff9e]lJ[0xffffffd8]m[0xffffffbb][0xffffff94]j[0xffffffe5]R[0xffffffc2]d[0xffffffdb][0xffffffa5][0x10][0xffffffef][0xffffff85][0xffffff94][0x10]{%[0xffffffda]mV[0xffffffec][0x7][0xe]z[0xffffffaf][0xffffffc4][0xfffffffb][0x9][0xffffffe8][0xffffff94] [0xfffffff7]J[0xffffffbc]?[0xffffff9d]I[0x9][0xffffffa3][0xffffffbd][0x12][\n]"
19:31:00.602 [main] DEBUG org.apache.hc.client5.http.wire - http-outgoing-1 << "E&%\[0xfffffff6]J(,[0xfffffff3]S[0xffffff82][0xffffffdd]+[0x11][0x11]uJ[0x9][0xffffffb3][0xffffffbd][0x12]O\[0xffffffca][0xffffffa6][0xffffff84][0xffffffd1]^[0x9]aZ*%~~[0xffffffaf]D[0xffffffb9][0xffffff89][0xffffffbd][0x12][0xfffffff7][0xffffff94][0xffffff98][0xffffffd0]G[0xffffffc6][0x1f][0xffffffe7][0xffffff81]S[0xffffff82][0xffffffdf]+[0xfffffff1]y[0x6]&%[0xffffffa8][0xffffffbd][0x12][0xffffffdf][0xffffff9f][0xffffffec][0xffffff91][0x12][0x1e]{%4[0xffffff90]LJ[0xfffffff0]{%"[0xffffff9c][0xffffffd9])[0xffffffe1][0xffffffbb]WB[0xffffffca][0xffffff93]M[0x9][0xffffffbb][0xffffffbd][0x12]R[0xffffffad]\J[0xffffff98][0xffffffec][0xffffff95][0x10][0xffffffe2][0xffffffbd][0xffffff90][0x12]S[0xffffffa5][0xffffffc4]j[0xffffffd8]][0xffffff89][0xffffff89][0xffffffa7][0xffffffc4]4H[0xffffff89][0x19]yO[0x4]|b)1[0xffffff9d]R"[0xffffffa2][0xffffffc8][0xffffffa4][0xffffff84][0x2][0xffffff92]I[0xffffff89][0xffffff88]e~J[0xffffffec]pf[0xffffffa7][0xffffffc4][0xffffff8e][0xffffffa8]SJ[0x8]y[0xffffffb2])!][0xffffffca][0xffffffa6][0xffffff84]P+[0xffffff97][0x12][0xffffffc1][0xffffffb4]TJ[0x4][0xfffffff1]^H[0x9][0xffffffb9][0xffffffa2]j[0xffffffad]F[0xffffffa5][0x4][0xffffffbd][0xffffffa2][0xffffffea][0xfffffffd][0x4]tJ[0xffffff90]+[0xffffffaa][0xffffffde][0xffffff9f][0xffffffce][0xffffffa4][0xffffff84][0xffffffd1][0xffffff8a]*[0xffffff85]"[0xffffff93][0x12].+[0xffffffaa][0x14][0xffffff96][0xfffffff9])[0xffffffc1][0xffffffae][0xffffffa8][0xffffff8a][0xffffff88]:[0xffffffa5][0xffffff84][0xffffffd9][0xffffff8a][0xffffffaa]'.eS[0xffffffc2]hE[0xffffff95]0-[0xffffff95][0x12][0x7f][0xffffff87][0x15]U[0xffffff87]ZQu[0xffffffdc][0xffffffb0][0x1f]8[0xe]|E[0xffffffd5]a[0xffffffb0][0xffffffa2][0xffffffea][0x10]{T[0xfffffff2][0x0]?[0xffffffb0][0x15]UG[0xffffffd8][0xffffff94][0x2][0xffffffa6][0xffffff84]@[0x11]I[0x9][0x9]$[0xffffff92][0x12][0x2][0xffffffcb][0xfffffff4][0xffffff94][0x8]p&[0xffffffa7]D@[0xffffffd4](%[0xffffff94]<[0xffffffd1][0xffffff94][0xffffffd0].ESB[0xffffffa9][0x15]K[0xffffff89]hZ(%[0xffffffa2]x/[0xffffffa4][0xffffff84]ZQu[0x1c][0xffffffd8]^[0xffffff89][0x3]_Qu[0x18][0xffffffac][0xffffffa8]:[0xffffffc4][0x1e][0xffffff95]D[0xffffffc0][0xffffffb1][0x15]UG[0xffffffd8][0xffffff94]B[0xffffffa6][0xffffff84][0xffffffc9][0xffffff8a]*[0x9]$[0xffffff93][0x12][0x6]+[0xffffffaa][0x2][0xffffff9c][0xffffffd9])a[0xffffffbc][0xffffffa2]J[0xffffffc9][0xffffff93]M[0x9][0xffffffbf][0x15]UJ[0xffffffad]\J[0xffffffb8][0xffffffac][0xffffffa8][0xffffff8a][0xffffffe2][0xffffffbd][0xffffff90][0x12]E[0xffffffa5]DY[0xffffffd4]][0xffffff89][0xffffffb7][0xfffffff3][0xffffffc0])Q[0xc]R[0xffffffa2]D[0xffffffde][0x13][0x1]/XJ[0x14][0xffffffa7][0xffffff94][0xffffff88](2)[0xffffffa1][0xffffff80]dR"b[0xffffff99][0xffffff9f][0x12];[0xffffff9c][0xffffffd9])[0xffffffb1]#[0xffffffea][0xffffff94][0x12]B[0xffffff9e]lJH[0xffffff97][0xffffffb2])![0xffffffd4][0xffffffca][0xffffffa5]D0-[0xffffff95][0x12]A[0xffffffbc][0x17]RB[0xffffffed][0xffffff95]8Z[0xffffffa5][0xffffffbe][0xffffffc1]q[0xffffffe0]{%[0xe][0xffffff83][0xffffffbd][0x12][0xffffff87][0x18]~N[0x4][0x1c][0xffffffdb]+q[0xffffff84][0xfffffff1]f2%L[0xfffffff6]JH [0xffffff99][0xffffff94]0[0xffffffd8]+[0x11][0xffffffe0][0xffffffcc]N[0x9][0xffffffe3][0xffffffbd][0x12]J[0xffffff9e]lJ[0xfffffff8][0xffffffed][0xffffff95]Pj[0xffffffe5]R[0xffffffc2]e[0xffffffaf]D[0x14][0xffffffef][0xffffff85][0xffffff94][0xffffffe8]*%[0xfffffffa][\r][0xffffffbb]+[0xffffffd1][0xfffffff1][0xffffff94][0xffffffe8][0x6])[0xffffffd1]#[0xffffffef][0xffffff89][0xffffff80]w,%[0xffffffba]SJD[0x14][0xffffff99][0xffffff94]P@2)[0x11][0xffffffb1][0xffffffcc]O[0xffffff89][0x1d][0xffffffce][0xffffffec][0xffffff94][0xffffffd8][0x11]uJ[0x9]!O6%[0xffffffa4]K[0xffffffd9][0xffffff94][0x10]j[0xffffffe5]R"[0xffffff98][0xffffff96]J[0xffffff89] [0xffffffde][0xb])[0xffffffa1]VT[0x1d]}[0xc]*%[0xfffffff0][0x15]U[0xffffff87][0xffffffc1][0xffffff8a][0xffffffaa]C[0xffffffec]QI[0x4][0x1c][Qu[0xffffff84]M)dJ[0xffffff98][0xffffffac][0xffffffa8][0xffffff92]@2)a[0xffffffb0][0xffffffa2]*[0xffffffc0][0xffffff99][0xffffff9d][0x12][0xffffffc6]+[0xffffffaa][0xffffff94]<[0xffffffd9][0xffffff94][0xfffffff0][Q[0xffffffa5][0xffffffd4][0xffffffca][0xffffffa5][0xffffff84][0xffffffcb][0xffffff8a][0xffffffaa]([0xffffffde][0xb])[0xffffffa1]VT[0x1d]}[0x15]*%[0xfffffff0][0x15]U[0xffffff87][0xffffffc1][0xffffff8a][0xffffffaa]C[0xffffffec]QI[0x4][0x1c][Qu[0xffffff84]M)dJ[0xffffff98][0xffffffac][0xffffffa8][0xffffff92]@2)a[0xffffffb0][0xffffffa2]*[0xffffffc0][0xffffff99][0xffffff9d][0x12][0xffffffc6]+[0xffffffaa][0xffffff94]<[0xffffffd9][0xffffff94][0xfffffff0][Q[0xffffffa5][0xffffffd4][0xffffffca][0xffffffa5][0xffffff84][0xffffffcb][0xffffff8a][0xffffffaa]([0xffffffde][0xb])[0xffffffa1]VT[0x1d][0xffffffa3]N*%[0xfffffff0][0x15]U[0xffffff87][0xffffffc1][0xffffff8a][0xffffffaa]C[0xffffffec]QI[0x4][0x1c][Qu[0xffffff84]M)dJ[0xffffff98][0xffffffac][0xffffffa8][0xffffff92]@2)a[0xffffffb0][0xffffffa2]*[0xffffffc0][0xffffff99][0xffffff9d][0x12][0xffffffc6]+[0xffffffaa][0xffffff94]<[0xffffffd9][0xffffff94][0xfffffff0][Q[0xffffffa5][0xffffffd4][0xffffffca][0xffffffa5][0xffffff84][0xffffffcb][0xffffff8a][0xffffffaa]([0xffffffde][0xffffffd7]S[0xffffffa2][0xffffffa8]/[0xffffff83][0x1e]sR)Q[0xfffffff0]/[0xffffff83][0x16][0xffffff83]/[0xffffff83][0x16][0xfffffff1][0xfffffff9][0xffffffba]<[0xffffffc0][0xb][0xfffffff6]e[0xffffffd0][0x12]>P[0x7][0xffffffa6][0xffffff84]@[0x11]I[0x9][0x9]$[0xffffff92][0x12][0x2][0xffffffcb][0xfffffff4][0xffffff94][0x8]p&[0xffffffa7]D@[0xffffffd4](%[0xffffff94]<[0xffffffd1][0xffffff94][0xffffffd0].ESB[0xffffffa9][0x15]K[0xffffff89]hZ(%[0xffffffa2]x/[0xffffffa4][0xffffff84][0xffffff9a][0xffffffe0][0xffffffb8][0xffffffff][0xffffff93][0xffffffa9]k[0xffffff97][0x5][0xffffff9f][0xffffffe0]([0x6][0x13][0x1c]E\3N[0x4][0x1c][0xffffff9b][0xffffffe0]([0xffffffe1]"1[0xffffff99][0x12]&[0x13][0x1c][0x12]H&%[0xc]&8[0x2][0xffffff9c][0xffffffd9])a<[0xffffffc1][0xffffffa1][0xffffffe4][0xffffffc9][0xffffffa6][0xffffff84][0xffffffdf][0x4][0xffffff87]R+[0xffffff97][0x12].[0x13][0x1c]Q[0xffffffbc][0x17]RBMp[0xffffffbc][0xfffffffd][0xffffffc4]A[0xffffffa5][0x4]>[0xffffffc1]Q[0xc]&8[0xffffff8a][0xffffffb8]f[0xffffff9c][0x8]86[0xffffffc1]Q[0xffffffc2]Eb2%L&8$[0xffffff90]LJ[0x18]Lp[0x4]8[0xffffffb3]S[0xffffffc2]x[0xffffff82]C[0xffffffc9][0xffffff93]M[0x9][0xffffffbf][0x9][0xe][0xffffffa5]V.%\&8[0xffffffa2]x/[0xffffffa4][0xffffff84][0xffffff9a][0xffffffe0]([0xffffffe7]8[0xffffffa8][0xffffff94][0xffffffc0]'8[0xffffff8a][0xffffffc1][0x4]G[0x11][0xffffffd7][0xffffff8c][0x13][0x1][0xffffffc7]&8J[0xffffffb8]HL[0xffffffa6][0xffffff84][0xffffffc9][0x4][0xffffff87][0x4][0xffffff92]I[0x9][0xffffff83][0x9][0xffffff8e][0x0]gvJ[0x18]Op(y[0xffffffb2])[0xffffffe1]7[0xffffffc1][0xffffffa1][0xffffffd4][0xffffffca][0xffffffa5][0xffffff84][0xffffffcb][0x4]G[0x14][0xffffffef][0xffffffa5][0xffffff94](f)Q[0xfffffff0][0xffffff94]([0x6])Q[0xffffffd0][0xffffff94](XJ[0x14][0xffffffa7][0xffffff94][0xffffffd8]Q[0xffffffa4]R"[0x2]I[0xffffffa5][0xffffffc4][0xffffff8e]%[0xffffff91][0x12][0x5]N[0xffffff89]b[0xffffff9c][0x12]A[0xffffff9e]tJ[0x8][0xffffff97][0xffffffd2])[0x11][0xffffffd4]J[0xffffffa6]DqI[0xffffff89][0xfffffff2][0xffffffd3])q[0xfffffffe]RcJLlq[0xfffffff6][0xffffffdb]y[0xffffffe0][0xffffff94]x;[0x1][0xffffff9d][0x12][0xffffffdf][0xffffffce][0xffffffc0][0xffffffa4][0xffffffc4][0xffffffdb][0xffffffd3][0xffffff99][0xffffff94][0xfffffff8]x[0xffffffb2]GJD[0x14][0xffffff99][0xffffff94]P@2)[0x11][0xffffffb1][0xffffffcc]O[0xffffff89][0x1d][0xffffffce][0xffffffec][0xffffff94][0xffffffd8][0x11]uJ[0x9]!O6%[0xffffffa4]K[0xffffffd9][0xffffff94][0x10]j[0xffffffe5]R"[0xffffff98][0xffffff96]J[0xffffff89] [0xffffffde][0xb])[0xffffffa1][0xffffff86]Ak[0xffffffe9]XJ[0xffffffe0][0xffffffc3][0xffffffa0][0xffffffc5]`[0x18][0xffffffb4][0xffffff88][0xffffff89][0xffffffa5]D[0xffffffc0][0xffffffb1]a[0xffffffd0][0x12]f[0xffffff92][0xffffffc8][0xffffff94]0[0x19][0x6][0xffffff95]@2)a0[0xc][0x1a][0xffffffe0][0xffffffcc]N[0x9][0xffffffe3]aP%O6%[0xfffffffc][0xffffff86]A[0xffffff95]Z[0xffffffb9][0xffffff94]p[0x19][0x6][0xffffff8d][0xffffffe2][0xffffffbd][0xffffff90][0x12]K[0xffffffa5]D+[0xffffffd4][0xffffff8a][0xffffffaa][0xffffffb7][0xfffffff3][0xffffffc0])[0xffffffb1][0x14][0xfffffffe][0xffffffc9][0xffffffbc][0xffffffaf][0xffffffc8]{"[0xffffffe0][0xb]K[0xffffff89][0xffffffe5][0xffffff94][0x12][0x11]E&%[0x14][0xffffff90]LJD,[0xfffffff3]Sb[0xffffff87]3;%vD[0xffffff9d]RB[0xffffffc8][0xffffff93]M[0x9][0xffffffe9]R6%[0xffffff84]Z[0xffffffb9][0xffffff94][0x8][0xffffffa6][0xffffffa5]R"[0xffffff88][0xfffffff7][0xfffffff5][0xffffff94][0xffffffa8][0xffffffea]#[0xffffffe3][0xfffffff5][0xffffffec]TJT[0xfffffffc]#[0xffffffe3][0xffffffd5][0xffffffe0]#[0xffffffe3]U|[0x9]7[0xf][0xfffffff0][0xffffff8a]}d[0xffffffbc][0xffffff86]o[0xffffffdd][0xffffff82])!PDRB[0x2][0xffffff89][0xffffffa4][0xffffff84][0xffffffc0]2=%[0x2][0xffffff9c][0xffffffc9])[0x11][0x10]5J[0x9]%O4%[0xffffffb4]K[0xffffffd1][0xffffff94]Pj[0xffffffc5]R"[0xffffff9a][0x16]J[0xffffff89]([0xffffffde][0xb])[0xffffffa1]VT[0xffffffd5]Y+[0xffffff95][0x12][0xfffffff8][0xffffff8a][0xffffffaa]j[0xffffffb0][0xffffffa2][0xffffffaa][0xffffff8a]=*[0xffffff89][0xffffff80]c+[0xffffffaa]j[0xffffffd8][0xffffff94]B[0xffffffa6][0xffffff84][0xffffffc9][0xffffff8a]*[0x9]$[0xffffff93][0x12][0x6]+[0xffffffaa][0x2][0xffffff9c][0xffffffd9])a[0xffffffbc][0xffffffa2]J[0xffffffc9][0xffffff93]M[0x9][0xffffffbf][0x15]UJ[0xffffffad]\J[0xffffffb8][0xffffffac][0xffffffa8][0xffffff8a][0xffffffe2][0xffffffbd][0xffffff90][0x12]jEU[0xffffff9d]'[0xffffff96][0x12][0xfffffff8][0xffffff8a][0xffffffaa]j[0xffffffb0][0xffffffa2][0xffffffaa][0xffffff8a]=*[0xffffff89][0xffffff80]c+[0xffffffaa]j[0xffffffd8][0xffffff94]B[0xffffffa6][0xffffff84][0xffffffc9][0xffffff8a]*[0x9]$[0xffffff93][0x12][0x6]+[0xffffffaa][0x2][0xffffff9c][0xffffffd9])a[0xffffffbc][0xffffffa2]J[0xffffffc9][0xffffff93]M[0x9][0xffffffbf][0x15]UJ[0xffffffad]\J[0xffffffb8][0xffffffac][0xffffffa8][0xffffff8a][0xffffffe2][0xffffffbd][0xffffff90][0x12]jEU[0xffffffbb][0xffffff95]F[0xffffffa5][0x4][0xffffffbe][0xffffffa2][0xffffffaa][0x1a][0xffffffac][0xffffffa8][0xffffffaa]b[0xffffff8f]J"[0xffffffe0][0xffffffd8][0xffffff8a][0xffffffaa][0x1a]6[0xffffffa5][0xffffff90])a[0xffffffb2][0xffffffa2]J[0x2][0xffffffc9][0xffffffa4][0xffffff84][0xffffffc1][0xffffff8a][0xffffffaa][0x0]gvJ[0x18][0xffffffaf][0xffffffa8]R[0xfffffff2]dS[0xffffffc2]oE[0xffffff95]R+[0xffffff97][0x12].+[0xffffffaa][0xffffffa2]x/[0xffffffa5]D[0x1c][0x6]eS[0x2][0x1e][0x6]}[0xffffff9c][0xffffff80]O[0x9]p[0x18][0xfffffff4][0xfffffff1]t*%|[0xffffff86]A[0x5][0xffffff8a]TJ[0xffffff98][0xc][0xffffff83][\n]"
19:31:00.604 [main] DEBUG org.apache.hc.client5.http.wire - http-outgoing-1 << ",[0xffffff89][0xffffff94]@[0xffffff87]A[0x3][0xffffffa2]^)[0xffffffe1]5[0xc][0xffffffaa]]J[0xffffffa7][0xffffff84][0xffffffcf]0h4-[0xffffff97][0x12]?=[0xc]Z[0xffffffd5][0xffffff8a][0xffffffaa]V[0xffffffb8][0x1f]8[0xfffffff0][0x15]U[0xffffffd5]`EU[0x15]{T[0x12][0x1][0xffffffc7]VT[0xffffffd5][0xffffffb0])[0xffffff85]L[0x9][0xffffff93][0x15]U[0x12]H&%[0xc]VT[0x5]8[0xffffffb3]S[0xffffffc2]xE[0xffffff95][0xffffff92]'[0xffffff9b][0x12]~+[0xffffffaa][0xffffff94]Z[0xffffffb9][0xffffff94]pYQ[0x15][0xffffffc5]{!%N[0xfffffff5][0x3]G[0xffffffc7]>2[0xfffffffe]v[0x1e]8%N[0xfffffff5]R.[0xffffff99][0xfffffff7]3[0xffffffbe][0xffffff85]K[0x4][0xfffffffc][0xffffffc4]~[0xffffffe0]8[0xffffff9d]~[0xffffffe0][0xffffff88](2)[0xffffffa1][0xffffff80]dR"b[0xffffff99][0xffffff9f][0x12];[0xffffff9c][0xffffffd9])[0xffffffb1]#[0xffffffea][0xffffff94][0x12]B[0xffffff9e]lJH[0xffffff97][0xffffffb2])![0xffffffd4][0xffffffca][0xffffffa5]D0-[0xffffff95][0x12]A[0xffffffbc][0x17]Rb[0xffffffaa][0xffffffb7][0x12]su*%&[0xfffffffe]Vb[0x1a][0xffffffbc][0xffffff95][0xffffff98]1[0xffffff9d][0x13][0x1][0xffffff9f][0xffffffd8][[0xffffff89][0xffffffe9][0xfffffff4]V"[0xffffffa2][0xffffffc8][0xffffffa4][0xffffff84][0x2][0xffffff92]I[0xffffff89][0xffffff88]e~J[0xffffffec]pf[0xffffffa7][0xffffffc4][0xffffff8e][0xffffffa8]SJ[0x8]y[0xffffffb2])!][0xffffffca][0xffffffa6][0xffffff84]P+[0xffffff97][0x12][0xffffffc1][0xffffffb4]TJ[0x4][0xfffffff1]^H[0x9][0xffffffb5][0xffffffa2][0xffffffaa][0xffffff97][0x1b][0xfffffff5]e[0xffffffd0][0xffffff8a][0xffffffaf][0xffffffa8][0xffffffaa][0x6]+[0xffffffaa][0xffffffaa][0xffffffd8][0xffffffa3][0xffffff92][0x8]8[0xffffffb6][0xffffffa2][0xffffffaa][0xffffff86]M)dJ[0xffffff98][0xffffffac][0xffffffa8][0xffffff92]@2)a[0xffffffb0][0xffffffa2]*[0xffffffc0][0xffffff99][0xffffff9d][0x12][0xffffffc6]+[0xffffffaa][0xffffff94]<[0xffffffd9][0xffffff94][0xfffffff0][Q[0xffffffa5][0xffffffd4][0xffffffca][0xffffffa5][0xffffff84][0xffffffcb][0xffffff8a][0xffffffaa]([0xffffffde]K)[0x11][0xffffffdf]J[0xffffffb0])A[0xffffffbf][0xffffff95]X[0x6]o%VL[0xffffffe7]T[0xffffffc0][0xffffffa9][0xffffffb7][0x12][0xffffffcb][0xffffffe9][0xffffffad]DD[0xffffff91]J[0x9][0xffffff97][0xffffffb7][0x12][0x11]K"%[0xffffffd8][0xffffffb7][0x12];[0xffffffa2]^)a[0xfffffff6]VB[0xffffffba][0xffffff94]N[0x9][0xffffffa3][0xffffffb7][0x12][0xffffffc1][0xffffffb4]\J[0xfffffffc][0xfffffff4][[0xffffff89]vSo%[0xfffffffa]jPJ[0xffffffbc][0xffffff9d][0xffffff87]M[0xffffff89][0xffffffc7][0x9][0xffffffe0][0xffffff94][0xfffffff8]~[0x6]$%[0x1e]OGR[0xffffffe2][0xffffffdb][0xffffff93]-RB[0xffffffa0][0xffffff88][0xffffffa4][0xffffff84][0x4][0x12]I[0x9][0xffffff81]ezJ[0x4]8[0xffffff93]S" j[0xffffff94][0x12]J[0xffffff9e]hJh[0xffffff97][0xffffffa2])[0xffffffa1][0xffffffd4][0xffffff8a][0xffffffa5]D4-[0xffffff94][0x12]Q[0xffffffbc][0x17]RB-[0xffffffce][0xffffffee][0xffffffdc][0xffffffb6][0xffffffcb][0xffffff86]/[0xffffffce]n[0x6][0xffffff8b][0xffffffb3][0xffffff9b][0xffffffd8][0xffffffee][0xffffff9a][0x8]8[0xffffffb6]8[0xffffffbb][0xffffff85][0xfffffffd][0xffffffad]dJ[0xffffff98],[0xffffffce][0xffffff96]@2)a[0xffffffb0]8;[0xffffffc0][0xffffff99][0xffffff9d][0x12][0xffffffc6][0xffffff8b][0xffffffb3][0xffffff95]<[0xffffffd9][0xffffff94][0xfffffff0][[0xffffff9c][0xffffffad][0xffffffd4][0xffffffca][0xffffffa5][0xffffff84][0xffffffcb][0xffffffe2][0xffffffec]([0xffffffde]K)[0x11][0xfffffff7]J[0xffffffb0])[0x1][0xffffffef][0xffffff95]x[0xffffff9c][0xffffff80]O[0x9]p[0xffffffaf][0xffffffc4][0xffffffe3][0xffffffe9]TJ[0xfffffff8][0xffffffec][0xffffff95][0x10](R)a[0xffffffb2]WB`I[0xffffffa4][0x4][0xffffffba]W" [0xffffffea][0xffffff95][0x12]^{%[0xffffffb4]K[0xffffffe9][0xffffff94][0xfffffff0][0xffffffd9]+[0x11]M[0xffffffcb][0xffffffa5][0xffffffc4]O[0xffffffef][0xffffff95][0xffffffb8][0xffffffff]3[0xffffff9a]YJ4<%[0xffffff9a]AJ44%[0x1a][0xffffff96][0x12][0xffffffcd])%v[0x14][0xffffffa9][0xffffff94][0xffffff88]@R)[0xffffffb1]cI[0xffffffa4]D[0xffffff83]S[0xffffffa2][0x19][0xffffffa7]D[0xffffff90]'[0xffffff9d][0x12][0xffffffc2][0xffffffa5]tJ[0x4][0xffffffb5][0xffffff92])[0xffffffd1]\R[0xffffffa2][0xfffffffd][0x1d]R[0xffffffa2][0xffffff9b][0xffffffa5]D[0xffffffc7]S[0xffffffa2][0x1b][0xffffffa4]DGS[0xffffffa2]c)[0xffffffd1][0xffffff9d]RbG[0xffffff91]J[0xffffff89][0x8]$[0xffffff95][0x12];[0xffffff96]DJt8%[0xffffffba]qJ[0x4]y[0xffffffd2])!\J[0xffffffa7]DP+[0xffffff99][0x12][0xffffffdd]%%[0xfffffffa]O[0xffffffa7][0xffffff84][0xfffffffa][0xffffff9c][0xffffffd7][0x18][0xffffff85][0xffffff9a][0xffffffe0]h[0xfffffff8][0xffffffe7][0xffffffbc][0xffffff9a][0xffffffc1][0xffffffe7][0xffffffbc][0xffffff9a][0xfffffff8][0xffffffe6]L"[0xffffffe0][0xffffffd8][0xffffffe7][0xffffffbc]Z[0xfffffff8][0xffffffaa][0xc][0xffffff99][0x12]&[0xffffff9f][0xfffffff3][0xffffff92]@2)a[0xfffffff0]9[0xffffffaf][0x0]gvJ[0x18][0x7f][0xffffffce]K[0xffffffc9][0xffffff93]M[0x9][0xffffffbf][0xffffffcf]y)[0xffffffb5]r)[0xffffffe1][0xfffffff2]9[0xffffffaf]([0xffffffde][0xb])[0xffffffa1]>[0xffffffe7]5[0xffffffce]Em[0xffffffbb]l[0xfffffff8][0xffffffe7][0xffffffbc][0xffffff9a][0xffffffc1][0xffffffe7][0xffffffbc][0xffffff9a][0xfffffff8][0xffffffe6]L"[0xffffffe0][0xffffffd8][0xffffffe7][0xffffffbc]Z[0xfffffff8][0xffffffaa][0xc][0xffffff99][0x12]&[0xffffff9f][0xfffffff3][0xffffff92]@2)a[0xfffffff0]9[0xffffffaf][0x0]gvJ[0x18][0x7f][0xffffffce]K[0xffffffc9][0xffffff93]M[0x9][0xffffffbf][0xffffffcf]y)[0xffffffb5]r)[0xffffffe1][0xfffffff2]9[0xffffffaf]([0xffffffde][0xb])1TJ[0xffffffcc][0xffffff81][0xffffffbd][0xffffff95][0x18]xJ[0xc][0xffffff83][0xffffff94][0x18][0xffffff91][0xfffffff7]D[0xffffffc0][0x7][0xffffff96][0x12][0xffffffc3])%"[0xffffff8a]LJ( [0xffffff99][0xffffff94][0xffffff88]X[0xffffffe6][0xffffffa7][0xffffffc4][0xe]gvJ[0xffffffec][0xffffff88]:[0xffffffa5][0xffffff84][0xffffff90]'[0xffffff9b][0x12][0xffffffd2][0xffffffa5]lJ[0x8][0xffffffb5]r)[0x11]LK[0xffffffa5]D[0x10][0xffffffef][0xffffff85][0xffffff94][0xffffff98]*%V[0xffffffc5]Rb[0xffffffe2])1[\r]RbF[0xffffffde][0x13][0x1][0xffffff9f]XJL[0xffffffa7][0xffffff94][0xffffff88](2)[0xffffffa1][0xffffff80]dR"b[0xffffff99][0xffffff9f][0x12];[0xffffff9c][0xffffffd9])[0xffffffb1]#[0xffffffea][0xffffff94][0x12]B[0xffffff9e]lJH[0xffffff97][0xffffffb2])![0xffffffd4][0xffffffca][0xffffffa5]D0-[0xffffff95][0x12]A[0xffffffbc][0x17]RB-[0xffffffce][0x1e]k[0xffffff9d]TJ[0xffffffe0][0xffffff8b][0xffffffb3][0xffffff9b][0xffffffc1][0xffffffe2][0xffffffec]&[0xffffffb6][0xffffffbb]&[0x2][0xffffff8e]-[0xffffffce]na[0x7f]+[0xffffff99][0x12]&[0xffffff8b][0xffffffb3]%[0xffffff90]LJ[0x18],[0xffffffce][0xe]pf[0xffffffa7][0xffffff84][0xfffffff1][0xffffffe2]l%O6%[0xfffffffc][0x16]"
19:31:00.614 [main] DEBUG org.apache.hc.client5.http.wire - http-outgoing-1 << "g+[0xffffffb5]r)[0xffffffe1][0xffffffb2]8;[0xffffff8a][0xfffffff7][0xfffffff5][0xffffff94][0xffffffe8]jE[0xffffffd5]Y[0x1b][0xfffffff5]9[0xffffffaf][0xffffff8e][0xffffffaf][0xffffffa8][0xffffffea][0x6]+[0xffffffaa][0xffffffba][0xffffffd8][0xffffffa3][0xffffff92][0x7]x[0xffffffc7]VT[0xfffffff5][0xffffffb0])[0x5]L[0x9][0xffffff81]"[0xffffff92][0x12][0x12]H$%[0x4][0xffffff96][0xffffffe9])[0x11][0xffffffe0]LN[0xffffff89][0xffffff80][0xffffffa8]QJ(y[0xffffffa2])[0xffffffa1]][0xffffff8a][0xffffffa6][0xffffff84]R+[0xffffff96][0x12][0xffffffd1][0xffffffb4]PJD[0xfffffff1]^H[0xffffff89]"[0xfffffff6]J[0xffffff9c][0xffffffad][0x15]*%[\n]"
19:31:00.614 [main] DEBUG org.apache.hc.client5.http.wire - http-outgoing-1 << "[0xffffffbd]W[0xffffffe2]q[0x2]:%J[0x1c]~N[0x4][0xffffffbc]P{%[0xffffffbe]=[0xffffffd9]#%"[0xffffff8a]LJ( [0xffffff99][0xffffff94][0xffffff88]X[0xffffffe6][0xffffffa7][0xffffffc4][0xe]gvJ[0xffffffec][0xffffff88]:[0xffffffa5][0xffffff84][0xffffff90]'[0xffffff9b][0x12][0xffffffd2][0xffffffa5]lJ[0x8][0xffffffb5]r)[0x11]LK[0xffffffa5]D[0x10][0xffffffef][0xffffff85][0xffffff94][0xffffffa8][0xffffffea][0xffffffad][0xffffffc4]\[0xffffffd4]^[0xffffff89][0xffffffb7][0xfffffff3][0xffffffc0])Q[\r][0xffffffde]J[0xffffffd4][0xffffff98][0xffffffce][0xffffff89][0xffffff80]W[0xffffffec][0xffffffad]Duz+[0x11]QdRB[0x1][0xffffffc9][0xffffffa4]D[0xffffffc4]2?%v8[0xffffffb3]SbG[0xffffffd4])%[0xffffff84]<[0xffffffd9][0xffffff94][0xffffff90].eSB[0xffffffa8][0xffffff95]K[0xffffff89]`Z*%[0xffffff82]x/[0xffffffa5]D\[0xffffff9c][0xffffffcd][0xffffffa6][0x4][0xffffffbc]8[0xfffffffb]q[0x2]>%[0xffffffc0][0xffffffc5][0xffffffd9][0xffffff8f][0xffffffa7]S)[0xffffffe1][0xffffffb3]8[[0xffffffa0]H[0xffffffa5][0xffffff84][0xffffffc9][0xffffffe2]l[0xffffff81]%[0xffffff91][0x12][0xffffffe8][0xffffffe2][0xffffffec][0xffffff80][0xffffffa8]WJx-[0xffffffce][0xffffffd6].[0xffffffa5]S[0xffffffc2]gqv4-[0xffffff97][0x12]?[0xffffffbd]8[0xffffffbb][0xffffffab][0x15]U[0xfffffff3][0xffffffb8]Q[0xffffffd7].;[0xffffffbe][0xffffffa2][0xffffffaa][0x1b][0xffffffac][0xffffffa8][0xffffffea]b[0xffffff8f]J"[0xffffffe0][0xffffffd8][0xffffff8a][0xffffffaa][0x1e]6[0xffffffa5][0xffffff90])a[0xffffffb2][0xffffffa2]J[0x2][0xffffffc9][0xffffffa4][0xffffff84][0xffffffc1][0xffffff8a][0xffffffaa][0x0]gvJ[0x18][0xffffffaf][0xffffffa8]R[0xfffffff2]dS[0xffffffc2]oE[0xffffff95]R+[0xffffff97][0x12].+[0xffffffaa][0xffffffa2]x/[0xffffffa4][0xffffff84]ZQ5{[0xffffffc3][0xffffffde]J[0xffffffe0]+[0xffffffaa][0xffffffba][0xffffffc1][0xffffff8a][0xffffffaa].[0xfffffff6][0xffffffa8]$[0x2][0xffffff8e][0xffffffad][0xffffffa8][0xffffffea]aS[\n]"
19:31:00.614 [main] DEBUG org.apache.hc.client5.http.wire - http-outgoing-1 << "[0xffffff99][0x12]&+[0xffffffaa]$[0xffffff90]LJ[0x18][0xffffffac][0xffffffa8][\n]"
19:31:00.614 [main] DEBUG org.apache.hc.client5.http.wire - http-outgoing-1 << "pf[0xffffffa7][0xffffff84][0xfffffff1][0xffffff8a]*%O6%[0xfffffffc]VT)[0xffffffb5]r)[0xffffffe1][0xffffffb2][0xffffffa2]*[0xffffff8a][0xfffffff7]BJ[0xffffff8c]_JL[0xffffff89][0xffffffb3][0x1e]TJ[0xffffffdc][0xffffffcf][0x3][0xffffffa7][0xffffffc4][0xffffffdb][0x9][0xffffffe8][0xffffff94][0xfffffff8]v[0x6]&%[0xffffffde][0xffffff9e][0xffffffce][0xffffffa4][0xffffffc4][0xffffffc7][0xffffff93]=R"[0xffffffa2][0xffffffc8][0xffffffa4][0xffffff84][0x2][0xffffff92]I[0xffffff89][0xffffff88]e~J[0xffffffec]pf[0xffffffa7][0xffffffc4][0xffffff8e][0xffffffa8]SJ[0x8]y[0xffffffb2])!][0xffffffca][0xffffffa6][0xffffff84]P+[0xffffff97][0x12][0xffffffc1][0xffffffb4]TJ[0x4][0xfffffff1]^H[0xffffff89]S[0xffffffbc][0xffffff95]X[0x7][0xffffffb6]8[0xfffffffb][0xffffffed]<pJ[0xffffff9c][0x6]o%[0xffffffce][0xffffff98][0xffffffce][0xffffff89][0xffffff80][0xffffff9f][0xffffffd8][[0xffffff89][0xffffffd3][0xffffffe9][0xffffffad]DD[0xffffff91]I[0x9][0x5]$[0xffffff93][0x12][0x11][0xffffffcb][0xfffffffc][0xffffff94][0xffffffd8][0xffffffe1][0xffffffcc]N[0xffffff89][0x1d]Q[0xffffffa7][0xffffff94][0x10][0xfffffff2]dSB[0xffffffba][0xffffff94]M[0x9][0xffffffa1]V.%[0xffffff82]i[0xffffffa9][0xffffff94][0x8][0xffffffe2][0xffffffbd][0xffffff90][0x12]j[0xffffffdb][0xffffffe5][0xffffffaa][0xffffffdc]0([0xffffffbe][0xffffffed][0xffffffb2][0x1b]l[0xffffffbb][0xffffffec]b%["[0xffffffe0][0xffffffd8][0xffffffb6][0xffffffcb][0x1e][0xffffff96][0xffffffae][0xffffff91])a[0xffffffb2][0xffffffed]R[0x2][0xffffffc9][0xffffffa4][0xffffff84][0xffffffc1][0xffffffb6][0xffffffcb][0x0]gvJ[0x18]o[0xffffffbb]T[0xfffffff2]dS[0xffffffc2]o[0xffffffdb][0xffffffa5]R+[0xffffff97][0x12].[0xffffffdb].[0xffffffa3]x/[0xffffffa4][0xffffff84][0xffffffda]v[0xffffffb9]z[0xffffffc7][0xffffffae]][0xffffffe2][0xffffffdb].[0xffffffbb][0xffffffc1][0xffffffb6][0xffffffcb].V[0xffffffb2]%[0x2][0xffffff8e]m[0xffffffbb][0xffffffec]a[0xffffffe9][0x1a][0xffffff99][0x12]&[0xffffffdb].%[0xffffff90]LJ[0x18]l[0xffffffbb][0xc]pf[0xffffffa7][0xffffff84][0xfffffff1][0xffffffb6]K%O6%[0xfffffffc][0xffffffb6]]*[0xffffffb5]r)[0xffffffe1][0xffffffb2][0xffffffed]2[0xffffff8a][0xfffffff7][0xfffffff5][0xffffff94][0x18][0xffffffb7][0xffffff98][0x12][0xfffffffd]v[0xffffffab][0xffffffd4][0xffffffb6][0xffffffcb][0xffffffb7][0xfffffff3][0xffffffb0])[0xfffffff1]8[0x1][0xffffff9c][0x12][0xffffffdf][0xffffffcf][0xffffff80][0xffffffa4][0xffffffc4][0xffffffe3][0xffffffe9]HJ|{[0xffffffb2]EJ[0x8][0x14][0xffffff91][0xffffff94][0xffffff90]@")![0xffffffb0]LO[0xffffff89][0x0]grJ[0x4]D[0xffffff8d]RB[0xffffffc9][0x13]M[0x9][0xffffffed]R4%[0xffffff94]Z[0xffffffb1][0xffffff94][0xffffff88][0xffffffa6][0xffffff85]R"[0xffffff8a][0xfffffff7]BJ[0xffffff88][0xffffffc5][0xffffffd9][0xfffffffd][0xffffffd6][0xffffffe7][0xffffff8d]J[0x9]|q[0xfffffff6]0X[0xffffff9c]=[0xffffffc4]v[0xffffffd7]D[0xffffffc0][0xffffffb1][0xffffffc5][0xffffffd9]#[0xffffffec]o%S[0xffffffc2]dq[0xffffffb6][0x4][0xffffff92]I[0x9][0xffffff83][0xffffffc5][0xffffffd9][0x1][0xffffffce][0xffffffec][0xffffff94]0^[0xffffff9c][0xffffffad][0xffffffe4][0xffffffc9][0xffffffa6][0xffffff84][0xffffffdf][0xffffffe2]l[0xffffffa5]V.%\[0x16]gG[0xfffffff1]^J[0xffffff89][0xffffffb0][0xffffffa2][\n]"
19:31:00.615 [main] DEBUG org.apache.hc.client5.http.wire - http-outgoing-1 << "N[0x9]xE[0xffffffd5][0xffffffe3][0x4]|J[0xffffff80]+[0xffffffaa][0x1e]O[0xffffffa7]R[0xffffffc2]gE[0xffffff95]@[0xffffff91]J[0x9][0xffffff93][0x15]U[0x2]K"%[0xffffffd0][0x15]U[0x1]Q[0xffffffaf][0xffffff94][0xfffffff0]ZQ[0xffffffa5]]J[0xffffffa7][0xffffff84][0xffffffcf][0xffffff8a][0xffffffaa]hZ.%~zE[0xffffffd5][0xfffffffd][0xffffff9f]1[0xffffffcc]Rb[0xffffffe0])1[0xc]Rb[0xffffffa0])1[0xffffffb0][0xffffff94][0x18]N)[0xffffffb1][0xffffffa3]H[0xffffffa5]D[0x4][0xffffff92]J[0xffffff89][0x1d]K"%[0x6][0xffffff9c][0x12][0xffffffc3]8%[0xffffff82]<[0xffffffe9][0xffffff94][0x10].[0xffffffa5]S"[0xffffffa8][0xffffff95]L[0xffffff89][0xffffffe1][0xffffff92][0x12][0xffffffe3][0xffffffef][0xffffff90][0x12][0xffffffc7]4k[0xffffff89]c[0xffffffe2]1q?[0x2]_[0x13][0x1f][0xffffff87][0xffffffa0]r[0xffffffe2][0xfffffffe]x[0xffffffaa]'[0xffffffde][0x1f][0xffffffed][0x12][0x14][0xffffff81]G[0xffffffaa]([0x4][0xffffff95]TR[0x4]6[0xffffff89][0xffffffa6][0xffffffd8][0x8][0xffffffcd][0xffffff8f][0xffffff8a][0xffffff8d]S[0xffffffaf][0xffffffaa][0xffffff88][0x1a][0xffffffa5][0xffffffb3]BY[0xffffff95][0xffffffee][0xffffff8a](Y2,v[0xffffffe7]re[0xffffffb1]+[0xfffffff8]RZ[0xffffff94]e[0xffffff96][0x16]e[0xffffffe1]iq?[0x2][0xffffff9f][0x16][0x1f][0xffffff87][0xffffffa0][0xffffffd2][0xffffffe2][0xfffffffe]x*-[0xffffffde][0x1f][0xffffffed][0xffffff92][0x16][0xffffff81]G*-[0x4][0xffffff95]TZ[0x4]6[0xffffff89][0xffffffb4][0xffffffd8][0x8][0xffffffcd]O[0xffffff8b][0xffffff8d]S[0xffffffaf][0xffffffb4][0xffffff88][0x1a][0xffffffa5][0xffffffd3]BY[0xffffff95]N[0xffffff8b](Y2-v[0xffffffe7]ri[0xffffffb1]+[0xfffffff8]RZT[0xffffffb7][0xffffffb4][0xffffffa8]|ZT[0xffffff87][0xffffffb4][0xffffffa8]lZT.-[0xffffffaa]UZ[0x4][0x1e][0xffffffa9][0xffffffb4][0x10]TRi[0x11][0xffffffd8]$[0xffffffd2][0xffffffa2][0xffffffd2]iQ[0xffffff9d][0xffffffd3]"j[0xffffff94]N[0xb]eU:-[0xffffffa2]d[0xffffffc9][0xffffffb4][0xffffffd8][0xffffff9d][0xffffffcb][0xffffffa5][0xffffffc5][0xffffffae][0xffffffe0]Ki[0xfffffff1][0xffffffd8]9[0xffffffe1][0xffffff94][0x16][0xfffffffd][0xffffffc4][0xffffffd3][0xffffffe2]~[0x4]>->[0xe]A[0xffffffa5][0xffffffc5][0xfffffffd][0xfffffff1]TZ[0xffffffbc]?[0xffffffda]%-[0x2][0xffffff8f]TZ[0x8]*[0xffffffa9][0xffffffb4][0x8]l[0x12]i[0xffffffb1][0x11][0xffffff9a][0xffffff9f][0x16][0x1b][0xffffffa7]^i[0x11]5J[0xffffffa7][0xffffff85][0xffffffb2]*[0xffffff9d][0x16]Q[0xffffffb2]dZ[0xffffffec][0xffffffce][0xffffffe5][0xffffffd2]bW[0xfffffff0][0xffffffa5][0xffffffb4][0x18]no-[0x6][0xffffffff][0xffffffd6]b8[0xffffffbc][0xffffffb5][0x18][0xffffffec][[0xffffff8b][0xffffffc1][0xffffffbd][0xffffffb5][0x18]Vo-[0x2][0xffffff8f]TZ[0x8]*[0xffffffa9][0xffffffb4][0x8]l[0x12]i1[0xffffffe8][0xffffffb7][0x16][0xffffffc3][0xfffffff9][0xffffffad]E[0xffffffd4]([0xffffff9d][0x16][0xffffffca][0xffffffaa]tZD[0xffffffc9][0xffffff92]i[0xffffffb1];[0xffffff97]K[0xffffff8b]][0xffffffc1][0xffffff97][0xffffffd2]b5[0xffffffb3][0xffffffb4]X[\r]O[0xffffff8b][0xfffffffb][0x11][0xfffffff8][0xffffffb4][0xfffffff8]8[0x4][0xffffff95][0x16][0xfffffff7][0xffffffc7]Si[0xfffffff1][0xfffffffe]h[0xffffff97][0xffffffb4][0x8]<Ri![0xffffffa8][0xffffffa4][0xffffffd2]"[0xffffffb0]I[0xffffffa4][0xffffffc5]Fh~Zl[0xffffff9c]z[0xffffffa5]E[0xffffffd4]([0xffffff9d][0x16][0xffffffca][0xffffffaa]tZD[0xffffffc9][0xffffff92]i[0xffffffb1];[0xffffff97]K[0xffffff8b]][0xffffffc1][0xffffff97][0xffffffd2][0xffffffe2]8[0xe][0xffffffb3][0xffffffb6][0xffffffb8][0xffffff9f][0x8][0xffffff8f][0xffffff8b][0xffffffb7]3[0xfffffff0]u[0xfffffff1][0xffffffed][0x14]T^[0xffffffbc]=[0xffffff9f][0xffffffea][0xffffff8b][0xffffff8f]g[0xffffffbb][0x4]F[0xffffff84][0xffffff92]*[0xc][0xffffff85]&[0xffffff95][0x18][0x11]P[0xffffffa2]1vL[0xfffffff3]#c[0xffffff87][0xffffffd5][0xffffffab]2[0xffffff84]P[0xffffffe9][0xffffffcc][0xffffff90]~[0xffffffa5];C[0xffffffe8][0xffffff96][0xc][0xffffff8d]`_[0xffffffae]4[0xffffff82][0xffffff8c][0xffffffaf][0xffffffa5]F[0xffffffb1][0xffffff9b]F-[0x6][0xffffffe3][0xffffffa8][0xffffffc5]b[0x1e][0xffffffb5][0xffffffc0][0x3][0xffffffa9][0x5][0xffffff9c]H-^#[0xffffffa9][0x1]J,5[0x4][0xffffff9a]Xj[0x4]@[0xffffff91][0xffffffd4]([0xfffffff8]Xj[0xffffffb1][0xffffff9e]K[0xffffff8d]B[0xffffffc5]SC[0xfffffff9][0x15]O[0xffffff8d][0xffffffa8][45v[0xfffffffb][0xffffff82][0xffffffa9][0xffffffb1][0xffffffcb][0xfffffff8][0xffffff95][0xffffffd4][0xffffffa8][0xffffffef][0xffffffff][0xffffff94]"[0x16]{[0x1f][0xffffffc7][0xffffffaa][0xffffffe9][0xffffffa1][0xfffffff1]y[0x1e]*3[0xffffffbe][0xffffff9c][0x0][0xffffff8b][0xffffff8c][0xffffffed][0xc][0xffffffc9][0xffffff89][0xfffffff1][0xffffffe5][0xffffffe9][0xffffffc9][0xffffff81][0xfffffff1][0xffffffeb]'[0xffffffc3]y[0xfffffff1][0x14][0xffffffc5][0xffffffe4][0xffffffb8][0xfffffff8][0x1][0xffffff90][0xffffffc9]i[0xfffffff1][0x14][0xffffffcb][0xffffffc4][0xffffffb0]x[0x2]gZV<A[0xffffffd4]"*[0xffffff9e][0xffffffcb][0x13]J[0xffffff8a][0x1f][0xffffffb9][0x14][\n]"
19:31:00.615 [main] DEBUG org.apache.hc.client5.http.wire - http-outgoing-1 << "[0xffffff8a][0xffffffe7]j[0x5]r[0xffffffe2][0xffffff99]i[0xffffffd3]c[0xffffffe2][0xffffff99]x/[0xffffffa5]D7K[0xffffff89][0xffffff8e][0xffffffa7]D7H[0xffffff89][0xffffff8e][0xffffffa6]D[0xffffffc7]R[0xffffffa2];[0xffffffa5][0xffffffc4][0xffffff8e]"[0xffffff95][0x12][0x11]H*%v,[0xffffff89][0xffffff94][0xffffffe8]pJt[0xffffffe3][0xffffff94][0x8][0xfffffff2][0xffffffa4]SB[0xffffffb8][0xffffff94]N[0xffffff89][0xffffffa0]V2%[0xffffffba]KJ[0xfffffff4][0xffffff9f]N[0xffffff89][0xffffffaa][0xffffffde]J[0xffffffd4]Y[0xffffffa8][0xffffff94][0xffffffa8][0xfffffff8][[0xffffff89]j[0xfffffff0]V[0xffffffa2][0xffffffc6]tN[0x4][0xffffffbc]bo%[0xffffffaa][0xffffffd3][[0xffffff89][0xffffff88]"[0xffffff93][0x12][\n]"
19:31:00.616 [main] DEBUG org.apache.hc.client5.http.wire - http-outgoing-1 << "H&%"[0xffffff96][0xfffffff9])[0xffffffb1][0xffffffc3][0xffffff99][0xffffff9d][0x12];[0xffffffa2]N)![0xffffffe4][0xffffffc9][0xffffffa6][0xffffff84]t)[0xffffff9b][0x12]B[0xffffffad]\J[0x4][0xffffffd3]R)[0x11][0xffffffc4]{!%[0xffffffba]H[0xffffff89]r+[0xffffff83]J[0xffffff89][0xffffff8e][0xffffffa7]D7H[0xffffff89][0x1e]yO[0x4][0xffffffbc]c)[0xffffffd1][0xffffff9d]R"[0xffffffa2][0xffffffc8][0xffffffa4][0xffffff84][0x2][0xffffff92]I[0xffffff89][0xffffff88]e~J[0xffffffec]pf[0xffffffa7][0xffffffc4][0xffffff8e][0xffffffa8]SJ[0x8]y[0xffffffb2])!][0xffffffca][0xffffffa6][0xffffff84]P+[0xffffff97][0x12][0xffffffc1][0xffffffb4]TJ[0x4][0xfffffff1]^H[0xffffff89][0xffffffa9]Rb[0xffffff8d][0xffffff83]J[0xffffff89][0xffffff89][0xffffffa7][0xffffffc4]4H[0xffffff89][0x19]yO[0x4]|b)1[0xffffff9d]R"[0xffffffa2][0xffffffc8][0xffffffa4][0xffffff84][0x2][0xffffff92]I[0xffffff89][0xffffff88]e~J[0xffffffec]pf[0xffffffa7][0xffffffc4][0xffffff8e][0xffffffa8]SJ[0x8]y[0xffffffb2])!][0xffffffca][0xffffffa6][0xffffff84]P+[0xffffff97][0x12][0xffffffc1][0xffffffb4]TJ[0x4][0xfffffff1]^H[0xffffff89]%R[0xffffffa2][0xffffff96][0xffffffbe][0xffffffa8][0xffffff94]XxJ,[0xffffff83][0xffffff94]X[0xffffff91][0xfffffff7]D[0xffffffc0][0x17][0xffffff96][0x12][0xffffffcb])%"[0xffffff8a]LJ( [0xffffff99][0xffffff94][0xffffff88]X[0xffffffe6][0xffffffa7][0xffffffc4][0xe]gvJ[0xffffffec][0xffffff88]:[0xffffffa5][0xffffff84][0xffffff90]'[0xffffff9b][0x12][0xffffffd2][0xffffffa5]lJ[0x8][0xffffffb5]r)[0x11]LK[0xffffffa5]D[0x10][0xffffffef][0xffffffa5][0xffffff94](f)Q[0xfffffff0][0xffffff94]([0x6])Q[0xffffffd0][0xffffff94](XJ[0x14][0xffffffa7][0xffffff94][0xffffffd8]Q[0xffffffa4]R"[0x2]I[0xffffffa5][0xffffffc4][0xffffff8e]%[0xffffff91][0x12][0x5]N[0xffffff89]b[0xffffff9c][0x12]A[0xffffff9e]tJ[0x8][0xffffff97][0xffffffd2])[0x11][0xffffffd4]J[0xffffffa6]DqI[0xffffff89][0xfffffff2][0xffffffb3])q[0xffffffde][0xffffffd4][[0xffffff89][0xffffff81]][0xffffffbb]|;[0xf][0xffffff9b][0x12][0xffffff8f][0x13][0xffffffc0])[0xfffffff1][0xfffffffd][0xc]HJ<[0xffffff9e][0xffffff8e][0xffffffa4][0xffffffc4][0xffffffb7]'[[0xffffffa4][0xffffff84]@[0x11]I[0x9][0x9]$[0xffffff92][0x12][0x2][0xffffffcb][0xfffffff4][0xffffff94][0x8]p&[0xffffffa7]D@[0xffffffd4](%[0xffffff94]<[0xffffffd1][0xffffff94][0xffffffd0].ESB[0xffffffa9][0x15]K[0xffffff89]hZ(%[0xffffffa2]x/[0xffffffa4][0xffffffc4][0xffffffa1]Rb[0xffffff9e][0xffffff8d]J[0xffffff89][0x3]O[0xffffff89][0xffffffc3] %[0xffffff8e][0xffffffc8]{"[0xffffffe0][0x7][0xffffff96][0x12][0xffffff87]SJD[0x14][0xffffff99][0xffffff94]P@2)[0x11][0xffffffb1][0xffffffcc]O[0xffffff89][0x1d][0xffffffce][0xffffffec][0xffffff94][0xffffffd8][0x11]uJ[0x9]!O6%[0xffffffa4]K[0xffffffd9][0xffffff94][0x10]j[0xffffffe5]R"[0xffffff98][0xffffff96]J[0xffffff89] [0xffffffde][0xb])[0xffffffa1]VT[0xffffffb5]z[0xffffffa3]~[0xffffffe0]8[0xfffffff1][0x15]U[0xffffffa7][0xffffffc1][0xffffff8a][0xffffffaa]S[0xffffffec]QI[0x4][0x1c][Qu[0xffffff86]M)dJ[0xffffff98][0xffffffac][0xffffffa8][0xffffff92]@2)a[0xffffffb0][0xffffffa2]*[0xffffffc0][0xffffff99][0xffffff9d][0x12][0xffffffc6]+[0xffffffaa][0xffffff94]<[0xffffffd9][0xffffff94][0xfffffff0][Q[0xffffffa5][0xffffffd4][0xffffffca][0xffffffa5][0xffffff84][0xffffffcb][0xffffff8a][0xffffffaa]([0xffffffde]K)[0x11][0xffffffef]J[0xffffffb0])[0x1][0xffffffdf][0xffffff95]x[0xffffff9c][0xffffff80]O[0x9][0xfffffff0][0xffffffae][0xffffffc4][0xffffffe3][0xffffffe9]TJ[0xfffffff8][0xffffffdc][0xffffff95][0x10](R)arWB`I[0xffffffa4][0x4]zW" [0xffffffea][0xffffff95][0x12]^w%[0xffffffb4]K[0xffffffe9][0xffffff94][0xfffffff0][0xffffffb9]+[0x11]M[0xffffffcb][0xffffffa5][0xffffffc4][0xffffffcf][0xffffffdf][0xffffff95][0xffffffa8][0xffffffea][0xffffffad]D;;[0xffffff95][0x12][0x15][0x7f]+Q[\r][0xffffffde]J[0xffffffd4][0xffffff98][0xffffffce][0xffffff89][0xffffff80]W[0xffffffec][0xffffffad]Duz+[0x11]QdRB[0x1][0xffffffc9][0xffffffa4]D[0xffffffc4]2?%v8[0xffffffb3]SbG[0xffffffd4])%[0xffffff84]<[0xffffffd9][0xffffff94][0xffffff90].eSB[0xffffffa8][0xffffff95]K[0xffffff89]`Z*%[0xffffff82]x/[0xffffffa4]DS)1g[0xffffffa3]R[0xffffffa2][0xffffffe1])[0xffffffd1][0xc]R[0xffffffa2]E[0xffffffde][0x13][0x1]oXJ4[0xffffffa7][0xffffff94][0xffffff88](2)[0xffffffa1][0xffffff80]dR"b[0xffffff99][0xffffff9f][0x12];[0xffffff9c][0xffffffd9])[0xffffffb1]#[0xffffffea][0xffffff94][0x12]B[0xffffff9e]lJH[0xffffff97][0xffffffb2])![0xffffffd4][0xffffffca][0xffffffa5]D0-[0xffffff95][0x12]A[0xffffffbc][0x17]RBm[0xffffffbb][0xffffffec][0xffffffb7][0xffffff92][0xffffffff][0xffffffdd][0xffffffd0][0xffffffcf][0xfffffff3][0xffffffc0])a[0xffffffb0][0xffffffed][0xfffffff2][0x14]+[0xffffffd9][0x12][0x1][0xffffffc7][0xffffffb6]][0xffffff9e]a[0xffffffe9][0x1a][0xffffff99][0x12]&[0xffffffdb].%[0xffffff90]LJ[0x18]l[0xffffffbb][0xc]pf[0xffffffa7][0xffffff84][0xfffffff1][0xffffffb6]K%O6%[0xfffffffc][0xffffffb6]]*[0xffffffb5]r)[0xffffffe1][0xffffffb2][0xffffffed]2[0xffffff8a][0xfffffff7]BJ[0xc][0xffffff95][0x12][0xffffffed][0xffffffa0][0x16]g[0xffffffbf][0xffffff9d][0x7]N[0xffffff89]a[0xffffff90][0x12]#[0xfffffff2][0xffffff9e][0x8][0xfffffff8][0xffffffc0]Rb8[0xffffffa5]DD[0xffffff91]I[0x9][0x5]$[0xffffff93][0x12][0x11][0xffffffcb][0xfffffffc][0xffffff94][0xffffffd8][0xffffffe1][0xffffffcc]N[0xffffff89][0x1d]Q[0xffffffa7][0xffffff94][0x10][0xfffffff2]dSB[0xffffffba][0xffffff94]M[0x9][0xffffffa1]V.%[0xffffff82]i[0xffffffa9][0xffffff94][0x8][0xffffffe2][0xffffffbd][0xffffff90][0x12][0xffffffa7]J[0xffffff89][0xffffff8e][0xffffffad][0xffffffa8]z;[0xf][0xffffff9c][0x12][0xffffffa7]AJ[0xffffff9c][0xffffff91][0xfffffff7]D[0xffffffc0]O,%N[0xffffffa7][0xffffff94][0xffffff88](2)[0xffffffa1][0xffffff80]dR"b[0xffffff99][0xffffff9f][0x12];[0xffffff9c][0xffffffd9])[0xffffffb1]#[0xffffffea][0xffffff94][0x12]B[0xffffff9e]lJH[0xffffff97][0xffffffb2])![0xffffffd4][0xffffffca][0xffffffa5]D0-[0xffffff95][0x12]A[0xffffffbc][0x17]RB}[0xffffff83][0xffffffa3][0xffffffcf]I}[0xffffff83][0xffffffe3][0xffffffc4][0xffffffbf][0xffffffc1]q[0x1a]|[0xffffff83][0xffffffe3][0x14][0xffffff8b][0xffffffe2][0x13][0x1][0xffffffc7][0xffffffbe][0xffffffc1]q[0xffffff86]U[0xfffffff0]dJ[0xffffff98]|[0xffffff83]C[0x2][0xffffffc9][0xffffffa4][0xffffff84][0xffffffc1]78[0x2][0xffffff9c][0xffffffd9])a[0xfffffffc][\r][0xe]%O6%[0xfffffffc][0xffffffbe][0xffffffc1][0xffffffa1][0xffffffd4][0xffffffca][0xffffffa5][0xffffff84][0xffffffcb]78[0xffffffa2]x/[0xffffffa4][0xffffff84][0xfffffffa][0x6]G_[0x15][0xffffffdb]v[0xffffff89][0x7f][0xffffff83][0xffffffe3]4[0xfffffff8][0x6][0xffffffc7])[0x16][0xffffffc5]'[0x2][0xffffff8e]}[0xffffff83][0xffffffe3][0xc][0xffffffab][0xffffffe0][0xffffffc9][0xffffff94]0[0xfffffff9][0x6][0xffffff87][0x4][0xffffff92]I[0x9][0xffffff83]op[0x4]8[0xffffffb3]S[0xffffffc2][0xfffffff8][0x1b][0x1c]J[0xffffff9e]lJ[0xfffffff8]}[0xffffff83]C[0xffffffa9][0xffffff95]K[0x9][0xffffff97]opD[0xfffffff1][0xffffffbe][0xffffff9e][0x12]S-[0xffffffce][0xffffffee]kPw%&[0xffffffbe]8{[0x1a],[0xffffffce][0xffffff9e]b[0xffffffbb]k[0x1e][0xffffffe0][0x13][[0xffffff9c]=[0xffffffc3][0xfffffffe]V0%[0x4][0xffffff8a]HJH [0xffffff91][0xffffff94][0x10]X[0xffffffa6][0xffffffa7]D[0xffffff80]39%[0x2][0xffffffa2]F)[0xffffffa1][0xffffffe4][0xffffff89][0xffffffa6][0xffffff84]v)[0xffffff9a][0x12]J[0xffffffad]XJD[0xffffffd3]B)[0x11][0xffffffc5]{!%[0xffffffd4][0xffffffe2][0xffffffec][0xffffffbe][0x16][0xffffffb5]Wb[0xffffffe2][0xffffff8b][0xffffffb3][0xffffffa7][0xffffffc1][0xffffffe2][0xffffffec])[0xffffffb6][0xffffffbb]&[0x2][0xffffff8e]-[0xffffffce][0xffffff9e]a[0x7f]+[0xffffff99][0x12]&[0xffffff8b][0xffffffb3]%[0xffffff90]LJ[0x18],[0xffffffce][0xe]pf[0xffffffa7][0xffffff84][0xfffffff1][0xffffffe2]l%O6%[0xfffffffc][0x16]g+[0xffffffb5]r)[0xffffffe1][0xffffffb2]8;[0xffffff8a][0xfffffff7]BJT[0xffffff91][0x12][0xffffffe3]X[0xffffff95]J[0xffffff89][0xffffff8a][0xffffffa7]D5H[0xffffff89][0x1a]yO[0x4][0xffffffbc]b)Q[0xffffff9d]R"[0xffffffa2][0xffffffc8][0xffffffa4][0xffffff84][0x2][0xffffff92]I[0xffffff89][0xffffff88]e~J[0xffffffec]pf[0xffffffa7][0xffffffc4][0xffffff8e][0xffffffa8]SJ[0x8]y[0xffffffb2])!][0xffffffca][0xffffffa6][0xffffff84]P+[0xffffff97][0x12][0xffffffc1][0xffffffb4]TJ[0x4][0xfffffff1]^H[0x9][0xffffffb5][0xffffffa2]j[0xfffffff4]1[0xffffffa9][0xffffff94][0xffffffc0]WTM[0xffffff83][0x15]US[0xffffffec]QI[0x4][0x1c][Q5[0xffffffc3][0xffffffa6][0x14]2%LVTI [0xffffff99][0xffffff94]0XQ[0x15][0xffffffe0][0xffffffcc]N[0x9][0xffffffe3][0x15]UJ[0xffffff9e]lJ[0xfffffff8][0xffffffad][0xffffffa8]Rj[0xffffffe5]R[0xffffffc2]eEU[0x14][0xffffffef][0xffffff85][0xffffff94]P+[0xffffffaa][0xffffffc6]Y[0xffffffb0][0xffffff94][0xffffffc0]WTM[0xffffff83][0x15]US[0xffffffec]QI[0x4][0x1c][Q5[0xffffffc3][0xffffffa6][0x14]2%LVTI [0xffffff99][0xffffff94]0XQ[0x15][0xffffffe0][0xffffffcc]N[0x9][0xffffffe3][0x15]UJ[0xffffff9e]lJ[0xfffffff8][0xffffffad][0xffffffa8]Rj[0xffffffe5]R[0xffffffc2]eEU[0x14][0xffffffef][0xffffff85][0xffffff94]P+[0xffffffaa][0xffffffce][0xffffffa3]a?p[0xffffffe0]+[0xffffffaa][0xffffffa6][0xffffffc1][0xffffff8a][0xffffffaa])[0xfffffff6][0xffffffa8]$[0x2][0xffffff8e][0xffffffad][0xffffffa8][0xffffff9a]aS[\n]"
19:31:00.616 [main] DEBUG org.apache.hc.client5.http.wire - http-outgoing-1 << "[0xffffff99][0x12]&+[0xffffffaa]$[0xffffff90]LJ[0x18][0xffffffac][0xffffffa8][\n]"
19:31:00.616 [main] DEBUG org.apache.hc.client5.http.wire - http-outgoing-1 << "pf[0xffffffa7][0xffffff84][0xfffffff1][0xffffff8a]*%O6%[0xfffffffc]VT)[0xffffffb5]r)[0xffffffe1][0xffffffb2][0xffffffa2]*[0xffffff8a][0xfffffff7]BJ[0xffffffa8][0x15]Ug=[0xffffffb0][0xffffff94][0xffffffc0]WTM[0xffffff83][0x15]US[0xffffffec]QI[0x4][0x1c][Q5[0xffffffc3][0xffffffa6][0x14]2%LVTI [0xffffff99][0xffffff94]0XQ[0x15][0xffffffe0][0xffffffcc]N[0x9][0xffffffe3][0x15]UJ[0xffffff9e]lJ[0xfffffff8][0xffffffad][0xffffffa8]Rj[0xffffffe5]R[0xffffffc2]eEU[0x14][0xffffffef][0xffffff85][0xffffff94]P+[0xffffffaa][0xffffffce][0x13][[0xffffff9c]=[0xfffffff1][0x15]U[0xffffffd3]`E[0xffffffd5][0x14]{T[0x12][0x1][0xffffffc7]VT[0xffffffcd][0xffffffb0])[0xffffff85]L[0x9][0xffffff93][0x15]U[0x12]H&%[0xc]VT[0x5]8[0xffffffb3]S[0xffffffc2]xE[0xffffff95][0xffffff92]'[0xffffff9b][0x12]~+[0xffffffaa][0xffffff94]Z[0xffffffb9][0xffffff94]pYQ[0x15][0xffffffc5]{!%[0xffffffd4][0xffffff8a][0xffffffaa]s[0xffffffdd][0xffffffb0][0xffffff94][0xffffffc0]WTM[0xffffff83][0x15]US[0xffffffec]QI[0x4][0x1c][Q5[0xffffffc3][0xffffffa6][0x14]2%LVTI [0xffffff99][0xffffff94]0XQ[0x15][0xffffffe0][0xffffffcc]N[0x9][0xffffffe3][0x15]UJ[0xffffff9e]lJ[0xfffffff8][0xffffffad][0xffffffa8]Rj[0xffffffe5]R[0xffffffc2]eEU[0x14][0xffffffef][0xffffffeb])[0xffffffb1][0xffffffd4][0xffffff8a][0xffffffaa]Y[0xffffff8f][0x6][0xffffffa5][0xffffffc4][0xffffffc2]WT-[0xffffff83][0x15]UK[0xffffffec]Q[0xffffffc9][0x3]|a+[0xffffffaa]V[0xffffffd8][0xffffff94][0x2][0xffffffa6][0xffffff84]@[0x11]I[0x9][0x9]$[0xffffff92][0x12][0x2][0xffffffcb][0xfffffff4][0xffffff94][0x8]p&[0xffffffa7]D@[0xffffffd4](%[0xffffff94]<[0xffffffd1][0xffffff94][0xffffffd0].ESB[0xffffffa9][0x15]K[0xffffff89]hZ(%[0xffffffa2]x/[0xffffffa4][0xffffff84]ZQ5[[0xffffffa1][0xffffffee]J,|E[0xffffffd5]2XQ[0xffffffb5][0xffffffc4][0x1e][0xffffff95]D[0xffffffc0][0xffffffb1][0x15]U+lJ!S[0xffffffc2]dE[0xffffff95][0x4][0xffffff92]I[0x9][0xffffff83][0x15]U[0x1][0xffffffce][0xffffffec][0xffffff94]0^Q[0xffffffa5][0xffffffe4][0xffffffc9][0xffffffa6][0xffffff84][0xffffffdf][0xffffff8a]*[0xffffffa5]V.%\VTE[0xfffffff1]^H[0xffffff89][0xffffffa2]Rb6[0xffffffea][0x7][0xffffff8e][0xffffffb7][0xfffffff3][0xffffffc0])Q[0xc]R[0xffffffa2]D[0xffffffde][0x13][0x1]/XJ[0x14][0xffffffa7][0xffffff94][0xffffff88](2)[0xffffffa1][0xffffff80]dR"b[0xffffff99][0xffffff9f][0x12];[0xffffff9c][0xffffffd9])[0xffffffb1]#[0xffffffea][0xffffff94][0x12]B[0xffffff9e]lJH[0xffffff97][0xffffffb2])![0xffffffd4][0xffffffca][0xffffffa5]D0-[0xffffff95][0x12]A[0xffffffbc][0x17]R[0xffffffa2][0xffffffca][0xffffff94][0xffffff98]XJT<%[0xffffffaa]AJ[0xffffffd4][0xffffffc8]{"[0xffffffe0][0x15]K[0xffffff89][0xffffffea][0xffffff94][0x12][0x11]E&%[0x14][0xffffff90]LJD,[0xfffffff3]Sb[0xffffff87]3;%vD[0xffffff9d]RB[0xffffffc8][0xffffff93]M[0x9][0xffffffe9]R6%[0xffffff84]Z[0xffffffb9][0xffffff94][0x8][0xffffffa6][0xffffffa5]R"[0xffffff88][0xfffffff7]BJ[0xffffffa8]m[0xffffff97]s[0xffffff95]B[0xffffffa5][0x4][0xffffffbe][0xffffffed]r[0x19]l[0xffffffbb]\b%["[0xffffffe0][0xffffffd8][0xffffffb6][0xffffffcb][0x15][0xffffff96][0xffffffae][0xffffff91])a[0xffffffb2][0xffffffed]R[0x2][0xffffffc9][0xffffffa4][0xffffff84][0xffffffc1][0xffffffb6][0xffffffcb][0x0]gvJ[0x18]o[0xffffffbb]T[0xfffffff2]dS[0xffffffc2]o[0xffffffdb][0xffffffa5]R+[0xffffff97][0x12].[0xffffffdb].[0xffffffa3]x/[0xffffffa4][0xffffff84][0xffffffda]v9W?[0xffffffa8][0xffffff94][0xffffffc0][0xffffffb7]].[0xffffff83]m[0xffffff97]K[0xffffffac]dK[0x4][0x1c][0xffffffdb]v[0xffffffb9][0xffffffc2][0xffffffd2]52%L[0xffffffb6]]J [0xffffff99][0xffffff94]0[0xffffffd8]v[0x19][0xffffffe0][0xffffffcc]N[0x9][0xffffffe3]m[0xffffff97]J[0xffffff9e]lJ[0xfffffff8]m[0xffffffbb]Tj[0xffffffe5]R[0xffffffc2]e[0xffffffdb]e[0x14][0xffffffef][0xffffff85][0xffffff94]P[0xffffffdb].[0xffffffd7][0xffffffed]vR)[0xffffff81]o[0xffffffbb]\[0x6][0xffffffdb].[0xffffff97]X[0xffffffc9][0xffffff96][0x8]8[0xffffffb6][0xffffffed]r[0xffffff85][0xffffffa5]kdJ[0xffffff98]l[0xffffffbb][0xffffff94]@2)a[0xffffffb0][0xffffffed]2[0xffffffc0][0xffffff99][0xffffff9d][0x12][0xffffffc6][0xffffffdb].[0xffffff95]<[0xffffffd9][0xffffff94][0xfffffff0][0xffffffdb]v[0xffffffa9][0xffffffd4][0xffffffca][0xffffffa5][0xffffff84][0xffffffcb][0xffffffb6][0xffffffcb]([0xffffffde][0xb])[0xffffffa1][0xffffffb6]][0xffffffae][0xffffffa3]S[0xffffffdf][0xffffffe0]X[0xfffffff8][0xffffffb6][0xffffffcb]e[0xffffffb0][0xffffffed]r[0xffffff89][0xffffff95]l[0xffffff89][0xffffff80]c[0xffffffdb].WX[0xffffffba]F[0xffffffa6][0xffffff84][0xffffffc9][0xffffffb6]K[0x9]$[0xffffff93][0x12][0x6][0xffffffdb].[0x3][0xffffff9c][0xffffffd9])a[0xffffffbc][0xffffffed]R[0xffffffc9][0xffffff93]M[0x9][0xffffffbf]m[0xffffff97]J[0xffffffad]\J[0xffffffb8]l[0xffffffbb][0xffffff8c][0xffffffe2][0xffffffbd][0xffffff94][0x12][0xffffffc5],%[\n]"
19:31:00.616 [main] DEBUG org.apache.hc.client5.http.wire - http-outgoing-1 << "[0xffffff9e][0x12][0xffffffc5] %[\n]"
19:31:00.616 [main] DEBUG org.apache.hc.client5.http.wire - http-outgoing-1 << "[0xffffff9a][0x12][0x5]K[0xffffff89][0xffffffe2][0xffffff94][0x12];[0xffffff8a]TJD [0xffffffa9][0xffffff94][0xffffffd8][0xffffffb1]$R[0xffffffa2][0xffffffc0])Q[0xffffff8c]S"[0xffffffc8][0xffffff93]N[0x9][0xffffffe1]R:%[0xffffff82]Z[0xffffffc9][0xffffff94](.)Q~:%[0xffffffd4][0xffffffe2][0xffffffec]5*[0xffffffb6]W[0x2]_[0xffffff9c][0xffffffbd][0xc][0x16]g/[0xffffffb1][0xffffffdd]5[0x11]plq[0xfffffff6][\n]"
19:31:00.617 [main] DEBUG org.apache.hc.client5.http.wire - http-outgoing-1 << "[0xfffffffb][[0xffffffc9][0xffffff94]0Y[0xffffff9c]-[0xffffff81]dR[0xffffffc2]`qv[0xffffff80]3;%[0xffffff8c][0x17]g+y[0xffffffb2])[0xffffffe1][0xffffffb7]8[[0xffffffa9][0xffffff95]K[0x9][0xffffff97][0xffffffc5][0xffffffd9]Q[0xffffffbc][0x17]RB-[0xffffffce]^[0xfffffff3][0xffffffc0][0xffffffee]J[0xffffffe0][0xffffff8b][0xffffffb3][0xffffff97][0xffffffc1][0xffffffe2][0xffffffec]%[0xffffffb6][0xffffffbb]&[0x2][0xffffff8e]-[0xffffffce]^a[0x7f]+[0xffffff99][0x12]&[0xffffff8b][0xffffffb3]%[0xffffff90]LJ[0x18],[0xffffffce][0xe]pf[0xffffffa7][0xffffff84][0xfffffff1][0xffffffe2]l%O6%[0xfffffffc][0x16]g+[0xffffffb5]r)[0xffffffe1][0xffffffb2]8;[0xffffff8a][0xfffffff7][0xffffffe5][0xffffff94][0xffffffa8][0xffffffb7][[0xfffffffc][0xffffff81]c[0xffffffdc]n[0xffffffd4][0xffffffb6][0xffffffcb][0xffffffc7]y[0xffffffd0][0xffffff94]x?[0x1][0xffffff9b][0x12][0xffffff9f]g R[0xffffffe2][0xfffffffd][0xffffffe9]DJ|[0x7f][0xffffffb2]CJ([0x14][0xffffff89][0xffffff94][0xffffffd0]@[0x12])[0xffffffa1][0xffffffb0][0xffffffcc]N[0xffffff89][0x8]gnJDD}RB[0xffffffca][0xffffff93]L[0xffffff89]'.%SB[0xffffffaa][0xffffff95]J[0x9]aZ&%[0xffffff84]x/[0xffffffa5]D5K[0xffffff89][0xffffff8a][0xffffffa7]D5H[0xffffff89][0xffffff8a][0xffffffa6]D[0xffffffc5]R[0xffffffa2]:[0xffffffa5][0xffffffc4][0xffffff8e]"[0xffffff95][0x12][0x11]H*%v,[0xffffff89][0xffffff94][0xffffffa8]pJT[0xffffffe3][0xffffff94][0x8][0xfffffff2][0xffffffa4]SB[0xffffffb8][0xffffff94]N[0xffffff89][0xffffffa0]V2%[0xffffffaa]KJ[0xffffffd4][0xffffff9f]N[0x9][0xfffffff1][\r][0xffffff8e]qk[0xffffffd4][0xffffffe7][0xffffffbc][0x1e][0xffffffe7][0xffffff81]S[0xffffff82][0xffffffff][0x6][0xffffffc7][0xffffffe7][0x19][0xffffff98][0xffffff94][0xffffffa0][0xffffffbe][0xffffffc1][0xfffffff1][0xfffffffd][0xffffffc9][0x1e])[0xffffffe1][0xfffffff1][\r][0xe][\r]$[0xffffff93][0x12][0xfffffffc]78"[0xffffff9c][0xffffffd9])[0xffffffe1][0xfffffffb][\r][0xe])O6%[0xffffffec][0xffffffbe][0xffffffc1]![0xffffffd5][0xffffffca][0xffffffa5][0xffffff84][0xffffffc9]78[0xffffff84]x/[0xffffffa5][0xffffff84][0xfffffff8][0xffffff81][0x3]M[0x9][0xfffffffa][0x7][0xffffff8e][0xffffffc3][0xffffffe0][0x7][0xffffff8e]#[0xffffffbe][0xffffff85]K[0x5][0xffffff9c][0xfffffffa][0xffffff81][0xffffffe3]p[0xfffffffa][0xffffff81]#[0xffffffa2]H[0xffffffa5][0xffffff84][0xffffffcb][0xf][0x1c][0x11]K"%[0xffffffd8][0x1f]8vD[0xffffffbd]R[0xffffffc2][0xffffffec][0x7][0xe][0xffffffe9]R:%[0xffffff8c]~[0xffffffe0][0x8][0xffffffa6][0xffffffe5]R[0xffffffe2][0xffffffe7][0x7f][0xffffffe0][0x10]+[0xffffffaa][0xffffffc6][0xffffffb1][0x16][0xfffffff4][\r][0xffffff8e][0xffffffc7]y[0xffffffe0][0xffffff94][0xffffffe0]WT}[0xffffff9e][0xffffff81]I[0x9]jE[0xffffffd5][0xfffffff7]'{[0xffffffa4][0xffffff84][0xffffffc7][0xffffff8a]*[\r]$[0xffffff93][0x12][0xfffffffc][0xffffff8a][0xffffffaa][0x8]gvJ[0xfffffff8][0xffffffae][0xffffffa8][0xffffff92][0xfffffff2]dS[0xffffffc2]nE[0xffffff95]T+[0xffffff97][0x12]&+[0xffffffaa][0xffffff84]x/[0xffffffa5]D|+[0xffffffc1][0xffffffa6][0x4][0xfffffffd]Vb[0x18][0xffffffbc][0xffffff95][0x18]1[0xffffff9d]S[0x1][0xffffffa7][0xffffffde]J[0xc][0xffffffa7][0xffffffb7][0x12][0x11]E*%\[0xffffffde]JD,[0xffffff89][0xffffff94]`[0xffffffdf]J[0xffffffec][0xffffff88]z[0xffffffa5][0xffffff84][0xffffffd9][[0x9][0xffffffe9]R:%[0xffffff8c][0xffffffde]J[0x4][0xffffffd3]r)[0xfffffff1][0xfffffff3]o%[0xffffffc4][0xffffffb6][0xffffffcb]Qn[0xffffffb3]Q)Ao[0xffffffbb]|?[0x1][0xffffff9d][0x12][0xffffffe4][0xffffffb6][0xffffffcb][0xfffffff7][0xffffffa7]3)a[0xffffffb4][0xffffffed]R[0xffffffa1][0xffffffc8][0xffffffa4][0xffffff84][0xffffffcb][0xffffffb6]K[0xffffff85]e~J[0xffffffb0][0xffffffdb].#[0xffffffa2]N)a[0xffffffb6][0xffffffed][0xfffffff2][0xffffff89]K[0xffffffd9][0xffffff94]0[0xffffffda]v)LK[0xffffffa5][0xffffffc4][0xffffffcf]o[0xffffffbb][0xffffffac]7[0xffffffb1][0xffffffa2]j[0xffffff94][0xfffffffb][0xffffffff][0xffffffa5]R[0xffffff82]^Q[0xfffffff5]~[0x2]:%[0xffffffc8][0x15]U[0xffffffef]OgR[0xffffffc2]hE[0xffffff95]B[0xffffff91]I[0x9][0xffffff97][0x15]U[\n]"
19:31:00.617 [main] DEBUG org.apache.hc.client5.http.wire - http-outgoing-1 << "[0xffffffcb][0xfffffffc][0xffffff94]`WTED[0xffffff9d]R[0xffffffc2]lE[0xffffffd5][0x13][0xffffff97][0xffffffb2])a[0xffffffb4][0xffffffa2]J[0xffffff98][0xffffff96]J[0xffffff89][0xffffff9f]_QUobE[0xffffffd5]=%[0x6][0xfffffff4]e[0xffffffd0][0xffffffc7]y[0xffffffe0][0xffffff94][0xffffffe0]WT}[0xffffff9e][0xffffff81]I[0x9]jE[0xffffffd5][0xfffffff7]'{[0xffffffa4][0xffffff84][0xffffffc7][0xffffff8a]*[\r]$[0xffffff93][0x12][0xfffffffc][0xffffff8a][0xffffffaa][0x8]gvJ[0xfffffff8][0xffffffae][0xffffffa8][0xffffff92][0xfffffff2]dS[0xffffffc2]nE[0xffffff95]T+[0xffffff97][0x12]&+[0xffffffaa][0xffffff84]x_O[0xffffff89][0xffffffe3]&Sb-(%[0xffffffde][0xffffffce][0xffffffc3][0xffffffa6][0xffffffc4][0xffffffe3][0x4]pJ|?[0x3][0xffffff92][0x12][0xffffff8f][0xffffffa7]#)[0xfffffff1][0xffffffed][0xffffffc9][0x16])!PDRB[0x2][0xffffff89][0xffffffa4][0xffffff84][0xffffffc0]2=%[0x2][0xffffff9c][0xffffffc9])[0x11][0x10]5J[0x9]%O4%[0xffffffb4]K[0xffffffd1][0xffffff94]Pj[0xffffffc5]R"[0xffffff9a][0x16]J[0xffffff89]([0xffffffde][0xb])[0xffffffa1][0xfffffff6]J[0xffffff94]zRo%[0xe]|[0xffffffaf][0xffffffc4]a[0xffffffb0]W[0xffffffe2][0x10][0xffffffc3][0xffffffcf][0xffffff89][0xffffff80]c{%[0xffffff8e]0[0xffffffde]L[0xffffffa6][0xffffff84][0xffffffc9]^[0x9][0x9]$[0xffffff93][0x12][0x6]{%[0x2][0xffffff9c][0xffffffd9])a[0xffffffbc]WB[0xffffffc9][0xffffff93]M[0x9][0xffffffbf][0xffffffbd][0x12]J[0xffffffad]\J[0xffffffb8][0xffffffec][0xffffff95][0xffffff88][0xffffffe2][0xffffffbd][0xffffff90][0x12]E[0xffffffa5]D[0xffffffbf]Qw%[0xffffffde][0xffffffce][0x3][0xffffffa7]D1H[0xffffff89][0x12]yO[0x4][0xffffffbc]`)Q[0xffffff9c]R"[0xffffffa2][0xffffffc8][0xffffffa4][0xffffff84][0x2][0xffffff92]I[0xffffff89][0xffffff88]e~J[0xffffffec]pf[0xffffffa7][0xffffffc4][0xffffff8e][0xffffffa8]SJ[0x8]y[0xffffffb2])!][0xffffffca][0xffffffa6][0xffffff84]P+[0xffffff97][0x12][0xffffffc1][0xffffffb4]TJ[0x4][0xfffffff1]^J[0xffffff89]8[0xc][0xffffffca][0xffffffa6][0x4]<[0xc][0xfffffffa]8[0x1][0xffffff9f][0x12][0xffffffe0]0[0xffffffe8][0xffffffe3][0xffffffe9]TJ[0xfffffff8][0xc][0xffffff83][\n]"
19:31:00.617 [main] DEBUG org.apache.hc.client5.http.wire - http-outgoing-1 << "[0x14][0xffffffa9][0xffffff94]0[0x19][0x6][0x15]X[0x12])[0xffffff81][0xe][0xffffff83][0x6]D[0xffffffbd]R[0xffffffc2]k[0x18]T[0xffffffbb][0xffffff94]N[0x9][0xffffff9f]a[0xffffffd0]hZ.%~z[0x18][0xfffffff4][0xfffffffe][0xffffffcf]hf)[0xffffffd1][0xfffffff0][0xffffff94]h[0x6])[0xffffffd1][0xffffffd0][0xffffff94]hXJ4[0xffffffa7][0xffffff94][0xffffffd8]Q[0xffffffa4]R"[0x2]I[0xffffffa5][0xffffffc4][0xffffff8e]%[0xffffff91][0x12][\r]N[0xffffff89]f[0xffffff9c][0x12]A[0xffffff9e]tJ[0x8][0xffffff97][0xffffffd2])[0x11][0xffffffd4]J[0xffffffa6]DsI[0xffffff89][0xfffffff6]wH[0xffffff89][0xffffffc3][0xffffffed][0x17][0xffffff8e][0xffffff83][0xffffffff][0xffffff89][0xffffffe3]~[0x4][0xffffffbe]&>[0xe]A[0xffffffe5][0xffffffc4][0xffffffc1][0xfffffffd][0xffffffca]qX[0xfffffffd][0xffffffcc][0x11]x[0xffffffa4][0xffffff8a]BPI%E`[0xffffff93]h[0xffffff8a][0xffffff83][0xfffffffe][0xffffffa9][0xffffffe3]p[0xfffffffe][0xffffffad]#j[0xffffff94][0xffffffce][\n]"
19:31:00.617 [main] DEBUG org.apache.hc.client5.http.wire - http-outgoing-1 << "eU[0xffffffba]+[0xffffffa2]d[0xffffffc9][0xffffffb0][0xffffffd8][0xffffff9d][0xffffffcb][0xffffff95][0xffffffc5][0xffffffae][0xffffffe0]KiQ[0xffffffec]~[0xfffffff1]0[0xfffffff8][0xffffffc9][0xffffffc3][0xffffffe2]7[0xf][0xfffffff8]G[0xf][0xfffffff0]W[0xf][0xffffffaf][0xffffff9f]=l~[0xfffffff7]0[0xfffffffa][0xffffffe1][0xffffffc3][0xffffffe2][0xffffff97][0xf][0xfffffffc][0xffffffa7][0xf][0xffffffeb][0xffffffdf]>[0xfffffffc]~[0xfffffffc]p[0xfffffffc][0xfffffff5][0xffffffc3][0xffffffeb][0xffffffe7][0xf][0xffffff9f][0xffffffdf]?[0xfffffffe][0x1e]?[0xffffff80][0xffffff94][0xffffffe9][0xffffff96][0x16][0xffffff93]O[0xffffff8b][0xffffffe9][0xffffff90][0x16][0xffffff93]M[0xffffff8b][0xffffffc9][0xffffffa5][0xffffffc5][0xffffffb4]J[0xffffff8b][0xffffff9d]G,-"[0xffffff95]XZ[0xffffffec]l"i1[0xffffffe9][0xffffffb4][0xffffff98][0xffffffce]i[0x11]4[0xffffff8a][0xffffffa7][0xffffff85][0xffffffb0]*[0xffffff9e][0x16]A[0xffffffb2]hZL[0xffffff9b][0xffffffb4][0xffffff98][0x7f][0xffffff87][0xffffffb4]h[0xffffffc3],-[0xffffffda][0xffffffc0][0xffffffd3][0xffffffe2]~[0x4]>->[0xe]A[0xffffffa5][0xffffffc5][0xfffffffd][0xfffffff1]TZ[0xffffffbc]?[0xffffffda]%-[0x2][0xffffff8f]TZ[0x8]*[0xffffffa9][0xffffffb4][0x8]l[0x12]i[0xffffffb1][0x11][0xffffff9a][0xffffff9f][0x16][0x1b][0xffffffa7]^i[0x11]5J[0xffffffa7][0xffffff85][0xffffffb2]*[0xffffff9d][0x16]Q[0xffffffb2]dZ[0xffffffec][0xffffffce][0xffffffe5][0xffffffd2]bW[0xfffffff0][0xffffffa5][0xffffffb4][0xffffffe8]no-:[0xffffffff][0xffffffd6][0xffffffa2];[0xffffffbc][0xffffffb5][0xffffffe8][0xffffffec][[0xffffff8b][0xffffffce][0xffffffbd][0xffffffb5][0xffffffe8]Vo-[0x2][0xffffff8f]TZ[0x8]*[0xffffffa9][0xffffffb4][0x8]l[0x12]i[0xffffffd1][0xffffffe9][0xffffffb7][0x16][0xffffffdd][0xfffffff9][0xffffffad]E[0xffffffd4]([0xffffff9d][0x16][0xffffffca][0xffffffaa]tZD[0xffffffc9][0xffffff92]i[0xffffffb1];[0xffffff97]K[0xffffff8b]][0xffffffc1][0xffffff97][0xffffffd2]b[0xffffffba][0xffffffbd][0xffffffb5][0xffffff98][0xfffffffc][[0xffffff8b][0xffffffe9][0xfffffff0][0xffffffd6]b[0xffffffb2]o-&[0xfffffff7][0xffffffd6]bZ[0xffffffbd][0xffffffb5][0x8]<Ri![0xffffffa8][0xffffffa4][0xffffffd2]"[0xffffffb0]I[0xffffffa4][0xffffffc5][0xffffffa4][0xffffffdf]ZL[0xffffffe7][0xffffffb7][0x16]Q[0xffffffa3]tZ([0xffffffab][0xffffffd2]i[0x11]%K[0xffffffa6][0xffffffc5][0xffffffee]\.-v[0x5]_J[0xffffff8b][0xffffffe3][0xffffffd6][0xffffffcd][0xffffffda][0xffffffe2]~"<.[0xffffffde][0xffffffce][0xffffffc0][0xffffffd7][0xffffffc5][0xffffffb7]SPy[0xfffffff1][0xfffffff6]|[0xffffffaa]/>[0xffffff9e][0xffffffed][0x12][0x18][0x11]J[0xffffffaa]0[0x14][0xffffff9a]TbD@[0xffffff89][0xffffffc6][0xffffffd8]1[0xffffffcd][0xffffff8f][0xffffff8c][0x1d]V[0xffffffaf][0xffffffca][0x10]B[0xffffffa5]3C[0xfffffffa][0xffffff95][0xffffffee][0xc][0xffffffa1][24[0xffffff82]}[0xffffffb9][0xffffffd2][0x8]2[0xffffffbe][0xffffff96][0x1a]v##[0xffffff87][0xffffffc1][0xffffffcc][0xffffffc8]a14r[0xffffffc4][0xb][0xffffffcd][0xffffffb9][0xffffffb0][0xffffff83]c#[0xffffff87][0xffffffd7][0xffffffdc]H[0xffffff84][0x12]K[\r][0xffffffa3][0xffffffc9][0xffffff91][0x8]([0xffffff92][0x1a][0xfffffff8][0xffffffec][0xffffffc8][0xe][0xffffffab]Yj[0xfffffff8]M[0xffffff8f]H[0xffffffbf][0xffffffe2][0xffffffa9][0xffffffe1]5?[0x12][0xffffffec][0xb][0xffffffa6][0xffffffc6][0xffffffcf]L[0xffffff90][0xffffffb4][0xffffffc7]?[0xffffffa5]t[0xffffffb1][0xffffffd8][0xffffffbb][0xfffffff7]u[0xffffffa6][0xffffff87][0xffffffc6][0xffffffe7]y[0xffffffa8][0xffffffcc][0xfffffff8]r[0x2],2[0xffffffb6]3$'[0xffffffc6][0xffffff97][0xffffffa7]'[0x7][0xffffffc6][0xffffffaf][0xffffff9f][0xc][0xffffffe7][0xffffffc5]S[0x14][0xffffff93][0xffffffe3][0xffffffe2][0x7]@&[0xffffffa7][0xffffffc5]S,[0x13][0xffffffc3][0xffffffe2][0x9][0xffffff9c]iY[0xfffffff1][0x4]Q[0xffffff8b][0xffffffa8]x.O()~[0xffffffe4]R(([0xffffff9e][0xffffffab][0x15][0xffffffc8][0xffffff89]g[0xffffffa6]M[0xffffff8f][0xffffff89]g[0xffffffe2][0xffffffbd][0xffffff90][0x12]C[0xffffffa5][0xffffffc4]8[0xffffffb1][0xffffff94][0x18]xJ[0xc][0xffffff83][0xffffff94][0x18][0xffffff91][0xfffffff7]D[0xffffffc0][0x7][0xffffff96][0x12][0xffffffc3])%"[0xffffff8a]LJ( [0xffffff99][0xffffff94][0xffffff88]X[0xffffffe6][0xffffffa7][0xffffffc4][0xe]gvJ[0xffffffec][0xffffff88]:[0xffffffa5][0xffffff84][0xffffff90]'[0xffffff9b][0x12][0xffffffd2][0xffffffa5]lJ[0x8][0xffffffb5]r)[0x11]LK[0xffffffa5]D[0x10][0xffffffef][0xffffff85][0xffffff94][0xffffff98]"%F][0xffffff95]J[0xffffff89][0xffffff89][0xffffffa7][0xffffffc4]4H[0xffffff89][0x19]yO[0x4]|b)1[0xffffff9d]R"[0xffffffa2][0xffffffc8][0xffffffa4][0xffffff84][0x2][0xffffff92]I[0xffffff89][0xffffff88]e~J[0xffffffec]pf[0xffffffa7][0xffffffc4][0xffffff8e][0xffffffa8]SJ[0x8]y[0xffffffb2])!][0xffffffca][0xffffffa6][0xffffff84]P+[0xffffff97][0x12][0xffffffc1][0xffffffb4]TJ[0x4][0xfffffff1]^H[0xffffff89][0xffffffa5]R[0xffffffe2][0xffffffec][0xffffff8b]J[0xffffff89][0xffffff85][0xffffffa7][0xffffffc4]2H[0xffffff89][0x15]yO[0x4]|a)[0xffffffb1][0xffffff9c]R"[0xffffffa2][0xffffffc8][0xffffffa4][0xffffff84][0x2][0xffffff92]I[0xffffff89][0xffffff88]e~J[0xffffffec]pf[0xffffffa7][0xffffffc4][0xffffff8e][0xffffffa8]SJ[0x8]y[0xffffffb2])!][0xffffffca][0xffffffa6][0xffffff84]P+[0xffffff97][0x12][0xffffffc1][0xffffffb4]TJ[0x4][0xfffffff1][0xffffffbe][0xffffff9e][0x12][0xfffffff5][0xffffffa6]Rb[0xffffff8d][0x9][0xffffffa5][0xffffffc4][0xffffffdb]y[0xffffffd8][0xffffff94]x[0xffffff9c][0x0]N[0xffffff89][0xffffffef]g@R[0xffffffe2][0xfffffff1]t$%[0xffffffbe]=[0xffffffd9]"%[0x4][0xffffff8a]HJH [0xffffff91][0xffffff94][0x10]X[0xffffffa6][0xffffffa7]D[0xffffff80]39%[0x2][0xffffffa2]F)[0xffffffa1][0xffffffe4][0xffffff89][0xffffffa6][0xffffff84]v)[0xffffff9a][0x12]J[0xffffffad]XJD[0xffffffd3]B)[0x11][0xffffffc5]{!%[0xe][0xffffff91][0x12][0xffffffe7]1[0xffffffa9][0xffffffb7][0x12]o[0xffffffe7][0xffffff81]S[0xffffffe2]0H[0xffffff89]#[0xfffffff2][0xffffff9e][0x8][0xfffffff8][0xffffff81][0xffffffa5][0xffffffc4][0xffffffe1][0xffffff94][0x12][0x11]E&%[0x14][0xffffff90]LJD,[0xfffffff3]Sb[0xffffff87]3;%vD[0xffffff9d]RB[0xffffffc8][0xffffff93]M[0x9][0xffffffe9]R6%[0xffffff84]Z[0xffffffb9][0xffffff94][0x8][0xffffffa6][0xffffffa5]R"[0xffffff88][0xfffffff7]BJ[0x14][0xffffff95][0x12]uv*%[\n]"
19:31:00.617 [main] DEBUG org.apache.hc.client5.http.wire - http-outgoing-1 << "[0xffffff9e][0x12][0xffffffc5] %J[0xffffffe4]=[0x11][0xfffffff0][0xffffff82][0xffffffa5]DqJ[0xffffff89][0xffffff88]"[0xffffff93][0x12][\n]"
19:31:00.618 [main] DEBUG org.apache.hc.client5.http.wire - http-outgoing-1 << "H&%"[0xffffff96][0xfffffff9])[0xffffffb1][0xffffffc3][0xffffff99][0xffffff9d][0x12];[0xffffffa2]N)![0xffffffe4][0xffffffc9][0xffffffa6][0xffffff84]t)[0xffffff9b][0x12]B[0xffffffad]\J[0x4][0xffffffd3]R)[0x11][0xffffffc4]{!%[0xffffffaa]J[0xffffff89][0xffffffc6][0xffffffa5]D[0xffffffc5]S[0xffffffa2][0x1a][0xffffffa4]D[0xffffff8d][0xffffffbc]'[0x2]^[0xffffffb1][0xffffff94][0xffffffa8]N)[0x11]QdRB[0x1][0xffffffc9][0xffffffa4]D[0xffffffc4]2?%v8[0xffffffb3]SbG[0xffffffd4])%[0xffffff84]<[0xffffffd9][0xffffff94][0xffffff90].eSB[0xffffffa8][0xffffff95]K[0xffffff89]`Z*%[0xffffff82]x/[0xffffffa4]DS)[0xffffffd1][0xffffffcb][0xffffff8d]J[0xffffff89][0xffffff86][0xffffffa7]D3H[0xffffff89][0x16]yO[0x4][0xffffffbc]a)[0xffffffd1][0xffffff9c]R"[0xffffffa2][0xffffffc8][0xffffffa4][0xffffff84][0x2][0xffffff92]I[0xffffff89][0xffffff88]e~J[0xffffffec]pf[0xffffffa7][0xffffffc4][0xffffff8e][0xffffffa8]SJ[0x8]y[0xffffffb2])!][0xffffffca][0xffffffa6][0xffffff84]P+[0xffffff97][0x12][0xffffffc1][0xffffffb4]TJ[0x4][0xfffffff1]^H[0x9][0xffffffb5][0xffffffa2][0xffffffea][0xffffffec][0xffffffa3]P)[0xffffff81][0xffffffaf][0xffffffa8][0xffffffaa][0x6]+[0xffffffaa][0xffffffaa][0xffffffd8][0xffffffa3][0xffffff92][0x8]8[0xffffffb6][0xffffffa2][0xffffffaa][0xffffff86]M)dJ[0xffffff98][0xffffffac][0xffffffa8][0xffffff92]@2)a[0xffffffb0][0xffffffa2]*[0xffffffc0][0xffffff99][0xffffff9d][0x12][0xffffffc6]+[0xffffffaa][0xffffff94]<[0xffffffd9][0xffffff94][0xfffffff0][Q[0xffffffa5][0xffffffd4][0xffffffca][0xffffffa5][0xffffff84][0xffffffcb][0xffffff8a][0xffffffaa]([0xffffffde][0xb])[0xffffffa1]VT[0xffffff9d]}a[0xffffffd7].[0xfffffff1][0x15]U[0xffffffd5]`EU[0x15]{T[0x12][0x1][0xffffffc7]VT[0xffffffd5][0xffffffb0])[0xffffff85]L[0x9][0xffffff93][0x15]U[0x12]H&%[0xc]VT[0x5]8[0xffffffb3]S[0xffffffc2]xE[0xffffff95][0xffffff92]'[0xffffff9b][0x12]~+[0xffffffaa][0xffffff94]Z[0xffffffb9][0xffffff94]pYQ[0x15][0xffffffc5]{!%N[0xffffff95][0x12][0xffffffa3]ao%N<%N[0xffffff83][0xffffff94]8#[0xffffffef][0xffffff89][0xffffff80][0xffffff9f]XJ[0xffffff9c]N)[0x11]QdRB[0x1][0xffffffc9][0xffffffa4]D[0xffffffc4]2?%v8[0xffffffb3]SbG[0xffffffd4])%[0xffffff84]<[0xffffffd9][0xffffff94][0xffffff90].eSB[0xffffffa8][0xffffff95]K[0xffffff89]`Z*%[0xffffff82]x/[0xffffffa4][0xffffff84][0xffffffda]vy[0xffffff9e][0xb][0xffffffdb]+[0xffffff81]o[0xffffffbb][0xffffffac][0x6][0xffffffdb].[0xffffffab]X[0xffffffc9][0xffffff96][0x8]8[0xffffffb6][0xffffffed][0xffffffb2][0xffffff86][0xffffffa5]kdJ[0xffffff98]l[0xffffffbb][0xffffff94]@2)a[0xffffffb0][0xffffffed]2[0xffffffc0][0xffffff99][0xffffff9d][0x12][0xffffffc6][0xffffffdb].[0xffffff95]<[0xffffffd9][0xffffff94][0xfffffff0][0xffffffdb]v[0xffffffa9][0xffffffd4][0xffffffca][0xffffffa5][0xffffff84][0xffffffcb][0xffffffb6][0xffffffcb]([0xffffffde][0xb])[0xffffffa1][0xffffffb6]][0xffffffce][0xffffffa3]bo%[0xfffffff0]m[0xffffff97][0xffffffd5]`[0xffffffdb]e[0x15]+[0xffffffd9][0x12][0x1][0xffffffc7][0xffffffb6]][0xffffffd6][0xffffffb0]t[0xffffff8d]L[0x9][0xffffff93]m[0xffffff97][0x12]H&%[0xc][0xffffffb6]][0x6]8[0xffffffb3]S[0xffffffc2]x[0xffffffdb][0xffffffa5][0xffffff92]'[0xffffff9b][0x12]~[0xffffffdb].[0xffffff95]Z[0xffffffb9][0xffffff94]p[0xffffffd9]v[0x19][0xffffffc5][0xfffffffb]zJ4[0xffffffb5][0xffffffa2]j[0xffffff8e][0x1b][0xffffff95][0x12][\r]_Q[0xffffffd5][0xc]VT5[0xffffffb1]G%[0xf][0xfffffff0][0xffffff86][0xffffffad][0xffffffa8]jaS[\n]"
19:31:00.618 [main] DEBUG org.apache.hc.client5.http.wire - http-outgoing-1 << "[0xffffff98][0x12][0x2]E$%$[0xffffff90]HJ[0x8],[0xffffffd3]S"[0xffffffc0][0xffffff99][0xffffff9c][0x12][0x1]Q[0xffffffa3][0xffffff94]P[0xfffffff2]DSB[0xffffffbb][0x14]M[0x9][0xffffffa5]V,%[0xffffffa2]i[0xffffffa1][0xffffff94][0xffffff88][0xffffffe2][0xffffffbd][0xffffff90][0x12][0xffffffe5][0xffffff97][0x12]Sb[0xfffffff5][0xffffff83]J[0xffffff89][0xfffffffb]y[0xffffffe0][0xffffff94]x;[0x1][0xffffff9d][0x12][0xffffffdf][0xffffffce][0xffffffc0][0xffffffa4][0xffffffc4][0xffffffdb][0xffffffd3][0xffffff99][0xffffff94][0xfffffff8]x[0xffffffb2]GJD[0x14][0xffffff99][0xffffff94]P@2)[0x11][0xffffffb1][0xffffffcc]O[0xffffff89][0x1d][0xffffffce][0xffffffec][0xffffff94][0xffffffd8][0x11]uJ[0x9]!O6%[0xffffffa4]K[0xffffffd9][0xffffff94][0x10]j[0xffffffe5]R"[0xffffff98][0xffffff96]J[0xffffff89] [0xffffffde]K)Q[0xffffffcd]R[0xffffffa2][0xffffffe2])Q[\r]R[0xffffffa2][0xffffffa2])Q[0xffffffb1][0xffffff94][0xffffffa8]N)[0xffffffb1][0xffffffa3]H[0xffffffa5]D[0x4][0xffffff92]J[0xffffff89][0x1d]K"%*[0xffffff9c][0x12][0xffffffd5]8%[0xffffff82]<[0xffffffe9][0xffffff94][0x10].[0xffffffa5]S"[0xffffffa8][0xffffff95]L[0xffffff89][0xffffffea][0xffffff92][0x12][0xfffffff5][0xffffffa7]SBm[0xffffffbb]\uP[0xffffffdb].[0x1b][0xffffffbe][0xffffffed][0xffffffb2][0x19]l[0xffffffbb]lb%["[0xffffffe0][0xffffffd8][0xffffffb6][0xffffffcb][0x16][0xffffff96][0xffffffae][0xffffff91])a[0xffffffb2][0xffffffed]R[0x2][0xffffffc9][0xffffffa4][0xffffff84][0xffffffc1][0xffffffb6][0xffffffcb][0x0]gvJ[0x18]o[0xffffffbb]T[0xfffffff2]dS[0xffffffc2]o[0xffffffdb][0xffffffa5]R+[0xffffff97][0x12].[0xffffffdb].[0xffffffa3]x/[0xffffffa4]DS)[0xffffffd1][0xffffffce][0xffffff93]J[0xffffff89][0xffffff86][0xffffffa7]D3H[0xffffff89][0x16]yO[0x4][0xffffffbc]a)[0xffffffd1][0xffffff9c]R"[0xffffffa2][0xffffffc8][0xffffffa4][0xffffff84][0x2][0xffffff92]I[0xffffff89][0xffffff88]e~J[0xffffffec]pf[0xffffffa7][0xffffffc4][0xffffff8e][0xffffffa8]SJ[0x8]y[0xffffffb2])!][0xffffffca][0xffffffa6][0xffffff84]P+[0xffffff97][0x12][0xffffffc1][0xffffffb4]TJ[0x4][0xfffffff1]^H[0x9][0xffffffb5][0xffffffed]r[0xffffffad]sP)[0xffffff81]o[0xffffffbb]l[0x6][0xffffffdb].[0xffffff9b]X[0xffffffc9][0xffffff96][0x8]8[0xffffffb6][0xffffffed][0xffffffb2][0xffffff85][0xffffffa5]kdJ[0xffffff98]l[0xffffffbb][0xffffff94]@2)a[0xffffffb0][0xffffffed]2[0xffffffc0][0xffffff99][0xffffff9d][0x12][0xffffffc6][0xffffffdb].[0xffffff95]<[0xffffffd9][0xffffff94][0xfffffff0][0xffffffdb]v[0xffffffa9][0xffffffd4][0xffffffca][0xffffffa5][0xffffff84][0xffffffcb][0xffffffb6][0xffffffcb]([0xffffffde][0xb])![0xffffffb6]][0xffffff9e]7n[0x18][0xffffffb4][0xffffffe1][0xffffffdb].[0xffffff9b][0xffffffc1][0xffffffb6][0xffffffcb]&V[0xffffffb2]%[0x2][0xffffff8e]m[0xffffffbb]la[0xffffffe9][0x1a][0xffffff99][0x12]&[0xffffffdb].%[0xffffff90]LJ[0x18]l[0xffffffbb][0xc]pf[0xffffffa7][0xffffff84][0xfffffff1][0xffffffb6]K%O6%[0xfffffffc][0xffffffb6]]*[0xffffffb5]r)[0xffffffe1][0xffffffb2][0xffffffed]2[0xffffff8a][0xfffffff7]BJ[0xffffff88]m[0xffffff97][0xffffffe7][0xffffffad][0x1f][0xffffffd4][0xffffff8a][0xffffffaa][0xffffff86]o[0xffffffbb]l[0x6][0xffffffdb].[0xffffff9b]X[0xffffffc9][0xffffff96][0x8]8[0xffffffb6][0xffffffed][0xffffffb2][0xffffff85][0xffffffa5]kdJ[0xffffff98]l[0xffffffbb][0xffffff94]@2)a[0xffffffb0][0xffffffed]2[0xffffffc0][0xffffff99][0xffffff9d][0x12][0xffffffc6][0xffffffdb].[0xffffff95]<[0xffffffd9][0xffffff94][0xfffffff0][0xffffffdb]v[0xffffffa9][0xffffffd4][0xffffffca][0xffffffa5][0xffffff84][0xffffffcb][0xffffffb6][0xffffffcb]([0xffffffde][0xb])![0xffffffb6]][0xffffff9e][0xffffffb7][0xffffffc1][0xffffffa5][0x4][0xffffffbe][0xffffffed][0xffffffb2][0x19]l[0xffffffbb]lb%["[0xffffffe0][0xffffffd8][0xffffffb6][0xffffffcb][0x16][0xffffff96][0xffffffae][0xffffff91])a[0xffffffb2][0xffffffed]R[0x2][0xffffffc9][0xffffffa4][0xffffff84][0xffffffc1][0xffffffb6][0xffffffcb][0x0]gvJ[0x18]o[0xffffffbb]T[0xfffffff2]dS[0xffffffc2]o[0xffffffdb][0xffffffa5]R+[0xffffff97][0x12].[0xffffffdb].[0xffffffa3]x/[0xffffffa4][0xffffff84][0xffffffd8]vyO[0xffffff89][0xffffff81][0xffffffa5][0x4][0xffffffbe][0xffffffed][0xffffffb2][0x19]l[0xffffffbb]lb%["[0xffffffe0][0xffffffd8][0xffffffb6][0xffffffcb][0x16][0xffffff96][0xffffffae][0xffffff91])a[0xffffffb2][0xffffffed]R[0x2][0xffffffc9][0xffffffa4][0xffffff84][0xffffffc1][0xffffffb6][0xffffffcb][0x0]gvJ[0x18]o[0xffffffbb]T[0xfffffff2]dS[0xffffffc2]o[0xffffffdb][0xffffffa5]R+[0xffffff97][0x12].[0xffffffdb].[0xffffffa3]x_O[0xffffff89]~S)q[0xffffff8f][0x9](%[0xffffffde][0xffffffce][0xffffffc3][0xffffffa6][0xffffffc4][0xffffffe3][0x4]pJ|?[0x3][0xffffff92][0x12][0xffffff8f][0xffffffa7]#)[0xfffffff1][0xffffffed][0xffffffc9][0x16])!PDRB[0x2][0xffffff89][0xffffffa4][0xffffff84][0xffffffc0]2=%[0x2][0xffffff9c][0xffffffc9])[0x11][0x10]5J[0x9]%O4%[0xffffffb4]K[0xffffffd1][0xffffff94]Pj[0xffffffc5]R"[0xffffff9a][0x16]J[0xffffff89]([0xffffffde][0xb])![0x16]g[0xffffffdf]S[0xffffffe2]qL$%[0xfffffff0][0xffffffc5][0xffffffd9][0xffffffdd]`qv[0x17][0xffffffdb]][0x13][0x1][0xffffffc7][0x16]g[0xfffffff7][0xffffffb0][0xffffffbf][0xffffff95]L[0x9][0xffffff93][0xffffffc5][0xffffffd9][0x12]H&%[0xc][0x16]g[0x7]8[0xffffffb3]S[0xffffffc2]xq[0xffffffb6][0xffffff92]'[0xffffff9b][0x12]~[0xffffff8b][0xffffffb3][0xffffff95]Z[0xffffffb9][0xffffff94]pY[0xffffff9c][0x1d][0xffffffc5]{!%[0xffffffca]/GL[0xffffff89][0xffffffd5]oTJ[0xffffffdc][0xffffffcf][0x3][0xffffffa7][0xffffffc4][0xffffffdb][0x9][0xffffffe8][0xffffff94][0xfffffff8]v[0x6]&%[0xffffffde][0xffffff9e][0xffffffce][0xffffffa4][0xffffffc4][0xffffffc7][0xffffff93]=R"[0xffffffa2][0xffffffc8][0xffffffa4][0xffffff84][0x2][0xffffff92]I[0xffffff89][0xffffff88]e~J[0xffffffec]pf[0xffffffa7][0xffffffc4][0xffffff8e][0xffffffa8]SJ[0x8]y[0xffffffb2])!][0xffffffca][0xffffffa6][0xffffff84]P+[0xffffff97][0x12][0xffffffc1][0xffffffb4]TJ[0x4][0xfffffff1]^H[0x9][0xffffffb1][0xffffffed][0xfffffff2]<j[0xffffffa1][0xffffffb6]]v|[0xffffffdb]e7[0xffffffd8]v[0xffffffd9][0xffffffc5]J[0xffffffb6]D[0xffffffc0][0xffffffb1]m[0xffffff97]=,]#S[0xffffffc2]d[0xffffffdb][0xffffffa5][0x4][0xffffff92]I[0x9][0xffffff83]m[0xffffff97][0x1][0xffffffce][0xffffffec][0xffffff94]0[0xffffffde]v[0xffffffa9][0xffffffe4][0xffffffc9][0xffffffa6][0xffffff84][0xffffffdf][0xffffffb6]K[0xffffffa5]V.%\[0xffffffb6]]F[0xfffffff1]^H[0xffffff89][0xffffffa6]R[0xffffffa2][0x1f][0xffffff8d]J[0xffffff89][0xffffff86][0xffffffa7]D3H[0xffffff89][0x16]yO[0x4][0xffffffbc]a)[0xffffffd1][0xffffff9c]R"[0xffffffa2][0xffffffc8][0xffffffa4][0xffffff84][0x2][0xffffff92]I[0xffffff89][0xffffff88]e~J[0xffffffec]pf[0xffffffa7][0xffffffc4][0xffffff8e][0xffffffa8]SJ[0x8]y[0xffffffb2])!][0xffffffca][0xffffffa6][0xffffff84]P+[0xffffff97][0x12][0xffffffc1][0xffffffb4]TJ[0x4][0xfffffff1]^H[0x9][0xffffffb1][0xffffffed][0xfffffff2]<[0xffffffe6]\TJ[0xffffffe0][0xffffffdb].[0xffffffbb][0xffffffc1][0xffffffb6][0xffffffcb].V[0xffffffb2]%[0x2][0xffffff8e]m[0xffffffbb][0xffffffec]a[0xffffffe9][0x1a][0xffffff99][0x12]&[0xffffffdb].%[0xffffff90]LJ[0x18]l[0xffffffbb][0xc]pf[0xffffffa7][0xffffff84][0xfffffff1][0xffffffb6]K%O6%[0xfffffffc][0xffffffb6]]*[0xffffffb5]r)[0xffffffe1][0xffffffb2][0xffffffed]2[0xffffff8a][0xfffffff7]BJ[0xffffffa8]m[0xffffff97][0xffffffe5][0xffffffb8]Q[0xffffffdf][0xffffffe0][0xffffffe8][0xfffffff8][0xffffffb6][0xffffffcb]n[0xffffffb0][0xffffffed][0xffffffb2][0xffffff8b][0xffffff95]l[0xffffff89][0xffffff80]c[0xffffffdb].{X[0xffffffba]F[0xffffffa6][0xffffff84][0xffffffc9][0xffffffb6]K[0x9]$[0xffffff93][0x12][0x6][0xffffffdb].[0x3][0xffffff9c][0xffffffd9])a[0xffffffbc][0xffffffed]R[0xffffffc9][0xffffff93]M[0x9][0xffffffbf]m[0xffffff97]J[0xffffffad]\J[0xffffffb8]l[0xffffffbb][0xffffff8c][0xffffffe2][0xffffffbd][0xffffff94][0x12][0xffffffc5],%[\n]"
19:31:00.618 [main] DEBUG org.apache.hc.client5.http.wire - http-outgoing-1 << "[0xffffff9e][0x12][0xffffffc5] %[\n]"
19:31:00.618 [main] DEBUG org.apache.hc.client5.http.wire - http-outgoing-1 << "[0xffffff9a][0x12][0x5]K[0xffffff89][0xffffffe2][0xffffff94][0x12];[0xffffff8a]TJD [0xffffffa9][0xffffff94][0xffffffd8][0xffffffb1]$R[0xffffffa2][0xffffffc0])Q[0xffffff8c]S"[0xffffffc8][0xffffff93]N[0x9][0xffffffe1]R:%[0xffffff82]Z[0xffffffc9][0xffffff94](.)Q~:%[0xffffffd4][0xffffffe2][0xffffffec][0xffffffd2]k[0xffffffa3]R[0x2]_[0xffffff9c][0xffffffdd][\r][0x16]gw[0xffffffb1][0xffffffdd]5[0x11]plqv[0xf][0xfffffffb][[0xffffffc9][0xffffff94]0Y[0xffffff9c]-[0xffffff81]dR[0xffffffc2]`qv[0xffffff80]3;%[0xffffff8c][0x17]g+y[0xffffffb2])[0xffffffe1][0xffffffb7]8[[0xffffffa9][0xffffff95]K[0x9][0xffffff97][0xffffffc5][0xffffffd9]Q[0xffffffbc][0x17]RB-[0xffffffce][0xffffffbe][0xffffffff][0xffffff9f]B[0xffffffa5][0x4][0xffffffbe]8[0xffffffbb][0x1b],[0xffffffce][0xffffffee]b[0xffffffbb]k"[0xffffffe0][0xffffffd8][0xffffffe2][0xffffffec][0x1e][0xfffffff6][0xffffffb7][0xffffff92])a[0xffffffb2]8[[0x2][0xffffffc9][0xffffffa4][0xffffff84][0xffffffc1][0xffffffe2][0xffffffec][0x0]gvJ[0x18]/[0xffffffce]V[0xfffffff2]dS[0xffffffc2]oq[0xffffffb6]R+[0xffffff97][0x12].[0xffffff8b][0xffffffb3][0xffffffa3]x/[0xffffffa4][0xffffff84]Z[0xffffff9c]][0xf][0xffffffec]#[0xffffffe3][0x1d]_[0xffffff9c][0xffffffdd][\r][0x16]gw[0xffffffb1][0xffffffdd]5[0x11]plqv[0xf][0xfffffffb][[0xffffffc9][0xffffff94]0Y[0xffffff9c]-[0xffffff81]dR[0xffffffc2]`qv[0xffffff80]3;%[0xffffff8c][0x17]g+y[0xffffffb2])[0xffffffe1][0xffffffb7]8[[0xffffffa9][0xffffff95]K[0x9][0xffffff97][0xffffffc5][0xffffffd9]Q[0xffffffbc][0xffffffaf][0xffffffa7][0xffffffc4]P[0xffffff8b][0xffffffb3]k[0xffffffed][0xffffffd4]^[0xffffff89][0xffffff81]/[0xffffffce][0x1e][0x6][0xffffff8b][0xffffffb3][0xffffff87][0xffffffd8][0xffffffee][0xffffff9a][0x7][0xfffffff8][0xffffffc0][0x16]g[0xffffff8f][0xffffffb0][0xffffffbf][0x15]L[0x9][0xffffff81]"[0xffffff92][0x12][0x12]H$%[0x4][0xffffff96][0xffffffe9])[0x11][0xffffffe0]LN[0xffffff89][0xffffff80][0xffffffa8]QJ(y[0xffffffa2])[0xffffffa1]][0xffffff8a][0xffffffa6][0xffffff84]R+[0xffffff96][0x12][0xffffffd1][0xffffffb4]PJD[0xfffffff1]^H[0x9][0xffffffb5]8[0xffffffbb][0xffffff9e][0xffffffd8][0xffffffb6][0xffffffcb][0xffffff81]/[0xffffffce][0x1e][0x6][0xffffff8b][0xffffffb3][0xffffff87][0xffffffd8][0xffffffee][0xffffff9a][0x8]8[0xffffffb6]8{[0xffffff84][0xfffffffd][0xffffffad]dJ[0xffffff98],[0xffffffce][0xffffff96]@2)a[0xffffffb0]8;[0xffffffc0][0xffffff99][0xffffff9d][0x12][0xffffffc6][0xffffff8b][0xffffffb3][0xffffff95]<[0xffffffd9][0xffffff94][0xfffffff0][[0xffffff9c][0xffffffad][0xffffffd4][0xffffffca][0xffffffa5][0xffffff84][0xffffffcb][0xffffffe2][0xffffffec]([0xffffffde][0xb])QTJL[0xffffffec]#[0xffffffe3]o[0xffffffe7][0xffffff81]S[0xffffffa2][0x18][0xffffffa4]D[0xffffff89][0xffffffbc]'[0x2]^[0xffffffb0][0xffffff94](N)[0x11]QdRB[0x1][0xffffffc9][0xffffffa4][0xffffffc4][0xffffffff][0xffffffcf][0xffffffdc][0xffffffbd][0xffffffae]J[0xffffffae][0xffffffa3]I[0x18][0xffffffbe][0xffffffa3]!%[0xffffffdb][0xffffffb2]u[0xffffffff]76[0xffffffeb]P[0xffffff87][0xffffffdd][0xffffff8a][0xffffffc8][\r][0xffffffa5][0xffffffda]|o[0xffffffd0]?[0x6]z[0xffffffa0][0xffffffd2]4A[0xfffffff0][0xffffffe0]e[0xffffff85]4[0xffffff96][0xfffffff5][0xffffff94]X[0xffffffc3]YM[0xffffff89]5[0xffffffa2]I[0xffffff94]0[0xffffffe5][0xffffffc9]R[0xffffffc2]v)K[0x9]S[0xffffffad][0x1c]%[0xffffffa4]i)JH[0xfffffff1]nP[0xffffffc2][\r]g[0x1f][0xf]v[0xffffffc9][0xfffffff8][0xffffffc0][0xffffff87][0xffffffb3]G[0xffffffc0]p[0xfffffff6]0[0xffffffeb][0xffffffae][0xffffff85][0x1][0xffffffc7][0xffffff86][0xffffffb3][0xffffff87][0xffffffec][0xffffffb7][0xffffff92][0xffffff94][0x8][0x19][0xffffffce][0xffffffb6][0xffffff81]d([0x11]0[0xffffff9c]-[0xffffffe1][0xffffffac][0xffffffa6]D[0xfffffff0]p[0xffffffb6]+O[0xffffff96][0x12]y[0xffffffc3][0xffffffd9][0xffffffae]Z9J[0xffffffa4][0xc]gk[0xfffffff1]nP[0xffffffe2]t[0xffffff94][0xffffff98][\r][0xfffffffb][0x3][0xffffffc7][0xffffff89]S[0xffffffe2][0xc][0xffffffa0][0xffffffc4][0xffffffa9]y/[0xc][0xfffffff8][0xffffff89]Q[0xffffffe2]L[0xffffffa2][0xffffff84]F[0xffffff91][0xffffffa1][0xffffff84][0xb]$C[0x9][0xffffff8d]e=%[0xffffffd6]pVSb[0xffffff8d]h[0x12]%Ly[0xffffffb2][0xffffff94][0xffffffb0]][0xffffffca]R[0xffffffc2]"
19:31:00.632 [main] DEBUG org.apache.hc.client5.http.wire - http-outgoing-1 << "T+G[0x9]iZ[0xffffff8a][0x12]R[0xffffffbc][0x1b][0xffffff94]p[0xffffffc3][0xffffffd9][0xffffffc7][0x1c][0xffffffd4][0x9][0xffffff8e][0xffffff81][0xf]g[0xffffff8f][0xffffff80][0xffffffe1][0xffffffec]a[0xffffffd6]][0xb][0x3][0xffffff8e][\r]g[0xf][0xffffffd9]o%)[0x11]2[0xffffff9c]m[0x3][0xffffffc9]P"`8[[0xffffffc2]YM[0xffffff89][0xffffffe0][0xffffffe1]lW[0xffffff9e],%[0xfffffff2][0xffffff86][0xffffffb3]][0xffffffb5]r[0xffffff94]H[0x19][0xffffffce][0xffffffd6][0xffffffe2][0xffffffdd][0xffffffa0][0xffffff84][0x1b][0xffffffce]>[0xffffffdb][0xb][0xfffffffb][0x3][0x7]>[0xffffff9c]=[0x2][0xffffff86][0xffffffb3][0xffffff87]Yw-[0xc]86[0xffffff9c]=d[0xffffffbf][0xffffff95][0xffffffa4]D[0xffffffc8]p[0xffffffb6][\r]$C[0xffffff89][0xffffff80][0xffffffe1]l[0x9]g5%[0xffffff82][0xffffff87][0xffffffb3]]y[0xffffffb2][0xffffff94][0xffffffc8][0x1b][0xffffffce]v[0xffffffd5][0xffffffca]Q"e8[[0xffffff8b]w[0xffffff8b][0x12]=[0xffffff8c][0x12][0xfffffff0]p[0xfffffff6][0x8][0x18][0xffffffce][0x1e]f[0xffffffdd][0xffffffb5]4[0xffffffe0][0xffffffd0]p[0xfffffff6][0xffffff90][0xfffffffd]V[0xffffff96][0x12][0x11][0xffffffc3][0xffffffd9]6[0xffffff90][0x14]%[0xfffffff0][0xffffffe1]l[0x9]g=%b[0xffffff87][0xffffffb3]]y[0xffffffd2][0xffffff94]H[0x1b][0xffffffce]v[0xffffffd5]JR"c8[[0xffffff8b]w[0xffffff83][0x12]n8[0xfffffffb][0xffffffbc]Nj[0xffffffed]r[0xffffffe0][0xffffffc3][0xffffffd9]#`8{[0xffffff98]u[0xffffffd7][0xffffffc2][0xffffff80]c[0xffffffc3][0xffffffd9]C[0xfffffff6][IJ[0xffffff84][0xc]g[0xffffffdb]@2[0xffffff94][0x8][0x18][0xffffffce][0xffffff96]pVS"x8[0xffffffdb][0xffffff95]'K[0xffffff89][0xffffffbc][0xffffffe1]lW[0xffffffad][0x1c]%R[0xffffff86][0xffffffb3][0xffffffb5]x[0xffffffb7](a[0xffffffde]J[0xffffffa0][0xffffff94][0xffffffa0][0xffffffdf]J[0xffffffdc][0x1]o%n[0xffffffa5]si[0xffffffc0][0xffffffa9][0xffffffb7][0x12]w[0xffffffd2][[0x9][0xffffff8d]"E[0xffffff89][0xffffff94][0xffffffb7][0x12][0x1a]K[0xffffff82][0x12][0xffffffec][[0xffffff89]5[0xffffffa2]Y[0xffffff94][0x8]{+a[0xffffffbb][0xffffff94][0xffffffa6]D[0xffffffd0][[0x9]iZ[0xffffff8e][0x12][0xffffffff][0xffffffc5][[0xffffff89]'[0xffffff8c][0x12][0xf]N[0xffffff89]'[0xffffff80][0x12][0xf]J[0xffffff89][0x7][0xffffffa3][0xffffffc4][0xffffff93]D[0xffffff89]5[0xffffff8a][0x14]%4[0xffffff90][0x14]%[0xffffffd6]X[0x12][0xffffff94]x`J<[0xffffffc1][0xffffff94][0xffffff90][0xfffffff2][0xffffffa4])a[0xffffffba][0xffffff94][0xffffffa6][0xffffff84]T+I[0xffffff89]'[0xffffff85][0x12][0xffffffcf][0x7f]@[0xffffff89]>[0xffffffc3],[0xffffffd1]'[0xffffff8e][0xffffff89][0xffffff8f]G[0xffffffe0]5[0xfffffff1][0xffffffe3]!(N|[0xfffffffc]<[0xffffffe5][0xffffff89][0xffffffef][0xffffff9f]N[0x1][0xffffff85][0xffffffe4][0xffffff91][0x12][0xffffff85]I%E[\n]"
19:31:00.633 [main] DEBUG org.apache.hc.client5.http.wire - http-outgoing-1 << "[0xffffffc9]&a[0xffffff8a]%[0xffffffa1][0xfffffff5][0xffffffa8]Xr[0xffffff9a][0xffffffa5][\n]"
19:31:00.633 [main] DEBUG org.apache.hc.client5.http.wire - http-outgoing-1 << "[0xffffffad]Q[0xffffff9a][0x15][0xffffffae]UiWh[0xffffffc9][0xffffff92][0xffffffb0]X;[0xffffff97][0xffffff93][0xffffffc5]Z[0xffffffc1][[0xffffffb4]8[0xffffffd3]hq[0xfffffff2][0xffffffb4]8[0x13]hq[0xffffffb2][0xffffffb4]89Z[0xffffff9c]Q[0xffffffb4][0xffffff90]<R[0xffffffb4]0[0xffffffa9][0xffffffa4]h![0xffffffd9]$hq[0xffffffd2][0xffffffb4]8[0xffffff93]i[0xffffffa1]5J[0xffffffd3][0xffffffc2][0xffffffb5]*M[0xb]-Y[0xffffff92][0x16]k[0xffffffe7]r[0xffffffb4]X+x[0xffffff8b][0x16]#[0xffffffed][0xffffffbb][0xffffffcc][0xffffffc1][0x7f][0xffffff98][0xfffffff9][0xfffffff1][0x8]<-~<[0x4]E[0xffffff8b][0xffffffc1]}[0xffffff9b]9[0xffffffa2]>[0xffffffce][0xffffff94]<R[0xffffffb4]0[0xffffffa9][0xffffffa4]h![0xffffffd9]$h1[0xffffffe8][0xf]4G[0xfffffff2][0x17][0xffffff9a]Z[0xffffffa3]4-\[0xffffffab][0xffffffd2][0xffffffb4][0xffffffd0][0xffffff92]%i[0xffffffb1]v.G[0xffffff8b][0xffffffb5][0xffffff82][0xffffffb7]hq[0xffffffa7]}\q[0xfffffff3]_W[0xffffffdc][0x9][0xffffff9f]W[0xffffffdc][0xffffffec][0xfffffff7][0x15]7[0xfffffff7][0xffffff81][0xffffffc5][0x1d][0xfffffff5][0xffffff85][0xffffff85][0xffffffe4][0xffffff91][0xffffffa2][0xffffff85]I%E[0xb][0xffffffc9]&A[0xffffff8b][0xffffff9b][0xfffffffe][0xffffffca][0xffffffe2]N[0xfffffffe][0xffffffcc]Bk[0xffffff94][0xffffffa6][0xffffff85]kU[0xffffff9a][0x16]Z[0xffffffb2]$-[0xffffffd6][0xffffffce][0xffffffe5]h[0xffffffb1]V[0xfffffff0][0x16]-f[0xb][0xffffffa3][0xffffffc5]l8->[0x1e][0xffffff81][0xffffffa7][0xffffffc5][0xffffff8f][0xffffff87][0xffffffa0]h[0xfffffff1][0xfffffff1][0xfffffff3][0x14]-[0xffffffbe][0x7f]:[0xffffff85][0x16][0xffffff92]G[0xffffff8a][0x16]&[0xffffff95][0x14]-$[0xffffff9b][0x4]-[0xffffff96][0xffffff84][0xffffffd6][0xffffffd3]b[0xffffffc9]i[0x16]-[0xffffffb4]FiZ[0xffffffb8]V[0xffffffa5]i[0xffffffa1]%K[0xffffffd2]b[0xffffffed]\[0xffffff8e][0x16]k[0x5]o[0xffffffd1][0xffffffa2]]W[0xffffff98]->[0xffffff9e][0x8][0xffffffc7][0xffffffc5][0xffffffe7]3[0xfffffff0][0xffffffba][0xfffffff8][0xfffffff9][0x14][0x14]/>[0x7f][0xffffff9f][0xfffffff2][0xffffffc5][0xffffff8f][0xffffffdf]N[0x1][0xffffff86][0xffffff86][0xffffff92][0x12][0xffffff86][0xffffff8b]&E[0xc][\r](a[0xffffff8c]5[0xffffffa6][0xfffffff5][0xffffffc8]X[0xffffffc3][0xffffff9a][0xffffffa5][0xc]S[0xffffffa8]43l[0xffffffbf][0xffffffd2][0xffffffce]0uKBC[0xffffffda][0xffffff97][0xffffff93][0xffffff86][0xffffff94][0xfffffff1][0x16]5[0xfffffffa]+[0xffffffed]5[0xffffffc6][0xffffffc7][0x13][0xffffffe1][0xffffffd4][0xfffffff8]|[0x6][0xffffff9e][0x1a]?[0xffffff9f][0xffffff82][0xffffffa2][0xffffffc6][0xffffffe7][0xffffffef]S[0xffffffd4][0xfffffff8][0xfffffff1][0xffffffdb])[0xffffffd4][0xffffffd0]PR[0xffffffd4]p[0xffffffd1][0xffffffa4][0xffffffa8][0xffffffa1][0x1]%[0xffffffa8][0xffffffb1][0xffffffc6][0xffffffb4][0xffffff9e][0x1a]kX[0xffffffb3][0xffffffa8]a[\n]"
19:31:00.633 [main] DEBUG org.apache.hc.client5.http.wire - http-outgoing-1 << "[0xffffff95][0xffffffa6][0xffffff86][0xffffffed]W[0xffffff9a][0x1a][0xffffffa6]nIjH[0xfffffffb]r[0xffffffd4][0xffffff90]2[0xffffffde][0xffffffa4][0xffffffc6][0x1d]G[0xffffff8d];[0xffffff80][0x1a]w[0x4]5n[0xffffff98][0x1a]7H[0xffffff8d];[0xffffff8b][0x1a]k(9jh49j[0xffffffac][0x1]e[0xffffffa8]q[0xffffffe3][0xffffffd4][0xffffffb8][0xffffffa3][0xffffffa9]![0xffffff85][0xffffffca]S[0xffffffc3][0xfffffff4]+O[\r][0xffffffa9][[0xffffff96][0x1a]w[0xe]5[0xffffffee]}j\[0xffffffdf][0xffffffff][0xffffffca]c[0xffffff86][0xffffffbe][0xffffffaf][0xffffffe3]j[0xffffffe5][0xffffffd0][0xfffffff8][0xfffffffd]<[0x14]3[0xfffffffe][0xfffffff1][0x4][0x18]2[0xffffff96]g(&[0xffffffc6]?~[0xffffffbd][0x18][0x18][0xffffffff][0xfffffffb][0xffffffcb]0/[0xffffffde]F[0xffffffb1][0x18][0x17][0xffffffff][0x12][0xffffffc8]bZ[0xffffffbc][0xffffff8d]e!,[0xffffffde][0xffffff84][0xffffffb3][0xffffff8c][0x15]o"[0x1a][0xffffff81][0xffffff8a][0xfffffff7][0xffffffe5][0x9][0xffffff91][0xffffffe2][0xffffffdf][0xffffffba][0x14][0x2][0xffffffc5][0xfffffffb]j[0x5]8[0xfffffff1][0xffffffae]i[0xffffffcb]1[0xfffffff1][0xffffffae]x[0xffffffb7]([0xffffffd1][0xffffffc3]([0xffffff81][\r]}[0xffffffff][0xffffffe3][0x9]xJ C[0xffffffdf][0xffffffff][0xfffffff8]u[0xffffff8a][0x12][0x9]C[0xffffffdf]o[0xffffffa3]HQ[0x2][0x1f][0xfffffffa]~[0x1b]K[0xffffff82][0x12][0xffffffd0][0xffffffd0][0xfffffff7][0xffffff9b][0xffffff88]fQ"e[0xffffffe8][0xfffffffb][0xffffffdf][0xffffffba][0xffffff94][0xffffffa6]D[0xffffffc2][0xffffffd0][0xfffffff7][0xffffffbb][0xffffffa6][0xffffffe5]([0xfffffff1][0x17]C[0xffffffdf]?[0xfffffffe][0xffffff8d][0xffffffe9][0xffffffde]J\[0x7]F[0xffffff89][0xffffff89][0xffffffbf][0xffffff95][0xffffff98][0x1]o%[0xffffffa6][0xffffffd2][0xffffffb9]0[0xffffffe0][0x13]{+1[0xffffff93][0xffffffde]Jh[0x14][0x19]J[0xffffffb8]@2[0xffffff94][0xffffffd0]X[0xffffffd6]Sb[\r]g5%[0xffffffd6][0xffffff88]&Q[0xffffffc2][0xffffff94]'K[0x9][0xffffffdb][0xffffffa5],%L[0xffffffb5]r[0xffffff94][0xffffff90][0xffffffa6][0xffffffa5](![0xffffffc5][0xfffffffb][0xffffffe7][0xffffff94][0xffffffb8]_[0xffffff8e][0x12][0xfffffff3][0xffffff9e][0x10]%>[0xffffff9f][0xffffff87][0xffffffa5][0xffffffc4][0xffffffd7][0x13][0xffffffc0][0xffffff94][0xfffffff8][0xfffffff5][0xc][0x8]%[0xffffffbe]~[0x1d][0xffffffa1][0xffffffc4][0xffffffcf]_[0xffffff8e][0xffffffa0][0xffffff84][0xffffff89]"B[0x9][0x1b]H[0xffffff84][0x12]&[0xffffff96][0xffffffe5][0xffffff94][0xffffff90]p[0x16]SB"[0x1a]D[0x9]W[0xffffff9e](%|[0xffffff97][0xffffffa2][0xffffff94]p[0xffffffd5][0xffffff8a]QB[0xffffff9b][0x16][0xffffffa2][0xffffff84][0x16][0xffffffef][0x6]%[0xffffff9a][0xffffffa1][0xffffffc4]h[0xffffffe3][0xffffffa1]([0xffffffd1]pJ[0xffffffb4][0x0]J4[0xffffffcd]{a[0xffffffc0][0x1b]F[0xffffff89][0xffffff96]D[0x9][0xffffff8d]"C[0x9][0x17]H[0xffffff86][0x12][0x1a][0xffffffcb]zJ[0xffffffac][0xffffffe1][0xffffffac][0xffffffa6][0xffffffc4][0x1a][0xffffffd1]$J[0xffffff98][0xfffffff2]d)a[0xffffffbb][0xffffff94][0xffffffa5][0xffffff84][0xffffffa9]V[0xffffff8e][0x12][0xffffffd2][0xffffffb4][0x14]%[0xffffffa4]x7([0xffffffd1][0x1d]%[0xffffffc6]yR[0xffffff94][0xffffffe8]8%z[0x0]%[0xffffffba][0xffffffe6][0xffffffbd]0[0xffffffe0][0x1d][0xffffffa3]DO[0xffffffa2][0xffffff84]F[0xffffff91][0xffffffa1][0xffffff84][0xb]$C[0x9][0xffffff8d]e=%[0xffffffd6]pVSb[0xffffff8d]h[0x12]%Ly[0xffffffb2][0xffffff94][0xffffffb0]][0xffffffca]R[0xffffffc2]T+G[0x9]iZ[0xffffff8a][0x12]R[0xffffffbc][0x1b][0xffffff94]8[0x1c]%[0xffffff9e]sP[0xffffff94]8pJ[0x1c][0x1][0xffffff94]84[0xffffffef][0xffffff85][0x1]?0J[0x1c]I[0xffffff94][0xffffffd0](2[0xffffff94]p[0xffffff81]d([0xffffffa1][0xffffffb1][0xffffffac][0xffffffa7][0xffffffc4][0x1a][0xffffffce]jJ[0xffffffac][0x11]M[0xffffffa2][0xffffff84])O[0xffffff96][0x12][0xffffffb6]KYJ[0xffffff98]j[0xffffffe5](!MKQB[0xffffff8a]w[0xffffff83][0x12][0xffffffa7][0xffffffa1][0xffffffc4][0xffffffdd]_/[0xffffff8a][0x12]'N[0xffffff89]3[0xffffff80][0x12][0xffffffa7][0xffffffe6][0xffffffbd]0[0xffffffe0]'F[0xffffff89]3[0xffffff89][0x12][0x1a]E[0xffffff86][0x12].[0xffffff90][0xc]%4[0xffffff96][0xfffffff5][0xffffff94]X[0xffffffc3]YM[0xffffff89]5[0xffffffa2]I[0xffffff94]0[0xffffffe5][0xffffffc9]R[0xffffffc2]v)K[0x9]S[0xffffffad][0x1c]%[0xffffffa4]i)JH[0xfffffff1]nP[0xffffffe2][0xffffffb2][0xffffff94][0x18][0xffffffd8][[0xffffff89][0xb][0xffffffa7][0xffffffc4][0x15]@[0xffffff89]K[0xfffffff3]^[0x18][0xfffffff0][0xb][0xffffffa3][0xffffffc4][0xffffff95]D[0x9][0xffffff8d]"C[0x9][0x17]H[0xffffff86][0x12][0x1a][0xffffffcb]zJ[0xffffffac][0xffffffe1][0xffffffac][0xffffffa6][0xffffffc4][0x1a][0xffffffd1]$J[0xffffff98][0xfffffff2]d)a[0xffffffbb][0xffffff94][0xffffffa5][0xffffff84][0xffffffa9]V[0xffffff8e][0x12][0xffffffd2][0xffffffb4][0x14]%[0xffffffa4]x7(1[0x1c]%[0xffffff8e][0xffffff8e][0xffffff9d][0xffffffe0][0x18]8%F[0x0]%[0xffffff86][0xffffffe6][0xffffffbd]0[0xffffffe0][0x3][0xffffffa3][0xffffffc4]H[0xffffffa2][0xffffff84]F[0xffffff91][0xffffffa1][0xffffff84][0xb]$C[0x9][0xffffff8d]e=%[0xffffffd6]pVSb[0xffffff8d]h[0x12]%Ly[0xffffffb2][0xffffff94][0xffffffb0]][0xffffffca]R[0xffffffc2]T+G[0x9]iZ[0xffffff8a][0x12]R[0xffffffbc][0x1b][0xffffff94][0xffffffb8]-%[0xffffffee]NQ[0xffffffe2][0xffffffc6])q[0x7]P[0xffffffe2][0xffffffd6][0xffffffbc][0x17][0x6][0xfffffffc][0xffffffc6](q'QB[0xffffffa3][0xffffffc8]P[0xffffffc2][0x5][0xffffff92][0xffffffa1][0xffffff84][0xffffffc6][0xffffffb2][0xffffff9e][0x12]k8[0xffffffab])[0xffffffb1]F4[0xffffff89][0x12][0xffffffa6]<YJ[0xffffffd8].e)a[0xffffffaa][0xffffff95][0xffffffa3][0xffffff84]4-E[0x9])[0xffffffde][\r]J[0xffffffb8][0xffffffe1][0xffffffec][0xfffffffb]<0J[0xffffffe0][0xffffffc3][0xffffffd9]w[0xffffffc0]p[0xfffffff6]m[0xffffffd6]][0xb][0x3][0xffffff8e][\r]g[0xffffffdf][0xffffffb2][0xffffffdf]JR"d8[0xffffffdb][0x6][0xffffff92][0xffffffa1]D[0xffffffc0]p[0xffffffb6][0xffffff84][0xffffffb3][0xffffff9a][0x12][0xffffffc1][0xffffffc3][0xffffffd9][0xffffffae]<YJ[0xffffffe4][\r]g[0xffffffbb]j[0xffffffe5]([0xffffff91]2[0xffffff9c][0xffffffad][0xffffffc5][0xffffffbb]A[0x9][0xffffffb7]vy__[0xffffff8f][0xffffff89]P[0x2]_[0xffffffbb][0xffffffbc][0x3][0xffffffd6].o3[0xffffffc9]V[0x18]pl[0xffffffed][0xfffffff2][0xffffff96][0xffffffd1]5[0xffffff92][0x12]!k[0xffffff97]6[0xffffff90][0xc]%[0x2][0xffffffd6].%[0xffffff9c][0xffffffd5][0xffffff94][0x8]^[0xffffffbb]t[0xffffffe5][0xffffffc9]R"o[0xffffffed][0xffffffd2]U+G[0xffffff89][0xffffff94][0xffffffb5]K-[0xffffffde]-J[0x1c]a[0xffffff94]8pJ[0x1c][0x1][0xffffff94]8PJ[0x1c][0x18]%[0xffffff8e]$J[0xffffffac]Q[0xffffffa4]([0xffffffa1][0xffffff81][0xffffffa4]([0xffffffb1][0xffffffc6][0xffffff92][0xffffffa0][0xffffffc4][0x1]S[0xffffffe2][0x8][0xffffffa6][0xffffff84][0xffffff94]'M[0x9][0xffffffd3][0xffffffa5]4%[0xffffffa4]ZIJ[0x1c])[0xffffff94]8[0xfffffffe][0xffffff96][0x12][0xffffff8f][[0xffffffbb]|[0xffffffce]y@[0xffffff94]x[0xfffffff0][0xffffffb5][0xffffffcb]'`[0xffffffed][0xfffffff2]1[0xffffff93]lu[0x1][0x7f][0xffffffb0][0xffffffb5][0xffffffcb]GF[0xffffffd7]@J[0xffffff98]("[0xffffff94][0xffffffb0][0xffffff81]D(abYN[0x9][0x9]g1%$[0xffffffa2]A[0xffffff94]p[0xffffffe5][0xffffff89]R[0xffffffc2]w)J[0x9]W[0xffffffad][0x18]%[0xffffffb4]i!Jh[0xfffffff1]nP[0xffffffc2][0xffffffad]]]]><![CDATA[>[0xffffffe3][0xffffffc1]([0xffffff81][0xffffffaf]]]]><![CDATA[>[0x1]k[0xffffff97][0xffffff8f][0xffffff99]d+[0xc]8[0xffffffb6]v[0xfffffff9][0xffffffc8][0xffffffe8][0x1a]I[0xffffff89][0xffffff90][0xffffffb5]K[0x1b]H[0xffffff86][0x12][0x1]k[0xffffff97][0x12][0xffffffce]jJ[0x4][0xffffffaf]][0xffffffba][0xfffffff2]d)[0xffffff91][0xffffffb7]v[0xffffffe9][0xffffffaa][0xffffff95][0xffffffa3]D[0xffffffca][0xffffffda][0xffffffa5][0x16][0xffffffef][0x6]%[0xffffffdc][0xffffffda][0xffffffe5]3_[0xffffffd4][0xffffffcd][0xffffffa0][0xf][0xffffffbe]v[0xfffffff9][0x4][0xffffffac]]]]><![CDATA[>f[0xffffff92][0xffffffad]0[0xffffffe0][0xffffffd8][0xffffffda][0xffffffe5]#[0xffffffa3]k$%B[0xffffffd6].m [0x19]J[0x4][0xffffffac]]J8[0xffffffab])[0x11][0xffffffbc]v[0xffffffe9][0xffffffca][0xffffff93][0xffffffa5]D[0xffffffde][0xffffffda][0xffffffa5][0xffffffab]V[0xffffff8e][0x12])k[0xffffff97]Z[0xffffffbc][0x1b][0xffffff94]pk[0xffffff97][0xffffffb3][0xffffff9f][0xffffffd8][[0x9]|[0xffffffed][0xfffffff2][0x9]X[0xffffffbb]|[0xffffffcc]$[a[0xffffffc0][0xffffffb1][0xffffffb5][0xffffffcb]GF[0xffffffd7]HJ[0xffffff84][0xffffffac]][0xffffffda]@2[0xffffff94][0x8]X[0xffffffbb][0xffffff94]pVS"x[0xffffffed][0xffffffd2][0xffffff95]'K[0xffffff89][0xffffffbc][0xffffffb5]KW[0xffffffad][0x1c]%R[0xffffffd6].[0xffffffb5]x7(q9J\[0xffffff83][0xffffff9a][0xffffffa8][0xfffffffa]|[0x1e][0xffffff98][0x12]W[0x0]%.[0xffffffcd]{a[0xffffffc0]/[0xffffff8c][0x12]W[0x12]%4[0xffffff8a][0xc]%\ [0x19]Jh,[0xffffffeb])[0xffffffb1][0xffffff86][0xffffffb3][0xffffff9a][0x12]kD[0xffffff93](a[0xffffffca][0xffffff93][0xffffffa5][0xffffff84][0xffffffed]R[0xffffff96][0x12][0xffffffa6]Z9JH[0xffffffd3]R[0xffffff94][0xffffff90][0xffffffe2][0xffffffdd][0xffffffa0][0xffffff84][[0xffffffbb][0xffffff9c]s[0xffffffde][0x14]%[0xfffffff0][0xffffffb5][0xffffffcb]'`[0xffffffed][0xfffffff2]1[0xffffff93]l[0xffffff85][0x1][0xffffffc7][0xffffffd6].[0x1f][0x19]]#)[0x11][0xffffffb2]vi[0x3][0xffffffc9]P"`[0xffffffed]R[0xffffffc2]YM[0xffffff89][0xffffffe0][0xffffffb5]KW[0xffffff9e],%[0xfffffff2][0xffffffd6].][0xffffffb5]r[0xffffff94]HY[0xffffffbb][0xffffffd4][0xffffffe2][0xffffffdd][0xffffffa0][0xffffff84]Y[0xffffffbb]|^[0xffffffed][0xffffffc0][0xfffffffe][0xffffffc0][0xffffff81][0xffffffaf]]]]><![CDATA[>[0x1]k[0xffffff97][0xffffff8f][0xffffff99]d+[0xc]8[0xffffffb6]v[0xfffffff9][0xffffffc8][0xffffffe8][0x1a]I[0xffffff89][0xffffff90][0xffffffb5]K[0x1b]H[0xffffff86][0x12][0x1]k[0xffffff97][0x12][0xffffffce]jJ[0x4][0xffffffaf]][0xffffffba][0xfffffff2]d)[0xffffff91][0xffffffb7]v[0xffffffe9][0xffffffaa][0xffffff95][0xffffffa3]D[0xffffffca][0xffffffda][0xffffffa5][0x16][0xffffffef][0x6]%[0xffffffcc][0xffffffda][0xffffffe5][0xfffffff3]:[0xffffffcf][0xffffff87][0xffffffa2][0x4][0xffffffbe]v[0xfffffff9][0x4][0xffffffac]]]]><![CDATA[>f[0xffffff92][0xffffffad]0[0xffffffe0][0xffffffd8][0xffffffda][0xffffffe5]#[0xffffffa3]k$%B[0xffffffd6].m [0x19]J[0x4][0xffffffac]]J8[0xffffffab])[0x11][0xffffffbc]v[0xffffffe9][0xffffffca][0xffffff93][0xffffffa5]D[0xffffffde][0xffffffda][0xffffffa5][0xffffffab]V[0xffffff8e][0x12])k[0xffffff97]Z[0xffffffbc][0x1b][0xffffff94]0k[0xffffff97][0xffffffcf][0xffffffeb][0xffffffea][0xffffffd8][0x9][0xe]|[0xffffffed][0xfffffff2][0x9]X[0xffffffbb]|[0xffffffcc]$[a[0xffffffc0][0xffffffb1][0xffffffb5][0xffffffcb]GF[0xffffffd7]HJ[0xffffff84][0xffffffac]][0xffffffda]@2[0xffffff94][0x8]X[0xffffffbb][0xffffff94]pVS"x[0xffffffed][0xffffffd2][0xffffff95]'K[0xffffff89][0xffffffbc][0xffffffb5]KW[0xffffffad][0x1c]%R[0xffffffd6].[0xffffffb5]x[0xffffffff][0xffffff9c][0x12][0xfffffff3]e)1:D[0xffffff89][0xffffffcf][0xffffffe7]a)[0xfffffff1][0xfffffff5][0x4]0%~=[0x3]B[0xffffff89][0xffffffaf]_G([0xfffffff1][0xfffffff3][0xffffff97]#(a[0xffffffa2][0xffffff88]P[0xffffffc2][0x6][0x12][0xffffffa1][0xffffff84][0xffffff89]e9%$[0xffffff9c][0xffffffc5][0xffffff94][0xffffff90][0xffffff88][0x6]Q[0xffffffc2][0xffffff95]'J[0x9][0xffffffdf][0xffffffa5](%\[0xffffffb5]b[0xffffff94][0xffffffd0][0xffffffa6][0xffffff85]([0xffffffa1][0xffffffc5][0xffffffbb]A[0x9][0xffffffb3]v[0xfffffff9]A[0xffffff89]yR[0xffffff94][0xffffffc0][0xffffffd7].g[0xffffffc0][0xffffffda][0xffffffe5]4[0xffffff93]l[0xffffff85][0x1][0xffffffc7][0xffffffd6].[0xffffffa7][0xffffff8c][0xffffffae][0xffffff91][0xffffff94][0x8]Y[0xffffffbb][0xffffffb4][0xffffff81]d([0x11][0xffffffb0]v)[0xffffffe1][0xffffffac][0xffffffa6]D[0xfffffff0][0xffffffda][0xffffffa5]+O[0xffffff96][0x12]yk[0xffffff97][0xffffffae]Z9J[0xffffffa4][0xffffffac]]j[0xfffffff1]nP[0xffffffc2][0xffffffac]]]]><![CDATA[>[0xffffffaf][0xffffff81]}v9[0xfffffff1][0xffffffb5][0xffffffcb][0x19][0xffffffb0]v9[0xffffffcd]$[a[0xffffffc0][0xffffffb1][0xffffffb5][0xffffffcb])[0xffffffa3]k$%B[0xffffffd6].m [0x19]J[0x4][0xffffffac]]J8[0xffffffab])[0x11][0xffffffbc]v[0xffffffe9][0xffffffca][0xffffff93][0xffffffa5]D[0xffffffde][0xffffffda][0xffffffa5][0xffffffab]V[0xffffff8e][0x12])k[0xffffff97]Z[0xffffffbc][0x1b][0xffffff94]0k[0xffffff97][0x1f][0xffffff94][0xffffffc0][0xe][0xffffff83]N|[0xffffffed]r[0x6][0xffffffac]]N3[0xffffffc9]V[0x18]pl[0xffffffed]r[0xffffffca][0xffffffe8][0x1a]I[0xffffff89][0xffffff90][0xffffffb5]K[0x1b]H[0xffffff86][0x12][0x1]k[0xffffff97][0x12][0xffffffce]jJ[0x4][0xffffffaf]][0xffffffba][0xfffffff2]d)[0xffffff91][0xffffffb7]v[0xffffffe9][0xffffffaa][0xffffff95][0xffffffa3]D[0xffffffca][0xffffffda][0xffffffa5][0x16][0xffffffef][0x6]%[0xffffffcc][0xffffffda][0xffffffe5][0xfffffff3][0xffffff9a]'F[0x9]|[0xffffffed]r[0x6][0xffffffac]]N3[0xffffffc9]V[0x18]pl[0xffffffed]r[0xffffffca][0xffffffe8][0x1a]I[0xffffff89][0xffffff90][0xffffffb5]K[0x1b]H[0xffffff86][0x12][0x1]k[0xffffff97][0x12][0xffffffce]jJ[0x4][0xffffffaf]][0xffffffba][0xfffffff2]d)[0xffffff91][0xffffffb7]v[0xffffffe9][0xffffffaa][0xffffff95][0xffffffa3]D[0xffffffca][0xffffffda][0xffffffa5][0x16][0xffffffef][0x6]%.C[0xffffff89][0xffffffd6]^[0xffffff83][0xffffffa2][0xffffffc4][0xffffff85]S[0xffffffe2][\n]"
19:31:00.634 [main] DEBUG org.apache.hc.client5.http.wire - http-outgoing-1 << "[0xffffffa0][0xffffffc4][0xffffffa5]y/[0xc][0xfffffff8][0xffffff85]Q[0xffffffe2]J[0xffffffa2][0xffffff84]F[0xffffff91][0xffffffa1][0xffffff84][0xb]$C[0x9][0xffffff8d]e=%[0xffffffd6]pVSb[0xffffff8d]h[0x12]%Ly[0xffffffb2][0xffffff94][0xffffffb0]][0xffffffca]R[0xffffffc2]T+G[0x9]iZ[0xffffff8a][0x12]R[0xffffffbc][0x1b][0xffffff94]0k[0xffffff97]O[0xffffffbb]&u[0x18]t[0xffffffe2]k[0xffffff97]3`[0xffffffed]r[0xffffff9a]I[0xffffffb6][0xffffffc2][0xffffff80]ck[0xffffff97]SF[0xffffffd7]HJ[0xffffff84][0xffffffac]][0xffffffda]@2[0xffffff94][0x8]X[0xffffffbb][0xffffff94]pVS"x[0xffffffed][0xffffffd2][0xffffff95]'K[0xffffff89][0xffffffbc][0xffffffb5]KW[0xffffffad][0x1c]%R[0xffffffd6].[0xffffffb5]x[0xffffffb7](q[0xffffff84]Q[0xffffffe2][0xffffffc0])q[0x4]P[0xffffffe2]@)q`[0xffffff94]8[0xffffff92]([0xffffffb1]F[0xffffff91][0xffffffa2][0xffffff84][0x6][0xffffff92][0xffffffa2][0xffffffc4][0x1a]K[0xffffff82][0x12][0x7]L[0xffffff89]#[0xffffff98][0x12]R[0xffffff9e]4%L[0xffffff97][0xffffffd2][0xffffff94][0xffffff90]j%)q[0xffffffa4]P[0xffffffe2][0xfffffff8]kJ[0xffffffb8][0xffffffe1][0xffffffec]v_[0xffffffd8][0x1f]8[0xfffffff0][0xffffffe1][0xffffffec][0x19]0[0xffffff9c]=[0xffffffcd][0xffffffba]ka[0xffffffc0][0xffffffb1][0xffffffe1][0xffffffec])[0xfffffffb][0xffffffad]$%B[0xffffff86][0xffffffb3]m [0x19]J[0x4][0xc]gK8[0xffffffab])[0x11]<[0xffffff9c][0xffffffed][0xffffffca][0xffffff93][0xffffffa5]D[0xffffffde]p[0xffffffb6][0xffffffab]V[0xffffff8e][0x12])[0xffffffc3][0xffffffd9]Z[0xffffffbc][0x1b][0xffffff94]p[0xffffffc3][0xffffffd9][0xffffffbd]w[0xffffffec]0(>[0xffffff9c]=[0x3][0xffffff86][0xffffffb3][0xffffffa7]Yw-[0xc]86[0xffffff9c]=e[0xffffffbf][0xffffff95][0xffffffa4]D[0xffffffc8]p[0xffffffb6][\r]$C[0xffffff89][0xffffff80][0xffffffe1]l[0x9]g5%[0xffffff82][0xffffff87][0xffffffb3]]y[0xffffffb2][0xffffff94][0xffffffc8][0x1b][0xffffffce]v[0xffffffd5][0xffffffca]Q"e8[[0xffffff8b]w[0xffffff83][0x12]n8[0xffffffbb][0xffffff9f][\r]{+[0xffffff81][0xf]g[0xffffffcf][0xffffff80][0xffffffe1][0xffffffec]i[0xffffffd6]][0xb][0x3][0xffffff8e][\r]gO[0xffffffd9]o%)[0x11]2[0xffffff9c]m[0x3][0xffffffc9]P"`8[[0xffffffc2]YM[0xffffff89][0xffffffe0][0xffffffe1]lW[0xffffff9e],%[0xfffffff2][0xffffff86][0xffffffb3]][0xffffffb5]r[0xffffff94]H[0x19][0xffffffce][0xffffffd6][0xffffffe2][0xfffffffd]cJ[0xffffff9c]/7[0xffffff9c][0xffffffdd][0xffffff9f][0xffffffa7]3[0xffffff94][0xfffffff8]z[0x1e][0xffffff94][0x12][0xffffffdf]O[0xffffffc0]R[0xffffffe2][0xfffffff7]3[0x10][0xffffff94][0xfffffff8][0xfffffffe]u[0xffffff82][0x12][0xffffffbf]~9[0xffffff81][0x12].[0xffffff8a][0x4]%| [0x9]J[0xffffffb8]XVSB[0xffffffc3]YK[0x9][0xffffff8d]h[0xe]%ly[0xffffff92][0xffffff94]x[0xffffffd3][0xffffffa5]$%l[0xffffffb5]R[0xffffff94]0M[0xffffffcb]P[0xffffffc2][0x14][0xffffffef][0x6]%[0xffffffdc]p[0xfffffff6][0xfffffff1][0xffffffea][0xffffffd0][0xffffffae][0xffffffc4][0xffffffd7][0xfffffff3][0xffffffc0][0xffffff94][0xffffffe0][0xffffff87][0xffffffb3][0x7f]?[0x3]C[0x9]j8[0xfffffffb][0xffffffd7]/gP"c8[0xffffffdb][0x7][0xffffff92][0xffffffa1][0x4]?[0xffffff9c][0xffffffad][0xffffffe1][0xffffffac][0xffffffa6]D[0xffffffee]p[0xffffffb6]-O[0xffffff96][0x12]q[0xffffffc3][0xffffffd9][0xffffffb6]Z9J[0xffffff84][0xc]g[0xffffff9b][0xffffffe2][0xffffffdd][0xffffffa0][0xffffff84][0x1b][0xffffffce]>[0xffffffce][0x1b]:[0xffffffc1][0xfffffff1][0xfffffff5]<0%[0xfffffff8][0xffffffe1][0xffffffec][0xffffffdf][0xffffffcf][0xffffffc0]P[0xffffff82][0x1a][0xffffffce][0xfffffffe][0xfffffff5][0xffffffcb][0x19][0xffffff94][0xffffffc8][0x18][0xffffffce][0xfffffff6][0xffffff81]d([0xffffffc1][0xf]gk8[0xffffffab])[0xffffff91];[0xffffff9c]m[0xffffffcb][0xffffff93][0xffffffa5]D[0xffffffdc]p[0xffffffb6][0xffffffad]V[0xffffff8e][0x12]![0xffffffc3][0xffffffd9][0xffffffa6]x7([0xffffffe1][0xffffff86][0xffffffb3][0xffffff8f][0xffffffeb]>)J[0xffffffd0][0xffffffc3][0xffffffd9][0xffffffdf]O@S[0xffffff82][0x1c][0xffffffce][0xfffffffe][0xfffffffe]u[0xffffff86][0x12]A[0xffffffc3][0xffffffd9].[0xffffff8a][0xc]%R[0xffffff86][0xffffffb3]],[0xffffffeb])[0xffffffc1][0xe]gkD[0xffffff93]([0x11]6[0xffffff9c][0xfffffffd][0xffffffa6]KYJ[0x4][\r]g[0xffffff9b][0xffffffa6][0xffffffa5]([0xfffffff1][0xfffffff7][0xffffffc3][0xffffffd9][0xffffffe7][0xffffffcb][\r]g[0x1f][0xffffffe3]5)J[0xffffffd0][0xffffffc3][0xffffffd9][0xffffffdf]O@S[0xffffff82][0x1c][0xffffffce][0xfffffffe][0xfffffffe]u[0xffffff86][0x12]A[0xffffffc3][0xffffffd9].[0xffffff8a][0xc]%R[0xffffff86][0xffffffb3]],[0xffffffeb])[0xffffffc1][0xe]gkD[0xffffff93]([0x11]6[0xffffff9c][0xfffffffd][0xffffffa6]KYJ[0x4][\r]g[0xffffff9b][0xffffffa6][0xffffffa5]([0xfffffff1][0xfffffff7][0xffffffc3][0xffffffd9][0xffffffe7][0xffffffeb][0xffffffb2][0xffffff94]h/[0xffffff8a][0x12][0x17]N[0xffffff89]+[0xffffff80][0x12][0xffffff97][0xffffffe6][0xffffffbd]0[0xffffffe0][0x17]F[0xffffff89]+[0xffffff89][0x12][0x1a]E[0xffffff86][0x12].[0xffffff90][0xc]%4[0xffffff96][0xfffffff5][0xffffff94]X[0xffffffc3]YM[0xffffff89]5[0xffffffa2]I[0xffffff94]0[0xffffffe5][0xffffffc9]R[0xffffffc2]v)K[0x9]S[0xffffffad][0x1c]%[0xffffffa4]i)JH[0xfffffff1]nP[0xffffffc2][\r]g[0x1f]cb[0xffffff94][0xffffffa0][0xffffff87][0xffffffb3][0xffffffbf][0xffffff9f][0xffffff80][0xffffffa6][0x4]9[0xffffff9c][0xfffffffd][0xfffffffd][0xffffffeb][0xc]%[0xffffff82][0xffffff86][0xffffffb3]][0x14][0x19]J[0xffffffa4][0xc]g[0xffffffbb]X[0xffffffd6]S[0xffffff82][0x1d][0xffffffce][0xffffffd6][0xffffff88]&Q"l8[0xfffffffb]M[0xffffff97][0xffffffb2][0xffffff94][0x8][0x1a][0xffffffce]6MKQ[0xffffffe2][0xffffffef][0xffffff87][0xffffffb3][0xffffffcf][0xffffff97][[0xffffffbb]<[0xffffff9e][0x6]MT}=[0xf]L[0x9]~[0xffffffed][0xfffffff2][0xfffffff7]30[0xffffff94][0xffffffa0][0xffffffd6].[0x7f][0xfffffffd]r[0x6]%2[0xffffffd6].} [0x19]J[0xfffffff0]k[0xffffff97][0x1a][0xffffffce]jJ[0xffffffe4][0xffffffae]][0xffffffda][0xfffffff2]d)[0x11][0xffffffb7]vi[0xffffffab][0xffffff95][0xffffffa3]D[0xffffffc8][0xffffffda][0xffffffa5])[0xffffffde][\r]J[0xffffffb8][0xffffffb5][0xffffffcb][0xffffffb3][0xffffff9d][0xffffffd8][[0x9]z[0xffffffed][0xfffffff2][0xfffffffb][0x9]hJ[0xffffff90]k[0xffffff97][0xffffffdf][0xffffffbf][0xffffffce]P"h[0xffffffed][0xffffffd2]E[0xffffff91][0xffffffa1]D[0xffffffca][0xffffffda][0xffffffa5][0xffffff8b]e=%[0xffffffd8][0xffffffb5]K[0xffffff8d]h[0x12]%[0xffffffc2][0xffffffd6].[0xffffffdf]t)K[0xffffff89][0xffffffa0][0xffffffb5]K[0xffffffd3][0xffffffb4][0x14]%[0xfffffffe]~[0xffffffed][0xfffffff2]|[0xffffffb9][0xffffffb5][0xffffffcb][0xfffffff3]|a[0xffffff87]A[0xffffffe9][0xffffffb5][0xffffffcb][0xffffffef]'[0xffffffa0])A[0xffffffae]]~[0xffffffff]:C[0xffffff89][0xffffffa0][0xffffffb5]K[0x17]E[0xffffff86][0x12])k[0xffffff97].[0xffffff96][0xfffffff5][0xffffff94]`[0xffffffd7].5[0xffffffa2]I[0xffffff94][0x8][[0xffffffbb]|[0xffffffd3][0xffffffa5],%[0xffffff82][0xffffffd6].M[0xffffffd3]R[0xffffff94][0xfffffff8][0xf][0xffffffd6].[0xffffff9b][[0xffffffbb]<[0xffffffef][0xfffffff1]@[0xffffff94]h[0xfffffff8][0xffffffda]e[0xb]X[0xffffffbb]lf[0xffffff92][0xffffffad].[0xffffffe0][\r][[0xffffffbb]l2[0xffffffba][0x6]R[0xffffffc2]D[0x11][0xffffffa1][0xffffff84][\r]$B[0x9][0x13][0xffffffcb]rJH8[0xffffff8b])![0x11][\r][0xffffffa2][0xffffff84]+O[0xffffff94][0x12][0xffffffbe]KQJ[0xffffffb8]j[0xffffffc5]([0xffffffa1]M[0xb]QB[0xffffff8b]w[0xffffff83][0x12][0xffffffcd]\2~[0xffffffbd].[0xffffffea][0xf][0x1c][0xffffff9f][0xffffffcf][0x3]S[0xffffffa2][0xffffffe1][0xffffff97][0xffffff8c][0xffffffff]~[0x6][0xffffff86][0x12][\r][0xffffffba]d[0xfffffffc][0xffffffd7]/gPB[0xffffffa3][0xffffffc8]P[0xffffffc2][0x5][0xffffff92][0xffffffa1][0xffffff84][0xffffffc6][0xffffffb2][0xffffff9e][0x12]k8[0xffffffab])[0xffffffb1]F4[0xffffff89][0x12][0xffffffa6]<YJ[0xffffffd8].e)a[0xffffffaa][0xffffff95][0xffffffa3][0xffffff84]4-E[0x9])[0xffffffde][\r]J[0xffffffb8][0xffffffb5][0xffffffcb][0xffffffeb]l[0xffffffd4]pv[0xffffffc3][0xffffffd7].[[0xffffffc0][0xffffffda]e3[0xffffff93]l[0xffffff85][0x1][0xffffffc7][0xffffffd6].[0xffffff9b][0xffffff8c][0xffffffae][0xffffff91][0xffffff94][0x8]Y[0xffffffbb][0xffffffb4][0xffffff81]d([0x11][0xffffffb0]v)[0xffffffe1][0xffffffac][0xffffffa6]D[0xfffffff0][0xffffffda][0xffffffa5]+O[0xffffff96][0x12]yk[0xffffff97][0xffffffae]Z9J[0xffffffa4][0xffffffac]]j[0xfffffff1]nP[0xffffffc2][0xffffffad]]^[0xfffffff7][0xffffffd9])J[0xffffffe0]k[0xffffff97]-`[0xffffffed][0xffffffb2][0xffffff99]I[0xffffffb6][0xffffffc2][0xffffff80]ck[0xffffff97]MF[0xffffffd7]HJ[0xffffff84][0xffffffac]][0xffffffda]@2[0xffffff94][0x8]X[0xffffffbb][0xffffff94]pVS"x[0xffffffed][0xffffffd2][0xffffff95]'K[0xffffff89][0xffffffbc][0xffffffb5]KW[0xffffffad][0x1c]%R[0xffffffd6].[0xffffffb5]x7([0xffffffe1][0xffffffd6].[0xffffffc7][0xffffffeb][0xffffffc2]([0xffffff81][0xffffffaf]][0xffffffb6][0xffffff80][0xffffffb5][0xffffffcb]f&[0xffffffd9][\n]"
19:31:00.634 [main] DEBUG org.apache.hc.client5.http.wire - http-outgoing-1 << "[0x3][0xffffff8e][0xffffffad]]6[0x19]]#)[0x11][0xffffffb2]vi[0x3][0xffffffc9]P"`[0xffffffed]R[0xffffffc2]YM[0xffffff89][0xffffffe0][0xffffffb5]KW[0xffffff9e],%[0xfffffff2][0xffffffd6].][0xffffffb5]r[0xffffff94]HY[0xffffffbb][0xffffffd4][0xffffffe2][0xffffffdd][0xffffffa0][0xffffffc4][0xffffffe5](qv[0xffffffec][0xffffffb3][0xffffffcb][0xb][0xffffffa7][0xffffffc4][0x15]@[0xffffff89]K[0xfffffff3]^[0x18][0xfffffff0][0xb][0xffffffa3][0xffffffc4][0xffffff95]D[0x9][0xffffff8d]"C[0x9][0x17]H[0xffffff86][0x12][0x1a][0xffffffcb]zJ[0xffffffac][0xffffffe1][0xffffffac][0xffffffa6][0xffffffc4][0x1a][0xffffffd1]$J[0xffffff98][0xfffffff2]d)a[0xffffffbb][0xffffff94][0xffffffa5][0xffffff84][0xffffffa9]V[0xffffff8e][0x12][0xffffffd2][0xffffffb4][0x14]%[0xffffffa4]x7([0xffffffe1][0xffffffd6].[0xffffffc7]}[0xffffff9e][0x14]%[0xfffffff0][0xffffffb5][0xffffffcb][0x16][0xffffffb0]v[0xffffffd9][0xffffffcc]$[a[0xffffffc0][0xffffffb1][0xffffffb5][0xffffffcb]&[0xffffffa3]k$%B[0xffffffd6].m [0x19]J[0x4][0xffffffac]]J8[0xffffffab])[0x11][0xffffffbc]v[0xffffffe9][0xffffffca][0xffffff93][0xffffffa5]D[0xffffffde][0xffffffda][0xffffffa5][0xffffffab]V[0xffffff8e][0x12])k[0xffffff97]Z[0xffffffbc][0x1b][0xffffff94]pk[0xffffff97]c^[0xffffffd8]g[0xffffff97][0xfffffff8][0xffffffda]e[0xb]X[0xffffffbb]lf[0xffffff92][0xffffffad]0[0xffffffe0][0xffffffd8][0xffffffda]e[0xffffff93][0xffffffd1]5[0xffffff92][0x12]!k[0xffffff97]6[0xffffff90][0xc]%[0x2][0xffffffd6].%[0xffffff9c][0xffffffd5][0xffffff94][0x8]^[0xffffffbb]t[0xffffffe5][0xffffffc9]R"o[0xffffffed][0xffffffd2]U+G[0xffffff89][0xffffff94][0xffffffb5]K-[0xffffffde][\r]J[0xffffffb8][0xffffffb5][0xffffffcb][0xfffffffb][0xffffffd5][0xffffffb0][0xffffffb7][0x12][0xfffffff8][0xffffffda]e[0xb]X[0xffffffbb]lf[0xffffff92][0xffffffad]0[0xffffffe0][0xffffffd8][0xffffffda]e[0xffffff93][0xffffffd1]5[0xffffff92][0x12]!k[0xffffff97]6[0xffffff90][0xc]%[0x2][0xffffffd6].%[0xffffff9c][0xffffffd5][0xffffff94][0x8]^[0xffffffbb]t[0xffffffe5][0xffffffc9]R"o[0xffffffed][0xffffffd2]U+G[0xffffff89][0xffffff94][0xffffffb5]K-[0xffffffde][\r]J[0xffffffb8][0xffffffb5][0xffffffcb][0x1b][0xffffffdc][0xffffff95][0xffffffc0][0xffffffd7].[[0xffffffc0][0xffffffda]e3[0xffffff93]l[0xffffff85][0x1][0xffffffc7][0xffffffd6].[0xffffff9b][0xffffff8c][0xffffffae][0xffffff91][0xffffff94][0x8]Y[0xffffffbb][0xffffffb4][0xffffff81]d([0x11][0xffffffb0]v)[0xffffffe1][0xffffffac][0xffffffa6]D[0xfffffff0][0xffffffda][0xffffffa5]+O[0xffffff96][0x12]yk[0xffffff97][0xffffffae]Z9J[0xffffffa4][0xffffffac]]j[0xfffffff1][0xfffffffe]9%[0xffffffba][[0xffffffbb][0xffffffbc][0xffffffdb][0xffffff8b][0xffffffa2]D[0xffffffc7][0xffffffd7].{[0xffffffc0][0xffffffda]e7[0xffffff93]lu[0x1][0xffffffef][0xffffffd8][0xffffffda]e[0xffffff97][0xffffffd1]5[0xffffff90][0x12]&[0xffffff8a][0x8]%l [0x11]J[0xffffff98]X[0xffffff96]SB[0xffffffc2]YL[0x9][0xffffff89]h[0x10]%\y[0xffffffa2][0xffffff94][0xfffffff0]][0xffffff8a]R[0xffffffc2]U+F[0x9]mZ[0xffffff88][0x12]Z[0xffffffbc][[0xffffff94][0xffffffd0][0xffffffb5]K[0xffffff96][0x12][0xfffffff0][0xffffffda][0xffffffe5][0xffffffd7][0x13][0xfffffff0][0xffffff94][0x0][0xffffffd7].[0xffffffbf]~[0xffffff9d][0xffffffa2]D[0xffffffce][0xffffffda][0xffffffa5][0xffffff89]"E[0xffffff89][0xffffff90][0xffffffb5]K[0x13]K[0xffffff82][0x12][0xffffffe8][0xffffffda][0xffffffa5]D4[0xffffff8b][0x12]Yk[0xffffff97][0xffffffbe]KiJ[0xffffffe4][0xffffffac]]j[0xffffffd3]r[0xffffff94][0xfffffff8][0xffffffeb][0xffffffb5][0xffffffcb][0xffffffde][0xffffffdc][[0xffffff89][0xffffffde]/[0xffffff8a][0x12][\r][0x7f]+[0xffffffd1][0x2][0xffffffde]J4[0xffffffa5]sa[0xffffffc0][0x1b][0xfffffff6]V[0xffffffa2]%[0xffffffbd][0xffffff95][0xffffffd0](2[0xffffff94]p[0xffffff81]d([0xffffffa1][0xffffffb1][0xffffffac][0xffffffa7][0xffffffc4][0x1a][0xffffffce]jJ[0xffffffac][0x11]M[0xffffffa2][0xffffff84])O[0xffffff96][0x12][0xffffffb6]KYJ[0xffffff98]j[0xffffffe5](!MKQB[0xffffff8a]w[0xffffff83][0x12]n8[0xfffffffb][0xffffffbe]/[0xffffffea]f[0xffffffd0][0xffffff8e][0xf]g[0xfffffff7][0xffffff80][0xffffffe1][0xffffffec]n[0xffffffd6]][0xb][0x3][0xffffff8e][\r]gw[0xffffffd9]o%)[0x11]2[0xffffff9c]m[0x3][0xffffffc9]P"`8[[0xffffffc2]YM[0xffffff89][0xffffffe0][0xffffffe1]lW[0xffffff9e],%[0xfffffff2][0xffffff86][0xffffffb3]][0xffffffb5]r[0xffffff94]H[0x19][0xffffffce][0xffffffd6][0xffffffe2][0xffffffdd][0xffffffa2][0xffffff84][0xfffffff9][0x3][0x7]J[0x9][0xfffffffa][0xf][0x1c]=[0xffffffe0][0xf][0x1c]][0xffffffdf][0xffffffc2][0xffffff95][0x6][0xffffff9c][0xfffffffa][0x3]GO[0xfffffffa][0x3][0xffffff87]F[0xffffff91][0xffffffa2]D[0xffffffca][0x1f]84[0xffffff96][0x4]%[0xffffffd8]?p[0xffffffac][0x11][0xffffffcd][0xffffffa2]D[0xffffffd8][0x1f]8l[0xffffff97][0xffffffd2][0xffffff94][0x8][0xfffffffa][0x3][0xffffff87]4-G[0xffffff89][0xffffffbf][0xffffffff][0x3]G[0xffffffff][0xffffffbf]3[0xffffff8c][0x12]'N[0xffffff89]3[0xffffff80][0x12]'J[0xffffff89][0x13][0xffffffa3][0xffffffc4][0xffffff99]D[0xffffff89]5[0xffffff8a][0x14]%4[0xffffff90][0x14]%[0xffffffd6]X[0x12][0xffffff94]8aJ[0xffffff9c][0xffffffc1][0xffffff94][0xffffff90][0xfffffff2][0xffffffa4])a[0xffffffba][0xffffff94][0xffffffa6][0xffffff84]T+I[0xffffff89]3[0xffffff85][0x12][0xffffffe7][0x7f]@[0xffffff89][0xffffff96]f[0xffffff89][0xffffffc6]c[0xffffffa2]%h[0xffffffa2][0xffffffb1][0xffffff9c]h[0xffffff9c]'Z[0x14]($[0xffffff8f][0xffffff94](L*)RH6[0x9]S4[0x1a][0x15]-Y[0x15]Z[0xffffffa3]4+\[0xffffffab][0xffffffd2][0xffffffae][0xffffffd0][0xffffff92]%a[0xffffffb1]v.'[0xffffff8b][0xffffffb5][0xffffff82][0xffffffb7]h[0xffffffd1]G[0x18]-[0xfffffffa][0xffffffc0]i[0xfffffff1][0xfffffff1][0x8]<-~<[0x4]E[0xffffff8b][0xffffff8f][0xffffff9f][0xffffffa7]h[0xfffffff1][0xfffffffd][0xffffffd3])[0xffffffb4][0xffffff90]<R[0xffffffb4]0[0xffffffa9][0xffffffa4]h![0xffffffd9]$h[0xffffffb1]$[0xffffffb4][0xffffff9e][0x16]KN[0xffffffb3]h[0xffffffa1]5J[0xffffffd3][0xffffffc2][0xffffffb5]*M[0xb]-Y[0xffffff92][0x16]k[0xffffffe7]r[0xffffffb4]X+x[0xffffff8b][0x16]g[0xb][0xffffffa3][0xffffffc5][0xffffffd9]pZ|<[0x2]O[0xffffff8b][0x1f][0xf]A[0xffffffd1][0xffffffe2][0xffffffe3][0xffffffe7])Z|[0xffffffff]t[\n]"
19:31:00.635 [main] DEBUG org.apache.hc.client5.http.wire - http-outgoing-1 << "-$[0xffffff8f][0x14]-L*)ZH6[0x9]Z,[0x9][0xffffffad][0xffffffa7][0xffffffc5][0xffffff92][0xffffffd3],Zh[0xffffff8d][0xffffffd2][0xffffffb4]p[0xffffffad]J[0xffffffd3]BK[0xffffff96][0xffffffa4][0xffffffc5][0xffffffda][0xffffffb9][0x1c]-[0xffffffd6][\n]"
19:31:00.635 [main] DEBUG org.apache.hc.client5.http.wire - http-outgoing-1 << "[0xffffffde][0xffffffa2][0xffffffc5]H;[0xfffffff2]1[0xfffffff8]3[0x1f][0x1f][0xffffff8f][0xffffffc0][0xffffffd3][0xffffffe2][0xffffffc7]CP[0xffffffb4][0x18][0xffffffdc][0xffffffb1][0xffffff8f][0x11]u[0xffffffee]C[0xfffffff2]H[0xffffffd1][0xffffffc2][0xffffffa4][0xffffff92][0xffffffa2][0xffffff85]d[0xffffff93][0xffffffa0][0xffffffc5][0xffffffa0][0xffffffcf]~[0xffffff8c][0xffffffe4][0xffffffc3][0x1f]Z[0xffffffa3]4-\[0xffffffab][0xffffffd2][0xffffffb4][0xffffffd0][0xffffff92]%i[0xffffffb1]v.G[0xffffff8b][0xffffffb5][0xffffff82][0xffffffb7]hq[0xffffffa7][0xfffffffd]A[0xffffffe4][0xffffffe6][0xffffffff] r'[0xfffffffc]A[0xffffffe4]f[0xffffffff] rs[0x7f][0x10][0xffffffb9][0xffffffa3][0xfffffffe] "y[0xffffffa4]haRI[0xffffffd1]B[0xffffffb2]I[0xffffffd0][0xffffffe2][0xffffffa6][0xffffffff] r'[0xffffffff]ADk[0xffffff94][0xffffffa6][0xffffff85]kU[0xffffff9a][0x16]Z[0xffffffb2]$-[0xffffffd6][0xffffffce][0xffffffe5]h[0xffffffb1]V[0xfffffff0][0x1e]-[0xffffff9e]4Z<<-[0xffffff9e][0x4]Z<,-[0x1e][0xffffff8e][0x16]O[0x14]-[0xffffffd6]<b[0xffffffb4][0xffffffd0]Tb[0xffffffb4]X[0xffffffb3][0xffffff89][0xffffffd0][0xffffffe2][0xffffffa1]i[0xfffffff1]$[0xffffffd3]Bj[0x14][0xffffffa7][0xffffff85]iU[0xffffff9c][0x16]R[0xffffffb2](-[0xffffff9e][0x18]Z<[0xffffffff][0x1]-Z[0xffffffdc][0xffffffc7][0x16]-[0xffffffe0]k[0xffffff8b][0x16][0xfffffff1][0xffffffb9]E[0xffffffd3]?[0x5][0xffffff96]F[0xffffffbd][0xffffff81][0x1f]\[0xffffffb4][0xffffffac]/.4[0xffffff94][0xffffff94]0\4)bh@[0x9]c[0xffffffac]1[0xffffffad]G[0xffffffc6][0x1a][0xffffffd6],e[0xffffff98]B[0xffffffa5][0xffffff99]a[0xfffffffb][0xffffff95]v[0xffffff86][0xffffffa9][[0x12][0x1a][0xffffffd2][0xffffffbe][0xffffff9c]4[0xffffffa4][0xffffff8c][0xffffffff][0xffffff84][0x1a][0xffffffe3][0xfffffffb]_9[0xffffffcc][0xffffffda][0xffffffe6]s[0xffffffb6]Y[0xe][0xffffff8d][0xffffffdf][0xffffffcf]C1[0xffffffe3][0x1f]O[0xffffff80]!cy[0xffffff86]bb[0xfffffffc][0xffffffe3][0xffffffd7][0xffffff8b][0xffffff81][0xfffffff1][0xffffffbf][0xffffffbf][0xc][0xfffffff3][0xffffffe2]m[0x14][0xffffff8b]q[0xfffffff1]/[0xffffff81],[0xffffffa6][0xffffffc5][0xffffffdb]X[0x16][0xffffffc2][0xffffffe2]M8[0xffffffcb]X[0xfffffff1]&[0xffffffa2][0x11][0xffffffa8]x_[0xffffff9e][0x10])[0xfffffffe][0xffffffad]K!P[0xffffffbc][0xffffffaf]V[0xffffff80][0x13][0xffffffef][0xffffff9a][0xffffffb6][0x1c][0x13][0xffffffef][0xffffff8a]w[0xffffff8b][0x12]=[0xffffff8c][0x12][0x1d][0xffffffa7]D[0xf][0xffffffa0]DG)[0xffffffd1]1J[0xfffffff4]$J[0xffffffac]Q[0xffffffa4]([0xffffffa1][0xffffff81][0xffffffa4]([0xffffffb1][0xffffffc6][0xffffff92][0xffffffa0]D[0xffffff87])[0xffffffd1][0xffffff83])![0xffffffe5]IS[0xffffffc2]t)M[0x9][0xffffffa9]V[0xffffff92][0x12]=[0xffffff85][0x12][0xfffffffd][0xffffffaf])q[0xffffffba][0xffffffb7][0x12]ct[0xffffff8a][0x12]'[0xfffffffe]V[0xffffffe2][0xc]x+q*[0xffffff9d][0xb][0x3]~bo%[0xffffffce][0xffffffa4][0xffffffb7][0x12][0x1a]E[0xffffff86][0x12].[0xffffff90][0xc]%4[0xffffff96][0xfffffff5][0xffffff94]X[0xffffffc3]YM[0xffffff89]5[0xffffffa2]I[0xffffff94]0[0xffffffe5][0xffffffc9]R[0xffffffc2]v)K[0x9]S[0xffffffad][0x1c]%[0xffffffa4]i)JH[0xfffffff1][0xfffffffe]9%[0xffffff8e][0xffffffa1][0xffffff94][0xffffff98][0xffffffad][0xffffffbf](J|>[0xf]K[0xffffff89][0xffffffaf]'[0xffffff80])[0xfffffff1][0xffffffeb][0x19][0x10]J|[0xfffffffd]:B[0xffffff89][0xffffff9f][0xffffffbf][0x1c]A[0x9][0x13]E[0xffffff84][0x12]6[0xffffff90][0x8]%L,[0xffffffcb])![0xffffffe1],[0xffffffa6][0xffffff84]D4[0xffffff88][0x12][0xffffffae]<QJ[0xfffffff8].E)[0xffffffe1][0xffffffaa][0x15][0xffffffa3][0xffffff84]6-D[0x9]-[0xffffffde][\r]J[0xffffffdc][0xffffff8e][0x12][0xffffffe7][0xfffffff5]P[0xffffff94][0xffffffb8]qJ[0xffffffdc][0x1][0xffffff94][0xffffffb8]5[0xffffffef][0xffffff85][0x1][0xffffffbf]1J[0xffffffdc]I[0xffffff94][0xffffffd0](2[0xffffff94]p[0xffffff81]d([0xffffffa1][0xffffffb1][0xffffffac][0xffffffa7][0xffffffc4][0x1a][0xffffffce]jJ[0xffffffac][0x11]M[0xffffffa2][0xffffff84])O[0xffffff96][0x12][0xffffffb6]KYJ[0xffffff98]j[0xffffffe5](!MKQB[0xffffff8a]w[0xffffff8b][0x12][0xfffffff2][0xffffffad][0x4]L[0x9][0xfffffff8][[0xffffff89][0xffffffaf]'[0xffffffe0])[0x1]~+[0xfffffff1][0xfffffff5][0xffffffeb][0x14]%r[0xffffffbe][0xffffff95]0Q[0xffffffa4]([0x11][0xfffffff2][0xffffffad][0xffffff84][0xffffff89]%A[0x9][0xfffffff4][[0x9][0xffffff89]h[0x16]%[0xffffffb2][0xffffffbe][0xffffff95][0xfffffff0]]JS"[0xffffffe7][[0x9]mZ[0xffffff8e][0x12][0x7f][0xfffffffd][0xffffffad][0xffffffc4][0xfffffff1][0xffffffb8][0xffffffb7][0x12]O[0xffffffbb])J<[0xfffffff8][[0xffffff89]'[0xffffffe0][0xffffffad][0xffffffc4][0xffffffa3]t.[0xc][0xfffffff8][0xffffff83][0xffffffbd][0xffffff95]x[0xffffff92][0xffffffde]Jh[0x14][0x19]J[0xffffffb8]@2[0xffffff94][0xffffffd0]X[0xffffffd6]Sb[\r]g5%[0xffffffd6][0xffffff88]&Q[0xffffffc2][0xffffff94]'K[0x9][0xffffffdb][0xffffffa5],%L[0xffffffb5]r[0xffffff94][0xffffff90][0xffffffa6][0xffffffa5](![0xffffffc5][0xffffffbb]E[0x9][0xfffffff3]V[0x2][0xffffffa5][0x4][0xfffffffd]V[0xffffffe2][0x9]x+[0xfffffff1]([0xffffff9d]K[0x3]N[0xffffffbd][0xffffff95]x[0xffffff92][0xffffffde]Jh[0x14])J[0xffffffa4][0xffffffbc][0xffffff95][0xffffffd0]X[0x12][0xffffff94]`[0xffffffdf]J[0xffffffac][0x11][0xffffffcd][0xffffffa2]D[0xffffffd8][[0x9][0xffffffdb][0xffffffa5]4%[0xffffff82][0xffffffde]JH[0xffffffd3]r[0xffffff94][0xfffffff8][0xfffffffb][0xffffffb7][0x12][0xffffffd3][0xffffffbc][0xffffff95][0xffffffe8][0xffffffed][0xffffffeb][0xffffff9e][0xf][0xffffff84][0x12][0x13][0x7f]+1[0x3][0xffffffde]JL[0xffffffa5]sa[0xffffffc0]'[0xfffffff6]Vb&[0xffffffbd][0xffffff95][0xffffffd0](2[0xffffff94]p[0xffffff81]d([0xffffffa1][0xffffffb1][0xffffffac][0xffffffa7][0xffffffc4][0x1a][0xffffffce]jJ[0xffffffac][0x11]M[0xffffffa2][0xffffff84])O[0xffffff96][0x12][0xffffffb6]KYJ[0xffffff98]j[0xffffffe5](!MKQB[0xffffff8a][0xfffffff7][0xffffffcf])q[0xffffffbe][0x1c]%[0xffffff8e][0xffffff87]:[0xffffffc1][0xfffffff1][0xfffffff9]<,%[0xffffffbe][0xffffff9e][0x0][0xffffffa6][0xffffffc4][0xffffffaf]g@([0xfffffff1][0xfffffff5][0xffffffeb][0x8]%~[0xfffffffe]r[0x4]%L[0x14][0x11]J[0xffffffd8]@"[0xffffff94]0[0xffffffb1],[0xffffffa7][0xffffff84][0xffffff84][0xffffffb3][0xffffff98][0x12][0x12][0xffffffd1] J[0xffffffb8][0xfffffff2]D)[0xffffffe1][0xffffffbb][0x14][0xffffffa5][0xffffff84][0xffffffab]V[0xffffff8c][0x12][0xffffffda][0xffffffb4][0x10]%[0xffffffb4]x7([0xffffffd1][0x1c]%[0xffffffee][0xffffff8b][0xfffffffa][0x3][0xffffffc7][0xffffffe7][0xfffffff3][0xffffffc0][0xffffff94]h[0x1][0xffffff94]h[0xffffff9a][0xfffffff7][0xffffffc2][0xffffff80]7[0xffffff8c][0x12]-[0xffffff89][0x12][0x1a]E[0xffffff86][0x12].[0xffffff90][0xc]%4[0xffffff96][0xfffffff5][0xffffff94]X[0xffffffc3]YM[0xffffff89]5[0xffffffa2]I[0xffffff94]0[0xffffffe5][0xffffffc9]R[0xffffffc2]v)K[0x9]S[0xffffffad][0x1c]%[0xffffffa4]i)JH[0xfffffff1]nP[0xffffffa2];J[0xffffffcc][0xffffffeb][0xffffffa2]([0xffffffd1]qJ[0xfffffff4][0x0]Jt[0xffffffcd]{a[0xffffffc0];F[0xffffff89][0xffffff9e]D[0x9][0xffffff8d]"C[0x9][0x17]H[0xffffff86][0x12][0x1a][0xffffffcb]zJ[0xffffffac][0xffffffe1][0xffffffac][0xffffffa6][0xffffffc4][0x1a][0xffffffd1]$J[0xffffff98][0xfffffff2]d)a[0xffffffbb][0xffffff94][0xffffffa5][0xffffff84][0xffffffa9]V[0xffffff8e][0x12][0xffffffd2][0xffffffb4][0x14]%[0xffffffa4]x7(a[0xffffffee][0xffffffe0][0xffffff98][0xffffffc7][0xffffffd1]O[0xffffff8a][0x12][0xfffffff8][0x1d][0x1c]g[0xffffffc0][0x1d][0x1c][0xffffffa7][0x19][0xffffff8a]/[0xc]8v[0x7][0xffffffc7])S[0xfffffff0]$%B[0xffffffee][0xffffffe0][0xffffffb0][0xffffff81]d([0x11]p[0x7][0xffffff87][0xffffff84][0xffffffb3][0xffffff9a][0x12][0xffffffc1]wp[0xffffffb8][0xfffffff2]d)[0xffffff91]w[0x7][0xffffff87][0xffffffab]V[0xffffff8e][0x12])wph[0xfffffff1]nP[0xffffffc2][0xc]g[0x7f]Pb[0xe][0xffffff8a][0x12][0xfffffff8]p[0xfffffff6][0x19]0[0xffffff9c]}[0xffffff9a]u[0xffffffd7][0xffffffc2][0xffffff80]c[0xffffffc3][0xffffffd9][0xffffffa7][0xffffffec][0xffffffb7][0xffffff92][0xffffff94][0x8][0x19][0xffffffce][0xffffffb6][0xffffff81]d([0x11]0[0xffffff9c]-[0xffffffe1][0xffffffac][0xffffffa6]D[0xfffffff0]p[0xffffffb6]+O[0xffffff96][0x12]y[0xffffffc3][0xffffffd9][0xffffffae]Z9J[0xffffffa4][0xc]gk[0xfffffff1]nP[0xffffffe2]r[0xffffff94]8[0xffffff8f][0xfffffffa]+[0xffffffc8][0x7f]?[0xf]L[0xffffff89]+[0xffffff80][0x12][0xffffff97][0xffffffe6][0xffffffbd]0[0xffffffe0][0x17]F[0xffffff89]+[0xffffff89][0x12][0x1a]E[0xffffff86][0x12].[0xffffff90][0xc]%4[0xffffff96][0xfffffff5][0xffffff94]X[0xffffffc3]YM[0xffffff89]5[0xffffffa2]I[0xffffff94]0[0xffffffe5][0xffffffc9]R[0xffffffc2]v)K[0x9]S[0xffffffad][0x1c]%[0xffffffa4]i)JH[0xfffffff1]nPbXJ[0xffffffdc][0xffffffd4]a[0xffffffd0][0xffffffcf][0xffffffe7][0xffffff81])1[0x2](14[0xffffffef][0xffffff85][0x1][0x1f][0x18]%F[0x12]%4[0xffffff8a][0xc]%\ [0x19]Jh,[0xffffffeb])[0xffffffb1][0xffffff86][0xffffffb3][0xffffff9a][0x12]kD[0xffffff93](a[0xffffffca][0xffffff93][0xffffffa5][0xffffff84][0xffffffed]R[0xffffff96][0x12][0xffffffa6]Z9JH[0xffffffd3]R[0xffffff94][0xffffff90][0xffffffe2][0xffffffdd][0xffffffa0][0xffffff84][0xffffffbb][0xffffff83][0xffffffe3]8'F[0x9][0xfffffffc][0xe][0xffffff8e]3[0xffffffe0][0xe][0xffffff8e][0xffffffd3][0xc][0xffffffc5][0x17][0x6][0x1c][0xffffffbb][0xffffff83][0xffffffe3][0xffffff94])x[0xffffff92][0x12]!wp[0xffffffd8]@2[0xffffff94][0x8][0xffffffb8][0xffffff83]C[0xffffffc2]YM[0xffffff89][0xffffffe0];8\y[0xffffffb2][0xffffff94][0xffffffc8][0xffffffbb][0xffffff83][0xffffffc3]U+G[0xffffff89][0xffffff94];8[0xffffffb4]x7([0xffffffe1][0xffffff86][0xffffffb3][0xffffff8f][0xffffffd1]&E[0x9]|8[0xfffffffb][0xc][0x18][0xffffffce]>[0xffffffcd][0xffffffba]ka[0xffffffc0][0xffffffb1][0xffffffe1][0xffffffec]S[0xfffffff6][IJ[0xffffff84][0xc]g[0xffffffdb]@2[0xffffff94][0x8][0x18][0xffffffce][0xffffff96]pVS"x8[0xffffffdb][0xffffff95]'K[0xffffff89][0xffffffbc][0xffffffe1]lW[0xffffffad][0x1c]%R[0xffffff86][0xffffffb3][0xffffffb5]x7([0xffffffe1][0xffffffd6].[0xffffff8f][0xffffffe7][0xffffffc1]>[0xffffffbb][0xffffffc4][0xffffffd7].[0xffffffcf][0xffffff80][0xffffffb5][0xffffffcb][0xffffffd3]L[0xffffffb2][0x15][0x6][0x1c][[0xffffffbb]<et[0xffffff8d][0xffffffa4]D[0xffffffc8][0xffffffda][0xffffffa5][\r]$C[0xffffff89][0xffffff80][0xffffffb5]K[0x9]g5%[0xffffff82][0xffffffd7].]y[0xffffffb2][0xffffff94][0xffffffc8][[0xffffffbb]t[0xffffffd5][0xffffffca]Q"e[0xffffffed]R[0xffffff8b][0xfffffff7][0xffffffcf])q[\r]C[0xffffff89][0xffffffeb]y[0xffffffa8][0xffffff89][0xffffffaa][0xffffffcf][0xffffffe7]a)[0xfffffff1][0xfffffff5][0x4]0%~=[0x3]B[0xffffff89][0xffffffaf]_G([0xfffffff1][0xfffffff3][0xffffff97]#(a[0xffffffa2][0xffffff88]P[0xffffffc2][0x6][0x12][0xffffffa1][0xffffff84][0xffffff89]e9%$[0xffffff9c][0xffffffc5][0xffffff94][0xffffff90][0xffffff88][0x6]Q[0xffffffc2][0xffffff95]'J[0x9][0xffffffdf][0xffffffa5](%\[0xffffffb5]b[0xffffff94][0xffffffd0][0xffffffa6][0xffffff85]([0xffffffa1][0xffffffc5][0xffffffbb]A[0x9][0xfffffff7][0xffffffad][0xffffffc4]x[0x1d][0xffffffd4][0xffffffb7][0x12][0x17][0xfffffffe][0xffffffad][0xffffffc4][0x15][0xfffffff0][0xffffffad][0xffffffc4]e[0xfffffffe][0xffffffa0]W[0x18]p[0xffffffec][[0xffffff89]K[0xfffffffe]dGR"[0xffffffe4][[0x9][0x1b]H[0xffffff86][0x12][0x1][0xffffffdf]JH8[0xffffffab])[0x11][0xfffffffc][0xffffffad][0xffffff84]+O[0xffffff96][0x12]y[0xffffffdf]J[0xffffffb8]j[0xffffffe5]([0xffffff91][0xfffffff2][0xffffffad][0xffffff84][0x16][0xffffffef][0x6]%[0xffffffdc][0xffffffb7][0x12][0x1f][0xffffffff]5[0xfffffff5][0xffffffad][0xffffffc4][0xffffff85][0x7f]+q[0x5]|+q[0xffffff99]?[0xffffffe8][0x15][0x6][0x1c][0xfffffffb]V[0xffffffe2][0xffffff92]?[0xffffffd9][0xffffff91][0xffffff94][0x8][0xfffffff9]V[0xffffffc2][0x6][0xffffff92][0xffffffa1]D[0xffffffc0][0xffffffb7][0x12][0x12][0xffffffce]jJ[0x4][0x7f]+[0xffffffe1][0xffffffca][0xffffff93][0xffffffa5]D[0xffffffde][0xffffffb7][0x12][0xffffffae]Z9J[0xffffffa4]|+[0xffffffa1][0xffffffc5][0xfffffffb][0xffffffe7][0xffffff94][0x18][0xffffffee]:[0xffffffaf]q=[0xffffffd4]p[0xfffffff6][0xffffffc0][0xffffffaf][0xfffffff3][0x1a][0x1][0xffffffd7]y[\r]s[0xffffffe7]L][0xffffffc0][0x7]v[0xffffff9d][0xffffffd7][0xffffff90][e@J[0xffffff98]("[0xffffff94][0xffffffb0][0xffffff81]D(abYN[0x9][0x9]g1%$[0xffffffa2]A[0xffffff94]p[0xffffffe5][0xffffff89]R[0xffffffc2]w)J[0x9]W[0xffffffad][0x18]%[0xffffffb4]i!Jh[0xfffffff1]nP[0xffffffc2]][0xffffffe7]5[0x6]6[0xffffff9c]=[0xfffffff0][0xffffffeb][0xffffffbc]F[0xffffffc0]u^[0xffffffc3][0xffffffdc]9S[0x18]p[0xffffffec]:[0xffffffaf]![0xffffffb7][0xffffffca][0xffffff90][0xffffff94][0x8][0xffffffb9][0xffffffce][0xffffffcb][0x6][0xffffff92][0xffffffa1]D[0xffffffc0]u^[0x12][0xffffffce]jJ[0x4]_[0xffffffe7][0xffffffe5][0xffffffca][0xffffff93][0xffffffa5]D[0xffffffde]u^[0xffffffae]Z9J[0xffffffa4]\[0xffffffe7][0xffffffa5][0xffffffc5][0xffffffbb]A[0x9]w[0xffffff9d][0xffffffd7][0x18]w[0xffffffa7]([0xffffff81]_[0xffffffe7]5[0x2][0xffffffae][0xfffffff3][0x1a][0xffffffe6][0xffffffce][0xffffff99][0xffffffc2][0xffffff80]c[0xffffffd7]y[\r][0xffffffb9]U[0xffffff86][0xffffffa4]D[0xffffffc8]u^6[0xffffff90][0xc]%[0x2][0xffffffae][0xfffffff3][0xffffff92]pVS"[0xfffffff8]:/W[0xffffff9e],%[0xfffffff2][0xffffffae][0xfffffff3]r[0xffffffd5][0xffffffca]Q"[0xffffffe5]:/-[0xffffffde][\r]J[0xffffffb8][0xffffffeb][0xffffffbc][0xffffffc6]}c[0x7f][0xffffffe0][0xffffffc0][0xffffffaf][0xfffffff3][0x1a][0x1][0xffffffd7]y[\r]s[0xffffffe7]La[0xffffffc0][0xffffffb1][0xffffffeb][0xffffffbc][0xffffff86][0xffffffdc]*CR"[0xffffffe4]:/[0x1b]H[0xffffff86][0x12][0x1][0xffffffd7]yI8[0xffffffab])[0x11]|[0xffffff9d][0xffffff97]+O[0xffffff96][0x12]y[0xffffffd7]y[0xffffffb9]j[0xffffffe5]([0xffffff91]r[0xffffff9d][0xffffff97][0x16][0xffffffef][0x6]%[0xffffffdc]u^w?0J[0xffffffe0][0xffffffd7]y[0xffffff8d][0xffffff80][0xffffffeb][0xffffffbc][0xffffff86][0xffffffb9]s[0xffffffa6]0[0xffffffe0][0xffffffd8]u^Cn[0xffffff95]!)[0x11]r[0xffffff9d][0xffffff97][\r]$C[0xffffff89][0xffffff80][0xffffffeb][0xffffffbc]$[0xffffff9c][0xffffffd5][0xffffff94][0x8][0xffffffbe][0xffffffce][0xffffffcb][0xffffff95]'K[0xffffff89][0xffffffbc][0xffffffeb][0xffffffbc]\[0xffffffb5]r[0xffffff94]H[0xffffffb9][0xffffffce]K[0xffffff8b]w[0xffffff83][0x12][0xffffffee]:[0xffffffaf][0xfffffffb][0xffffffe4]([0xffffff81]_[0xffffffe7]5[0x2][0xffffffae][0xfffffff3][0x1a][0xffffffe6][0xffffffce][0xffffff99][0xffffffc2][0xffffff80]c[0xffffffd7]y[\r][0xffffffb9]U[0xffffff86][0xffffffa4]D[0xffffffc8]u^6[0xffffff90][0xc]%[0x2][0xffffffae][0xfffffff3][0xffffff92]pVS"[0xfffffff8]:/W[0xffffff9e],%[0xfffffff2][0xffffffae][0xfffffff3]r[0xffffffd5][0xffffffca]Q"[0xffffffe5]:/-[0xffffffde]-J[0xfffffff4]0Jt[0xffffff9c][0x12]=[0xffffff80][0x12][0x1d][0xffffffa5]D[0xffffffc7]([0xffffffd1][0xffffff93]([0xffffffb1]F[0xffffff91][0xffffffa2][0xffffff84][0x6][0xffffff92][0xffffffa2][0xffffffc4][0x1a]K[0xffffff82][0x12][0x1d][0xffffffa6]D[0xf][0xffffffa6][0xffffff84][0xffffff94]'M[0x9][0xffffffd3][0xffffffa5]4%[0xffffffa4]ZIJ[0xfffffff4][0x14]J[0xfffffff4][0xffffffbf][0xffffffa6][0xffffffc4]po%[0xffffff9e][0xffffffaf][0xffffffc7]D(1[0xfffffff0][0xffffffb7][0x12]#[0xffffffe0][0xffffffad][0xffffffc4]P:[0x17][0x6]|`o%F[0xffffffd2][[0x9][0xffffff8d]"C[0x9][0x17]H[0xffffff86][0x12][0x1a][0xffffffcb]zJ[0xffffffac][0xffffffe1][0xffffffac][0xffffffa6][0xffffffc4][0x1a][0xffffffd1]$J[0xffffff98][0xfffffff2]d)a[0xffffffbb][0xffffff94][0xffffffa5][0xffffff84][0xffffffa9]V[0xffffff8e][0x12][0xffffffd2][0xffffffb4][0x14]%[0xffffffa4]x7([0xffffffe1][0xffffffd6].[0xffffff9f][0xffffffd7][0xffffff89][0xffffff9d][0xffffffe0][0xffffffc0][0xffffffd7].G[0xffffffc0][0xffffffda][0xffffffe5]0[0xffffff93]l[0xffffff85][0x1][0xffffffc7][0xffffffd6].[0xffffff87][0xffffff8c][0xffffffae][0xffffff91][0xffffff94][0x8]Y[0xffffffbb][0xffffffb4][0xffffff81]d([0x11][0xffffffb0]v)[0xffffffe1][0xffffffac][0xffffffa6]D[0xfffffff0][0xffffffda][0xffffffa5]+O[0xffffff96][0x12]yk[0xffffff97][0xffffffae]Z9J[0xffffffa4][0xffffffac]]j[0xfffffff1]nQB[0xffffffff][0xffffffc0][0xffffffc1]R[0xffffff82][0xfffffffe][0x3][0xffffffc7][0x1d][0xfffffff0][0x7][0xffffff8e][[0xffffffdf][0xffffffc2][0xffffff95][0x6][0xffffff9c][0xfffffffa][0x3][0xffffffc7][0xffffff9d][0xfffffff4][0x7][0xe][0xffffff8d]"E[0xffffff89][0xffffff94]?ph,[0x9]J[0xffffffb0][0x7f][0xffffffe0]X#[0xffffff9a]E[0xffffff89][0xffffffb0]?p[0xffffffd8].[0xffffffa5])[0x11][0xfffffff4][0x7][0xe]iZ[0xffffff8e][0x12][0x7f][0xffffffff][0x7][0xe]7[0xffffff9c][0xfffffffd][0xffffff9c][0x7]u3[0xffffffe8][0xffffffc0][0xffffff87][0xffffffb3]G[0xffffffc0]p[0xfffffff6]0[0xffffffeb][0xffffffae][0xffffff85][0x1][0xffffffc7][0xffffff86][0xffffffb3][0xffffff87][0xffffffec][0xffffffb7][0xffffff92][0xffffff94][0x8][0x19][0xffffffce][0xffffffb6][0xffffff81]d([0x11]0[0xffffff9c]-[0xffffffe1][0xffffffac][0xffffffa6]D[0xfffffff0]p[0xffffffb6]+O[0xffffff96][0x12]y[0xffffffc3][0xffffffd9][0xffffffae]Z9J[0xffffffa4][0xc]gk[0xfffffff1]nQ[0xffffffc2][0xffffffbc][0xffffff95]@)A[0xffffffbf][0xffffff95]x[0x2][0xffffffde]J<J[0xffffffe7][0xffffffd2][0xffffff80]So%[0xffffff9e][0xffffffa4][0xffffffb7][0x12][0x1a]E[0xffffff8a][0x12])o%4[0xffffff96][0x4]%[0xffffffd8][0xffffffb7][0x12]kD[0xffffffb3]([0x11][0xfffffff6]V[0xffffffc2]v)M[0xffffff89][0xffffffa0][0xffffffb7][0x12][0xffffffd2][0xffffffb4][0x1c]%[0xfffffffe][0xfffffffe][0xffffffad][0xffffffc4]to%[0xffffffae][0xfffffff1]P[0xffffff94][0xffffff98][0xfffffff8][[0xffffff89][0xffffffe9]$][0xffffff9c][0xfffffff7][0xffffffa9]t.[0xc][0xfffffff8][0xffffffc4][0xffffffde]J[0xffffffcc][0xffffffa4][0xffffffb7][0x12][0x1a]E[0xffffff86][0x12].[0xffffff90][0xc]%4[0xffffff96][0xfffffff5][0xffffff94]X[0xffffffc3]YM[0xffffff89]5[0xffffffa2]I[0xffffff94]0[0xffffffe5][0xffffffc9]R[0xffffffc2]v)K[0x9]S[0xffffffad][0x1c]%[0xffffffa4]i)JH[0xfffffff1]nQ[0xffffffc2][0xffffffbc][0xffffff95]@)A[0xffffffbf][0xffffff95][0xffffff98][0x1]o%[0xffffffa6][0xffffffd2][0xffffffb9]4[0xffffffe0][0xffffffd4][[0xffffff89][0xffffff99][0xfffffff4]VB[0xffffffa3]HQ"[0xffffffe5][0xffffffad][0xffffff84][0xffffffc6][0xffffff92][0xffffffa0][0x4][0xfffffffb]Vb[0xffffff8d]h[0x16]%[0xffffffc2][0xffffffde]J[0xffffffd8].[0xffffffa5])[0x11][0xfffffff4]VB[0xffffff9a][0xffffff96][0xffffffa3][0xffffffc4]_[0xffffffbf][0xffffff95][0xffffffb8][0xffffffdd][0xffffffcd][0xffffffa0][0xfffffff3][0xffffffd5]_[0x10]%n[0xfffffffc]f[0xffffffd0];[0xffffffe0]f[0xffffffd0][0xffffffdb]\_W[0x17][0xfffffff0][0x1b][0xffffffbb][0x19][0xfffffff4][0xffffff96][0xb][0xffffffea]@J[0xffffff98]("[0xffffff94][0xffffffb0][0xffffff81]D(abYN[0x9][0x9]g1%$[0xffffffa2]A[0xffffff94]p[0xffffffe5][0xffffff89]R[0xffffffc2]w)J[0x9]W[0xffffffad][0x18]%[0xffffffb4]i!Jh[0xfffffff1]nP[0xffffffc2][0xffffffdd][0xc]:[[0xffffff9b][0x14]%[0xfffffff0][0xffffff9b]A[0xffffffef][0xffffff80][0xffffff9b]Aos}]a[0xffffffc0][0xffffffb1][0xffffff9b]Ao[0xffffffb9][0xffffffa0][0xffffff8e][0xffffffa4]D[0xffffffc8][0xffffffcd][0xffffffa0]6[0xffffff90][0xc]%[0x2]n[0x6][0xffffff95]pVS"[0xfffffff8]fPW[0xffffff9e],%[0xfffffff2]n[0x6]u[0xffffffd5][0xffffffca]Q"[0xffffffe5]fP-[0xffffffde][\r]J[0xffffffb8][0xffffff9b]A[0xffffffe7][0xffffffc7][0x7f]OQ[0x2][0xffffffbf][0x19][0xfffffff4][0xe][0xffffffb8][0x19][0xfffffff4]6[0xffffffd7][0xffffffd7][0x15][0x6][0x1c][0xffffffbb][0x19][0xfffffff4][0xffffff96][0xb][0xffffffea]HJ[0xffffff84][0xffffffdc][0xc]j[0x3][0xffffffc9]P"[0xffffffe0]fP[0x9]g5%[0xffffff82]o[0x6]u[0xffffffe5][0xffffffc9]R"[0xffffffef]fPW[0xffffffad][0x1c]%Rn[0x6][0xffffffd5][0xffffffe2][0xffffffdd][0xffffffa0][0xffffff84][0xffffffbb][0x19]t[0xffffffde][0xffffffdc][[0x9][0xfffffffc]f[0xffffffd0];[0xffffffe0]f[0xffffffd0][0xffffffdb]\_W[0x18]p[0xffffffec]f[0xffffffd0][.[0xffffffa8]#)[0x11]r3[0xffffffa8][\r]$C[0xffffff89][0xffffff80][0xffffff9b]A%[0xffffff9c][0xffffffd5][0xffffff94][0x8][0xffffffbe][0x19][0xffffffd4][0xffffff95]'K[0xffffff89][0xffffffbc][0xffffff9b]A][0xffffffb5]r[0xffffff94]H[0xffffffb9][0x19]T[0xffffff8b]w[0xffffff83][0x12][0xffffffee]f[0xffffffd0]y[0xffffffdf][0x18]%[0xfffffff0][0xffffff9b]A[0xffffffef][0xffffff80][0xffffff9b]Aos}]a[0xffffffc0][0xffffffb1][0xffffff9b]Ao[0xffffffb9][0xffffffa0][0xffffff8e][0xffffffa4]D[0xffffffc8][0xffffffcd][0xffffffa0]6[0xffffff90][0xc]%[0x2]n[0x6][0xffffff95]pVS"[0xfffffff8]fPW[0xffffff9e],%[0xfffffff2]n[0x6]u[0xffffffd5][0xffffffca]Q"[0xffffffe5]fP-[0xffffffde][\r]J[0xffffffb8][0xffffff9b]A[0xffffffe7][0xfffffff3]:(J[0xffffffe0]7[0xffffff83][0xffffffde][0x1]7[0xffffff83][0xffffffde][0xffffffe6][0xfffffffa][0xffffffba][0xffffffc2][0xffffff80]c7[0xffffff83][0xffffffde]rA[0x1d]I[0xffffff89][0xffffff90][0xffffff9b]Am [0x19]J[0x4][0xffffffdc][0xc]*[0xffffffe1][0xffffffac][0xffffffa6]D[0xfffffff0][0xffffffcd][0xffffffa0][0xffffffae]<YJ[0xffffffe4][0xffffffdd][0xc][0xffffffea][0xffffffaa][0xffffff95][0xffffffa3]D[0xffffffca][0xffffffcd][0xffffffa0]Z[0xffffffbc][0x1b][0xffffff94]pwp|X[0x2]{+[0xffffff81][0xffffffdf][0xffffffc1]q[0x7][0xffffffdc][0xffffffc1]q[0xffffff9b][0xffffffa1][0xfffffff8][0xffffffc2][0xffffff80]cwp[0xffffffdc]2[0x5]OR"[0xffffffe4][0xe][0xe][0x1b]H[0xffffff86][0x12][0x1]wpH8[0xffffffab])[0x11]|[0x7][0xffffff87]+O[0xffffff96][0x12]ywp[0xffffffb8]j[0xffffffe5]([0xffffff91]r[0x7][0xffffff87][0x16][0xffffffef][0x16]%[0xffffff8e]0J[0x1c]8%[0xffffff8e][0x0]J[0x1c](%[0xe][0xffffff8c]"
19:31:00.694 [main] DEBUG org.apache.hc.client5.http.wire - http-outgoing-1 << "[0x12]G[0x12]%[0xffffffd6](R[0xffffff94][0xffffffd0]@R[0xffffff94]XcIP[0xffffffe2][0xffffff80])q[0x4]SB[0xffffffca][0xffffff93][0xffffffa6][0xffffff84][0xffffffe9]R[0xffffff9a][0x12]R[0xffffffad]$%[0xffffff8e][0x14]J[0x1c][0x7f]M[0x9][0xffffffbd][0xffffff83][0xffffffe3]x[0xffffffbd][0xffffff8e][0xffffff86][0xfffffffd][0xffffff81][0x3][0xffffffbf][0xffffff83][0xffffffe3][0xe][0xffffffb8][0xffffff83][0xffffffe3]6C[0xfffffff1][0xffffff85][0x1][0xffffffc7][0xffffffee][0xffffffe0][0xffffffb8]e[\n]"
19:31:00.694 [main] DEBUG org.apache.hc.client5.http.wire - http-outgoing-1 << "[0xffffff9e][0xffffffa4]D[0xffffffc8][0x1d][0x1c]6[0xffffff90][0xc]%[0x2][0xffffffee][0xffffffe0][0xffffff90]pVS"[0xfffffff8][0xe][0xe]W[0xffffff9e],%[0xfffffff2][0xffffffee][0xffffffe0]p[0xffffffd5][0xffffffca]Q"[0xffffffe5][0xe][0xe]-[0xffffffde]-J[0xffffffac]k[0xffffff97]4%[0xffffffe0][0xffffffb5][0xffffffcb];[0xffffffe0][0xe][0xffffff8e][0xffffffdb][0xc][0xffffffc5][0xffffff97][0x6][0x1c]Z[0xffffffbb][0xffffffbc]e[\n]"
19:31:00.694 [main] DEBUG org.apache.hc.client5.http.wire - http-outgoing-1 << "[0xffffff9e][0xffffffa5]D[0xffffffc4][0xffffffda][0xffffffa5][\r]$E[0x9]|[0xffffffed]R[0xffffffc2]YO[0xffffff89][0xffffffd8][0xffffffb5]KW[0xffffff9e]4%[0xffffffd2][0xffffffd6].][0xffffffb5][0xffffff92][0xffffff94][0xffffffc8]X[0xffffffbb][0xffffffd4][0xffffffe2][0xffffffdd][0xffffffa2][0xffffffc4][0x1d]F[0xffffff89][0x1b][0xffffffa7][0xffffffc4][0x1d]@[0xffffff89][0x1b][0xffffffa5][0xffffffc4][0xffffff8d]Q[0xffffffe2]N[0xffffffa2][0xffffffc4][0x1a]E[0xffffff8a][0x12][0x1a]H[0xffffff8a][0x12]k,[0x9]J[0xffffffdc]0%[0xffffffee]`JHy[0xffffffd2][0xffffff94]0]JSB[0xffffffaa][0xffffff95][0xffffffa4][0xffffffc4][0xffffff9d]B[0xffffff89][0xfffffffb]?[0xffffffa0]DK[0xffffffb3]D[0xffffffe3]1[0xffffffd1][0x12]4[0xffffffd1]XN4[0xffffffce][0x13]-[\n]"
19:31:00.696 [main] DEBUG org.apache.hc.client5.http.wire - http-outgoing-1 << "[0x14][0xffffff92]GJ[0x14]&[0xffffff95][0x14])$[0xffffff9b][0xffffff84])[0x1a][0xffffff8d][0xffffff8a][0xffffff96][0xffffffac][\n]"
19:31:00.696 [main] DEBUG org.apache.hc.client5.http.wire - http-outgoing-1 << "[0xffffffad]Q[0xffffff9a][0x15][0xffffffae]UiWh[0xffffffc9][0xffffff92][0xffffffb0]X;[0xffffff97][0xffffff93][0xffffffc5]Z[0xffffffc1][[0xffffffb4][0xffffffe8]#[0xffffff8c][0x16]}[0xffffffe0][0xffffffb4][0xfffffff8]x[0x4][0xffffff9e][0x16]?[0x1e][0xffffff82][0xffffffa2][0xffffffc5][0xffffffc7][0xffffffcf]S[0xffffffb4][0xfffffff8][0xfffffffe][0xffffffe9][0x14]ZH[0x1e])Z[0xffffff98]TR[0xffffffb4][0xffffff90]l[0x12][0xffffffb4]X[0x12]ZO[0xffffff8b]%[0xffffffa7]Y[0xffffffb4][0xffffffd0][0x1a][0xffffffa5]i[0xffffffe1]Z[0xffffff95][0xffffffa6][0xffffff85][0xffffff96],I[0xffffff8b][0xffffffb5]s9Z[0xffffffac][0x15][0xffffffbc]E[0xffffff8b]#[0xffffff8d][0x16][0x7]O[0xffffff8b]#[0xffffff81][0x16][0x7]K[0xffffff8b][0xffffff83][0xffffffa3][0xffffffc5][0x11]E[0xb][0xffffffc9]#E[0xb][0xffffff93]J[0xffffff8a][0x16][0xffffff92]M[0xffffff82][0x16][0x7]M[0xffffff8b]#[0xffffff99][0x16]Z[0xffffffa3]4-\[0xffffffab][0xffffffd2][0xffffffb4][0xffffffd0][0xffffff92]%i[0xffffffb1]v.G[0xffffff8b][0xffffffb5][0xffffff82][0xffffffb7]hq]a[0xffffffb4][0xffffffb8].[0xffffff9c][0x16][0x1f][0xffffff8f][0xffffffc0][0xffffffd3][0xffffffe2][0xffffffc7]CP[0xffffffb4][0xfffffff8][0xfffffff8]y[0xffffff8a][0x16][0xffffffdf]?[0xffffff9d]B[0xb][0xffffffc9]#E[0xb][0xffffff93]J[0xffffff8a][0x16][0xffffff92]M[0xffffff82][0x16]KB[0xffffffeb]i[0xffffffb1][0xffffffe4]4[0xffffff8b][0x16]Z[0xffffffa3]4-\[0xffffffab][0xffffffd2][0xffffffb4][0xffffffd0][0xffffff92]%i[0xffffffb1]v.G[0xffffff8b][0xffffffb5][0xffffff82][0xffffffb7]h1Z[0x18]-F[0xffffffc3]i[0xfffffff1][0xfffffff1][0x8]<-~<[0x4]E[0xffffff8b][0xffffff8f][0xffffff9f][0xffffffa7]h[0xfffffff1][0xfffffffd][0xffffffd3])[0xffffffb4][0xffffff90]<R[0xffffffb4]0[0xffffffa9][0xffffffa4]h![0xffffffd9]$h[0xffffffb1]$[0xffffffb4][0xffffff9e][0x16]KN[0xffffffb3]h[0xffffffa1]5J[0xffffffd3][0xffffffc2][0xffffffb5]*M[0xb]-Y[0xffffff92][0x16]k[0xffffffe7]r[0xffffffb4]X+x[0xffffff8f][0x16]i[0xffffffa7]K[0x7][0x7f][0xffffffbc]t$[0xffffff9c]/[0x1d][0xffffffec][0x1][0xffffffd3][0xffffffc1][0xffffff9d]0[0x1d]QGL%[0xffffff8f][0x18]-r[0xe][0xffffff99]J6[0x11]Z[0xffffffd0][0xffffffc7]LG[0xfffffff2]9S[0xffffffad]Q[0xffffff9c][0x16][0xffffff81]'M[0xffffffb5]dQZ[0xffffffc4][0xffffff9c]5]+x[0xffffff8f][0x16][0xffffffeb][0xffffff9c]&N[0xb]zO[0xfffffff3][0xffffffeb][0x11][0x2]hA.j~[0xfffffffd]<F[0xffffff8b][0xffffffa0]MM[0xffffff93]G[0xffffff8c][0x16])[0xffffffab][0xffffff9a]&[0xffffff9b][0x8]-[0xffffffd8]]M[0xffffffc9]i[0x18]-[0xffffffc2][0xffffff96]5}[0xffffffab][0xffffffe2][0xffffffb4][0x8][0xffffffda][0xffffffd6][0xffffffd4][0xffffffce][0x5]i[0xfffffff1]_[0xffffffac]k[0xffffffb6][0xffffffb8]#"-[0xffffffe0][0xffffff8c]H[0xffffff8b]8$[0xffffffd2][0xfffffff4][0x3][0xffffffe6][0xffffffd2][0xffffffa8]7[0xfffffff0][0xffffff98]H[0xffffffcb]:'[0xffffffa2][0xffffffa1][0xffffffa4][0xffffff84][0xffffffe1][0xffffffa2]I[0x11]C[0x3]J[0x18]c[0xffffff8d]i=2[0xffffffd6][0xffffffb0]f)[0xffffffc3][0x14]*[0xffffffcd][0xc][0xffffffdb][0xffffffaf][0xffffffb4]3L[0xffffffdd][0xffffff92][0xffffffd0][0xffffff90][0xfffffff6][0xffffffe5][0xffffffa4]!e[0xffffffbc]I[0xffffff8d][0xffffffb8][0xffffffa1][0xffffff8b][0x1e][0xffffffb0]t[0xffffffd1]#[0xffffffa6].:[0xffffffbc]u[0xffffffd1][0xffffffc1][0xffffffb1][0xffffff8b][0xffffff9e][0xffffffb5]v![0xffffffa1][0xffffffe4][0xffffffa8][0x11][0xffffffb4]w![0x1]e[0xffffffa8][0xffffff81]/^[0xfffffff4][0xffffffe8][0xffffffc9][0xb]-T[0xffffff9e][0x1a][0xffffff89][0xffffffa3][0x17]Z[0xffffffb7],5rf/[0xffffffd6]2[0xffffffde][0xffffffa3][0xffffffc6][0xffffff93][0xfffffff6]1[0xffffffc6][0xffffffc7][0x13][0xfffffff1][0xffffffd4]x[0x12]>[0xffffffc7][0xfffffff8][0xfffffff9][0x14][0x18]5[0x1e][0xffffffee][0xffffff83][0xffffff8c][0x1f][0xffffffbf][0x1d]C[\r][0x9]%F[\r][0x13]M[0xffffff8c][0x1a][0x12]P[0xffffff84][0x1a][0xf][0xfffffffd]U[0xffffffc6][0x1a][0xffffffd6]0jh[0xffffffa1][0xffffffe2][0xffffffd4]p[0xfffffffd][0xffffff8a]SC[0xffffffeb][0x16][0xffffffa5][0xffffffc6][0xffffffda][0xffffffbe] 5[0xffffffd6]2[0xfffffffe][0x13]j[0xffffffdc]_[0xffffffff][0xffffffca]s[0xffffff98][0xffffffeb][0xffffffc9][0xfffffffa][0xffffffeb]~[0xffffffca][0xffffffa1][0xfffffff1][0xfffffffb]y(f[0xfffffffc][0xffffffe3][0x9]0d,[0xffffffcf]PL[0xffffff8c][0x7f][0xfffffffc]z10[0xfffffffe][0xfffffff7][0xffffff97]a^[0xffffffbc][0xffffff8d]b1.[0xfffffffe]%[0xffffff90][0xffffffc5][0xffffffb4]x[0x1b][0xffffffcb]BX[0xffffffbc][0x9]g[0x19]+[0xffffffde]D4[0x2][0x15][0xffffffef][0xffffffcb][0x13]"[0xffffffc5][0xffffffbf]u)[0x4][0xffffff8a][0xfffffff7][0xffffffd5][\n]"
19:31:00.706 [main] DEBUG org.apache.hc.client5.http.wire - http-outgoing-1 << "p[0xffffffe2]][0xffffffd3][0xffffff96]c[0xffffffe2]][0xfffffff1]nP[0xffffffe2]t[0xffffff94]8[0xffffffae][0xffffff93][0xffffffa2][0xffffffc4][0xffffff89]S[0xffffffe2][0xc][0xffffffa0][0xffffffc4][0xffffffa9]y/[0xc][0xfffffff8][0xffffff89]Q[0xffffffe2]L[0xffffffa2][0xffffff84]F[0xffffff91][0xffffffa1][0xffffff84][0xb]$C[0x9][0xffffff8d]e=%[0xffffffd6]pVSb[0xffffff8d]h[0x12]%Ly[0xffffffb2][0xffffff94][0xffffffb0]][0xffffffca]R[0xffffffc2]T+G[0x9]iZ[0xffffff8a][0x12]R[0xffffffbc][0x1b][0xffffff94][0xffffffb8][0x1c]%[0xffffffae][0xffffffde](J\8%[0xffffffae][0x0]J\[0xffffff9a][0xfffffff7][0xffffffc2][0xffffff80]_[0x18]%[0xffffffae]$Jh[0x14][0x19]J[0xffffffb8]@2[0xffffff94][0xffffffd0]X[0xffffffd6]Sb[\r]g5%[0xffffffd6][0xffffff88]&Q[0xffffffc2][0xffffff94]'K[0x9][0xffffffdb][0xffffffa5],%L[0xffffffb5]r[0xffffff94][0xffffff90][0xffffffa6][0xffffffa5](![0xffffffc5][0xffffffbb]A[0xffffff89][0xffffffe1](1[0xffffffbf][0x16]:[0x11]J[0xc][0xffffff9c][0x12]#[0xffffff80][0x12]C[0xfffffff3]^[0x18][0xfffffff0][0xffffff81]Qb$QB[0xffffffa3][0xffffffc8]P[0xffffffc2][0x5][0xffffff92][0xffffffa1][0xffffff84][0xffffffc6][0xffffffb2][0xffffff9e][0x12]k8[0xffffffab])[0xffffffb1]F4[0xffffff89][0x12][0xffffffa6]<YJ[0xffffffd8].e)a[0xffffffaa][0xffffff95][0xffffffa3][0xffffff84]4-E[0x9])[0xffffffde][\r]J[0xffffffdc][0xffffff86][0x12][0xffffff9f][0xffffffff][0xffffffa1](q[0xffffffe3][0xffffff94][0xffffffb8][0x3](qk[0xffffffde][0xb][0x3]~c[0xffffff94][0xffffffb8][0xffffff93]([0xffffffa1]Qd([0xffffffe1][0x2][0xffffffc9]PBcYO[0xffffff89]5[0xffffff9c][0xffffffd5][0xffffff94]X#[0xffffff9a]D[0x9]S[0xffffff9e],%l[0xffffff97][0xffffffb2][0xffffff94]0[0xffffffd5][0xffffffca]QB[0xffffff9a][0xffffff96][0xffffffa2][0xffffff84][0x14][0xffffffef][0x6]%[0x1e]K[0xffffff89][0xffffffe7][0xffffffa4]([0xfffffff1][0xffffffe0][0xffffff94]x[0x2]([0xfffffff1]h[0xffffffde][0xb][0x3][0xfffffffe]`[0xffffff94]x[0xffffff92]([0xffffffa1]Qd([0xffffffe1][0x2][0xffffffc9]PBcYO[0xffffff89]5[0xffffff9c][0xffffffd5][0xffffff94]X#[0xffffff9a]D[0x9]S[0xffffff9e],%l[0xffffff97][0xffffffb2][0xffffff94]0[0xffffffd5][0xffffffca]QB[0xffffff9a][0xffffff96][0xffffffa2][0xffffff84][0x14][0xffffffef][0x6]%[0xffffffa6][0xffffffa3]D[0xffffffe3][0xffffffde]JL[0xffffff9c][0x12]3[0xffffff80][0x12]S[0xfffffff3]^[0x18][0xfffffff0][0xffffff89]Qb&QB[0xffffffa3][0xffffffc8]P[0xffffffc2][0x5][0xffffff92][0xffffffa1][0xffffff84][0xffffffc6][0xffffffb2][0xffffff9e][0x12]k8[0xffffffab])[0xffffffb1]F4[0xffffff89][0x12][0xffffffa6]<YJ[0xffffffd8].e)a[0xffffffaa][0xffffff95][0xffffffa3][0xffffff84]4-E[0x9])[0xffffffde]?[0xffffffa7][0xffffffc4]|YJ[0xffffffdc][0x13][0xffffffa2][0xffffffc4][0xffffffe7][0xfffffff3][0xffffffb0][0xffffff94][0xfffffff8]z[0x2][0xffffff98][0x12][0xffffffbf][0xffffff9e][0x1][0xffffffa1][0xffffffc4][0xffffffd7][0xffffffaf]#[0xffffff94][0xfffffff8][0xfffffff9][0xffffffcb][0x11][0xffffff94]0QD(a[0x3][0xffffff89]P[0xffffffc2][0xffffffc4][0xffffffb2][0xffffff9c][0x12][0x12][0xffffffce]bJHD[0xffffff83]([0xffffffe1][0xffffffca][0x13][0xffffffa5][0xffffff84][0xffffffef]R[0xffffff94][0x12][0xffffffae]Z1Jh[0xffffffd3]B[0xffffff94][0xffffffd0][0xffffffe2][0xffffffdd][0xffffffa0]Ds[0xffffff94][0xffffffe8][0xf][0xfffffff5]V[0xffffffe2][0xfffffff3]y`J[0xffffffb4][0x0]J4[0xffffffcd]{a[0xffffffc0][0x1b]F[0xffffff89][0xffffff96]D[0x9][0xffffff8d]"C[0x9][0x17]H[0xffffff86][0x12][0x1a][0xffffffcb]zJ[0xffffffac][0xffffffe1][0xffffffac][0xffffffa6][0xffffffc4][0x1a][0xffffffd1]$J[0xffffff98][0xfffffff2]d)a[0xffffffbb][0xffffff94][0xffffffa5][0xffffff84][0xffffffa9]V[0xffffff8e][0x12][0xffffffd2][0xffffffb4][0x14]%[0xffffffa4]x7([0xffffffd1][0x1d]%[0xffffffae][0x13]{+[0xffffffd1]qJ[0xfffffff4][0x0]Jt[0xffffffcd]{a[0xffffffc0];F[0xffffff89][0xffffff9e]D[0x9][0xffffff8d]"C[0x9][0x17]H[0xffffff86][0x12][0x1a][0xffffffcb]zJ[0xffffffac][0xffffffe1][0xffffffac][0xffffffa6][0xffffffc4][0x1a][0xffffffd1]$J[0xffffff98][0xfffffff2]d)a[0xffffffbb][0xffffff94][0xffffffa5][0xffffff84][0xffffffa9]V[0xffffff8e][0x12][0xffffffd2][0xffffffb4][0x14]%[0xffffffa4]x7([0xffffffe1][0xffffffd6].[0xffffff8f][0xffffffbb]a[0xffffff94][0xffffffc0][0xffffffd7].g[0xffffffc0][0xffffffda][0xffffffe5]4[0xffffff93]l[0xffffff85][0x1][0xffffffc7][0xffffffd6].[0xffffffa7][0xffffff8c][0xffffffae][0xffffff91][0xffffff94][0x8]Y[0xffffffbb][0xffffffb4][0xffffff81]d([0x11][0xffffffb0]v)[0xffffffe1][0xffffffac][0xffffffa6]D[0xfffffff0][0xffffffda][0xffffffa5]+O[0xffffff96][0x12]yk[0xffffff97][0xffffffae]Z9J[0xffffffa4][0xffffffac]]j[0xfffffff1]nQ[0xffffffa2][0xffffff87]Q[0x2][0xffffffbb][0xffffff9f][0xffffffe3][0x1f]O[0xffffffc0]S[0x2][0xffffffb9][0xffffff9b][0xffffffe3][0x1f][0xffffffbf]NQ"[0xffffffe1]^[0xffffff8e][0xffffffb7]Q[0xffffffa4]([0xffffff81][0xffffffdf][0xffffffc9][0xfffffff1]6[0xffffff96][0x4]%[0xffffffa0][0xfffffffb]8[0xffffffde]D4[0xffffff8b][0x12])wq[0xfffffffc][[0xffffff97][0xffffffd2][0xffffff94]H[0xffffffb8][0xffffff87][0xffffffe3]][0xffffffd3]r[0xffffff94][0xfffffff8][0xffffffeb];8[0xffffffa6][0x1b][0xffffffce]>[0xfffffffb][0xffffff8b]Z[0xffffffbb][0xffffff9c][0xfffffff8]p[0xfffffff6][0xc][0x18][0xffffffce][0xffffff9e]f[0xffffffdd][0xffffffb5]0[0xffffffe0][0xffffffd8]p[0xfffffff6][0xffffff94][0xfffffffd]V[0xffffff92][0x12]![0xffffffc3][0xffffffd9]6[0xffffff90][0xc]%[0x2][0xffffff86][0xffffffb3]%[0xffffff9c][0xffffffd5][0xffffff94][0x8][0x1e][0xffffffce]v[0xffffffe5][0xffffffc9]R"o8[0xffffffdb]U+G[0xffffff89][0xffffff94][0xffffffe1]l-[0xffffffde][\r]J[0xffffffb8][0xffffffe1][0xffffffec][0xfffffff3][0x18]7E[0x9]|8{[0x6][0xc]gO[0xffffffb3][0xffffffee]Z[0x18]pl8{[0xffffffca]~+I[0xffffff89][0xffffff90][0xffffffe1]l[0x1b]H[0xffffff86][0x12][0x1][0xffffffc3][0xffffffd9][0x12][0xffffffce]jJ[0x4][0xf]g[0xffffffbb][0xfffffff2]d)[0xffffff91]7[0xffffff9c][0xffffffed][0xffffffaa][0xffffff95][0xffffffa3]D[0xffffffca]p[0xffffffb6][0x16][0xffffffef][0x6]%[0xffffffdc]p[0xfffffff6]ywj8{[0xffffffe2][0xffffffc3][0xffffffd9]3`8{[0xffffff9a]u[0xffffffd7][0xffffffc2][0xffffff80]c[0xffffffc3][0xffffffd9]S[0xfffffff6][IJ[0xffffff84][0xc]g[0xffffffdb]@2[0xffffff94][0x8][0x18][0xffffffce][0xffffff96]pVS"x8[0xffffffdb][0xffffff95]'K[0xffffff89][0xffffffbc][0xffffffe1]lW[0xffffffad][0x1c]%R[0xffffff86][0xffffffb3][0xffffffb5]x7(q[0x1b]J\[0xffffffaf][0x7][0xfffffffb][0x3][0xffffffc7][0xffffff8d]S[0xffffffe2][0xe][0xffffffa0][0xffffffc4][0xffffffad]y/[0xc][0xfffffff8][0xffffff8d]Q[0xffffffe2]N[0xffffffa2][0xffffff84]F[0xffffff91][0xffffffa1][0xffffff84][0xb]$C[0x9][0xffffff8d]e=%[0xffffffd6]pVSb[0xffffff8d]h[0x12]%Ly[0xffffffb2][0xffffff94][0xffffffb0]][0xffffffca]R[0xffffffc2]T+G[0x9]iZ[0xffffff8a][0x12]R[0xffffffbc][0x1b][0xffffff94]x[0xfffffffe][0xffffffef]PJ[0x1c][0xffffffed][0xffffffa1]([0xfffffff1][0xfffffff1]<0%>[0xffffff9f][0xffffff80][0xffffffa6][0xffffffc4][0xffffffcf]g`([0xfffffff1][0xfffffff9][0xffffffeb][0xc]%~[0xfffffffc]r[0x6]%4[0xffffff8a][0xc]%\ [0x19]Jh,[0xffffffeb])[0xffffffb1][0xffffff86][0xffffffb3][0xffffff9a][0x12]kD[0xffffff93](a[0xffffffca][0xffffff93][0xffffffa5][0xffffff84][0xffffffed]R[0xffffff96][0x12][0xffffffa6]Z9JH[0xffffffd3]R[0xffffff94][0xffffff90][0xffffffe2][0xffffffdd][0xffffffa0][0xffffffc4]4'8[0xffffffae]qw[0xffffff8a][0x12][0x13]?[0xffffffc1]1[0x3]NpL[0xfffffffd][0xffffffcc][0xffffffb8]0[0xffffffe0][0x13];[0xffffffc1]1[0xffffff93]Nph[0x14][0x19]J[0xffffffb8]@2[0xffffff94][0xffffffd0]X[0xffffffd6]Sb[\r]g5%[0xffffffd6][0xffffff88]&Q[0xffffffc2][0xffffff94]'K[0x9][0xffffffdb][0xffffffa5],%L[0xffffffb5]r[0xffffff94][0xffffff90][0xffffffa6][0xffffffa5](![0xffffffc5][0xffffffbb]E[0xffffff89]3[0xffffff8c][0x12]'N[0xffffff89]3[0xffffff80][0x12]'J[0xffffff89][0x13][0xffffffa3][0xffffffc4][0xffffff99]D[0xffffff89]5[0xffffff8a][0x14]%4[0xffffff90][0x14]%[0xffffffd6]X[0x12][0xffffff94]8aJ[0xffffff9c][0xffffffc1][0xffffff94][0xffffff90][0xfffffff2][0xffffffa4])a[0xffffffba][0xffffff94][0xffffffa6][0xffffff84]T+I[0xffffff89]3[0xffffff85][0x12][0xffffffe7]_R[0xffffffe2]z[0xffffffb9];8[0xffffffc6][0xffffffeb][0xffffff80]v%[0xffffffbe][0xffffff9e][0x7][0xffffffa5][0xffffffc4][0xfffffff7][0x13][0xffffffb0][0xffffff94][0xfffffff8][0xfffffffd][0xc][0x4]%[0xffffffbe][0x7f][0xffffff9d][0xffffffa0][0xffffffc4][0xffffffaf]_N[0xffffffa0][0xffffff84][0xffffff8b]"A[0x9][0x1f]H[0xffffff82][0x12].[0xffffff96][0xffffffd5][0xffffff94][0xffffffd0]p[0xffffffd6]RB#[0xffffff9a]C[0x9][[0xffffff9e]$%[0xffffffde]t)I[0x9][[0xffffffad][0x14]%L[0xffffffd3]2[0xffffff94]0[0xffffffc5][0xffffffbb]A[0x9]w[0x7][0xffffffc7]xM[0xffffffe8][0xe][0xffffff8e][0xffffffaf][0xffffffe7][0xffffff81])[0xffffffc1][0xffffffdf][0xffffffc1][0xfffffff1][0xfffffffb][0x19][0x18]JPwp[0xfffffffc][0xfffffffa][0xffffffe5][0xc]Jd[0xffffffdc][0xffffffc1][0xffffffe1][0x3][0xffffffc9]P[0xffffff82][0xffffffbf][0xffffff83]C[0xffffffc3]YM[0xffffff89][0xffffffdc];8ly[0xffffffb2][0xffffff94][0xffffff88][0xffffffbb][0xffffff83][0xffffffc3]V+G[0xffffff89][0xffffff90];8L[0xfffffff1]nP[0xffffffe2]v[0xffffff94][0xffffffb8][0xffffffa9][0xffffffcf].[0xffffffbf][0xffffff9e][0x7][0xffffffa6][0xffffffc4][0x1d]@[0xffffff89][[0xfffffff3]^[0x18][0xfffffff0][0x1b][0xffffffa3][0xffffffc4][0xffffff9d]D[0x9][0xffffff8d]"C[0x9][0x17]H[0xffffff86][0x12][0x1a][0xffffffcb]zJ[0xffffffac][0xffffffe1][0xffffffac][0xffffffa6][0xffffffc4][0x1a][0xffffffd1]$J[0xffffff98][0xfffffff2]d)a[0xffffffbb][0xffffff94][0xffffffa5][0xffffff84][0xffffffa9]V[0xffffff8e][0x12][0xffffffd2][0xffffffb4][0x14]%[0xffffffa4]x7([0xfffffff1][0x18]J[0xffffffdc]m`o%[0x1e][0xffffff9c][0x12]O[0x0]%[0x1e][0xffffffcd]{a[0xffffffc0][0x1f][0xffffff8c][0x12]O[0x12]%4[0xffffff8a][0xc]%\ [0x19]Jh,[0xffffffeb])[0xffffffb1][0xffffff86][0xffffffb3][0xffffff9a][0x12]kD[0xffffff93](a[0xffffffca][0xffffff93][0xffffffa5][0xffffff84][0xffffffed]R[0xffffff96][0x12][0xffffffa6]Z9JH[0xffffffd3]R[0xffffff94][0xffffff90][0xffffffe2][0xffffffdd][0xffffffa0][0xffffffc4]t[0xffffff94]8[0x6][0xfffffff4][0xffffffd9][0xffffffe5][0xffffffd7][0xfffffff3][0xffffffc0][0xffffff94][0xffffff98][0x1][0xffffff94][0xffffff98][0xffffff9a][0xfffffff7][0xffffffc2][0xffffff80]O[0xffffff8c][0x12]3[0xffffff89][0x12][0x1a]E[0xffffff86][0x12].[0xffffff90][0xc]%4[0xffffff96][0xfffffff5][0xffffff94]X[0xffffffc3]YM[0xffffff89]5[0xffffffa2]I[0xffffff94]0[0xffffffe5][0xffffffc9]R[0xffffffc2]v)K[0x9]S[0xffffffad][0x1c]%[0xffffffa4]i)JH[0xfffffff1][0xfffffffe]9%[0xffffff9a][0xfffffffb][0xffffffec][0xfffffff2]~[0xe][0xffffffea][0xffffffad]D[0xffffffc3]?[0xffffffbb]l[0x1][0xffffff9f]]6[0xfffffff3]mP][0xffffffc0][0x1b][0xfffffff6][0xffffffd9]e[0xffffff93][0xffffffaf][0x7f]@J[0xffffff98]("[0xffffff94][0xffffffb0][0xffffff81]D(abYN[0x9][0x9]g1%$[0xffffffa2]A[0xffffff94]p[0xffffffe5][0xffffff89]R[0xffffffc2]w)J[0x9]W[0xffffffad][0x18]%[0xffffffb4]i!Jh[0xfffffff1]nQ[0xffffffe2][0xc][0xffffffa3][0x4]{[0x18][0xfffffff4][0xfffffffb][0x9]xJp[0xffffff87]A[0xffffffbf][0x7f][0xffffff9d][0xffffffa2]D[0xffffffcc]aP[0x17]E[0xffffff8a][0x12][0x19][0xffffff87]A],[0x9]J[0xffffff90][0xffffff87]A5[0xffffffa2]Y[0xffffff94][0xffffff88]:[0xc][0xfffffffa][0xffffffa6]KiJ[0xffffffc4][0x1c][0x6]5M[0xffffffcb]Q[0xffffffe2][0xffffffaf][0xf][0xffffff83]6w[0xffffff82][0xffffffe3][0xffffff9e][0xffffffd8][0xffffffb7][0x12][\r]?[0xffffffc1][0xffffffd1][0x2]Np4[0xfffffff3][0xffffff99]qa[0xffffffc0][0xffffffb1][0x13][0x1c]M>$&)[0x11]r[0xffffff82][0xffffffc3][0x6][0xffffff92][0xffffffa1]D[0xffffffc0][0x9][0xe][0x9]g5%[0xffffff82]Op[0xffffffb8][0xfffffff2]d)[0xffffff91]w[0xffffff82][0xffffffc3]U+G[0xffffff89][0xffffff94][0x13][0x1c]Z[0xffffffbc][0x1b][0xffffff94][0xffffffe8][0xffffff86][0x12][0xffffffcf][0xffffffd9][0xffffffa8]o%>[0xffffff9f][0x7][0xffffffa6]D[0xf][0xffffffa0]D[0xffffffd7][0xffffffbc][0x17][0x6][0xffffffbc]c[0xffffff94][0xffffffe8]I[0xffffff94][0xffffffd0](2[0xffffff94]p[0xffffff81]d([0xffffffa1][0xffffffb1][0xffffffac][0xffffffa7][0xffffffc4][0x1a][0xffffffce]jJ[0xffffffac][0x11]M[0xffffffa2][0xffffff84])O[0xffffff96][0x12][0xffffffb6]KYJ[0xffffff98]j[0xffffffe5](!MKQB[0xffffff8a]w[0xffffff83][0x12][0xffffffee][0xffffff92][0xfffffff1][0xfffffff9]zQ[0xffffff87]A[0x1b]}[0xffffffc9][0xfffffff8][0xfffffff7][0x13][0xffffffd0][0xffffff94] /[0x19][0xffffffff][0xfffffffe]u[0xffffff86][0x12]A[0xffffff97][0xffffff8c][0xffffffbb](2[0xffffff94]H[0xffffffb9]d[0xffffffdc][0xffffffc5][0xffffffb2][0xffffff9e][0x12][0xffffffec]%[0xffffffe3][0x1a][0xffffffd1]$J[0xffffff84]]2[0xfffffffe][0xffffffa6]KYJ[0x4]]2n[0xffffff9a][0xffffff96][0xffffffa2][0xffffffc4][0xffffffdf]_2~5w[0xffffffc9][0xfffffff8]|[\r][0xffffff8c][0x12][0xfffffff4]%[0xffffffe3][0xffffffdf]O@S[0xffffff82][0xffffffbc]d[0xfffffffc][0xfffffffb][0xffffffd7][0x19]J[0x4]]2[0xffffffee][0xffffffa2][0xffffffc8]P"[0xffffffe5][0xffffff92]q[0x17][0xffffffcb]zJ[0xffffffb0][0xffffff97][0xffffff8c]kD[0xffffff93]([0x11]v[0xffffffc9][0xfffffff8][0xffffff9b].e)[0x11]t[0xffffffc9][0xffffffb8]iZ[0xffffff8a][0x12][0x7f][0x7f][0xffffffc9][0xfffffff8][0xffffffd5]nG[0xffffff89]v[0xffffffde][0x14]%n[0xffffff9c][0x12]w[0x0]%n[0xffffffcd]{a[0xffffffc0]o[0xffffff8c][0x12]w[0x12]%4[0xffffff8a][0xc]%\ [0x19]Jh,[0xffffffeb])[0xffffffb1][0xffffff86][0xffffffb3][0xffffff9a][0x12]kD[0xffffff93](a[0xffffffca][0xffffff93][0xffffffa5][0xffffff84][0xffffffed]R[0xffffff96][0x12][0xffffffa6]Z9JH[0xffffffd3]R[0xffffff94][0xffffff90][0xffffffe2][0xffffffdd][0xffffffa0][0xffffffc4]cn[0x6][0xffffff9d]}[0xffffff9e][0x14]%[0x1e][0xfffffff8]f[0xffffffd0][0xffffffef]'[0xffffffa0])[0xfffffff1][0xffffffe8][0xfffffff5]u[0xffffff85][0x1][0x7f][0xffffffa0][0xffffff9b]A[0x7f][0xfffffffd]r[0x6]%4[0xffffff8a][0xc]%\ [0x19]Jh,[0xffffffeb])[0xffffffb1][0xffffff86][0xffffffb3][0xffffff9a][0x12]kD[0xffffff93](a[0xffffffca][0xffffff93][0xffffffa5][0xffffff84][0xffffffed]R[0xffffff96][0x12][0xffffffa6]Z9JH[0xffffffd3]R[0xffffff94][0xffffff90][0xffffffe2][0xffffffdd][0xffffffa0][0xffffff84][0xffffff9b][0xffffffa8][0xffffff9a][0xfffffff7][0xffffffd9](J[0xffffffe0][0x13]U-`[0xffffffa2][0xffffffaa][0xffffff99][0x1d][0xffffff95][0xffffffc2][0xffffff80]c[0x13]UM[0xffffff96]RHJ[0xffffff84]LT[0xffffffd9]@2[0xffffff94][0x8][0xffffff98][0xffffffa8][0xffffff92]pVS"x[0xffffffa2][0xffffffca][0xffffff95]'K[0xffffff89][0xffffffbc][0xffffff89]*W[0xffffffad][0x1c]%R&[0xffffffaa][0xffffffb4]x[0xffffffff][0xffffff9c][0x12][0xffffffdd]MT[0xffffffcd][0xffffffe7][0xffffffa1][0xe][0xffffff83]v|[0xffffffa2][0xffffffaa][0x7]LTu[0xffffffb3][0xffffffa3]R[0x17][0xfffffff0][0xffffff8e]MTuYJ[0x1])a[0xffffffa2][0xffffff88]P[0xffffffc2][0x6][0x12][0xffffffa1][0xffffff84][0xffffff89]e9%$[0xffffff9c][0xffffffc5][0xffffff94][0xffffff90][0xffffff88][0x6]Q[0xffffffc2][0xffffff95]'J[0x9][0xffffffdf][0xffffffa5](%\[0xffffffb5]b[0xffffff94][0xffffffd0][0xffffffa6][0xffffff85]([0xffffffa1][0xffffffc5][0xffffffbb]A[0x9][0xffffffb3]+[0xffffffd1]^mP[0xffffffdf]Jt|W[0xffffffa2][0x7][0xffffffec]Jts[0xfffffff8][0xffffffb9]0[0xffffffe0][0xffffffd8][0xffffffae]D[0xffffff97][0xffffffe3][0xffffffcd]$%Bv%l [0x19]J[0x4][0xffffffec]JH8[0xffffffab])[0x11][0xffffffbc]+[0xffffffe1][0xffffffca][0xffffff93][0xffffffa5]D[0xffffffde][0xffffffae][0xffffff84][0xffffffab]V[0xffffff8e][0x12])[0xffffffbb][0x12]Z[0xffffffbc][0x1b][0xffffff94]0[0xffffffbb][0x12][0xffffffed]u='E[0x9]|W[0xffffffa2][0x7][0xffffffec]Jts[0xfffffff8][0xffffffb9]0[0xffffffe0][0xffffffd8][0xffffffae]D[0xffffff97][0xffffffe3][0xffffffcd]$%Bv%l [0x19]J[0x4][0xffffffec]JH8[0xffffffab])[0x11][0xffffffbc]+[0xffffffe1][0xffffffca][0xffffff93][0xffffffa5]D[0xffffffde][0xffffffae][0xffffff84][0xffffffab]V[0xffffff8e][0x12])[0xffffffbb][0x12]Z[0xffffffbc][0x1b][0xffffff94]8[0x1c]%[0xffffffe6][0xffffffc4][0xfffffffe][0xffffffc0]q[0xffffffe0][0xffffff94]8[0x2](qh[0xffffffde][0xb][0x3]~`[0xffffff94]8[0xffffff92]([0xffffffa1]Qd([0xffffffe1][0x2][0xffffffc9]PBcYO[0xffffff89]5[0xffffff9c][0xffffffd5][0xffffff94]X#[0xffffff9a]D[0x9]S[0xffffff9e],%l[0xffffff97][0xffffffb2][0xffffff94]0[0xffffffd5][0xffffffca]QB[0xffffff9a][0xffffff96][0xffffffa2][0xffffff84][0x14][0xffffffef][0x16]%[0xffffffce]0J[0xffffffc0]wp|=[0x1]O[0x9][0xfffffff0][0xe][0xffffff8e][0xffffffaf]_[0xffffffa7]([0xffffff91]s[0x7][0xffffff87][0xffffff89]"E[0xffffff89][0xffffff90];8L,[0x9]J[0xffffffa0]wpHD[0xffffffb3]([0xffffff91]u[0x7][0xffffff87][0xffffffef]R[0xffffff9a][0x12]9wph[0xffffffd3]r[0xffffff94][0xfffffff8][0xffffffeb];8[0xfffffffa]i[0xffffffde]J[0xffffffb4][0xffffffde]1J[0xffffff9c][0xfffffff8][[0xffffff89]3[0xffffffe0][0xffffffad][0xffffffc4][0xffffffa9]t.[0xc][0xfffffff8][0xffffff89][0xffffffbd][0xffffff95]8[0xffffff93][0xffffffde]Jh[0x14][0x19]J[0xffffffb8]@2[0xffffff94][0xffffffd0]X[0xffffffd6]Sb[\r]g5%[0xffffffd6][0xffffff88]&Q[0xffffffc2][0xffffff94]'K[0x9][0xffffffdb][0xffffffa5],%L[0xffffffb5]r[0xffffff94][0xffffff90][0xffffffa6][0xffffffa5](![0xffffffc5][0xffffffbb]A[0x9][0xffffffb3]v[0xffffffd9][0xffffffda]<N[0xffffff8a][0x12][0xfffffff8][0xffffffda]e[0xf]X[0xffffffbb][0xffffffec]f[0xffffff92][0xffffffad]0[0xffffffe0][0xffffffd8][0xffffffda]e[0xffffff97][0xffffffd1]5[0xffffff92][0x12]!k[0xffffff97]6[0xffffff90][0xc]%[0x2][0xffffffd6].%[0xffffff9c][0xffffffd5][0xffffff94][0x8]^[0xffffffbb]t[0xffffffe5][0xffffffc9]R"o[0xffffffed][0xffffffd2]U+G[0xffffff89][0xffffff94][0xffffffb5]K-[0xffffffde]?[0xffffffa7][0xffffffc4][0xffffffe1]Np[0xfffffff4][0xffffffeb][0xffffffa6]Np[0x1c][0xfffffff8][0x9][0xffffff8e]#[0xffffffe0][0x4][0xffffffc7]a>3[0xffffffae][0xb][0xfffffff8][0xffffff81][0xffffff9d][0xffffffe0]8[0xffffffe4]Cb[0xffffff90][0x12]&[0xffffff8a][0x8]%l [0x11]J[0xffffff98]X[0xffffff96]SB[0xffffffc2]YL[0x9][0xffffff89]h[0x10]%\y[0xffffffa2][0xffffff94][0xfffffff0]][0xffffff8a]R[0xffffffc2]U+F[0x9]mZ[0xffffff88][0x12]Z[0xffffffbc][0x1b][0xffffff94]p'8[0xfffffffa]}`[0xffffff94][0xffffffc0]Op[0x1c][0x1]'8[0xe][0xfffffff3][0xffffff99]qa[0xffffffc0][0xffffffb1][0x13][0x1c][0xffffff87]|HLR"[0xffffffe4][0x4][0xffffff87][\r]$C[0xffffff89][0xffffff80][0x13][0x1c][0x12][0xffffffce]jJ[0x4][0xffffff9f][0xffffffe0]p[0xffffffe5][0xffffffc9]R"[0xffffffef][0x4][0xffffff87][0xffffffab]V[0xffffff8e][0x12])'8[0xffffffb4]x7([0xffffffe1]Np[0x1c]mPk[0xffffff97][0x7]~[0xffffff82][0xffffffe3][0x8]8[0xffffffc1]q[0xffffff98][0xffffffcf][0xffffff8c][0xb][0x3][0xffffff8e][0xffffff9d][0xffffffe0]8[0xffffffe4]Cb[0xffffff92][0x12]!'8l [0x19]J[0x4][0xffffff9c][0xffffffe0][0xffffff90]pVS"[0xfffffff8][0x4][0xffffff87]+O[0xffffff96][0x12]y'8\[0xffffffb5]r[0xffffff94]H9[0xffffffc1][0xffffffa1][0xffffffc5][0xffffffbb]E[0xffffff89][0x1e]F[0x9][0xfffffff8][0xe][0xffffff8e][0xffffffaf]'[0xffffffe0])[0x1][0xffffffde][0xffffffc1][0xfffffff1][0xfffffff5][0xffffffeb][0x14]%r[0xffffffee][0xffffffe0]0Q[0xffffffa4]([0x11]r[0x7][0xffffff87][0xffffff89]%A[0x9][0xfffffff4][0xe][0xe][0xffffff89]h[0x16]%[0xffffffb2][0xffffffee][0xffffffe0][0xfffffff0]]JS"[0xffffffe7][0xe][0xe]mZ[0xffffff8e][0x12][0x7f]}[0x7][0xffffffc7][0xffffffe1][0xe][0xffffff83][0xffffffb2][0xffffff94][0xffffff80][0xf][0xffffff83][0x1e][0x1][0xffffff87]A[0xf]sb[0xffffffa9]4[0xffffffe0][0xffffffd0]a[0xffffffd0]C[0xffffffce]$[0xffffffb1][0xffffff94][0xffffff88]8[0xc]j[0x3]IQ[0x2]?[0xc]*[0xffffffe1][0xffffffac][0xffffffa7]D[0xffffffec]aPW[0xffffff9e]4%[0xffffffd2][0xe][0xffffff83][0xffffffba]j%)[0xffffff91]q[0x18]T[0xffffff8b]w[0xffffff8b][0x12][0xffffffed][0xe][0xffffffb3]D[0xffffffbb]qL|<[0x2][0xffffffaf][0xffffff89][0x1f][0xf]Aq[0xffffffe2][0xffffffe3][0xffffffe7])O|[0xffffffff]t[\n]"
19:31:00.707 [main] DEBUG org.apache.hc.client5.http.wire - http-outgoing-1 << "($[0xffffff8f][0xffffff94](L*)RH6[0x9]S,[0x9][0xffffffad]G[0xffffffc5][0xffffff92][0xffffffd3],Uh[0xffffff8d][0xffffffd2][0xffffffac]p[0xffffffad]J[0xffffffbb]BK[0xffffff96][0xffffff84][0xffffffc5][0xffffffda][0xffffffb9][0xffffff9c],[0xffffffd6][\n]"
19:31:00.707 [main] DEBUG org.apache.hc.client5.http.wire - http-outgoing-1 << "[0xffffffde][0xffffffa2]E[0x1f]a[0xffffffb4][0xffffffe8][0x3][0xffffffa7][0xffffffc5][0xffffffc7]#[0xfffffff0][0xffffffb4][0xfffffff8][0xfffffff1][0x10][0x14]->~[0xffffff9e][0xffffffa2][0xffffffc5][0xfffffff7]O[0xffffffa7][0xffffffd0]B[0xfffffff2]H[0xffffffd1][0xffffffc2][0xffffffa4][0xffffff92][0xffffffa2][0xffffff85]d[0xffffff93][0xffffffa0][0xffffffc5][0xffffff92][0xffffffd0]zZ,9[0xffffffcd][0xffffffa2][0xffffff85][0xffffffd6](M[0xb][0xffffffd7][0xffffffaa]4-[0xffffffb4]dIZ[0xffffffac][0xffffff9d][0xffffffcb][0xffffffd1]b[0xffffffad][0xffffffe0]-Z[0xffffff9c]G[0x18]-[0xffffffce][0x3][0xffffffa7][0xffffffc5][0xffffffc7]#[0xfffffff0][0xffffffb4][0xfffffff8][0xfffffff1][0x10][0x14]->~[0xffffff9e][0xffffffa2][0xffffffc5][0xfffffff7]O[0xffffffa7][0xffffffd0]B[0xfffffff2]H[0xffffffd1][0xffffffc2][0xffffffa4][0xffffff92][0xffffffa2][0xffffff85]d[0xffffff93][0xffffffa0][0xffffffc5][0xffffff92][0xffffffd0]zZ,9[0xffffffcd][0xffffffa2][0xffffff85][0xffffffd6](M[0xb][0xffffffd7][0xffffffaa]4-[0xffffffb4]dIZ[0xffffffac][0xffffff9d][0xffffffcb][0xffffffd1]b[0xffffffad][0xffffffe0]-Z\i[0x7f][0x10][0xffffffb9][0xfffffff8]?[0xffffff88]\[0x9][0x7f][0x10][0xffffffb9][0xffffffd8]?[0xffffff88]\[0xffffffdc][0x1f]D[0xffffffae][0xffffffa8]?[0xffffff88]H[0x1e])Z[0xffffff98]TR[0xffffffb4][0xffffff90]l[0x12][0xffffffb4][0xffffffb8][0xffffffe8]?[0xffffff88]\[0xffffffc9][0x7f][0x10][0xffffffd1][0x1a][0xffffffa5]i[0xffffffe1]Z[0xffffff95][0xffffffa6][0xffffff85][0xffffff96],I[0xffffff8b][0xffffffb5]s9Z[0xffffffac][0x15][0xffffffbc]E[0xffffff8b];[0xffffffed][0x8][0xffffffc8][0xffffffcd][0xffffff9f][0x1][0xffffffb9][0x13][0xe][0xffffff81][0xffffffdc][0xffffffec])[0xffffff90][0xffffff9b];[0x6]rG[0xffffff9d][0x3][0xffffff91]<R[0xffffffb4]0[0xffffffa9][0xffffffa4]h![0xffffffd9]$hq[0xffffffd3]gA[0xffffffee][0xffffffe4][0xffffffc3] Z[0xffffffa3]4-\[0xffffffab][0xffffffd2][0xffffffb4][0xffffffd0][0xffffff92]%i[0xffffffb1]v.G[0xffffff8b][0xffffffb5][0xffffff82][0xffffffb7]h[0xfffffff1]<a[0xffffffb4]x[0x1e][0xffffff9c][0x16][0x1f][0xffffff8f][0xffffffc0][0xffffffd3][0xffffffe2][0xffffffc7]CP[0xffffffb4][0xfffffff8][0xfffffff8]y[0xffffff8a][0x16][0xffffffdf]?[0xffffff9d]B[0xb][0xffffffc9]#E[0xb][0xffffff93]J[0xffffff8a][0x16][0xffffff92]M[0xffffff82][0x16]KB[0xffffffeb]i[0xffffffb1][0xffffffe4]4[0xffffff8b][0x16]Z[0xffffffa3]4-\[0xffffffab][0xffffffd2][0xffffffb4][0xffffffd0][0xffffff92]%i[0xffffffb1]v.G[0xffffff8b][0xffffffb5][0xffffff82][0xffffffb7]h1g[0x18]-[0xffffffe6][0xffffffc4]i[0xfffffff1][0xfffffff1][0x8]<-~<[0x4]E[0xffffff8b][0xffffff8f][0xffffff9f][0xffffffa7]h[0xfffffff1][0xfffffffd][0xffffffd3])[0xffffffb4][0xffffff90]<R[0xffffffb4]0[0xffffffa9][0xffffffa4]h![0xffffffd9]$h[0xffffffb1]$[0xffffffb4][0xffffff9e][0x16]KN[0xffffffb3]h[0xffffffa1]5J[0xffffffd3][0xffffffc2][0xffffffb5]*M[0xb]-Y[0xffffff92][0x16]k[0xffffffe7]r[0xffffffb4]X+x[0xffffff8b][0x16][0xffffffad][0xffffffa5][0xffffffd9][0xffffffe2][0xffffffe3][0xffffff89]p\|>[0x3][0xffffffaf][0xffffff8b][0xffffff9f]OA[0xfffffff1][0xffffffe2][0xfffffff3][0xfffffff7])_[0xfffffffc][0xfffffff8][0xffffffed][0x14]`h()a[0xffffffb8]hR[0xffffffc4][0xffffffd0][0xffffff80][0x12][0xffffffc6]XcZ[0xffffff8f][0xffffff8c]5[0xffffffac]Y[0xffffffca]0[0xffffff85]J3[0xffffffc3][0xfffffff6]+[0xffffffed][0xc]S[0xffffffb7]$4[0xffffffa4]}9iH[0x19][0xffffffff][0x9]5[0xffffff9e][0xffffffef][0x7f][0xffffffc5]]z~[0xffffffdc][0xffffffd7]([0xffffff87][0xffffffc6][0xffffffef][0xffffffe7][0xffffffa1][0xffffff98][0xfffffff1][0xffffff8f]'[0xffffffc0][0xffffff90][0xffffffb1]<C11[0xfffffffe][0xfffffff1][0xffffffeb][0xffffffc5][0xffffffc0][0xfffffff8][0xffffffdf]_[0xffffff86]y[0xfffffff1]6[0xffffff8a][0xffffffc5][0xffffffb8][0xfffffff8][0xffffff97]@[0x16][0xffffffd3][0xffffffe2]m,[0xb]a[0xfffffff1]&[0xffffff9c]e[0xffffffac]x[0x13][0xffffffd1][0x8]T[0xffffffbc]/O[0xffffff88][0x14][0xffffffff][0xffffffd6][0xffffffa5][0x10]([0xffffffde]W+[0xffffffc0][0xffffff89]wM[[0xffffff8e][0xffffff89]w[0xffffffc5][0xffffffbb]A[0xffffff89][0xffffffc7]P[0xffffffe2]z[0xffffffbd].[0xffffff8a][0x12][0xf]N[0xffffff89]'[0xffffff80][0x12][0xffffff8f][0xffffffe6][0xffffffbd]0[0xffffffe0][0xf]F[0xffffff89]'[0xffffff89][0x12][0x1a]E[0xffffff86][0x12].[0xffffff90][0xc]%4[0xffffff96][0xfffffff5][0xffffff94]X[0xffffffc3]YM[0xffffff89]5[0xffffffa2]I[0xffffff94]0[0xffffffe5][0xffffffc9]R[0xffffffc2]v)K[0x9]S[0xffffffad][0x1c]%[0xffffffa4]i)JH[0xfffffff1]nPb:J[0xffffffb4][0xfffffff9][0xffffffa2](1qJ[0xffffffcc][0x0]JL[0xffffffcd]{a[0xffffffc0]'F[0xffffff89][0xffffff99]D[0x9][0xffffff8d]"C[0x9][0x17]H[0xffffff86][0x12][0x1a][0xffffffcb]zJ[0xffffffac][0xffffffe1][0xffffffac][0xffffffa6][0xffffffc4][0x1a][0xffffffd1]$J[0xffffff98][0xfffffff2]d)a[0xffffffbb][0xffffff94][0xffffffa5][0xffffff84][0xffffffa9]V[0xffffff8e][0x12][0xffffffd2][0xffffffb4][0x14]%[0xffffffa4]x[0xffffffff][0xffffff9c][0x12][0xffffffe7][0xffffffcb]Q[0xffffffe2][0xfffffffa][0xffffff9a][0xffffffc9]"([0xfffffff1][0xfffffff9]<,%[0xffffffbe][0xffffff9e][0x0][0xffffffa6][0xffffffc4][0xffffffaf]g@([0xfffffff1][0xfffffff5][0xffffffeb][0x8]%~[0xfffffffe]r[0x4]%L[0x14][0x11]J[0xffffffd8]@"[0xffffff94]0[0xffffffb1],[0xffffffa7][0xffffff84][0xffffff84][0xffffffb3][0xffffff98][0x12][0x12][0xffffffd1] J[0xffffffb8][0xfffffff2]D)[0xffffffe1][0xffffffbb][0x14][0xffffffa5][0xffffff84][0xffffffab]V[0xffffff8c][0x12][0xffffffda][0xffffffb4][0x10]%[0xffffffb4]x7([0xffffffd1][0x1c]%F[0xffffffeb][0x14]%[0x1a]N[0xffffff89][0x16]@[0xffffff89][0xffffffa6]y/[0xc]x[0xffffffc3]([0xffffffd1][0xffffff92]([0xffffffa1]Qd([0xffffffe1][0x2][0xffffffc9]PBcYO[0xffffff89]5[0xffffff9c][0xffffffd5][0xffffff94]X#[0xffffff9a]D[0x9]S[0xffffff9e],%l[0xffffff97][0xffffffb2][0xffffff94]0[0xffffffd5][0xffffffca]QB[0xffffff9a][0xffffff96][0xffffffa2][0xffffff84][0x14][0xffffffef][0x6]%[0xffffffba][0xffffffa3][0xffffffc4]=[0xffffffb1][0xffffffb7][0x12][0x1d][0xffffffa7]D[0xf][0xffffffa0]D[0xffffffd7][0xffffffbc][0x17][0x6][0xffffffbc]c[0xffffff94][0xffffffe8]I[0xffffff94][0xffffffd0](2[0xffffff94]p[0xffffff81]d([0xffffffa1][0xffffffb1][0xffffffac][0xffffffa7][0xffffffc4][0x1a][0xffffffce]jJ[0xffffffac][0x11]M[0xffffffa2][0xffffff84])O[0xffffff96][0x12][0xffffffb6]KYJ[0xffffff98]j[0xffffffe5](!MKQB[0xffffff8a]w[0xffffff83][0x12][0xffffff87][0xffffffa1][0xffffffc4][0xffffffe8]/[0xffffffea][0x4][0xffffffc7][0xffffffe7][0xfffffff3][0xffffffc0][0xffffff94]8[0x2](qh[0xffffffde][0xb][0x3]~`[0xffffff94]8[0xffffff92]([0xffffffa1]Qd([0xffffffe1][0x2][0xffffffc9]PBcYO[0xffffff89]5[0xffffff9c][0xffffffd5][0xffffff94]X#[0xffffff9a]D[0x9]S[0xffffff9e],%l[0xffffff97][0xffffffb2][0xffffff94]0[0xffffffd5][0xffffffca]QB[0xffffff9a][0xffffff96][0xffffffa2][0xffffff84][0x14][0xffffffef][0x6]%[0xffffffdc]a[0xffffffd0]q6[0xffffffea][0xffffffb3][0xffffffcb][0x13]?[0xc]z[0x6][0x1c][0x6]=[0xffffffcd][0xffffff89][0xffffffa5][0xffffffc2][0xffffff80]c[0xffffff87]AO9[0xffffff93]DR"[0xffffffe4]0[0xffffffa8][\r]$C[0xffffff89][0xffffff80][0xffffffc3][0xffffffa0][0x12][0xffffffce]jJ[0x4][0x1f][0x6]u[0xffffffe5][0xffffffc9]R"[0xffffffef]0[0xffffffa8][0xffffffab]V[0xffffff8e][0x12])[0xffffff87]A[0xffffffb5]x7([0xfffffff1][0x18]J[0xffffffdc][0xffffffc7][0xffffff81]Q[0xffffffe2][0xffffffc1])[0xfffffff1][0x4]P[0xffffffe2][0xffffffd1][0xffffffbc][0x17][0x6][0xfffffffc][0xffffffc1]([0xfffffff1]$QB[0xffffffa3][0xffffffc8]P[0xffffffc2][0x5][0xffffff92][0xffffffa1][0xffffff84][0xffffffc6][0xffffffb2][0xffffff9e][0x12]k8[0xffffffab])[0xffffffb1]F4[0xffffff89][0x12][0xffffffa6]<YJ[0xffffffd8].e)a[0xffffffaa][0xffffff95][0xffffffa3][0xffffff84]4-E[0x9])[0xffffffde]?[0xffffffa7][0xffffffc4][0xffffffe5]Np[0xffffffdc][0xffffffcf][0xffffffa4]>[0xffffffbb][0xffffffbc][0xfffffff0][0x13][0x1c]W[0xffffffc0][0x9][0xffffff8e][0xffffffcb]|f\[0x17][0xfffffff0][0xb];[0xffffffc1]q[0xffffffc9][0xffffff87][0xffffffc4] %L[0x14][0x11]J[0xffffffd8]@"[0xffffff94]0[0xffffffb1],[0xffffffa7][0xffffff84][0xffffff84][0xffffffb3][0xffffff98][0x12][0x12][0xffffffd1] J[0xffffffb8][0xfffffff2]D)[0xffffffe1][0xffffffbb][0x14][0xffffffa5][0xffffff84][0xffffffab]V[0xffffff8c][0x12][0xffffffda][0xffffffb4][0x10]%[0xffffffb4]x7([0xffffffe1]Np<[0xfffffffd][0xffffffb8])J[0xffffffe0]'8[0xffffffae][0xffffff80][0x13][0x1c][0xffffff97][0xfffffff9][0xffffffcc][0xffffffb8]0[0xffffffe0][0xffffffd8][0x9][0xffffff8e]K>$&)[0x11]r[0xffffff82][0xffffffc3][0x6][0xffffff92][0xffffffa1]D[0xffffffc0][0x9][0xe][0x9]g5%[0xffffff82]Op[0xffffffb8][0xfffffff2]d)[0xffffff91]w[0xffffff82][0xffffffc3]U+G[0xffffff89][0xffffff94][0x13][0x1c]Z[0xffffffbc][0x1b][0xffffff94]p'8[0xffffff9e][0xfffffffe]u%[0x18]B[0x9][0xfffffffc][0x4][0xffffffc7][0x15]p[0xffffff82][0xffffffe3]2[0xffffff9f][0x19][0x17][0x6][0x1c];[0xffffffc1]q[0xffffffc9][0xffffff87][0xffffffc4]$%BNp[0xffffffd8]@2[0xffffff94][0x8]8[0xffffffc1]![0xffffffe1][0xffffffac][0xffffffa6]D[0xfffffff0][0x9][0xe]W[0xffffff9e],%[0xfffffff2]Np[0xffffffb8]j[0xffffffe5]([0xffffff91]r[0xffffff82]C[0xffffff8b]w[0xffffff83][0x12][0xffffffee][0x4][0xffffffc7]s[0xffffffbc][0xffffffb0]?p[0xffffffe0]'8[0xffffffae][0xffffff80][0x13][0x1c][0xffffff97][0xfffffff9][0xffffffcc][0xffffffb8]0[0xffffffe0][0xffffffd8][0x9][0xffffff8e]K>$&)[0x11]r[0xffffff82][0xffffffc3][0x6][0xffffff92][0xffffffa1]D[0xffffffc0][0x9][0xe][0x9]g5%[0xffffff82]Op[0xffffffb8][0xfffffff2]d)[0xffffff91]w[0xffffff82][0xffffffc3]U+G[0xffffff89][0xffffff94][0x13][0x1c]Z[0xffffffbc][0x1b][0xffffff94]p'8[0xffffff9e][0xffffffe3][0xffffffc0]([0xffffff81][0xffffff9f][0xffffffe0][0xffffffb8][0x2]Np\[0xffffffe6]3[0xffffffe3][0xffffffc2][0xffffff80]c'8.[0xfffffff9][0xffffff90][0xffffff98][0xffffffa4]D[0xffffffc8][0x9][0xe][0x1b]H[0xffffff86][0x12][0x1]'8$[0xffffff9c][0xffffffd5][0xffffff94][0x8]>[0xffffffc1][0xffffffe1][0xffffffca][0xffffff93][0xffffffa5]D[0xffffffde][0x9][0xe]W[0xffffffad][0x1c]%RNph[0xfffffff1]nP[0xffffffe2][0xffffffb2][0xffffff94][0xffffffe0][0xfffffffe][0xffffffc0]q[0xffffffe1][0xffffff94][0xffffffb8][0x2](qi[0xffffffde][0xb][0x3]~a[0xffffff94][0xffffffb8][0xffffff92]([0xffffffa1]Qd([0xffffffe1][0x2][0xffffffc9]PBcYO[0xffffff89]5[0xffffff9c][0xffffffd5][0xffffff94]X#[0xffffff9a]D[0x9]S[0xffffff9e],%l[0xffffff97][0xffffffb2][0xffffff94]0[0xffffffd5][0xffffffca]QB[0xffffff9a][0xffffff96][0xffffffa2][0xffffff84][0x14][0xffffffef][0x16]%z[0x18]%:N[0xffffff89][0x1e]@[0xffffff89][0xffffff8e]R[0xffffffa2]c[0xffffff94][0xffffffe8]I[0xffffff94]X[0xffffffa3]HQB[0x3]IQb[0xffffff8d]%A[0xffffff89][0xe]S[0xffffffa2][0x7]SB[0xffffffca][0xffffff93][0xffffffa6][0xffffff84][0xffffffe9]R[0xffffff9a][0x12]R[0xffffffad]$%z[\n]"
19:31:00.707 [main] DEBUG org.apache.hc.client5.http.wire - http-outgoing-1 << "%[0xfffffffa]_Sb8J\[0xffffffe7]CQb[0xffffffe0][0xffffff94][0x18][0x1][0xffffff94][0x18][0xffffff9a][0xfffffff7][0xffffffc2][0xffffff80][0xf][0xffffff8c][0x12]#[0xffffff89][0x12][0x1a]E[0xffffff86][0x12].[0xffffff90][0xc]%4[0xffffff96][0xfffffff5][0xffffff94]X[0xffffffc3]YM[0xffffff89]5[0xffffffa2]I[0xffffff94]0[0xffffffe5][0xffffffc9]R[0xffffffc2]v)K[0x9]S[0xffffffad][0x1c]%[0xffffffa4]i)JH[0xfffffff1]nP[0xffffffc2]]2>[0xffffffc7][0xffffff81]Q[0x2][0xffffffbf]d[0xfffffffc][\n]"
19:31:00.708 [main] DEBUG org.apache.hc.client5.http.wire - http-outgoing-1 << "[0xffffffb8]d[0xfffffffc]27[0xffffffe1][0x16][0x6][0x1c][0xffffffbb]d[0xfffffffc][0xffffff92][0xffffffbb]nIJ[0xffffff84]\2n[0x3][0xffffffc9]P"[0xffffffe0][0xffffff92]q[0x9]g5%[0xffffff82]/[0x19]w[0xffffffe5][0xffffffc9]R"[0xffffffef][0xffffff92]qW[0xffffffad][0x1c]%R.[0x19][0xffffffd7][0xffffffe2][0xfffffffd]sJ[0xc]7Q5[0xffffffef]N[0xffffffad]][0xe]|[0xffffffa2]j[0x4]LT[\r][0xffffffb3][0xffffffa3]R[0x17][0xfffffff0][0xffffff81]MT[\r]YJ[0x1])a[0xffffffa2][0xffffff88]P[0xffffffc2][0x6][0x12][0xffffffa1][0xffffff84][0xffffff89]e9%$[0xffffff9c][0xffffffc5][0xffffff94][0xffffff90][0xffffff88][0x6]Q[0xffffffc2][0xffffff95]'J[0x9][0xffffffdf][0xffffffa5](%\[0xffffffb5]b[0xffffff94][0xffffffd0][0xffffffa6][0xffffff85]([0xffffffa1][0xffffffc5][0xffffffbb]A[0x9][0xffffffb3]+[0xffffffd1]_[0xffffffdc]p[0xfffffff6][0xffffffc0]w%F[0xffffffc0][0xffffffae][0xffffffc4]0[0xffffff87][0xffffff9f][0xb][0x3][0xffffff8e][0xffffffed]J[0xc]9[0xffffffde]LR"dW[0xffffffc2][0x6][0xffffff92][0xffffffa1]D[0xffffffc0][0xffffffae][0xffffff84][0xffffff84][0xffffffb3][0xffffff9a][0x12][0xffffffc1][0xffffffbb][0x12][0xffffffae]<YJ[0xffffffe4][0xffffffed]J[0xffffffb8]j[0xffffffe5]([0xffffff91][0xffffffb2]+[0xffffffa1][0xffffffc5][0xffffffbb]A[0x9]s[0x18][0xffffffb4][0xffffffbf][0xffffffe6][0xffffffd1](J[0xffffffe0][0xffffff87]AG[0xffffffc0]a[0xffffffd0]aN,[0x15][0x6][0x1c];[0xc]:[0xffffffe4]L[0x12]I[0xffffff89][0xffffff90][0xffffffc3][0xffffffa0]6[0xffffff90][0xc]%[0x2][0xe][0xffffff83]J8[0xffffffab])[0x11]|[0x18][0xffffffd4][0xffffff95]'K[0xffffff89][0xffffffbc][0xffffffc3][0xffffffa0][0xffffffae]Z9J[0xffffffa4][0x1c][0x6][0xffffffd5][0xffffffe2][0xffffffdd][0xffffffa0][0xffffff84]9[0xc][0xffffffda][[0xffffff9f][0x18]%[0xfffffff0][0xffffffc3][0xffffffa0]#[0xffffffe0]0[0xffffffe8]0'[0xffffff96][\n]"
19:31:00.708 [main] DEBUG org.apache.hc.client5.http.wire - http-outgoing-1 << "[0x3][0xffffff8e][0x1d][0x6][0x1d]r&[0xffffff89][0xffffffa4]D[0xffffffc8]aP[0x1b]H[0xffffff86][0x12][0x1][0xffffff87]A%[0xffffff9c][0xffffffd5][0xffffff94][0x8]>[0xc][0xffffffea][0xffffffca][0xffffff93][0xffffffa5]D[0xffffffde]aPW[0xffffffad][0x1c]%R[0xe][0xffffff83]j[0xfffffff1]nP[0xffffffe2]v[0xffffff94]8&[0xfffffff5][0xffffffd9][0xffffffe5][0xffffffe7][0xfffffff3][0xffffffc0][0xffffff94][0xffffffb8][0x3](qk[0xffffffde][0xb][0x3]~c[0xffffff94][0xffffffb8][0xffffff93]([0xffffffa1]Qd([0xffffffe1][0x2][0xffffffc9]PBcYO[0xffffff89]5[0xffffff9c][0xffffffd5][0xffffff94]X#[0xffffff9a]D[0x9]S[0xffffff9e],%l[0xffffff97][0xffffffb2][0xffffff94]0[0xffffffd5][0xffffffca]QB[0xffffff9a][0xffffff96][0xffffffa2][0xffffff84][0x14][0xffffffef][0x6]%[0x1e]G[0xffffff89][0x13][0xffffffbb][0xffffffce][0xffffffeb][0xfffffff3]y`J<[0x1][0xffffff94]x4[0xffffffef][0xffffff85][0x1][0x7f]0J<I[0xffffff94][0xffffffd0](2[0xffffff94]p[0xffffff81]d([0xffffffa1][0xffffffb1][0xffffffac][0xffffffa7][0xffffffc4][0x1a][0xffffffce]jJ[0xffffffac][0x11]M[0xffffffa2][0xffffff84])O[0xffffff96][0x12][0xffffffb6]KYJ[0xffffff98]j[0xffffffe5](!MKQB[0xffffff8a][0xfffffff7][0xffffffcf])q[0xffffff9b][0x13][0x1c][0xffffffbd][0xffffff8d][0xffffffeb][0xffffff84](q[0xffffffe3]'8[0xffffffee][0xffffff80][0x13][0x1c][0xffffffb7][0xfffffff9][0xffffffcc][0xffffffb8].[0xffffffe0]7v[0xffffff82][0xffffffe3][0xffffff96][0xf][0xffffff89]AJ[0xffffff98]("[0xffffff94][0xffffffb0][0xffffff81]D(abYN[0x9][0x9]g1%$[0xffffffa2]A[0xffffff94]p[0xffffffe5][0xffffff89]R[0xffffffc2]w)J[0x9]W[0xffffffad][0x18]%[0xffffffb4]i!Jh[0xfffffff1]nP[0xffffffc2]\2[0xffffffde][0xffffffdb][0xffffffbc][0xffffffa8][0xffffffb7][0x12]7~[0xffffffc9][0xfffffff8][0x1d]p[0xffffffc9][0xfffffff8]mn[0xffffffc2]-[0xc]8v[0xffffffc9][0xfffffff8]-w[0xffffffdd][0xffffff92][0xffffff94][0x8][0xffffffb9]d[0xffffffdc][0x6][0xffffff92][0xffffffa1]D[0xffffffc0]%[0xffffffe3][0x12][0xffffffce]jJ[0x4]_2[0xffffffee][0xffffffca][0xffffff93][0xffffffa5]D[0xffffffde]%[0xffffffe3][0xffffffae]Z9J[0xffffffa4]\2[0xffffffae][0xffffffc5][0xffffffbb]A[0x9]w[0x18][0xffffffb4][0xffffffb7][0xffffff8b][0xfffffffa][0xffffffec][0xfffffff2][0xffffffc6][0xf][0xffffff83][0xffffffde][0x1][0xffffff87]Aosb[0xffffffa9]0[0xffffffe0][0xffffffd8]a[0xffffffd0][[0xffffffce]$[0xffffff91][0xffffff94][0x8]9[0xc]j[0x3][0xffffffc9]P"[0xffffffe0]0[0xffffffa8][0xffffff84][0xffffffb3][0xffffff9a][0x12][0xffffffc1][0xffffff87]A]y[0xffffffb2][0xffffff94][0xffffffc8];[0xc][0xffffffea][0xffffffaa][0xffffff95][0xffffffa3]D[0xffffffca]aP-[0xffffffde][\r]J[0xffffff98]K[0xffffffc6]{[0xffffffbf][0xffffffb0][0xffffff89][0xffffffaa][0x1b][0xffffffbf]d[0xfffffffc][0xe][0xffffffb8]d[0xfffffffc]67[0xffffffe1][0x16][0x6][0x1c][0xffffffbb]d[0xfffffffc][0xffffff96][0xffffffbb]nIJ[0xffffff84]\2n[0x3][0xffffffc9]P"[0xffffffe0][0xffffff92]q[0x9]g5%[0xffffff82]/[0x19]w[0xffffffe5][0xffffffc9]R"[0xffffffef][0xffffff92]qW[0xffffffad][0x1c]%R.[0x19][0xffffffd7][0xffffffe2][0xffffffdd][0xffffffa0][0xffffff84][0xffffffdb][0xffffff95][0xffffffe8]7v[0x7][0xffffffc7][0xffffff8d][0xffffffef]J[0xffffffdc][0x1][0xffffffbb][0x12][0xffffffb7]9[0xfffffffc]\[0x18]plW[0xffffffe2][0xffffff96][0xffffffe3][0xffffffcd]$%Bv%l [0x19]J[0x4][0xffffffec]JH8[0xffffffab])[0x11][0xffffffbc]+[0xffffffe1][0xffffffca][0xffffff93][0xffffffa5]D[0xffffffde][0xffffffae][0xffffff84][0xffffffab]V[0xffffff8e][0x12])[0xffffffbb][0x12]Z[0xffffffbc][0x1b][0xffffff94]p[0xffffffbb][0x12]G;[0xffffffb1][0xffffffb7][0x12][0xfffffff8][0xffffffae][0xffffffc4][0x1d][0xffffffb0]+q[0xffffff9b][0xffffffc3][0xffffffcf][0xffffff85][0x1][0xffffffc7]v%n9[0xffffffde]LR"dW[0xffffffc2][0x6][0xffffff92][0xffffffa1]D[0xffffffc0][0xffffffae][0xffffff84][0xffffff84][0xffffffb3][0xffffff9a][0x12][0xffffffc1][0xffffffbb][0x12][0xffffffae]<YJ[0xffffffe4][0xffffffed]J[0xffffffb8]j[0xffffffe5]([0xffffff91][0xffffffb2]+[0xffffffa1][0xffffffc5][0xffffffbb]A[0xffffff89][0xffffffe1](q4[0xffffffec][0xffffffb3][0xffffffcb][0xffffff81]Sb[0x4]Pbh[0xffffffde][0xb][0x3]>0J[0xffffff8c]$Jh[0x14][0x19]J[0xffffffb8]@2[0xffffff94][0xffffffd0]X[0xffffffd6]Sb[\r]g5%[0xffffffd6][0xffffff88]&Q[0xffffffc2][0xffffff94]'K[0x9][0xffffffdb][0xffffffa5],%L[0xffffffb5]r[0xffffff94][0xffffff90][0xffffffa6][0xffffffa5](![0xffffffc5][0xffffffbb]A[0x9]7Qu\[\r][0xfffffffb][0xffffffec][0x12][0xffffff9f][0xffffffa8][0xffffffba][0x3]&[0xffffffaa]n[0xffffffb3][0xffffffa3]R[0x18]pl[0xffffffa2][0xffffffea][0xffffff96][0xffffffa5][0x14][0xffffff92][0x12]![0x13]U6[0xffffff90][0xc]%[0x2]&[0xffffffaa]$[0xffffff9c][0xffffffd5][0xffffff94][0x8][0xffffff9e][0xffffffa8]r[0xffffffe5][0xffffffc9]R"o[0xffffffa2][0xffffffca]U+G[0xffffff89][0xffffff94][0xffffff89]*-[0xffffffde][\r]J<[0xffffff8e][0x12][0xffffffe3][0xffffffc1][0xfffffffe][0xffffffc0][0xfffffff1][0xffffffe0][0xffffff94]x[0x2]([0xfffffff1]h[0xffffffde][0xb][0x3][0xfffffffe]`[0xffffff94]x[0xffffff92]([0xffffffa1]Qd([0xffffffe1][0x2][0xffffffc9]PBcYO[0xffffff89]5[0xffffff9c][0xffffffd5][0xffffff94]X#[0xffffff9a]D[0x9]S[0xffffff9e],%l[0xffffff97][0xffffffb2][0xffffff94]0[0xffffffd5][0xffffffca]QB[0xffffff9a][0xffffff96][0xffffffa2][0xffffff84][0x14][0xffffffef][0x6]%[0xffffffa6][0xffffffa3][0xffffffc4][0xffffffd3]&E[0xffffff89][0xffffff89]Sb[0xffffffba][0xfffffff8][0x17][0xffffffe7]}j[0xffffffde][0xb][0x3]>1J[0xffffffcc]$Jh[0x14][0x19]J[0xffffffb8]@2[0xffffff94][0xffffffd0]X[0xffffffd6]Sb[\r]g5%[0xffffffd6][0xffffff88]&Q[0xffffffc2][0xffffff94]'K[0x9][0xffffffdb][0xffffffa5],%L[0xffffffb5]r[0xffffff94][0xffffff90][0xffffffa6][0xffffffa5](![0xffffffc5][0xfffffffb][0xffffffe7][0xffffff94]x[0xffffffdc][0xffffffda][0xffffffe5][0xfffffff1][0xffffffdc][0x3][0xffffffa2][0xffffffc4][0xffffff83][0xffffffaf]]]]><![CDATA[>[0x1]k[0xffffff97][0xffffff8f][0xffffff99]d[0xffffffab][0xb][0xfffffff8][0xffffff83][0xffffffad]]]]><![CDATA[>2[0xffffffba][0x6]R[0xffffffc2]D[0x11][0xffffffa1][0xffffff84][\r]$B[0x9][0x13][0xffffffcb]rJH8[0xffffff8b])![0x11][\r][0xffffffa2][0xffffff84]+O[0xffffff94][0x12][0xffffffbe]KQJ[0xffffffb8]j[0xffffffc5]([0xffffffa1]M[0xb]QB[0xffffff8b]w[0xffffff83][0x12]n[0xffffffed][0xfffffff2][0xffffff98][0xffffff9d][0xfffffffa]V[0xffffffe2][0xffffffc1][0xffffffd7].[0xffffff9f][0xffffff80][0xffffffb5][0xffffffcb][0xffffffc7]L[0xffffffb2][0x15][0x6][0x1c][[0xffffffbb]|dt[0xffffff8d][0xffffffa4]D[0xffffffc8][0xffffffda][0xffffffa5][\r]$C[0xffffff89][0xffffff80][0xffffffb5]K[0x9]g5%[0xffffff82][0xffffffd7].]y[0xffffffb2][0xffffff94][0xffffffc8][[0xffffffbb]t[0xffffffd5][0xffffffca]Q"e[0xffffffed]R[0xffffff8b]w[0xffffff83][0x12]n[0xffffffed][0xfffffff2][0xffffff98][0xffffffd8][0x1d][0x1c][0xf][0xffffffbe]v[0xfffffff9][0x4][0xffffffac]]]]><![CDATA[>f[0xffffff92][0xffffffad]0[0xffffffe0][0xffffffd8][0xffffffda][0xffffffe5]#[0xffffffa3]k$%B[0xffffffd6].m [0x19]J[0x4][0xffffffac]]J8[0xffffffab])[0x11][0xffffffbc]v[0xffffffe9][0xffffffca][0xffffff93][0xffffffa5]D[0xffffffde][0xffffffda][0xffffffa5][0xffffffab]V[0xffffff8e][0x12])k[0xffffff97]Z[0xffffffbc][0x1b][0xffffff94]pk[0xffffff97][0xffffffc7][0xffffff9c][0xffffffd8][0x1f]8[0xfffffff0][0xffffffb5][0xffffffcb]'`[0xffffffed][0xfffffff2]1[0xffffff93]l[0xffffff85][0x1][0xffffffc7][0xffffffd6].[0x1f][0x19]]#)[0x11][0xffffffb2]vi[0x3][0xffffffc9]P"`[0xffffffed]R[0xffffffc2]YM[0xffffff89][0xffffffe0][0xffffffb5]KW[0xffffff9e],%[0xfffffff2][0xffffffd6].][0xffffffb5]r[0xffffff94]HY[0xffffffbb][0xffffffd4][0xffffffe2][0xffffffdd][0xffffffa0][0xffffff84][0xffffff9b][0xffffffa8]:O[0xffffffee][0xffffffad][0x4]>Q[0xfffffff5][0x4]LT=fG[0xffffffa5]0[0xffffffe0][0xffffffd8]D[0xffffffd5]#K)$%B&[0xffffffaa]l [0x19]J[0x4]LTI8[0xffffffab])[0x11]<Q[0xffffffe5][0xffffffca][0xffffff93][0xffffffa5]D[0xffffffde]D[0xffffff95][0xffffffab]V[0xffffff8e][0x12])[0x13]UZ[0xffffffbc][0x1b][0xffffff94]p[0xffffffbb][0x12][0xffffffd7][0xffffffc7][0x7f](J[0xffffffe0][0xffffffbb][0x12]O[0xffffffc0][0xffffffae][0xffffffc4]c[0xe]?[0x17][0x6][0x1c][0xffffffdb][0xffffff95]x[0xffffffe4]x3I[0xffffff89][0xffffff90]][0x9][0x1b]H[0xffffff86][0x12][0x1][0xffffffbb][0x12][0x12][0xffffffce]jJ[0x4][0xffffffef]J[0xffffffb8][0xfffffff2]d)[0xffffff91][0xffffffb7]+[0xffffffe1][0xffffffaa][0xffffff95][0xffffffa3]D[0xffffffca][0xffffffae][0xffffff84][0x16][0xffffffef][0x6]%[0x1e]G[0xffffff89][0xfffffff3][0xffffffc4][0xffffffde]J<8%[0xffffff9e][0x0]J<[0xffffff9a][0xfffffff7][0xffffffc2][0xffffff80]?[0x18]%[0xffffff9e]$Jh[0x14][0x19]J[0xffffffb8]@2[0xffffff94][0xffffffd0]X[0xffffffd6]Sb[\r]g5%[0xffffffd6][0xffffff88]&Q[0xffffffc2][0xffffff94]'K[0x9][0xffffffdb][0xffffffa5],%L[0xffffffb5]r[0xffffff94][0xffffff90][0xffffffa6][0xffffffa5](![0xffffffc5][0xffffffbb]A[0x9][0xffffffb7]+q[0xffffffdd][0xffffffed][0xffffffa0]([0xffffff81][0xffffffef]J<[0x1][0xffffffbb][0x12][0xffffff8f]9[0xfffffffc]\[0x18]plW[0xffffffe2][0xffffff91][0xffffffe3][0xffffffcd]$%Bv%l [0x19]J[0x4][0xffffffec]JH8[0xffffffab])[0x11][0xffffffbc]+[0xffffffe1][0xffffffca][0xffffff93][0xffffffa5]D[0xffffffde][0xffffffae][0xffffff84][0xffffffab]V[0xffffff8e][0x12])[0xffffffbb][0x12]Z[0xffffffbc][0x7f]N[0xffffff89][0xffffffe9][0xe][0xffffff83][0xffffff8e][0xfffffff3][0xffffffa1](1[0xfffffff1][0xffffffc3][0xffffffa0]3[0xffffffe0]0[0xffffffe8]4'[0xffffff96][0xffffffea][0x2]>[0xffffffb1][0xffffffc3][0xffffffa0]S[0xffffffce]$[0xffffff81][0xffffff94]0QD(a[0x3][0xffffff89]P[0xffffffc2][0xffffffc4][0xffffffb2][0xffffff9c][0x12][0x12][0xffffffce]bJHD[0xffffff83]([0xffffffe1][0xffffffca][0x13][0xffffffa5][0xffffff84][0xffffffef]R[0xffffff94][0x12][0xffffffae]Z1Jh[0xffffffd3]B[0xffffff94][0xffffffd0][0xffffffe2][0xffffffdd][0xffffffa0][0xffffff84];[0xc]:[0xffffffee][0xffffff83][0xfffffffa]Vb[0xffffffe2][0xffffff87]Ag[0xffffffc0]a[0xffffffd0]iN,[0x15][0x6][0x1c];[0xc]:[0xffffffe5]L[0x12]I[0xffffff89][0xffffff90][0xffffffc3][0xffffffa0]6[0xffffff90][0xc]%[0x2][0xe][0xffffff83]J8[0xffffffab])[0x11]|[0x18][0xffffffd4][0xffffff95]'K[0xffffff89][0xffffffbc][0xffffffc3][0xffffffa0][0xffffffae]Z9J[0xffffffa4][0x1c][0x6][0xffffffd5][0xffffffe2][0xffffffdd][0xffffffa0][0xffffffc4]i(q[0xffffffb7]qQ[0xffffff94]8qJ[0xffffff9c].[0xfffffffe][0xffffffc5]y?5[0xffffffef][0xffffff85][0x1]?1J[0xffffff9c]I[0xffffff94][0xffffffd0](2[0xffffff94]p[0xffffff81]d([0xffffffa1][0xffffffb1][0xffffffac][0xffffffa7][0xffffffc4][0x1a][0xffffffce]jJ[0xffffffac][0x11]M[0xffffffa2][0xffffff84])O[0xffffff96][0x12][0xffffffb6]KYJ[0xffffff98]j[0xffffffe5](!MKQB[0xffffff8a]w[0xffffff83][0x12][0xffffffee]0[0xffffffe8][0xffffffdd]_[0x18]%[0xfffffff0][0xffffffc3][0xffffffa0]3[0xffffffe0]0[0xffffffe8]4'[0xffffff96][\n]"
19:31:00.709 [main] DEBUG org.apache.hc.client5.http.wire - http-outgoing-1 << "[0x3][0xffffff8e][0x1d][0x6][0xffffff9d]r&[0xffffff89][0xffffffa4]D[0xffffffc8]aP[0x1b]H[0xffffff86][0x12][0x1][0xffffff87]A%[0xffffff9c][0xffffffd5][0xffffff94][0x8]>[0xc][0xffffffea][0xffffffca][0xffffff93][0xffffffa5]D[0xffffffde]aPW[0xffffffad][0x1c]%R[0xe][0xffffff83]j[0xfffffff1]nPbXJ\[0x18]%[0x6]N[0xffffff89][0xffffffe1][0xffffffe2]_[0xffffff9c][0xfffffff7][0xffffffa1]y/[0xc][0xfffffff8][0xffffffc0](1[0xffffff92]([0xffffffa1]Qd([0xffffffe1][0x2][0xffffffc9]PBcYO[0xffffff89]5[0xffffff9c][0xffffffd5][0xffffff94]X#[0xffffff9a]D[0x9]S[0xffffff9e],%l[0xffffff97][0xffffffb2][0xffffff94]0[0xffffffd5][0xffffffca]QB[0xffffff9a][0xffffff96][0xffffffa2][0xffffff84][0x14][0xffffffef][0x6]%[0xffffffdc][0xffffffae][0xffffffc4]}[0xffffffbc][0xffffffa8][0xffffffb5][0xffffffcb][0xffffff89][0xffffffef]J[0xffffffcc][0xffffff80]][0xffffff89]i[0xe]?[0x17][0x6][0x1c][0xffffffdb][0xffffff95][0xffffff98]r[0xffffffbc][0xffffff99][0xffffffa4]D[0xffffffc8][0xffffffae][0xffffff84][\r]$C[0xffffff89][0xffffff80]][0x9][0x9]g5%[0xffffff82]w%\y[0xffffffb2][0xffffff94][0xffffffc8][0xffffffdb][0xffffff95]p[0xffffffd5][0xffffffca]Q"eWB[0xffffff8b]w[0xffffff83][0x12][0xffffffee]0[0xffffffe8]=;[0xfffffff6][0xffffffd9]%~[0x18]t[0x6][0x1c][0x6][0xffffff9d][0xffffffe6][0xffffffc4]Ra[0xffffffc0][0xffffffb1][0xffffffc3][0xffffffa0]S[0xffffffce]$[0xffffff91][0xffffff94][0x8]9[0xc]j[0x3][0xffffffc9]P"[0xffffffe0]0[0xffffffa8][0xffffff84][0xffffffb3][0xffffff9a][0x12][0xffffffc1][0xffffff87]A]y[0xffffffb2][0xffffff94][0xffffffc8];[0xc][0xffffffea][0xffffffaa][0xffffff95][0xffffffa3]D[0xffffffca]aP-[0xffffffde]?[0xffffffa6][0xffffffc4]x[0xffffffb9]K[0xffffffc6][0xffffff9f]FQ[0xffffffe2][0xffffffeb]yPJ|?[0x1]K[0xffffff89][0xffffffdf][0xffffffcf]@P[0xffffffe2][0xfffffffb][0xffffffd7][0x9]J[0xfffffffc][0xfffffffa][0xffffffe5][0x4]J[0xffffffb8]([0x12][0xffffff94][0xfffffff0][0xffffff81]$([0xffffffe1]bYM[0x9][\r]g-%4[0xffffffa2]9[0xffffff94][0xffffffb0][0xffffffe5]IR[0xffffffe2]M[0xffffff97][0xffffff92][0xffffff94][0xffffffb0][0xffffffd5]JQ[0xffffffc2]4-C[0x9]S[0xffffffbc][0x1b][0xffffff94]p[0xffffffbb][0x12][0xffffffcf]5[0x1f][0xffffff8a][0x12][0xfffffff4][0xffffffae][0xffffffc4][0xfffffff7][0x13][0xffffffd0][0xffffff94] w%[0xffffffbe][0x7f][0xffffff9d][0xffffffa1]D[0xffffffd0][0xffffffae][0xffffff84][0xffffff8b]"C[0xffffff89][0xffffff94]][0x9][0x17][0xffffffcb]zJ[0xffffffb0][0xffffffbb][0x12][0x1a][0xffffffd1]$J[0xffffff84][0xffffffed]J[0xffffffbc][0xffffffe9]R[0xffffff96][0x12]A[0xffffffbb][0x12][0xffffffa6]i)J[0xfffffffc][0xfffffffd][0xffffffae][0xffffffc4][0xffffffe7][0xffffffbf][0xffffffd1][0xffffffc3]([0xffffffd1]qJ[0xfffffff4][0x0]Jt[0xffffff94][0x12][0x1d][0xffffffa3]DO[0xffffffa2][0xffffffc4][0x1a]E[0xffffff8a][0x12][0x1a]H[0xffffff8a][0x12]k,[0x9]Jt[0xffffff98][0x12]=[0xffffff98][0x12]R[0xffffff9e]4%L[0xffffff97][0xffffffd2][0xffffff94][0xffffff90]j%)[0xffffffd1]S([0xffffffd1][0xffffffff][0xffffff9a][0x12]n[0xffffffa2][0xffffffea]y[0xfffffffa]IQ[0xffffff82][0xffffff9e][0xffffffa8][0xfffffffa]~[0x2][0xffffff9a][0x12][0xffffffe4]D[0xffffffd5][0xfffffff7][0xffffffaf]3[0xffffff94][0x8][0xffffff9a][0xffffffa8]rQd([0xffffff91]2Q[0xffffffe5]bYO[0x9]v[0xffffffa2]J#[0xffffff9a]D[0xffffff89][0xffffffb0][0xffffff89][0xffffffaa]7][0xffffffca]R"h[0xffffffa2][0xffffffca]4-E[0xffffff89][0xffffffbf][0xffffff9f][0xffffffa8][0xfffffffa][0xfffffffc]7[0xffffffcc][[0x9][0xffffff94][0x12][0xfffffff4][[0xffffff89][0x1e][0xfffffff0]V[0xffffffa2]+[0xffffff9d]K[0x3]N[0xffffffbd][0xffffff95][0xffffffe8]Io%4[0xffffff8a][0x14]%R[0xffffffde]Jh,[0x9]J[0xffffffb0]o%[0xffffffd6][0xffffff88]fQ"[0xffffffec][0xffffffad][0xffffff84][0xffffffed]R[0xffffff9a][0x12]Ao%[0xffffffa4]i9J[0xfffffffc][0xfffffffd][[0xffffff89][0xffffffc3][0xffffffbc][0xffffff95][0xffffff98][0xfffffffd]~Q[0xffffff94]8[0xfffffff0][0xffffffb7][0x12]G[0xffffffc0][[0xffffff89]C[0xffffffe9]\[0x18][0xfffffff0][0x3]{+q$[0xffffffbd][0xffffff95][0xffffffd0](2[0xffffff94]p[0xffffff81]d([0xffffffa1][0xffffffb1][0xffffffac][0xffffffa7][0xffffffc4][0x1a][0xffffffce]jJ[0xffffffac][0x11]M[0xffffffa2][0xffffff84])O[0xffffff96][0x12][0xffffffb6]KYJ[0xffffff98]j[0xffffffe5](!MKQB[0xffffff8a]w[0xffffff83][0x12]n8{[0xffffff9e][0xffffffa3]Q[0xffffff94][0xffffffa0][0xffffff87][0xffffffb3][0xffffffbf][0xffffff9f][0xffffff80][0xffffffa6][0x4]9[0xffffff9c][0xfffffffd][0xfffffffd][0xffffffeb][0xc]%[0xffffff82][0xffffff86][0xffffffb3]][0x14][0x19]J[0xffffffa4][0xc]g[0xffffffbb]X[0xffffffd6]S[0xffffff82][0x1d][0xffffffce][0xffffffd6][0xffffff88]&Q"l8[0xfffffffb]M[0xffffff97][0xffffffb2][0xffffff94][0x8][0x1a][0xffffffce]6MKQ[0xffffffe2][0xffffffef][0xffffff87][0xffffffb3][0xffffffc7][0xffffffcb][\r]g[0xffffffcf]1[0xffffffa1][0xffffffb5][0xffffffcb][0xffffffaf][0xffffffe7][0xffffff81])[0xffffffc1][0xf]g[0xffffffff]~[0x6][0xffffff86][0x12][0xffffffd4]p[0xfffffff6][0xffffffaf]_"
19:31:00.717 [main] DEBUG org.apache.hc.client5.http.wire - http-outgoing-1 << "[0xffffffce][0xffffffa0]D[0xffffffc6]p[0xffffffb6][0xf]$C[0x9]~8[[0xffffffc3]YM[0xffffff89][0xffffffdc][0xffffffe1]l[[0xffffff9e],%[0xffffffe2][0xffffff86][0xffffffb3]m[0xffffffb5]r[0xffffff94][0x8][0x19][0xffffffce]6[0xffffffc5][0xffffffbb]E[0x9][0xfffffffd]V[0xffffff82][0xffffffa5][0x4][0xfffffffd][0xffffffad][0xffffffc4][0x15][0xfffffff0][0xffffffad][0xffffffc4][0xffffffa5][0x7f][0xffffffd0]+[\r]8[0xfffffff5][0xffffffad][0xffffffc4][0xffffff95][0xfffffff4][0xffffffad][0xffffff84]F[0xffffff91][0xffffffa2]D[0xffffffca][0xffffffb7][0x12][0x1a]K[0xffffff82][0x12][0xffffffec][0xffffffb7][0x12]kD[0xffffffb3]([0x11][0xfffffff6][0xffffffad][0xffffff84][0xffffffed]R[0xffffff9a][0x12]A[0xffffffdf]JH[0xffffffd3]r[0xffffff94][0xfffffff8][0xfffffffb]o%[0xffffffcc][0x1d][0x1c][0xffffffc7][0xffffffab]S[0xffffffc3][0xffffffd9]_[0xffffffcf][0x3]S[0xffffff82][0xffffffbf][0xffffff83][0xffffffe3][0xfffffff7]30[0xffffff94][0xffffffa0][0xffffffee][0xffffffe0][0xfffffff8][0xfffffff5][0xffffffcb][0x19][0xffffff94][0xffffffc8][0xffffffb8][0xffffff83][0xffffffc3][0x7][0xffffff92][0xffffffa1][0x4][0x7f][0x7][0xffffff87][0xffffff86][0xffffffb3][0xffffff9a][0x12][0xffffffb9]wp[0xffffffd8][0xfffffff2]d)[0x11]w[0x7][0xffffff87][0xffffffad]V[0xffffff8e][0x12]!wp[0xffffff98][0xffffffe2][0xffffffdd][0xffffffa0][0xffffff84][0xffffffb9][0xffffff83][0xffffffe3]x][0xffffffcf]IQ[0xffffff82][0xffffffbe][0xffffff83][0xffffffe3][0xfffffffb][0x9]hJ[0xffffff90]wp|[0xffffffff]:C[0xffffff89][0xffffffa0];8\[0x14][0x19]J[0xffffffa4][0xffffffdc][0xffffffc1][0xffffffe1]bYO[0x9][0xfffffff6][0xe][0xe][0xffffff8d]h[0x12]%[0xffffffc2][0xffffffee][0xffffffe0]x[0xffffffd3][0xffffffa5],%[0xffffff82][0xffffffee][0xffffffe0]0MKQ[0xffffffe2][0xffffffef][0xffffffef][0xffffffe0][0x18][0xffffffaf][0xffffffc7]Q[0xffffffe2]~M[0xffffff8a][0x12][0xf]N[0xffffff89]'[0xffffff80][0x12][0xffffff8f][0xffffffe6][0xffffffbd]0[0xffffffe0][0xf]F[0xffffff89]'[0xffffff89][0x12][0x1a]E[0xffffff86][0x12].[0xffffff90][0xc]%4[0xffffff96][0xfffffff5][0xffffff94]X[0xffffffc3]YM[0xffffff89]5[0xffffffa2]I[0xffffff94]0[0xffffffe5][0xffffffc9]R[0xffffffc2]v)K[0x9]S[0xffffffad][0x1c]%[0xffffffa4]i)JH[0xfffffff1]nP[0xffffffc2]\[0xffffffe7][0xfffffff5]A[0xffffff89][0xffffffeb][0xffffffa6](A_[0xffffffe7][0xfffffff5][0xfffffffd][0x4]4%[0xffffffc8][0xffffffeb][0xffffffbc][0xffffffbe][0x7f][0xffffff9d][0xffffffa1]D[0xffffffd0]u^.[0xffffff8a][0xc]%R[0xffffffae][0xfffffff3]r[0xffffffb1][0xffffffac][0xffffffa7][0x4]{[0xffffff9d][0xffffff97]F4[0xffffff89][0x12]a[0xffffffd7]y[0xffffffbd][0xffffffe9]R[0xffffff96][0x12]A[0xffffffd7]y[0xffffff99][0xffffffa6][0xffffffa5]([0xfffffff1][0x1f]\[0xffffffe7][0xffffffd5][0xffffffcc]u^[0xffffffc7][0xffffffeb]y[0x1d][0x10]%[0x1a]~[0xffffff9d]W[0xb][0xffffffb8][0xffffffce][0xffffffab][0xffffff99];g[0xffffffea][0x2][0xffffffde][0xffffffb0][0xffffffeb][0xffffffbc][0xffffff9a][0xffffffdc]*[0x3]R[0xffffffc2]D[0x11][0xffffffa1][0xffffff84][\r]$B[0x9][0x13][0xffffffcb]rJH8[0xffffff8b])![0x11][\r][0xffffffa2][0xffffff84]+O[0xffffff94][0x12][0xffffffbe]KQJ[0xffffffb8]j[0xffffffc5]([0xffffffa1]M[0xb]QB[0xffffff8b]w[0xffffff83][0x12][0xffffffe6]:[0xffffffaf][0xf]J[0xc]j[0xffffffa2][0xffffffaa][0xffffffe1][0xffffffd7]y[0xffffffb5][0xffffff80][0xffffffeb][0xffffffbc][0xffffff9a][0xffffffb9]s[0xffffffa6]0[0xffffffe0][0xffffffd8]u^Mn[0xffffff95]!)[0x11]r[0xffffff9d][0xffffff97][\r]$C[0xffffff89][0xffffff80][0xffffffeb][0xffffffbc]$[0xffffff9c][0xffffffd5][0xffffff94][0x8][0xffffffbe][0xffffffce][0xffffffcb][0xffffff95]'K[0xffffff89][0xffffffbc][0xffffffeb][0xffffffbc]\[0xffffffb5]r[0xffffff94]H[0xffffffb9][0xffffffce]K[0xffffff8b]w[0xffffff83][0x12][0xffffffe6][0xe][0xffffff8e][0xffffffa3][0xffffffbd]^[0xffffffd4][0x1f]8[0x1a]~[0x7]G[0xb][0xffffffb8][0xffffff83][0xffffffa3][0xffffff99][0xffffffa1][0xfffffff8][0xffffffc2][0xffffff80]cwp4[0xffffff99][0xffffff82]')[0x11]r[0x7][0xffffff87][\r]$C[0xffffff89][0xffffff80];8$[0xffffff9c][0xffffffd5][0xffffff94][0x8][0xffffffbe][0xffffff83][0xffffffc3][0xffffff95]'K[0xffffff89][0xffffffbc];8\[0xffffffb5]r[0xffffff94]H[0xffffffb9][0xffffff83]C[0xffffff8b]w[0xffffff83][0x12]f8[0xfffffffb]h[0xffffffe7]C[0xffffffdd][0xc][0xffffffda][0xfffffff0][0xffffffe1][0xffffffec][0x16]0[0xffffff9c][0xffffffdd][0xffffffcc][0xffffffba]ka[0xffffffc0][0xffffffb1][0xffffffe1][0xffffffec]&[0xfffffffb][0xffffffad]$%B[0xffffff86][0xffffffb3]m [0x19]J[0x4][0xc]gK8[0xffffffab])[0x11]<[0xffffff9c][0xffffffed][0xffffffca][0xffffff93][0xffffffa5]D[0xffffffde]p[0xffffffb6][0xffffffab]V[0xffffff8e][0x12])[0xffffffc3][0xffffffd9]Z[0xffffffbc][[0xffffff94][0xffffffb8][0xffffffc2](q[0xffffffe1][0xffffff94][0xffffffb8][0x2](q[0xffffffa1][0xffffff94][0xffffffb8]0J\I[0xffffff94]X[0xffffffa3]HQB[0x3]IQb[0xffffff8d]%A[0xffffff89][0xb][0xffffffa6][0xffffffc4][0x15]L[0x9])O[0xffffff9a][0x12][0xffffffa6]KiJH[0xffffffb5][0xffffff92][0xffffff94][0xffffffb8]R(q[0xfffffffd][0x7][0xffffff94]hO[0xffffff98]%[0xffffffda][0xffffff83]c[0xffffffe2][0xffffffe3][0x11]xM[0xfffffffc]x[0x8][0xffffff8a][0x13][0x1f]?Oy[0xffffffe2][0xfffffffb][0xffffffa7]S@!y[0xffffffa4]DaRI[0xffffff91]B[0xffffffb2]I[0xffffff98]bIh=*[0xffffff96][0xffffff9c]f[0xffffffa9]Bk[0xffffff94]f[0xffffff85]kU[0xffffffda][0x15]Z[0xffffffb2]$,[0xffffffd6][0xffffffce][0xffffffe5]d[0xffffffb1]V[0xfffffff0][0x16]-[0xffffff8e][0x11]F[0xffffff8b]c[0xffffffe0][0xffffffb4][0xfffffff8]x[0x4][0xffffff9e][0x16]?[0x1e][0xffffff82][0xffffffa2][0xffffffc5][0xffffffc7][0xffffffcf]S[0xffffffb4][0xfffffff8][0xfffffffe][0xffffffe9][0x14]ZH[0x1e])Z[0xffffff98]TR[0xffffffb4][0xffffff90]l[0x12][0xffffffb4]X[0x12]ZO[0xffffff8b]%[0xffffffa7]Y[0xffffffb4][0xffffffd0][0x1a][0xffffffa5]i[0xffffffe1]Z[0xffffff95][0xffffffa6][0xffffff85][0xffffff96],I[0xffffff8b][0xffffffb5]s9Z[0xffffffac][0x15][0xffffffbc]E[0xffffff8b][0xffffffaf][0xffffffe5][0xffffffcb]$Z<'N[0xffffff8b][0xffffff8f]G[0xffffffe0]i[0xfffffff1][0xffffffe3]!(Z|[0xfffffffc]<E[0xffffff8b][0xffffffef][0xffffff9f]N[0xffffffa1][0xffffff85][0xffffffe4][0xffffff91][0xffffffa2][0xffffff85]I%E[0xb][0xffffffc9]&A[0xffffff8b]%[0xffffffa1][0xfffffff5][0xffffffb4]Xr[0xffffff9a]E[0xb][0xffffffad]Q[0xffffff9a][0x16][0xffffffae]UiZh[0xffffffc9][0xffffff92][0xffffffb4]X;[0xffffff97][0xffffffa3][0xffffffc5]Z[0xffffffc1]{[0xffffffb4]H{k[0xfffffff1][0xfffffff0]o-[0xffffff9e][0xffffff84][0xffffffb7][0x16][0xf][0xfffffffb][0xffffffd6][0xffffffe2][0xffffffe1][0xffffffde]Z<Qo-$[0xffffff8f][0x18]-r[0xffffffde]ZH6[0x11]Z[0xffffffd0]o-[0xffffff9e][0xffffffe4][0xffffffb7][0x16]Z[0xffffffa3]8-[0x2][0xffffffdf]Zh[0xffffffc9][0xffffffa2][0xffffffb4][0xffffff88]yk[0xffffffb1]V[0xfffffff0][0x16]-Z[0xffffff9b]a[0xffffffb6][0xfffffff8]x"[0x1c][0x17][0xffffff9f][0xffffffcf][0xffffffc0][0xffffffeb][0xffffffe2][0xffffffe7]SP[0xffffffbc][0xfffffff8][0xfffffffc]}[0xffffffca][0x17]?~;[0x5][0x18][0x1a]JJ[0x18].[0xffffff9a][0x14]14[0xffffffa0][0xffffff84]1[0xffffffd6][0xffffff98][0xffffffd6]#c[\r]k[0xffffff96]2L[0xffffffa1][0xffffffd2][0xffffffcc][0xffffffb0][0xfffffffd]J;[0xffffffc3][0xffffffd4]-[0x9][\r]i_N[0x1a]R[0xffffffc6]{[0xffffffd4]8[0xffffffee]4j[0x1c]7O[0xffffff8d][0xffffff8f]g[0x8][0xffffffa0][0xffffffc6][0xffffff8f][0xffffffa7][0xffffffc0][0xffffffa8][0xfffffff1][0xfffffff1][0xfffffffb][0x18]5[0xffffffbe][0x7f];[0xffffff86][0x1a][0x12]J[0xffffff8c][0x1a]&[0xffffff9a][0x18]5$[0xffffffa0][0x8]5[0xffffff96][0xffffff98][0x2][0xffffffd4]X[0xffffffc2][0x1a]F[\r]-T[0xffffff9c][0x1a][0xffffffae]_qjh[0xffffffdd][0xffffffa2][0xffffffd4]X[0xffffffdb][0x17][0xffffffa4][0xffffffc6]Z[0xffffffc6][0x7f]B[0xffffff8d][0xfffffff9][0xfffffffd][0xffffffaf][0xffffff9c]f[0xffffffd7][0xffffffa2][0xffffffbf][0xffffff80][0xffffffeb][0xffffffc4]~?[0xf][0xffffffc5][0xffffff8c][0x7f]<[0x1][0xffffff86][0xffffff8c][0xffffffe5][0x19][0xffffff8a][0xffffff89][0xfffffff1][0xffffff8f]_/[0x6][0xffffffc6][0xffffffff][0xfffffffe]2[0xffffffcc][0xffffff8b][0xffffffb7]Q,[0xffffffc6][0xffffffc5][0xffffffbf][0x4][0xffffffb2][0xffffff98][0x16]ocY[0x8][0xffffff8b]7[0xffffffe1],c[0xffffffc5][0xffffff9b][0xffffff88]F[0xffffffa0][0xffffffe2]}yB[0xffffffa4][0xfffffff8][0xffffffb7].[0xffffff85]@[0xfffffff1][0xffffffbe]Z[0x1]N[0xffffffbc]k[0xffffffda]rL[0xffffffbc]+[0xffffffde]-J[0x1c]a[0xffffff94]8pJ[0x1c][0x1][0xffffff94]8PJ[0x1c][0x18]%[0xffffff8e]$J[0xffffffac]Q[0xffffffa4]([0xffffffa1][0xffffff81][0xffffffa4]([0xffffffb1][0xffffffc6][0xffffff92][0xffffffa0][0xffffffc4][0x1]S[0xffffffe2][0x8][0xffffffa6][0xffffff84][0xffffff94]'M[0x9][0xffffffd3][0xffffffa5]4%[0xffffffa4]ZIJ[0x1c])[0xffffff94]8[0xfffffffe][0xffffff9a][0x12][0xffffff97]{+[0xffffffd1][0xffffffe7][0xffffffa0](q[0xffffffe1]o%[0xffffffae][0xffffff80][0xffffffb7][0x12][0xffffff97][0xffffffd2][0xffffffb9]0[0xffffffe0][0x17][0xfffffff6]V[0xffffffe2]Jz+[0xffffffa1]Qd([0xffffffe1][0x2][0xffffffc9]PBcYO[0xffffff89]5[0xffffff9c][0xffffffd5][0xffffff94]X#[0xffffff9a]D[0x9]S[0xffffff9e],%l[0xffffff97][0xffffffb2][0xffffff94]0[0xffffffd5][0xffffffca]QB[0xffffff9a][0xffffff96][0xffffffa2][0xffffff84][0x14][0xffffffef][0x6]%[0xffffff86][0xffffffa3][0xffffffc4][0xffffffdd][0xffffffea]o&[0xfffffffd][0xfffffffd]<0%F[0x0]%[0xffffff86][0xffffffe6][0xffffffbd]0[0xffffffe0][0x3][0xffffffa3][0xffffffc4]H[0xffffffa2][0xffffff84]F[0xffffff91][0xffffffa1][0xffffff84][0xb]$C[0x9][0xffffff8d]e=%[0xffffffd6]pVSb[0xffffff8d]h[0x12]%Ly[0xffffffb2][0xffffff94][0xffffffb0]][0xffffffca]R[0xffffffc2]T+G[0x9]iZ[0xffffff8a][0x12]R[0xffffffbc][0x1b][0xffffff94][0xffffffb8][0x1d]%&G[0xffffff89][0x1b][0xffffffa7][0xffffffc4][0x1d]@[0xffffff89][[0xfffffff3]^[0x18][0xfffffff0][0x1b][0xffffffa3][0xffffffc4][0xffffff9d]D[0x9][0xffffff8d]"C[0x9][0x17]H[0xffffff86][0x12][0x1a][0xffffffcb]zJ[0xffffffac][0xffffffe1][0xffffffac][0xffffffa6][0xffffffc4][0x1a][0xffffffd1]$J[0xffffff98][0xfffffff2]d)a[0xffffffbb][0xffffff94][0xffffffa5][0xffffff84][0xffffffa9]V[0xffffff8e][0x12][0xffffffd2][0xffffffb4][0x14]%[0xffffffa4]x7([0xfffffff1][0x18]J|`[0xffffffa2][0xfffffffe]|[0xffffffc7][0xffffffef][0xffffffe7][0xffffff81])[0xfffffff1][0x4]P[0xffffffe2][0xffffffd1][0xffffffbc][0x17][0x6][0xfffffffc][0xffffffc1]([0xfffffff1]$QB[0xffffffa3][0xffffffc8]P[0xffffffc2][0x5][0xffffff92][0xffffffa1][0xffffff84][0xffffffc6][0xffffffb2][0xffffff9e][0x12]k8[0xffffffab])[0xffffffb1]F4[0xffffff89][0x12][0xffffffa6]<YJ[0xffffffd8].e)a[0xffffffaa][0xffffff95][0xffffffa3][0xffffff84]4-E[0x9])[0xffffffde][\r]JLG[0xffffff89][0xffffff8b][0xffffffa3][0xffffffc4][0xffffffc4])1[0x3](15[0xffffffef][0xffffff85][0x1][0xffffff9f][0x18]%f[0x12]%4[0xffffff8a][0xc]%\ [0x19]Jh,[0xffffffeb])[0xffffffb1][0xffffff86][0xffffffb3][0xffffff9a][0x12]kD[0xffffff93](a[0xffffffca][0xffffff93][0xffffffa5][0xffffff84][0xffffffed]R[0xffffff96][0x12][0xffffffa6]Z9JH[0xffffffd3]R[0xffffff94][0xffffff90][0xffffffe2][0xfffffffd]sJ[0xfffffff4][0xffffff97][0xffffffa3][0xffffffc4]3^[0x10]%>[0xffffff9f][0xffffff87][0xffffffa5][0xffffffc4][0xffffffd7][0x13][0xffffffc0][0xffffff94][0xfffffff8][0xfffffff5][0xc][0x8]%[0xffffffbe]~[0x1d][0xffffffa1][0xffffffc4][0xffffffcf]_[0xffffff8e][0xffffffa0][0xffffff84][0xffffff89]"B[0x9][0x1b]H[0xffffff84][0x12]&[0xffffff96][0xffffffe5][0xffffff94][0xffffff90]p[0x16]SB"[0x1a]D[0x9]W[0xffffff9e](%|[0xffffff97][0xffffffa2][0xffffff94]p[0xffffffd5][0xffffff8a]QB[0xffffff9b][0x16][0xffffffa2][0xffffff84][0x16][0xffffffef][0x6]%[0xffffffba][0xffffffa3][0xffffffc4][0xffffffbc][0x1b]E[0xffffff89][0xffffff8e]S[0xffffffa2][0x7]P[0xffffffa2]k[0xffffffde][0xb][0x3][0xffffffde]1J[0xfffffff4]$Jh[0x14][0x19]J[0xffffffb8]@2[0xffffff94][0xffffffd0]X[0xffffffd6]Sb[\r]g5%[0xffffffd6][0xffffff88]&Q[0xffffffc2][0xffffff94]'K[0x9][0xffffffdb][0xffffffa5],%L[0xffffffb5]r[0xffffff94][0xffffff90][0xffffffa6][0xffffffa5](![0xffffffc5][0xffffffbb]A[0xffffff89][0xffffffc3]Rb^[0x14]%[0xe][0xffffff9c][0x12]G[0x0]%[0xe][0xffffffcd]{a[0xffffffc0][0xf][0xffffff8c][0x12]G[0x12]%4[0xffffff8a][0xc]%\ [0x19]Jh,[0xffffffeb])[0xffffffb1][0xffffff86][0xffffffb3][0xffffff9a][0x12]kD[0xffffff93](a[0xffffffca][0xffffff93][0xffffffa5][0xffffff84][0xffffffed]R[0xffffff96][0x12][0xffffffa6]Z9JH[0xffffffd3]R[0xffffff94][0xffffff90][0xffffffe2][0xffffffdd][0xffffffa0][0xffffff84][[0xffffffbb]<_[0xffffff83][0xfffffffa]V[0xffffffa2][0xffffffe3]k[0xffffff97]=`[0xffffffed][0xffffffb2][0xffffff9b]I[0xffffffb6][0xffffffc2][0xffffff80]ck[0xffffff97]]F[0xffffffd7]HJ[0xffffff84][0xffffffac]][0xffffffda]@2[0xffffff94][0x8]X[0xffffffbb][0xffffff94]pVS"x[0xffffffed][0xffffffd2][0xffffff95]'K[0xffffff89][0xffffffbc][0xffffffb5]KW[0xffffffad][0x1c]%R[0xffffffd6].[0xffffffb5]x7([0xffffffe1]&[0xffffffaa][0xffffffce][0xfffffffe][0xffffffa2][0xe][0xffffff83]v|[0xffffffa2][0xffffffaa][0x7]LTu[0xffffffb3][0xffffffa3]R[0x18]pl[0xffffffa2][0xffffffaa][0xffffffcb]R[\n]"
19:31:00.729 [main] DEBUG org.apache.hc.client5.http.wire - http-outgoing-1 << "I[0xffffff89][0xffffff90][0xffffff89]*[0x1b]H[0xffffff86][0x12][0x1][0x13]U[0x12][0xffffffce]jJ[0x4]OT[0xffffffb9][0xfffffff2]d)[0xffffff91]7Q[0xffffffe5][0xffffffaa][0xffffff95][0xffffffa3]D[0xffffffca]D[0xffffff95][0x16][0xffffffef][0x6]%[0xffffffdc]D[0xffffffd5]y[0xffffff8d]NQ[0x2][0xffffff9f][0xffffffa8][0xffffffea][0x1][0x13]U[0xffffffdd][0xffffffec][0xffffffa8][0x14][0x6][0x1c][0xffffff9b][0xffffffa8][0xffffffea][0xffffffb2][0xffffff94]BR"d[0xffffffa2][0xffffffca][0x6][0xffffff92][0xffffffa1]D[0xffffffc0]D[0xffffff95][0xffffff84][0xffffffb3][0xffffff9a][0x12][0xffffffc1][0x13]U[0xffffffae]<YJ[0xffffffe4]MT[0xffffffb9]j[0xffffffe5]([0xffffff91]2Q[0xffffffa5][0xffffffc5][0xffffffbb]A[0x9][0xffffffb7]+q[0xfffffff5][0x17][0xfffffff6][0xffffffad][0x4][0xffffffbe]+[0xffffffd1][0x3]v%[0xffffffba]9[0xfffffffc]\[0x18]plW[0xffffffa2][0xffffffcb][0xfffffff1]f[0xffffff92][0x12]![0xffffffbb][0x12]6[0xffffff90][0xc]%[0x2]v%$[0xffffff9c][0xffffffd5][0xffffff94][0x8][0xffffffde][0xffffff95]p[0xffffffe5][0xffffffc9]R"oW[0xffffffc2]U+G[0xffffff89][0xffffff94]][0x9]-[0xffffffde]-J[0xffffffe8]u^,%[0xffffffe0][0xffffffeb][0xffffffbc][0xffffffbe][0xffffff9e][0xffffff80][0xffffffa7][0x4]x[0xffffff9d][0xffffffd7][0xffffffd7][0xffffffaf]S[0xffffff94][0xffffffc8][0xffffffb9][0xffffffce][0xffffffcb]D[0xffffff91][0xffffffa2]D[0xffffffc8]u^&[0xffffff96][0x4]%[0xffffffd0][0xffffffeb][0xffffffbc]$[0xffffffa2]Y[0xffffff94][0xffffffc8][0xffffffba][0xffffffce][0xffffffcb]w)M[0xffffff89][0xffffff9c][0xffffffeb][0xffffffbc][0xffffffb4]i9J[0xfffffffc][0xfffffff5]u^[0xffffff9f][0xffffffff]G)q<[0xffffffd8][0x1f]8&[0xfffffffe]Vb[0x6][0xffffffbc][0xffffff95][0xffffff98]J[0xffffffe7][0xffffffc2][0xffffff80]O[0xffffffec][0xffffffad][0xffffffc4]Lz+[0xffffffa1]Qd([0xffffffe1][0x2][0xffffffc9]PBcYO[0xffffff89]5[0xffffff9c][0xffffffd5][0xffffff94]X#[0xffffff9a]D[0x9]S[0xffffff9e],%l[0xffffff97][0xffffffb2][0xffffff94]0[0xffffffd5][0xffffffca]QB[0xffffff9a][0xffffff96][0xffffffa2][0xffffff84][0x14][0xffffffef][0xffffff9f]S[0xffffffe2]p[0x13]U[0xffffffd7][0xfffffffd][0xffffff9c][0x10]%[0xe]|[0xffffffa2][0xffffffea][0x8][0xffffff98][0xffffffa8]:[0xffffffcc][0xffffff8e]J][0xffffffc0][0xf]l[0xffffffa2][0xffffffea][0xffffff90][0xffffffa5][0x14][0xffffff90][0x12]&[0xffffff8a][0x8]%l [0x11]J[0xffffff98]X[0xffffff96]SB[0xffffffc2]YL[0x9][0xffffff89]h[0x10]%\y[0xffffffa2][0xffffff94][0xfffffff0]][0xffffff8a]R[0xffffffc2]U+F[0x9]mZ[0xffffff88][0x12]Z[0xffffffbc][0x1b][0xffffff94]p[0x13]U[0xffffffe3]x[0xffffffa8][0xffffffc3][0xffffffa0][0x7]>Qu[0x4]LT[0x1d]fG[0xffffffa5]0[0xffffffe0][0xffffffd8]D[0xffffffd5]!K)$%B&[0xffffffaa]l [0x19]J[0x4]LTI8[0xffffffab])[0x11]<Q[0xffffffe5][0xffffffca][0xffffff93][0xffffffa5]D[0xffffffde]D[0xffffff95][0xffffffab]V[0xffffff8e][0x12])[0x13]UZ[0xffffffbc][0x1b][0xffffff94]p[0x13]U[0xffffffe3]zQ[0xffffffc3][0xffffffd9][0x7]>Qu[0x4]LT[0x1d]fG[0xffffffa5]0[0xffffffe0][0xffffffd8]D[0xffffffd5]!K)$%B&[0xffffffaa]l [0x19]J[0x4]LTI8[0xffffffab])[0x11]<Q[0xffffffe5][0xffffffca][0xffffff93][0xffffffa5]D[0xffffffde]D[0xffffff95][0xffffffab]V[0xffffff8e][0x12])[0x13]UZ[0xffffffbc][0x1b][0xffffff94]p[0x13]Uc[0xffffffb6][0xffffff93][0xffffffa2][0x4]>Qu[0x4]LT[0x1d]fG[0xffffffa5]0[0xffffffe0][0xffffffd8]D[0xffffffd5]!K)$%B&[0xffffffaa]l [0x19]J[0x4]LTI8[0xffffffab])[0x11]<Q[0xffffffe5][0xffffffca][0xffffff93][0xffffffa5]D[0xffffffde]D[0xffffff95][0xffffffab]V[0xffffff8e][0x12])[0x13]UZ[0xffffffbc][0x1b][0xffffff94]p[0x13]Uc[0xffffffde][0xffffffd4]g[0xffffff97][0x7]>Qu[0x4]LT[0x1d]fG[0xffffffa5]0[0xffffffe0][0xffffffd8]D[0xffffffd5]!K)$%B&[0xffffffaa]l [0x19]J[0x4]LTI8[0xffffffab])[0x11]<Q[0xffffffe5][0xffffffca][0xffffff93][0xffffffa5]D[0xffffffde]D[0xffffff95][0xffffffab]V[0xffffff8e][0x12])[0x13]UZ[0xffffffbc][0x1b][0xffffff94][0xffffffb8][\r]%[0xffffffee][0xffffffd7]E][0xffffffe7][0xfffffff5][0xfffffff9]<0%[0xffffffee][0x0]J[0xffffffdc][0xffffff9a][0xfffffff7][0xffffffc2][0xffffff80][0xffffffdf][0x18]%[0xffffffee]$Jh[0x14][0x19]J[0xffffffb8]@2[0xffffff94][0xffffffd0]X[0xffffffd6]Sb[\r]g5%[0xffffffd6][0xffffff88]&Q[0xffffffc2][0xffffff94]'K[0x9][0xffffffdb][0xffffffa5],%L[0xffffffb5]r[0xffffff94][0xffffff90][0xffffffa6][0xffffffa5](![0xffffffc5][0xffffffbb]A[0x9]7Qu[0xffffffb7][0xffffff86]}+[0xffffff81]OT[0x1d][0x1][0x13]U[0xffffff87][0xffffffd9]Q)[0xc]86Qu[0xffffffc8]R[\n]"
19:31:00.730 [main] DEBUG org.apache.hc.client5.http.wire - http-outgoing-1 << "I[0xffffff89][0xffffff90][0xffffff89]*[0x1b]H[0xffffff86][0x12][0x1][0x13]U[0x12][0xffffffce]jJ[0x4]OT[0xffffffb9][0xfffffff2]d)[0xffffff91]7Q[0xffffffe5][0xffffffaa][0xffffff95][0xffffffa3]D[0xffffffca]D[0xffffff95][0x16][0xffffffef][0x6]%[0xffffffa6][0xffffffa3]D[0xffffffbf]O[0xffffff8a][0x12][0x13][0xffffffa7][0xffffffc4][0xc][0xffffffa0][0xffffffc4][0xffffffd4][0xffffffbc][0x17][0x6]|b[0xffffff94][0xffffff98]I[0xffffff94][0xffffffd0](2[0xffffff94]p[0xffffff81]d([0xffffffa1][0xffffffb1][0xffffffac][0xffffffa7][0xffffffc4][0x1a][0xffffffce]jJ[0xffffffac][0x11]M[0xffffffa2][0xffffff84])O[0xffffff96][0x12][0xffffffb6]KYJ[0xffffff98]j[0xffffffe5](!MKQB[0xffffff8a][0xfffffff7][0xffffffcf])q[0xffffffba]][0xffffff89][0xfffffffb][0xffffffc2]v%N|W[0xffffffe2][0xc][0xffffffd8][0xffffff95]8[0xffffffcd][0xffffffe1][0xffffffe7][0xffffffba][0xffffff80][0xffffff9f][0xffffffd8][0xffffffae][0xffffffc4])[0xffffffc7][0xffffff9b]AJ[0xffffff98]("[0xffffff94][0xffffffb0][0xffffff81]D(abYN[0x9][0x9]g1%$[0xffffffa2]A[0xffffff94]p[0xffffffe5][0xffffff89]R[0xffffffc2]w)J[0x9]W[0xffffffad][0x18]%[0xffffffb4]i!Jh[0xfffffff1]nP[0xffffffc2][0xffffffed]J<[0xffffffbd]M[0xffffff8a][0x12][0xfffffff8][0xffffffae][0xffffffc4][0x19][0xffffffb0]+q[0xffffff9a][0xffffffc3][0xffffffcf][0xffffff85][0x1][0xffffffc7]v%N9[0xffffffde]LR"dW[0xffffffc2][0x6][0xffffff92][0xffffffa1]D[0xffffffc0][0xffffffae][0xffffff84][0xffffff84][0xffffffb3][0xffffff9a][0x12][0xffffffc1][0xffffffbb][0x12][0xffffffae]<YJ[0xffffffe4][0xffffffed]J[0xffffffb8]j[0xffffffe5]([0xffffff91][0xffffffb2]+[0xffffffa1][0xffffffc5][0xffffffbb]A[0x9][0xffffffb7]+[0xfffffff1][0xffffff9c][0x7]F[0x9]|W[0xffffffe2][0xc][0xffffffd8][0xffffff95]8[0xffffffcd][0xffffffe1][0xffffffe7][0xffffffc2][0xffffff80]c[0xffffffbb][0x12][0xffffffa7][0x1c]o&)[0x11][0xffffffb2]+a[0x3][0xffffffc9]P"`WB[0xffffffc2]YM[0xffffff89][0xffffffe0]][0x9]W[0xffffff9e],%[0xfffffff2]v%\[0xffffffb5]r[0xffffff94]H[0xffffffd9][0xffffff95][0xffffffd0][0xffffffe2][0xffffffdd][0xffffffa2]D[0xf][0xffffffa3]D[0xffffffc7])[0xffffffd1][0x3]([0xffffffd1]QJt[0xffffff8c][0x12]=[0xffffff89][0x12]k[0x14])Jh )J[0xffffffac][0xffffffb1]$([0xffffffd1]aJ[0xfffffff4]`JHy[0xffffffd2][0xffffff94]0]JSB[0xffffffaa][0xffffff95][0xffffffa4]DO[0xffffffa1]D[0xffffffff]kJ[0xffffffb8][0xffffff89][0xffffffaa][0xffffffe7][0xffffffe9]7E[0x9]|[0xffffffa2][0xffffffea][0xc][0xffffff98][0xffffffa8]:[0xffffffcd][0xffffff8e]Ja[0xffffffc0][0xffffffb1][0xffffff89][0xffffffaa]S[0xffffff96]RHJ[0xffffff84]LT[0xffffffd9]@2[0xffffff94][0x8][0xffffff98][0xffffffa8][0xffffff92]pVS"x[0xffffffa2][0xffffffca][0xffffff95]'K[0xffffff89][0xffffffbc][0xffffff89]*W[0xffffffad][0x1c]%R&[0xffffffaa][0xffffffb4]x7([0xffffffe1]&[0xffffffaa][0xffffffe6][0xffffffab][0xffffff9f][0x14]%[0xfffffff0][0xffffff89][0xffffffaa]3`[0xffffffa2][0xffffffea]4;*[0xffffff85][0x1][0xffffffc7]&[0xffffffaa]NYJ!)[0x11]2Qe[0x3][0xffffffc9]P"`[0xffffffa2]J[0xffffffc2]YM[0xffffff89][0xffffffe0][0xffffff89]*W[0xffffff9e],%[0xfffffff2]&[0xffffffaa]\[0xffffffb5]r[0xffffff94]H[0xffffff99][0xffffffa8][0xffffffd2][0xffffffe2][0xffffffdd][0xffffffa0][0xffffffc4]p[0xffffff94]8[0xfffffffb][0xffffffa0](1pJ[0xffffff8c][0x0]J[0xc][0xffffffcd]{a[0xffffffc0][0x7]F[0xffffff89][0xffffff91]D[0x9][0xffffff8d]"C[0x9][0x17]H[0xffffff86][0x12][0x1a][0xffffffcb]zJ[0xffffffac][0xffffffe1][0xffffffac][0xffffffa6][0xffffffc4][0x1a][0xffffffd1]$J[0xffffff98][0xfffffff2]d)a[0xffffffbb][0xffffff94][0xffffffa5][0xffffff84][0xffffffa9]V[0xffffff8e][0x12][0xffffffd2][0xffffffb4][0x14]%[0xffffffa4]x7([0xffffffe1][0xffffffd6].[0xffffffe7]h[0xffffffd8][0x1f]8[0xfffffff0][0xffffffb5][0xffffffcb]3`[0xffffffed][0xfffffff2]4[0xffffff93]l[0xffffff85][0x1][0xffffffc7][0xffffffd6].O[0x19]]#)[0x11][0xffffffb2]vi[0x3][0xffffffc9]P"`[0xffffffed]R[0xffffffc2]YM[0xffffff89][0xffffffe0][0xffffffb5]KW[0xffffff9e],%[0xfffffff2][0xffffffd6].][0xffffffb5]r[0xffffff94]HY[0xffffffbb][0xffffffd4][0xffffffe2][0xffffffdd][0xffffffa0][0xffffff84][[0xffffffbb][0xffffff9c]sb[0xffffff94][0xffffffc0][0xffffffd7].[0xffffffcf][0xffffff80][0xffffffb5][0xffffffcb][0xffffffd3]L[0xffffffb2][0x15][0x6][0x1c][[0xffffffbb]<et[0xffffff8d][0xffffffa4]D[0xffffffc8][0xffffffda][0xffffffa5][\r]$C[0xffffff89][0xffffff80][0xffffffb5]K[0x9]g5%[0xffffff82][0xffffffd7].]y[0xffffffb2][0xffffff94][0xffffffc8][[0xffffffbb]t[0xffffffd5][0xffffffca]Q"e[0xffffffed]R[0xffffff8b]w[0xffffff83][0x12]S)q[0xffffffbe]^[0xffffffe3][0xffffffa0](1qJ[0xffffffcc][0x0]JL[0xffffffcd]{a[0xffffffc0]'F[0xffffff89][0xffffff99]D[0x9][0xffffff8d]"C[0x9][0x17]H[0xffffff86][0x12][0x1a][0xffffffcb]zJ[0xffffffac][0xffffffe1][0xffffffac][0xffffffa6][0xffffffc4][0x1a][0xffffffd1]$J[0xffffff98][0xfffffff2]d)a[0xffffffbb][0xffffff94][0xffffffa5][0xffffff84][0xffffffa9]V[0xffffff8e][0x12][0xffffffd2][0xffffffb4][0x14]%[0xffffffa4]x[0xffffffff][0xffffff9c][0x12][0xffffff97]Y[0xffffffbb]<_[0xffffffed]E[0x1d][0x6][0xffffffbd][0xfffffff0][0xffffffb5][0xffffffcb]+`[0xffffffed][0xfffffff2]2[0xffffff93]lu[0x1][0xffffffbf][0xffffffb0][0xffffffb5][0xffffffcb]KF[0xffffffd7]@J[0xffffff98]("[0xffffff94][0xffffffb0][0xffffff81]D(abYN[0x9][0x9]g1%$[0xffffffa2]A[0xffffff94]p[0xffffffe5][0xffffff89]R[0xffffffc2]w)J[0x9]W[0xffffffad][0x18]%[0xffffffb4]i!Jh[0xfffffff1]nP[0xffffffa2]YJ[0xffffff8c]NQ[0xffffffa2][0xffffffe1][0xffffff94]h[0x1][0xffffff94]h[0xffffff9a][0xfffffff7][0xffffffc2][0xffffff80]7[0xffffff8c][0x12]-[0xffffff89][0x12][0x1a]E[0xffffff86][0x12].[0xffffff90][0xc]%4[0xffffff96][0xfffffff5][0xffffff94]X[0xffffffc3]YM[0xffffff89]5[0xffffffa2]I[0xffffff94]0[0xffffffe5][0xffffffc9]R[0xffffffc2]v)K[0x9]S[0xffffffad][0x1c]%[0xffffffa4]i)JH[0xfffffff1]nP[0xffffffc2][0xc]g[0xffffff9f]/n8[0xfffffffb][0xffffffc2][0xffffff87][0xffffffb3][0xffffffaf][0xffffff80][0xffffffe1][0xffffffec][0xffffffcb][0xffffffac][0xffffffbb][0x16][0x6][0x1c][0x1b][0xffffffce][0xffffffbe]d[0xffffffbf][0xffffff95][0xffffffa4]D[0xffffffc8]p[0xffffffb6][\r]$C[0xffffff89][0xffffff80][0xffffffe1]l[0x9]g5%[0xffffff82][0xffffff87][0xffffffb3]]y[0xffffffb2][0xffffff94][0xffffffc8][0x1b][0xffffffce]v[0xffffffd5][0xffffffca]Q"e8[[0xffffff8b]w[0xffffff83][0x12]f8[0xfffffffb]|[0x1d][0xffffff83]:[0xc]z[0xffffffe1][0xffffffc3][0xffffffd9]W[0xffffffc0]p[0xfffffff6]e[0xffffffd6]][0xb][0x3][0xffffff8e][\r]g_[0xffffffb2][0xffffffdf]JR"d8[0xffffffdb][0x6][0xffffff92][0xffffffa1]D[0xffffffc0]p[0xffffffb6][0xffffff84][0xffffffb3][0xffffff9a][0x12][0xffffffc1][0xffffffc3][0xffffffd9][0xffffffae]<YJ[0xffffffe4][\r]g[0xffffffbb]j[0xffffffe5]([0xffffff91]2[0xffffff9c][0xffffffad][0xffffffc5][0xffffffbb]A[0x9][0xffffffb3]vy[0xffffffbe][0xffffffee][0xffffff8b]:[0xffffffc1]q[0xffffffe1]k[0xffffff97]W[0xffffffc0][0xffffffda][0xffffffe5]e&[0xffffffd9][\n]"
19:31:00.730 [main] DEBUG org.apache.hc.client5.http.wire - http-outgoing-1 << "[0x3][0xffffff8e][0xffffffad]]^2[0xffffffba]FR"d[0xffffffed][0xffffffd2][0x6][0xffffff92][0xffffffa1]D[0xffffffc0][0xffffffda][0xffffffa5][0xffffff84][0xffffffb3][0xffffff9a][0x12][0xffffffc1]k[0xffffff97][0xffffffae]<YJ[0xffffffe4][0xffffffad]][0xffffffba]j[0xffffffe5]([0xffffff91][0xffffffb2]v[0xffffffa9][0xffffffc5][0xffffffbb]A[0x9]3Qu[0xffffffb6][0xfffffff3]E[0xffffff9d][0xffffffe0][0xffffffb8][0xfffffff0][0xffffff89][0xffffffaa]+`[0xffffffa2][0xffffffea]2;*[0xffffff85][0x1][0xffffffc7]&[0xffffffaa].YJ!)[0x11]2Qe[0x3][0xffffffc9]P"`[0xffffffa2]J[0xffffffc2]YM[0xffffff89][0xffffffe0][0xffffff89]*W[0xffffff9e],%[0xfffffff2]&[0xffffffaa]\[0xffffffb5]r[0xffffff94]H[0xffffff99][0xffffffa8][0xffffffd2][0xffffffe2][0xffffffdd][0xffffffa0][0xffffff84][0xffffff99][0xffffffa8]:[0xffffffdb]u[0xffffff9f][0x14]%[0xfffffff0][0xffffff89][0xffffffaa]+`[0xffffffa2][0xffffffea]2;*[0xffffff85][0x1][0xffffffc7]&[0xffffffaa].YJ!)[0x11]2Qe[0x3][0xffffffc9]P"`[0xffffffa2]J[0xffffffc2]YM[0xffffff89][0xffffffe0][0xffffff89]*W[0xffffff9e],%[0xfffffff2]&[0xffffffaa]\[0xffffffb5]r[0xffffff94]H[0xffffff99][0xffffffa8][0xffffffd2][0xffffffe2][0xffffffdd][0xffffffa0][0xffffff84][0xffffff99][0xffffffa8]:[0xfffffffb][0xffffffeb]y(J[0xffffffe0][0x13]UW[0xffffffc0]D[0xffffffd5]evT[\n]"
19:31:00.730 [main] DEBUG org.apache.hc.client5.http.wire - http-outgoing-1 << "[0x3][0xffffff8e]MT][0xffffffb2][0xffffff94]BR"d[0xffffffa2][0xffffffca][0x6][0xffffff92][0xffffffa1]D[0xffffffc0]D[0xffffff95][0xffffff84][0xffffffb3][0xffffff9a][0x12][0xffffffc1][0x13]U[0xffffffae]<YJ[0xffffffe4]MT[0xffffffb9]j[0xffffffe5]([0xffffff91]2Q[0xffffffa5][0xffffffc5][0xffffffbb]A[0xffffff89][0xffffffe9]([0xffffffd1][0xffffffcf][0x17]E[0xffffff89][0xffffff89]Sb[0x6]Pbj[0xffffffde][0xb][0x3]>1J[0xffffffcc]$Jh[0x14][0x19]J[0xffffffb8]@2[0xffffff94][0xffffffd0]X[0xffffffd6]Sb[\r]g5%[0xffffffd6][0xffffff88]&Q[0xffffffc2][0xffffff94]'K[0x9][0xffffffdb][0xffffffa5],%L[0xffffffb5]r[0xffffff94][0xffffff90][0xffffffa6][0xffffffa5](![0xffffffc5][0xfffffffb][0xffffffe7][0xffffff94][0x18]n[0xffffffa2][0xffffffaa][0xffffff8f]NQb[0xffffffe0][0x13]U#`[0xffffffa2]j[0xffffff98][0x1d][0xffffff95][0xffffffba][0xffffff80][0xf]l[0xffffffa2]j[0xffffffc8]R[\n]"
19:31:00.731 [main] DEBUG org.apache.hc.client5.http.wire - http-outgoing-1 << "H[0x9][0x13]E[0xffffff84][0x12]6[0xffffff90][0x8]%L,[0xffffffcb])![0xffffffe1],[0xffffffa6][0xffffff84]D4[0xffffff88][0x12][0xffffffae]<QJ[0xfffffff8].E)[0xffffffe1][0xffffffaa][0x15][0xffffffa3][0xffffff84]6-D[0x9]-[0xffffffde][\r]J[0xffffffb8][0xffffff89][0xffffffaa]~[0xffffff9f][0xffffffd4]g[0xffffff97][0x3][0xffffff9f][0xffffffa8][0x1a][0x1][0x13]U[0xffffffc3][0xffffffec][0xffffffa8][0x14][0x6][0x1c][0xffffff9b][0xffffffa8][0x1a][0xffffffb2][0xffffff94]BR"d[0xffffffa2][0xffffffca][0x6][0xffffff92][0xffffffa1]D[0xffffffc0]D[0xffffff95][0xffffff84][0xffffffb3][0xffffff9a][0x12][0xffffffc1][0x13]U[0xffffffae]<YJ[0xffffffe4]MT[0xffffffb9]j[0xffffffe5]([0xffffff91]2Q[0xffffffa5][0xffffffc5][0xffffffbb]A[0x9]7Qu[0xffffffb4][0xffffff83][0xfffffffa]Vb[0xffffffe0][0x13]U#`[0xffffffa2]j[0xffffff98][0x1d][0xffffff95][0xffffffc2][0xffffff80]c[0x13]UC[0xffffff96]RHJ[0xffffff84]LT[0xffffffd9]@2[0xffffff94][0x8][0xffffff98][0xffffffa8][0xffffff92]pVS"x[0xffffffa2][0xffffffca][0xffffff95]'K[0xffffff89][0xffffffbc][0xffffff89]*W[0xffffffad][0x1c]%R&[0xffffffaa][0xffffffb4]x7([0xffffffe1]&[0xffffffaa][0xe]n[0xffffffed]r[0xffffffe0][0x13]U#`[0xffffffa2]j[0xffffff98][0x1d][0xffffff95][0xffffffc2][0xffffff80]c[0x13]UC[0xffffff96]RHJ[0xffffff84]LT[0xffffffd9]@2[0xffffff94][0x8][0xffffff98][0xffffffa8][0xffffff92]pVS"x[0xffffffa2][0xffffffca][0xffffff95]'K[0xffffff89][0xffffffbc][0xffffff89]*W[0xffffffad][0x1c]%R&[0xffffffaa][0xffffffb4]x7([0xffffffe1]&[0xffffffaa][0xffffff8e]~[0xffffff9e][0x14]%[0xfffffff0][0xffffff89][0xffffffaa][0x11]0Q5[0xffffffcc][0xffffff8e]Ja[0xffffffc0][0xffffffb1][0xffffff89][0xffffffaa]!K)$%B&[0xffffffaa]l [0x19]J[0x4]LTI8[0xffffffab])[0x11]<Q[0xffffffe5][0xffffffca][0xffffff93][0xffffffa5]D[0xffffffde]D[0xffffff95][0xffffffab]V[0xffffff8e][0x12])[0x13]UZ[0xffffffbc][0x1b][0xffffff94][0xffffffb8],%n[0xffffffec][[0xffffff89][0xb][0xffffffa7][0xffffffc4][0x15]@[0xffffff89]K[0xfffffff3]^[0x18][0xfffffff0][0xb][0xffffffa3][0xffffffc4][0xffffff95]D[0x9][0xffffff8d]"C[0x9][0x17]H[0xffffff86][0x12][0x1a][0xffffffcb]zJ[0xffffffac][0xffffffe1][0xffffffac][0xffffffa6][0xffffffc4][0x1a][0xffffffd1]$J[0xffffff98][0xfffffff2]d)a[0xffffffbb][0xffffff94][0xffffffa5][0xffffff84][0xffffffa9]V[0xffffff8e][0x12][0xffffffd2][0xffffffb4][0x14]%[0xffffffa4]x7([0xffffffe1][0xffffffd6].[0xffffff8f][0xffffffa3]u[0xffffff8a][0x12][0xfffffff8][0xffffffda][0xffffffe5][0x8]X[0xffffffbb][0x1c]f[0xffffff92][0xffffffad]0[0xffffffe0][0xffffffd8][0xffffffda][0xffffffe5][0xffffff90][0xffffffd1]5[0xffffff92][0x12]!k[0xffffff97]6[0xffffff90][0xc]%[0x2][0xffffffd6].%[0xffffff9c][0xffffffd5][0xffffff94][0x8]^[0xffffffbb]t[0xffffffe5][0xffffffc9]R"o[0xffffffed][0xffffffd2]U+G[0xffffff89][0xffffff94][0xffffffb5]K-[0xffffffde][\r]J[0xffffffb8][0xffffffb5][0xffffffcb][0xffffffe3][0xffffffc4][0xffffffae][0xfffffff3][0x1a][0xfffffff8][0xffffffda][0xffffffe5][0x8]X[0xffffffbb][0x1c]f[0xffffff92][0xffffffad]0[0xffffffe0][0xffffffd8][0xffffffda][0xffffffe5][0xffffff90][0xffffffd1]5[0xffffff92][0x12]!k[0xffffff97]6[0xffffff90][0xc]%[0x2][0xffffffd6].%[0xffffff9c][0xffffffd5][0xffffff94][0x8]^[0xffffffbb]t[0xffffffe5][0xffffffc9]R"o[0xffffffed][0xffffffd2]U+G[0xffffff89][0xffffff94][0xffffffb5]K-[0xffffffde][\r]J[0xffffffb8][0xffffffb5][0xffffffcb][0xffffffe3][0x19][0xffffffd8]g[0xffffff97][0xfffffff8][0xffffffda][0xffffffe5][0x8]X[0xffffffbb][0x1c]f[0xffffff92][0xffffffad]0[0xffffffe0][0xffffffd8][0xffffffda][0xffffffe5][0xffffff90][0xffffffd1]5[0xffffff92][0x12]!k[0xffffff97]6[0xffffff90][0xc]%[0x2][0xffffffd6].%[0xffffff9c][0xffffffd5][0xffffff94][0x8]^[0xffffffbb]t[0xffffffe5][0xffffffc9]R"o[0xffffffed][0xffffffd2]U+G[0xffffff89][0xffffff94][0xffffffb5]K-[0xffffffde]-J[0xffffff8c]0J[0xc][0xffffff9c][0x12]#[0xffffff80][0x12][0x3][0xffffffa5][0xffffffc4][0xffffffc0](1[0xffffff92]([0xffffffb1]F[0xffffff91][0xffffffa2][0xffffff84][0x6][0xffffff92][0xffffffa2][0xffffffc4][0x1a]K[0xffffff82][0x12][0x3][0xffffffa6][0xffffffc4][0x8][0xffffffa6][0xffffff84][0xffffff94]'M[0x9][0xffffffd3][0xffffffa5]4%[0xffffffa4]ZIJ[0xffffff8c][0x14]J[0xffffff8c][0xffffffff][0xffffff80][0x12]3[0xffffff8c][0x12][0x13][0xffffffa7][0xffffffc4][0xc][0xffffffa0][0xffffffc4]D)11J[0xffffffcc]$J[0xffffffac]Q[0xffffffa4]([0xffffffa1][0xffffff81][0xffffffa4]([0xffffffb1][0xffffffc6][0xffffff92][0xffffffa0][0xffffffc4][0xffffff84])1[0xffffff83])![0xffffffe5]IS[0xffffffc2]t)M[0x9][0xffffffa9]V[0xffffff92][0x12]3[0xffffff85][0x12][0xfffffff3]?[0xffffffa0][0xffffffc4][0xffffffd7]'[0xffffff96]I[0xffffff96]h[0x1d][0xffffffc7][0xffffffc4][0xffffffc7]#[0xfffffff0][0xffffff9a][0xfffffff8][0xfffffff1][0x10][0x14]'>~[0xffffff9e][0xfffffff2][0xffffffc4][0xfffffff7]O[0xffffffa7][0xffffff80]B[0xfffffff2]H[0xffffff89][0xffffffc2][0xffffffa4][0xffffff92]"[0xffffff85]d[0xffffff93]0[0xffffffc5][0xffffff92][0xffffffd0]zT,9[0xffffffcd]R[0xffffff85][0xffffffd6]([0xffffffcd][\n]"
19:31:00.731 [main] DEBUG org.apache.hc.client5.http.wire - http-outgoing-1 << "[0xffffffd7][0xffffffaa][0xffffffb4]+[0xffffffb4]dIX[0xffffffac][0xffffff9d][0xffffffcb][0xffffffc9]b[0xffffffad][0xffffffe0]-Z[0xfffffff4]4Zt[0xffffff9e][0x16]=[0xffffff81][0x16][0xffffff9d][0xffffffa5]E[0xffffffe7]h[0xffffffd1][0xffffffa3]h!y[0xffffffa4]haRI[0xffffffd1]B[0xffffffb2]I[0xffffffd0][0xffffffa2][0xffffffd3][0xffffffb4][0xffffffe8][0xffffffc9][0xffffffb4][0xffffffd0][0x1a][0xffffffa5]i[0xffffffe1]Z[0xffffff95][0xffffffa6][0xffffff85][0xffffff96],I[0xffffff8b][0xffffffb5]s9Z[0xffffffac][0x15][0xffffffbc]G[0xffffff8b][0xffffffb4][0xffffffbf][0xffffff80]t[0xfffffffe]O =[0xffffffe1]o [0xffffff9d][0xfffffffd]#H[0xffffffe7][0xfffffffe][\n]"
19:31:00.731 [main] DEBUG org.apache.hc.client5.http.wire - http-outgoing-1 << "[0xffffffd2][0xffffffa3][0xfffffffe][0xc]"y[0xffffffc4]h[0xffffff91][0xfffffff3][0xffffff87][0x10][0xffffffc9]&B[0xb][0xfffffffa]O!=[0xfffffff9]o!Z[0xffffffa3]8-[0x2][0xffffffff][0x1a][0xffffffa2]%[0xffffff8b][0xffffffd2]"[0xffffffe6][0xffffffef]!k[0x5]o[0xffffffd1][0xffffffe2]L{kq[0xfffffff2]o-[0xffffffce][0xffffff84][0xffffffb7][0x16]'[0xfffffffb][0xffffffd6][0xffffffe2][0xffffffe4][0xffffffde]Z[0xffffff9c]Qo-$[0xffffff8f][0x14]-L*)ZH6[0x9]Z[0xffffff9c][0xfffffff4][[0xffffff8b]3[0xfffffff9][0xffffffad][0xffffff85][0xffffffd6](M[0xb][0xffffffd7][0xffffffaa]4-[0xffffffb4]dIZ[0xffffffac][0xffffff9d][0xffffffcb][0xffffffd1]b[0xffffffad][0xffffffe0]-Z\O[0x18]-[0xffffffae][0x7][0xffffffa7][0xffffffc5][0xffffffc7]#[0xfffffff0][0xffffffb4][0xfffffff8][0xfffffff1][0x10][0x14]->~[0xffffff9e][0xffffffa2][0xffffffc5][0xfffffff7]O[0xffffffa7][0xffffffd0]B[0xfffffff2]H[0xffffffd1][0xffffffc2][0xffffffa4][0xffffff92][0xffffffa2][0xffffff85]d[0xffffff93][0xffffffa0][0xffffffc5][0xffffff92][0xffffffd0]zZ,9[0xffffffcd][0xffffffa2][0xffffff85][0xffffffd6](M[0xb][0xffffffd7][0xffffffaa]4-[0xffffffb4]dIZ[0xffffffac][0xffffff9d][0xffffffcb][0xffffffd1]b[0xffffffad][0xffffffe0]-Z[0xffffffdc]iC[0x15]7[0xffffffbf]T[0xfffffff1][0xfffffff1][0x8]<-~<[0x4]E[0xffffff8b][0xffffff9b][0x1b][0xffffffab][0xffffffb8][0xffffffa3][0xffffffd6]*$[0xffffff8f][0x14]-L*)ZH6[0x9]Z[0xffffffdc][0xfffffff4]b[0xffffffc5][0xffffff9d]<Y[0xffffffa1]5J[0xffffffd3][0xffffffc2][0xffffffb5]*M[0xb]-Y[0xffffff92][0x16]k[0xffffffe7]r[0xffffffb4]X+x[0xffffff8f][0x16]-[0xffffff8d][0x16][0xffffff8d][0xffffffa7]EK[0xffffffa0]Eci[0xffffffd1]8Z[0xffffffb4](Z[0xffffffac]y[0xffffffc4]h[0xffffffa1][0xffffffa9][0xffffffc4]h[0xffffffb1]f[0x13][0xffffffa1]E[0xffffffa3]i[0xffffffd1][0xffffff92]i!5[0xffffff8a][0xffffffd3][0xffffffc2][0xffffffb4]*N[0xb])Y[0xffffff94][0x16]-[0xffffff86][0x16][0xffffffed]?[0xffffffa0][0xffffffc5][0xffffff93][0xfffffff6][0x19][0xffffffe7][0xffffffc3][0x7f][0xffffffc6][0xfffffff9]$|[0xffffffc6][0xfffffff9][0xffffffb0][0xffffff9f]q>[0xffffffdc]g[0xffffff9c]O[0xffffffd4]g[0xffffff9c][0xffffff92]G[0xffffff8a][0x16]&[0xffffff95][0x14]-$[0xffffff9b][0x4]-[0x1e][0xfffffffa]3[0xffffffce]'[0xfffffff9]3N[0xffffffad]Q[0xffffff9a][0x16][0xffffffae]UiZh[0xffffffc9][0xffffff92][0xffffffb4]X;[0xffffff97][0xffffffa3][0xffffffc5]Z[0xffffffc1][[0xffffffb4][0xffffff98]io-&[0xffffffff][0xffffffd6]b&[0xffffffbc][0xffffffb5][0xffffff98][0xffffffec][[0xffffff8b][0xffffffc9][0xffffffbd][0xffffffb5][0xffffff98]Qo-$[0xffffff8f][0x14]-L*)ZH6[0x9]ZL[0xfffffffa][0xffffffad][0xffffffc5]L~k[0xffffffa1]5J[0xffffffd3][0xffffffc2][0xffffffb5]*M[0xb]-Y[0xffffff92][0x16]k[0xffffffe7]r[0xffffffb4]X+x[0xffffff8b][0x16][0xffffffed][0xffffff95][0xfffffff6][0xffffffb1][0xffffffc5][0xffffffc7][0x13][0xffffffe1][0xffffffb8][0xfffffff8]|[0x6]^[0x17]?[0xffffff9f][0xffffff82][0xffffffe2][0xffffffc5][0xffffffe7][0xffffffef]S[0xffffffbe][0xfffffff8][0xfffffff1][0xffffffdb])[0xffffffc0][0xffffffd0]PR[0xffffffc2]p[0xffffffd1][0xffffffa4][0xffffff88][0xffffffa1][0x1]%[0xffffff8c][0xffffffb1][0xffffffc6][0xffffffb4][0x1e][0x19]kX[0xffffffb3][0xffffff94]a[\n]"
19:31:00.731 [main] DEBUG org.apache.hc.client5.http.wire - http-outgoing-1 << "[0xffffff95]f[0xffffff86][0xffffffed]W[0xffffffda][0x19][0xffffffa6]nIhH[0xfffffffb]r[0xffffffd2][0xffffff90]2[0xfffffffe][0x3]j[0x1c][0xffffffaf][0xffffffef][0x7f]e[0xffffff9a][0xffffffeb][0xffffffc7][0xffffffce][0xffffffeb]l[0xffffffd5][0xffffffd0][0xfffffff8][0xffffffc7][0xfffffff3]@[0xffffffcc][0xfffffff8][0xffffffe7][0x13]P[0xffffffc8]X[0xffffff9f][0xffffffa1][0xffffff96][0x18][0xffffffff][0xfffffffc][0xfffffff5]Z`,[0xffffffbf][0xffffffcc][0xfffffff2][0xffffffe2]}[0x14]kq[0xfffffff1]o[0xffffff81][0xffffffac][0xffffffa5][0xffffffc5][0xfffffffb]X[0xffffffd6][0xffffffc1][0xffffffe2]]8[0xffffffab]X[0xfffffff1].[0xffffffa2][0x9][0xffffffa8][0xfffffff8][0xffffff97][0xfffffff2]dH[0xfffffff1][0xffffffaf]][0xffffffca][0xffffff80][0xffffffe2]_[0xffffffaa][0xffffffb5][0xffffff9e][0x13]o[0xffffff9b][0xffffffb6][0x1a][0x13]o[0xffffff8b]w[0xffffff8b][0x12]:k[0xffffffc1]R[0xffffff82]Z[0xffffffb5][0xfffffff8][0xffffffe7][0x13][0xfffffff0][0xffffff94] 6-[0xfffffffe][0xfffffff9][0xffffffeb][0x14]%[0x2][0x16]-[0xffffffde]G[0xffffff91][0xffffffa2][0x4][0xffffffbd]g[0xfffffff1]>[0xffffff96][0x4]%[0xffffff98]5[0xffffff8b]w[0x11][0xffffffcd][0xffffffa2]D[0xffffffc8][0xffffff96][0xffffffc5][0xffffffbf]v)M[0xffffff89][0xffffff80]%[0xffffff8b][0xffffffb7]M[0xffffffcb]Qb[0x7f][0xffffffc7][0xffffffe2][0xffffffc7][0xffffffbf]q[0xffffffbf][0xffffffdc][[0xffffff89][0xfffffffb]8 J|>[0xf]K[0xffffff89][0xffffffaf]'[0xffffff80])[0xfffffff1][0xffffffeb][0x19][0x10]J|[0xfffffffd]:B[0xffffff89][0xffffff9f][0xffffffbf][0x1c]A[0x9][0x13]E[0xffffff84][0x12]6[0xffffff90][0x8]%L,[0xffffffcb])![0xffffffe1],[0xffffffa6][0xffffff84]D4[0xffffff88][0x12][0xffffffae]<QJ[0xfffffff8].E)[0xffffffe1][0xffffffaa][0x15][0xffffffa3][0xffffff84]6-D[0x9]-[0xffffffde][\r]J[0xffffffdc][0xffffff86][0x12][0xffffffe3][0xfffffff8][0xffffffda][0xffffffb2]@(q[0xffffffe3][0xffffff94][0xffffffb8][0x3](qk[0xffffffde][0xb][0x3]~c[0xffffff94][0xffffffb8][0xffffff93]([0xffffffa1]Qd([0xffffffe1][0x2][0xffffffc9]PBcYO[0xffffff89]5[0xffffff9c][0xffffffd5][0xffffff94]X#[0xffffff9a]D[0x9]S[0xffffff9e],%l[0xffffff97][0xffffffb2][0xffffff94]0[0xffffffd5][0xffffffca]QB[0xffffff9a][0xffffff96][0xffffffa2][0xffffff84][0x14][0xffffffef][0x6]%[0x1e]G[0xffffff89][0xffffffb3][0xffffff9d][0x14]%[0x1e][0xffffff9c][0x12]O[0x0]%[0x1e][0xffffffcd]{a[0xffffffc0][0x1f][0xffffff8c][0x12]O[0x12]%4[0xffffff8a][0xc]%\ [0x19]Jh,[0xffffffeb])[0xffffffb1][0xffffff86][0xffffffb3][0xffffff9a][0x12]kD[0xffffff93](a[0xffffffca][0xffffff93][0xffffffa5][0xffffff84][0xffffffed]R[0xffffff96][0x12][0xffffffa6]Z9JH[0xffffffd3]R[0xffffff94][0xffffff90][0xffffffe2][0xfffffffd]sJ</G[0xffffff89]1:D[0xffffff89][0xffffffcf][0xffffffe7]a)[0xfffffff1][0xfffffff5][0x4]0%~=[0x3]B[0xffffff89][0xffffffaf]_G([0xfffffff1][0xfffffff3][0xffffff97]#(a[0xffffffa2][0xffffff88]P[0xffffffc2][0x6][0x12][0xffffffa1][0xffffff84][0xffffff89]e9%$[0xffffff9c][0xffffffc5][0xffffff94][0xffffff90][0xffffff88][0x6]Q[0xffffffc2][0xffffff95]'J[0x9][0xffffffdf][0xffffffa5](%\[0xffffffb5]b[0xffffff94][0xffffffd0][0xffffffa6][0xffffff85]([0xffffffa1][0xffffffc5][0xffffffbb]A[0xffffff89]f(q[0xffffffbf][0xffffffe6][0xffffffa0]([0xffffffd1]pJ[0xffffffb4][0x0]J4[0xffffffcd]{a[0xffffffc0][0x1b]F[0xffffff89][0xffffff96]D[0x9][0xffffff8d]"C[0x9][0x17]H[0xffffff86][0x12][0x1a][0xffffffcb]zJ[0xffffffac][0xffffffe1][0xffffffac][0xffffffa6][0xffffffc4][0x1a][0xffffffd1]$J[0xffffff98][0xfffffff2]d)a[0xffffffbb][0xffffff94][0xffffffa5][0xffffff84][0xffffffa9]V[0xffffff8e][0x12][0xffffffd2][0xffffffb4][0x14]%[0xffffffa4]x7([0xffffffd1][0x1d]%[0xffffff8e]F}+[0xfffffff1][0xfffffff9]<0%z[0x0]%[0xffffffba][0xffffffe6][0xffffffbd]0[0xffffffe0][0x1d][0xffffffa3]DO[0xffffffa2][0xffffff84]F[0xffffff91][0xffffffa1][0xffffff84][0xb]$C[0x9][0xffffff8d]e=%[0xffffffd6]pVSb[0xffffff8d]h[0x12]%Ly[0xffffffb2][0xffffff94][0xffffffb0]][0xffffffca]R[0xffffffc2]T+G[0x9]iZ[0xffffff8a][0x12]R[0xffffffbc][[0xffffff94][0xffffffd0][0xffffffc3][0xffffffa0],%[0xffffffe0][0xffffffc3][0xffffffa0]_O[0xffffffc0]S[0x2]<[0xc][0xfffffffa][0xfffffff5][0xffffffeb][0x14]%r[0xe][0xffffff83][0xffffff9a](R[0xffffff94][0x8]9[0xc]jbIP[0x2]=[0xc]*[0x11][0xffffffcd][0xffffffa2]D[0xffffffd6]aP[0xffffffdf][0xffffffa5]4%r[0xe][0xffffff83]j[0xffffffd3]r[0xffffff94][0xfffffff8][0xffffffeb][0xffffffc3][0xffffffa0][0xffffffcf][0xffffffe1](qu[0xffffffec][[0xffffff89][0x3][0xffffffa7][0xffffffc4][0x11]@[0xffffff89]C[0xfffffff3]^[0x18][0xfffffff0][0x3][0xffffffa3][0xffffffc4][0xffffff91]D[0x9][0xffffff8d]"C[0x9][0x17]H[0xffffff86][0x12][0x1a][0xffffffcb]zJ[0xffffffac][0xffffffe1][0xffffffac][0xffffffa6][0xffffffc4][0x1a][0xffffffd1]$J[0xffffff98][0xfffffff2]d)a[0xffffffbb][0xffffff94][0xffffffa5][0xffffff84][0xffffffa9]V[0xffffff8e][0x12][0xffffffd2][0xffffffb4][0x14]%[0xffffffa4]x7(q[0xffffffba]?p[0xffffffcc]A[0xffffffed]J|>[0xf]L[0xffffff89]3[0xffffffe0][0xf][0x1c][0xffffffa7][0xffffffbe][0xffffff85]+[0xc][0xfffffff8][0xffffff89][0xfffffffd][0xffffff81][0xffffffe3]L[0xfffffffa][0x3][0xffffff87]F[0xffffff91][0xffffffa1][0xffffff84][0xb]$C[0x9][0xffffff8d]e=%[0xffffffd6]pVSb[0xffffff8d]h[0x12]%Ly[0xffffffb2][0xffffff94][0xffffffb0]][0xffffffca]R[0xffffffc2]T+G[0x9]iZ[0xffffff8a][0x12]R[0xffffffbc][0x1b][0xffffff94][0xffffffb8][0xc]%[0xffffff9e]cb[0xffffff94][0xffffffb8]pJ\[0x1][0xffffff94][0xffffffb8]4[0xffffffef][0xffffff85][0x1][0xffffffbf]0J\I[0xffffff94][0xffffffd0](2[0xffffff94]p[0xffffff81]d([0xffffffa1][0xffffffb1][0xffffffac][0xffffffa7][0xffffffc4][0x1a][0xffffffce]jJ[0xffffffac][0x11]M[0xffffffa2][0xffffff84])O[0xffffff96][0x12][0xffffffb6]KYJ[0xffffff98]j[0xffffffe5](!MKQB[0xffffff8a]w[0xffffff83][0x12][0xffffffe3][0xffffffff]N[0xffffffa5][0xffffffc4]5[0xffffffb1]?p|<[0xf]L[0xffffff89][0xffffffcf]'[0xffffffa0])[0xfffffff1][0xfffffff3][0x19][0x18]J|[0xfffffffe]:C[0xffffff89][0x1f][0xffffffbf][0xffffff9c]A[0x9][0xffffff8d]"C[0x9][0x17]H[0xffffff86][0x12][0x1a][0xffffffcb]zJ[0xffffffac][0xffffffe1][0xffffffac][0xffffffa6][0xffffffc4][0x1a][0xffffffd1]$J[0xffffff98][0xfffffff2]d)a[0xffffffbb][0xffffff94][0xffffffa5][0xffffff84][0xffffffa9]V[0xffffff8e][0x12][0xffffffd2][0xffffffb4][0x14]%[0xffffffa4]x7([0xffffffe1][0xffffffd6].[0xffffffe7][0xb][0xffffff9b][0xffffffa8]z[0xfffffff0][0xffffffb5][0xffffffcb]'`[0xffffffed][0xfffffff2]1[0xffffff93]l[0xffffff85][0x1][0xffffffc7][0xffffffd6].[0x1f][0x19]]#)[0x11][0xffffffb2]vi[0x3][0xffffffc9]P"`[0xffffffed]R[0xffffffc2]YM[0xffffff89][0xffffffe0][0xffffffb5]KW[0xffffff9e],%[0xfffffff2][0xffffffd6].][0xffffffb5]r[0xffffff94]HY[0xffffffbb][0xffffffd4][0xffffffe2][0xffffffdd][0xffffffa0][0xffffff84][[0xffffffbb][0xffffff9c][0xffffffed][0xffffffa2][0xffffffae][0xfffffff3]z[0xfffffff0][0xffffffb5][0xffffffcb]'`[0xffffffed][0xfffffff2]1[0xffffff93]l[0xffffff85][0x1][0xffffffc7][0xffffffd6].[0x1f][0x19]]#)[0x11][0xffffffb2]vi[0x3][0xffffffc9]P"`[0xffffffed]R[0xffffffc2]YM[0xffffff89][0xffffffe0][0xffffffb5]KW[0xffffff9e],%[0xfffffff2][0xffffffd6].][0xffffffb5]r[0xffffff94]HY[0xffffffbb][0xffffffd4][0xffffffe2][0xffffffdd][0xffffffa0][0xffffff84][0xffffffbb]d|^/[0xffffffec][0xffffffad][0x4]~[0xffffffc9][0xfffffff8][0x13]p[0xffffffc9][0xfffffff8]cn[0xffffffc2]-[0xc]8v[0xffffffc9][0xfffffff8]#w[0xffffffdd][0xffffff92][0xffffff94][0x8][0xffffffb9]d[0xffffffdc][0x6][0xffffff92][0xffffffa1]D[0xffffffc0]%[0xffffffe3][0x12][0xffffffce]jJ[0x4]_2[0xffffffee][0xffffffca][0xffffff93][0xffffffa5]D[0xffffffde]%[0xffffffe3][0xffffffae]Z9J[0xffffffa4]\2[0xffffffae][0xffffffc5][0xfffffffb][0xffffffe7][0xffffff94][0xffffff98]/K[0xffffff89]A[0xffffffad]]~>[0xf]K[0xffffff89][0xffffffaf]'[0xffffff80])[0xfffffff1][0xffffffeb][0x19][0x10]J|[0xfffffffd]:B[0xffffff89][0xffffff9f][0xffffffbf][0x1c]A[0x9][0x13]E[0xffffff84][0x12]6[0xffffff90][0x8]%L,[0xffffffcb])![0xffffffe1],[0xffffffa6][0xffffff84]D4[0xffffff88][0x12][0xffffffae]<QJ[0xfffffff8].E)[0xffffffe1][0xffffffaa][0x15][0xffffffa3][0xffffff84]6-D[0x9]-[0xffffffde][\r]J[0xffffffb8][0xffffffb5][0xffffffcb]9[0xffffff8e][0xffffff8b][0xffffffa2][0x4][0xffffffbe]v9[0x3][0xffffffd6].[0xffffffa7][0xffffff99]d+[0xc]8[0xffffffb6]v9et[0xffffff8d][0xffffffa4]D[0xffffffc8][0xffffffda][0xffffffa5][\r]$C[0xffffff89][0xffffff80][0xffffffb5]K[0x9]g5%[0xffffff82][0xffffffd7].]y[0xffffffb2][0xffffff94][0xffffffc8][[0xffffffbb]t[0xffffffd5][0xffffffca]Q"e[0xffffffed]R[0xffffff8b]w[0xffffff83][0x12][0xffffff87][0xffffffa5][0xffffffc4][0xffffff83][0xffffffbd][0xffffff95]8pJ[0x1c][0x1][0xffffff94]84[0xffffffef][0xffffff85][0x1]?0J[0x1c]I[0xffffff94][0xffffffd0](2[0xffffff94]p[0xffffff81]d([0xffffffa1][0xffffffb1][0xffffffac][0xffffffa7][0xffffffc4][0x1a][0xffffffce]jJ[0xffffffac][0x11]M[0xffffffa2][0xffffff84])O[0xffffff96][0x12][0xffffffb6]KYJ[0xffffff98]j[0xffffffe5](!MKQB[0xffffff8a]w[0xffffff83][0x12]n[0xffffffa2]j>[0xfffffffd][0xffffffa1]([0xffffff81]OT[0xffffffcd][0xffffff80][0xffffff89][0xffffffaa]ivT[\n]"
19:31:00.732 [main] DEBUG org.apache.hc.client5.http.wire - http-outgoing-1 << "[0x3][0xffffff8e]MTMYJ!)[0x11]2Qe[0x3][0xffffffc9]P"`[0xffffffa2]J[0xffffffc2]YM[0xffffff89][0xffffffe0][0xffffff89]*W[0xffffff9e],%[0xfffffff2]&[0xffffffaa]\[0xffffffb5]r[0xffffff94]H[0xffffff99][0xffffffa8][0xffffffd2][0xffffffe2][0xffffffdd][0xffffffa0][0xffffff84][0xffffff9b][0xffffffa8][0xffffff9a][0xffffffdc][0xffffffda][0xffffffe5][0xffffffc4]'[0xffffffaa]f[0xffffffc0]D[0xffffffd5]4;*[0xffffff85][0x1][0xffffffc7]&[0xffffffaa][0xffffffa6],[0xffffffa5][0xffffff90][0xffffff94][0x8][0xffffff99][0xffffffa8][0xffffffb2][0xffffff81]d([0x11]0Q%[0xffffffe1][0xffffffac][0xffffffa6]D[0xfffffff0]D[0xffffff95]+O[0xffffff96][0x12]y[0x13]U[0xffffffae]Z9J[0xffffffa4]LTi[0xfffffff1]nPb(%[0xffffffae]W[0xffffffeb][0xffffffd4]a[0xffffffd0][0xffffffcf][0xffffffe7][0xffffff81])1[0x2](14[0xffffffef][0xffffff85][0x1][0x1f][0x18]%F[0x12]%4[0xffffff8a][0xc]%\ [0x19]Jh,[0xffffffeb])[0xffffffb1][0xffffff86][0xffffffb3][0xffffff9a][0x12]kD[0xffffff93](a[0xffffffca][0xffffff93][0xffffffa5][0xffffff84][0xffffffed]R[0xffffff96][0x12][0xffffffa6]Z9JH[0xffffffd3]R[0xffffff94][0xffffff90][0xffffffe2][0xffffffdd][0xffffffa0][0xffffff84][0xffffff99][0xffffffa8][0xffffffba]^[0xffffffd7]9)J[0xffffffe0][0x13]U3`[0xffffffa2]j[0xffffff9a][0x1d][0xffffff95][0xffffffc2][0xffffff80]c[0x13]US[0xffffff96]RHJ[0xffffff84]LT[0xffffffd9]@2[0xffffff94][0x8][0xffffff98][0xffffffa8][0xffffff92]pVS"x[0xffffffa2][0xffffffca][0xffffff95]'K[0xffffff89][0xffffffbc][0xffffff89]*W[0xffffffad][0x1c]%R&[0xffffffaa][0xffffffb4]x7(a&[0xffffffaa][0xffffffae][0xffffffd7][0xffffffdd][0xffffffb1][0x13][0x1c][0xfffffff8]D[0xffffffd5][0xc][0xffffff98][0xffffffa8][0xffffff9a]fG[0xffffffa5]0[0xffffffe0][0xffffffd8]D[0xffffffd5][0xffffff94][0xffffffa5][0x14][0xffffff92][0x12]![0x13]U6[0xffffff90][0xc]%[0x2]&[0xffffffaa]$[0xffffff9c][0xffffffd5][0xffffff94][0x8][0xffffff9e][0xffffffa8]r[0xffffffe5][0xffffffc9]R"o[0xffffffa2][0xffffffca]U+G[0xffffff89][0xffffff94][0xffffff89]*-[0xffffffde][\r]J[0xffffff98][0xffffff89][0xffffffaa][0xffffffab][0xffffffb5]~S[0xffffff94][0xffffffc0]'[0xffffffaa]f[0xffffffc0]D[0xffffffd5]4;*[0xffffff85][0x1][0xffffffc7]&[0xffffffaa][0xffffffa6],[0xffffffa5][0xffffff90][0xffffff94][0x8][0xffffff99][0xffffffa8][0xffffffb2][0xffffff81]d([0x11]0Q%[0xffffffe1][0xffffffac][0xffffffa6]D[0xfffffff0]D[0xffffff95]+O[0xffffff96][0x12]y[0x13]U[0xffffffae]Z9J[0xffffffa4]LTi[0xfffffff1]nQ[0xffffffa2][0xffffff87]Q[0xffffffa2][0xffffffe3][0xffffff94][0xffffffe8][0x1][0xffffff94][0xffffffe8](%:F[0xffffff89][0xffffff9e]D[0xffffff89]5[0xffffff8a][0x14]%4[0xffffff90][0x14]%[0xffffffd6]X[0x12][0xffffff94][0xffffffe8]0%z0%[0xffffffa4]<iJ[0xffffff98].[0xffffffa5])![0xffffffd5]JR[0xffffffa2][0xffffffa7]P[0xffffffa2][0xffffffff][0x7][0xffffff94]8[0xffffffc2](q[0xffffffe0][0xffffff94]8[0x2](q[0xffffffa0][0xffffff94]80J[0x1c]I[0xffffff94]X[0xffffffa3]HQB[0x3]IQb[0xffffff8d]%A[0xffffff89][0x3][0xffffffa6][0xffffffc4][0x11]L[0x9])O[0xffffff9a][0x12][0xffffffa6]KiJH[0xffffffb5][0xffffff92][0xffffff94]8R(q[0xfffffffc]%%[0xffffffee][0xffffffd7][0xffffffcb][0xfffffffd][0xffffff81][0xffffffe3]x[0xffffffa0][0x13][0x1c]_[0xffffffcf][0xffffff83]R[0xffffffe2][0xfffffffb][0x9]XJ[0xfffffffc]~[0x6][0xffffff82][0x12][0xffffffdf][0xffffffbf]NP[0xffffffe2][0xffffffd7]/'P[0xffffffc2]E[0xffffff91][0xffffffa0][0xffffff84][0xf]$A[0x9][0x17][0xffffffcb]jJh8k)[0xffffffa1][0x11][0xffffffcd][0xffffffa1][0xffffff84]-O[0xffffff92][0x12]o[0xffffffba][0xffffff94][0xffffffa4][0xffffff84][0xffffffad]V[0xffffff8a][0x12][0xffffffa6]i[0x19]J[0xffffff98][0xffffffe2][0xffffffdd][0xffffffa0]Ds[0xffffff94]x[0xffffffa8][0xffffffcf].[0xffffffbf][0xffffff9e][0x7][0xffffffa6]D[0xb][0xffffffa0]D[0xffffffd3][0xffffffbc][0x17][0x6][0xffffffbc]a[0xffffff94]hI[0xffffff94][0xffffffd0](2[0xffffff94]p[0xffffff81]d([0xffffffa1][0xffffffb1][0xffffffac][0xffffffa7][0xffffffc4][0x1a][0xffffffce]jJ[0xffffffac][0x11]M[0xffffffa2][0xffffff84])O[0xffffff96][0x12][0xffffffb6]KYJ[0xffffff98]j[0xffffffe5](!MKQB[0xffffff8a]w[0xffffff83][0x12][0xffffffe6][0xe][0xffffff8e][0xffffffab]Mj[0xffffffed][0xfffffff2][0xffffffeb]y`J[0xfffffff0]wp[0xfffffffc]~[0x6][0xffffff86][0x12][0xffffffd4][0x1d][0x1c][0xffffffbf]~9[0xffffff83][0x12][0x19]wp[0xfffffff8]@2[0xffffff94][0xffffffe0][0xffffffef][0xffffffe0][0xffffffd0]pVS"[0xfffffff7][0xe][0xe][[0xffffff9e],%[0xffffffe2][0xffffffee][0xffffffe0][0xffffffb0][0xffffffd5][0xffffffca]Q"[0xffffffe4][0xe][0xe]S[0xffffffbc][0x1b][0xffffff94]0wp\[0xfffffffd][0xffffff98]'E[0x9][0xfffffffa][0xe][0xffffff8e][0xffffffef]'[0xffffffa0])A[0xffffffde][0xffffffc1][0xfffffff1][0xfffffffd][0xffffffeb][0xc]%[0xffffff82][0xffffffee][0xffffffe0]pQd([0xffffff91]r[0x7][0xffffff87][0xffffff8b]e=%[0xffffffd8];84[0xffffffa2]I[0xffffff94][0x8][0xffffffbb][0xffffff83][0xffffffe3]M[0xffffff97][0xffffffb2][0xffffff94][0x8][0xffffffba][0xffffff83][0xffffffc3]4-E[0xffffff89][0xffffffbf][0xffffffbf][0xffffff83][0xffffffe3]~[0xffffff99];8[0xffffffae]~[0x1e][0xffffffd0]g[0xffffff97]_[0xffffffcf][0x3]S[0xffffff82][0xffffffbf][0xffffff83][0xffffffe3][0xfffffff7]30[0xffffff94][0xffffffa0][0xffffffee][0xffffffe0][0xfffffff8][0xfffffff5][0xffffffcb][0x19][0xffffff94][0xffffffc8][0xffffffb8][0xffffff83][0xffffffc3][0x7][0xffffff92][0xffffffa1][0x4][0x7f][0x7][0xffffff87][0xffffff86][0xffffffb3][0xffffff9a][0x12][0xffffffb9]wp[0xffffffd8][0xfffffff2]d)[0x11]w[0x7][0xffffff87][0xffffffad]V[0xffffff8e][0x12]!wp[0xffffff98][0xffffffe2][0xffffffdd][0xffffffa0][0xffffff84][0xffffffb9][0xffffff83][0xffffffe3][0xffffff83][0x12]7[0xfffffff6][0xffffffad][0x4]}[0x7][0xffffffc7][0xfffffff7][0x13][0xffffffd0][0xffffff94] [0xffffffef][0xffffffe0][0xfffffff8][0xfffffffe]u[0xffffff86][0x12]Awp[0xffffffb8](2[0xffffff94]H[0xffffffb9][0xffffff83][0xffffffc3][0xffffffc5][0xffffffb2][0xffffff9e][0x12][0xffffffec][0x1d][0x1c][0x1a][0xffffffd1]$J[0xffffff84][0xffffffdd][0xffffffc1][0xfffffff1][0xffffffa6]KYJ[0x4][0xffffffdd][0xffffffc1]a[0xffffff9a][0xffffff96][0xffffffa2][0xffffffc4][0xffffffdf][0xffffffdf][0xffffffc1]q[0xffffffbf][0xffffffdc][0x1d][0x1c][0xfffffffd][0xffffff9c][0xffffffd8][0xffffffb7][0x12][0xfffffff4][0x1d][0x1c][0xffffffdf]O@S[0xffffff82][0xffffffbc][0xffffff83][0xffffffe3][0xfffffffb][0xffffffd7][0x19]J[0x4][0xffffffdd][0xffffffc1][0xffffffe1][0xffffffa2][0xffffffc8]P"[0xffffffe5][0xe][0xe][0x17][0xffffffcb]zJ[0xffffffb0]wphD[0xffffff93]([0x11]v[0x7][0xffffffc7][0xffffff9b].e)[0x11]t[0x7][0xffffff87]iZ[0xffffff8a][0x12][0x7f][0x7f][0x7][0xffffffc7][0xfffffffd]rwp[0xfffffff4][0xffffffeb][0xffffff84]n[0x6][0xfffffffd]z[0x1e][0xffffff98][0x12][0xfffffffc][0x1d][0x1c][0xffffffbf][0xffffff9f][0xffffff81][0xffffffa1][0x4]u[0x7][0xffffffc7][0xffffffaf]_[0xffffffce][0xffffffa0]D[0xffffffc6][0x1d][0x1c]>[0xffffff90][0xc]%[0xfffffff8];84[0xffffff9c][0xffffffd5][0xffffff94][0xffffffc8][0xffffffbd][0xffffff83][0xffffffc3][0xffffff96]'K[0xffffff89][0xffffffb8];8l[0xffffffb5]r[0xffffff94][0x8][0xffffffb9][0xffffff83][0xffffffc3][0x14][0xffffffef][0x6]%[0xffffffdc][0x1d][0x1c]}[0xffffffcc]NQ[0xffffff82][0xffffffbe][0xffffff83][0xffffffe3][0xfffffffb][0x9]hJ[0xffffff90]wp|[0xffffffff]:C[0xffffff89][0xffffffa0];8\[0x14][0x19]J[0xffffffa4][0xffffffdc][0xffffffc1][0xffffffe1]bYO[0x9][0xfffffff6][0xe][0xe][0xffffff8d]h[0x12]%[0xffffffc2][0xffffffee][0xffffffe0]x[0xffffffd3][0xffffffa5],%[0xffffff82][0xffffffee][0xffffffe0]0MKQ[0xffffffe2][0xffffffef][0xffffffef][0xffffffe0][0xffffffb8]_[0xffffffee][0xe][0xffffff8e][0xffffffe3]5[0xffffffb0][0xffffffcf].[0xffffffe9];8[0xffffffbe][0xffffff9f][0xffffff80][0xffffffa6][0x4]y[0x7][0xffffffc7][0xfffffff7][0xffffffaf]3[0xffffff94][0x8][0xffffffba][0xffffff83][0xffffffc3]E[0xffffff91][0xffffffa1]D[0xffffffca][0x1d][0x1c].[0xffffff96][0xfffffff5][0xffffff94]`[0xffffffef][0xffffffe0][0xffffffd0][0xffffff88]&Q"[0xffffffec][0xe][0xffffff8e]7][0xffffffca]R"[0xffffffe8][0xe][0xe][0xffffffd3][0xffffffb4][0x14]%[0xfffffffe][0xfffffffe][0xe][0xffffff8e][0xffffffbb][0xffffffbd][0x1c]%[0xfffffffa]}B[0xffffff94][0xfffffff8]|[0x1e][0xffffff96][0x12]_O[0x0]S[0xffffffe2][0xffffffd7]3 [0xffffff94][0xfffffff8][0xfffffffa]u[0xffffff84][0x12]?[0x7f]9[0xffffff82][0x12]&[0xffffff8a][0x8]%l [0x11]J[0xffffff98]X[0xffffff96]SB[0xffffffc2]YL[0x9][0xffffff89]h[0x10]%\y[0xffffffa2][0xffffff94][0xfffffff0]][0xffffff8a]R[0xffffffc2]U+F[0x9]mZ[0xffffff88][0x12]Z[0xffffffbc][0x1b][0xffffff94]p[0xffffffbb][0x12]g[0x1b][0xffffffd4]pv[0xffffffc3]w%Z[0xffffffc0][0xffffffae]D3[0xffffff87][0xffffff9f][0xb][0x3][0xffffff8e][0xffffffed]J49[0xffffffde]LR"dW[0xffffffc2][0x6][0xffffff92][0xffffffa1]D[0xffffffc0][0xffffffae][0xffffff84][0xffffff84][0xffffffb3][0xffffff9a][0x12][0xffffffc1][0xffffffbb][0x12][0xffffffae]<YJ[0xffffffe4][0xffffffed]J[0xffffffb8]j[0xffffffe5]([0xffffff91][0xffffffb2]+[0xffffffa1][0xffffffc5][0xffffffbb]A[0x9][0xffffffb7]+q[0x1e][0xf][0xfffffff5][0x7][0xffffff8e][0xffffff86][0xffffffef]J[0xffffffb4][0xffffff80]][0xffffff89]f[0xe]?[0x17][0x6][0x1c][0xffffffdb][0xffffff95]hr[0xffffffbc][0xffffff99][0xffffffa4]D[0xffffffc8][0xffffffae][0xffffff84][\r]$C[0xffffff89][0xffffff80]][0x9][0x9]g5%[0xffffff82]w%\y[0xffffffb2][0xffffff94][0xffffffc8][0xffffffdb][0xffffff95]p[0xffffffd5][0xffffffca]Q"eWB[0xffffff8b]w[0xffffff83][0x12]nW[0xffffffe2][0x1c][0x1c]%[0xfffffff0]][0xffffff89][0x16][0xffffffb0]+[0xffffffd1][0xffffffcc][0xffffffe1][0xffffffe7][0xffffffc2][0xffffff80]c[0xffffffbb][0x12]M[0xffffff8e]7[0xffffff93][0xffffff94][0x8][0xffffffd9][0xffffff95][0xffffffb0][0xffffff81]d([0x11][0xffffffb0]+![0xffffffe1][0xffffffac][0xffffffa6]D[0xfffffff0][0xffffffae][0xffffff84]+O[0xffffff96][0x12]y[0xffffffbb][0x12][0xffffffae]Z9J[0xffffffa4][0xffffffec]Jh[0xfffffff1]nP[0xffffffc2]}vy[0xffffff8d]N[0x1d][0x6]m[0xfffffff8]g[0xffffff97]-[0xffffffe0][0xffffffb3][0xffffffcb]f[0xffffffbe][\r]*[0xc]8[0xfffffff6][0xffffffd9]e[0xffffff93][0xffffffaf][0x7f]HJ[0xffffff84]|vi[0x3][0xffffffc9]P"[0xffffffe0][0xffffffb3]K[0x9]g5%[0xffffff82]?[0xffffffbb]t[0xffffffe5][0xffffffc9]R"[0xffffffef][0xffffffb3]KW[0xffffffad][0x1c]%R>[0xffffffbb][0xffffffd4][0xffffffe2][0xfffffffd]sJ[0xfffffff4][0xffffff97][0xffffffa5][0x4][0xffffffb6]+[0xfffffff1][0xfffffff9]<,%[0xffffffbe][0xffffff9e][0x0][0xffffffa6][0xffffffc4][0xffffffaf]g@([0xfffffff1][0xfffffff5][0xffffffeb][0x8]%~[0xfffffffe]r[0x4]%L[0x14][0x11]J[0xffffffd8]@"[0xffffff94]0[0xffffffb1],[0xffffffa7][0xffffff84][0xffffff84][0xffffffb3][0xffffff98][0x12][0x12][0xffffffd1] J[0xffffffb8][0xfffffff2]D)[0xffffffe1][0xffffffbb][0x14][0xffffffa5][0xffffff84][0xffffffab]V[0xffffff8c][0x12][0xffffffda][0xffffffb4][0x10]%[0xffffffb4]x7([0xffffffe1]n[0x6][0xffffffbd][0xffffff9e]~R[0xffffff94][0xffffffc0]o[0x6][0xffffffed][0x1]7"
19:31:00.741 [main] DEBUG org.apache.hc.client5.http.wire - http-outgoing-1 << "[0xffffff83]vs}]a[0xffffffc0][0xffffffb1][0xffffff9b]A[0xffffffbb]\PGR"[0xffffffe4]fP[0x1b]H[0xffffff86][0x12][0x1]7[0xffffff83]J8[0xffffffab])[0x11]|3[0xffffffa8]+O[0xffffff96][0x12]y7[0xffffff83][0xffffffba]j[0xffffffe5]([0xffffff91]r3[0xffffffa8][0x16][0xffffffef][0x6]%[0xffffff8e][0xffffffff];[0xffffff85][0x12][0xffffffe3][0xffffffd5][0xffffffb0][0xffffffb7][0x12][0x1f][0xffffffcf][0x3]S[0xffffffe2][0xfffffff3][0x9]hJ[0xfffffffc]|[0x6][0xffffff86][0x12][0xffffff9f][0xffffffbf][0xffffffce]P[0xffffffe2][0xffffffc7]/gPB[0xffffffa3][0xffffffc8]P[0xffffffc2][0x5][0xffffff92][0xffffffa1][0xffffff84][0xffffffc6][0xffffffb2][0xffffff9e][0x12]k8[0xffffffab])[0xffffffb1]F4[0xffffff89][0x12][0xffffffa6]<YJ[0xffffffd8].e)a[0xffffffaa][0xffffff95][0xffffffa3][0xffffff84]4-E[0x9])[0xffffffde]-J[0xffffff8c]0J[0xc][0xffffff9c][0x12]#[0xffffff80][0x12][0x3][0xffffffa5][0xffffffc4][0xffffffc0](1[0xffffff92]([0xffffffb1]F[0xffffff91][0xffffffa2][0xffffff84][0x6][0xffffff92][0xffffffa2][0xffffffc4][0x1a]K[0xffffff82][0x12][0x3][0xffffffa6][0xffffffc4][0x8][0xffffffa6][0xffffff84][0xffffff94]'M[0x9][0xffffffd3][0xffffffa5]4%[0xffffffa4]ZIJ[0xffffff8c][0x14]J[0xffffff8c][0xffffffff][0xffffff80][0x12]m[0xffffff86]Y[0xffffffa2]M[0x1c][0x13][0x1f][0xffffff8f][0xffffffc0]k[0xffffffe2][0xffffffc7]CP[0xffffff9c][0xfffffff8][0xfffffff8]y[0xffffffca][0x13][0xffffffdf]?[0xffffff9d][0x2][\n]"
19:31:00.741 [main] DEBUG org.apache.hc.client5.http.wire - http-outgoing-1 << "[0xffffffc9]#%[\n]"
19:31:00.742 [main] DEBUG org.apache.hc.client5.http.wire - http-outgoing-1 << "[0xffffff93]J[0xffffff8a][0x14][0xffffff92]M[0xffffffc2][0x14]KB[0xffffffeb]Q[0xffffffb1][0xffffffe4]4K[0x15]Z[0xffffffa3]4+\[0xffffffab][0xffffffd2][0xffffffae][0xffffffd0][0xffffff92]%a[0xffffffb1]v.'[0xffffff8b][0xffffffb5][0xffffff82][0xffffffb7]hq[0xffffffb4]0Z[0x1c][\r][0xffffffa7][0xffffffc5][0xffffffc7]#[0xfffffff0][0xffffffb4][0xfffffff8][0xfffffff1][0x10][0x14]->~[0xffffff9e][0xffffffa2][0xffffffc5][0xfffffff7]O[0xffffffa7][0xffffffd0]B[0xfffffff2]H[0xffffffd1][0xffffffc2][0xffffffa4][0xffffff92][0xffffffa2][0xffffff85]d[0xffffff93][0xffffffa0][0xffffffc5][0xffffff92][0xffffffd0]zZ,9[0xffffffcd][0xffffffa2][0xffffff85][0xffffffd6](M[0xb][0xffffffd7][0xffffffaa]4-[0xffffffb4]dIZ[0xffffffac][0xffffff9d][0xffffffcb][0xffffffd1]b[0xffffffad][0xffffffe0]-Z[0xffffff9c]g[0x18]-[0xffffffce][0xffffff80][0xffffffaf])">[0xffffffa7][0xffffff80][0xffffffbf][0xffffffa7][0x0]?[0xffffffa8][0xffffffc8][0xfffffffa][0xffffffa2]"[0xffffffe6][0xffffff93][0xffffff8a][0xffffffa0]o*">[0xffffffaa][0xffffffc0][0xffffffbf][0xffffffaa][0xffffff88][0xfffffffe][0xffffffac]"[0xffffffef][0xffffffbb][0xffffff8a][0xffffffc4][0xf]+[0xffffffb2][0xffffffbe][0xffffffac][0xffffffc8][0xfffffff9][0xffffffb4][0xffffffe2][0xffffffbf][0xfffffff8][0xffffffb6][0xffffffe2]z[0xffffffc2]hq=8->[0x1e][0xffffff81][0xffffffa7][0xffffffc5][0xffffff8f][0xffffff87][0xffffffa0]h[0xfffffff1][0xfffffff1][0xfffffff3][0x14]-[0xffffffbe][0x7f]:[0xffffff85][0x16][0xffffff92]G[0xffffff8a][0x16]&[0xffffff95][0x14]-$[0xffffff9b][0x4]-[0xffffff96][0xffffff84][0xffffffd6][0xffffffd3]b[0xffffffc9]i[0x16]-[0xffffffb4]FiZ[0xffffffb8]V[0xffffffa5]i[0xffffffa1]%K[0xffffffd2]b[0xffffffed]\[0xffffff8e][0x16]k[0x5]o[0xffffffd1]b[0xffffffa4]}k1[0xfffffff8]o-F[0xffffffc2][0xffffffb7][0x16][0xffffff83][0xfffffffd][0xffffffd6]bp[0xffffffdf]Z[0xffffff8c][0xffffffa8]o-$[0xffffff8f][0x14]-L*)ZH6[0x9]Z[0xc][0xfffffffa][[0xffffff8b][0xffffff91][0xfffffffc][0xffffffad][0xffffff85][0xffffffd6](M[0xb][0xffffffd7][0xffffffaa]4-[0xffffffb4]dIZ[0xffffffac][0xffffff9d][0xffffffcb][0xffffffd1]b[0xffffffad][0xffffffe0]-Z[0xffffffcc][0xffffffb4]o-&[0xffffffff][0xffffffad][0xffffffc5]L[0xfffffff8][0xffffffd6]b[0xffffffb2][0xffffffdf]ZL[0xffffffee][[0xffffff8b][0x19][0xfffffff5][0xffffffad][0xffffff85][0xffffffe4][0xffffff91][0xffffffa2][0xffffff85]I%E[0xb][0xffffffc9]&A[0xffffff8b]I[0x7f]k1[0xffffff93][0xffffffbf][0xffffffb5][0xffffffd0][0x1a][0xffffffa5]i[0xffffffe1]Z[0xffffff95][0xffffffa6][0xffffff85][0xffffff96],I[0xffffff8b][0xffffffb5]s9Z[0xffffffac][0x15][0xffffffbc]G[0xffffff8b]#[0xffffff8d][0x16][0x7]O[0xffffff8b]#[0xffffff81][0x16][0x7]K[0xffffff8b][0xffffff83][0xffffffa3][0xffffffc5][0x11]E[0xffffff8b]5[0xffffff8f][0x18]-4[0xffffff95][0x18]-[0xffffffd6]l"[0xffffffb4]8hZ[0x1c][0xffffffc9][0xffffffb4][0xffffff90][0x1a][0xffffffc5]iaZ[0x15][0xffffffa7][0xffffff85][0xffffff94],J[0xffffff8b]#[0xffffff86][0x16][0xffffffc7][0x7f]@[0xffffff8b][0xffffffd6][0xffffffd2][0xffffff96],>[0xffffff9e][0x8][0xffffffc7][0xffffffc5][0xffffffe7]3[0xfffffff0][0xffffffba][0xfffffff8][0xfffffff9][0x14][0x14]/>[0x7f][0xffffff9f][0xfffffff2][0xffffffc5][0xffffff8f][0xffffffdf]N[0x1][0xffffff86][0xffffff86][0xffffff92][0x12][0xffffff86][0xffffff8b]&E[0xc][\r](a[0xffffff8c]5[0xffffffa6][0xfffffff5][0xffffffc8]X[0xffffffc3][0xffffff9a][0xffffffa5][0xc]S[0xffffffa8]43l[0xffffffbf][0xffffffd2][0xffffffce]0uKBC[0xffffffda][0xffffff97][0xffffff93][0xffffff86][0xffffff94][0xfffffff1][0xffffff9f]P[0xffffffa3]}[0xffffffff]+[0xffffffee][0xffffffd2][0xfffffff3]q[0xffffffbf]z94~?[0xf][0xffffffc5][0xffffff8c][0x7f]<[0x1][0xffffff86][0xffffff8c][0xffffffe5][0x19][0xffffff8a][0xffffff89][0xfffffff1][0xffffff8f]_/[0x6][0xffffffc6][0xffffffff][0xfffffffe]2[0xffffffcc][0xffffff8b][0xffffffb7]Q,[0xffffffc6][0xffffffc5][0xffffffbf][0x4][0xffffffb2][0xffffff98][0x16]ocY[0x8][0xffffff8b]7[0xffffffe1],c[0xffffffc5][0xffffff9b][0xffffff88]F[0xffffffa0][0xffffffe2]}yB[0xffffffa4][0xfffffff8][0xffffffb7].[0xffffff85]@[0xfffffff1][0xffffffbe]Z[0x1]N[0xffffffbc]k[0xffffffda]rL[0xffffffbc]+[0xffffffde][\r]J[0xffffffb8]K[0xffffffcf][0xffffffc7][0xffffff9c][0xf]E[0x9][0xfffffff0][0xffffffd2][0xfffffff3][0x7f]<[0x1]M[0x9][0xffffffe8][0xffffffd2][0xfffffff3][0x7f][0xfffffffc]:C[0xffffff89][0xffffff8c]K[0xffffffcf][0xffffffdf]F[0xffffff91][0xffffffa1]D[0xffffffc0][0xffffffa5][0xffffffe7]ocYO[0x9][0xffffffec][0xffffffd2][0xfffffff3]7[0x11]M[0xffffffa2]D[0xffffffce][0xffffffa5][0xffffffe7][0xffffffff][0xffffffd6][0xffffffa5],%2.=[0x7f][0xffffffd7][0xffffffb4][0x14]%[0xfffffffe][0xffffffea][0xffffffd2][0xfffffff3][0x1f][0xffffffff][0xffffffc6]0[0xffffff94][0xffffffb8][0xffffff8f][0xffffffab]Q[0xffffff94][0x18]8%F[0x0]%[0xffffff86][0xffffffe6][0xffffffbd]0[0xffffffe0][0x3][0xffffffa3][0xffffffc4]H[0xffffffa2][0xffffff84]F[0xffffff91][0xffffffa1][0xffffff84][0xb]$C[0x9][0xffffff8d]e=%[0xffffffd6]pVSb[0xffffff8d]h[0x12]%Ly[0xffffffb2][0xffffff94][0xffffffb0]][0xffffffca]R[0xffffffc2]T+G[0x9]iZ[0xffffff8a][0x12]R[0xffffffbc][0x1b][0xffffff94][0xffffffb8][0x1d]%[0xffffffae][0xfffffffe][0xffffffa2](q[0xffffffe3][0xffffff94][0xffffffb8][0x3](qk[0xffffffde][0xb][0x3]~c[0xffffff94][0xffffffb8][0xffffff93]([0xffffffa1]Qd([0xffffffe1][0x2][0xffffffc9]PBcYO[0xffffff89]5[0xffffff9c][0xffffffd5][0xffffff94]X#[0xffffff9a]D[0x9]S[0xffffff9e],%l[0xffffff97][0xffffffb2][0xffffff94]0[0xffffffd5][0xffffffca]QB[0xffffff9a][0xffffff96][0xffffffa2][0xffffff84][0x14][0xffffffef][0x6]%[0x1e]G[0xffffff89][0xffffffd9]'E[0xffffff89][0x7][0xffffffa7][0xffffffc4][0x13]@[0xffffff89]G[0xfffffff3]^[0x18][0xfffffff0][0x7][0xffffffa3][0xffffffc4][0xffffff93]D[0x9][0xffffff8d]"C[0x9][0x17]H[0xffffff86][0x12][0x1a][0xffffffcb]zJ[0xffffffac][0xffffffe1][0xffffffac][0xffffffa6][0xffffffc4][0x1a][0xffffffd1]$J[0xffffff98][0xfffffff2]d)a[0xffffffbb][0xffffff94][0xffffffa5][0xffffff84][0xffffffa9]V[0xffffff8e][0x12][0xffffffd2][0xffffffb4][0x14]%[0xffffffa4]x7(1[\r]%[0xffffff9e]v`[0x7f][0xffffffe0][0xffffff98]8%f[0x0]%[0xffffffa6][0xffffffe6][0xffffffbd]0[0xffffffe0][0x13][0xffffffa3][0xffffffc4]L[0xffffffa2][0xffffff84]F[0xffffff91][0xffffffa1][0xffffff84][0xb]$C[0x9][0xffffff8d]e=%[0xffffffd6]pVSb[0xffffff8d]h[0x12]%Ly[0xffffffb2][0xffffff94][0xffffffb0]][0xffffffca]R[0xffffffc2]T+G[0x9]iZ[0xffffff8a][0x12]R[0xffffffbc][0x7f]N[0xffffff89][0xffffffcf][0xffffffe3] J[0xffffff89]sR[0x7f][0xffffffe0][0xfffffff8]|[0x1e][0xffffff96][0x12]_O[0x0]S[0xffffffe2][0xffffffd7]3 [0xffffff94][0xfffffff8][0xfffffffa]u[0xffffff84][0x12]?[0x7f]9[0xffffff82][0x12]&[0xffffff8a][0x8]%l [0x11]J[0xffffff98]X[0xffffff96]SB[0xffffffc2]YL[0x9][0xffffff89]h[0x10]%\y[0xffffffa2][0xffffff94][0xfffffff0]][0xffffff8a]R[0xffffffc2]U+F[0x9]mZ[0xffffff88][0x12]Z[0xffffffbc][0x1b][0xffffff94]h[0xffffff8e][0x12][0xffffffd7][0xffffffd7][0x14][0x5]B[0xffffff89][0xffffff86]S[0xffffffa2][0x5]P[0xffffffa2]i[0xffffffde][0xb][0x3][0xffffffde]0J[0xffffffb4]$Jh[0x14][0x19]J[0xffffffb8]@2[0xffffff94][0xffffffd0]X[0xffffffd6]Sb[\r]g5%[0xffffffd6][0xffffff88]&Q[0xffffffc2][0xffffff94]'K[0x9][0xffffffdb][0xffffffa5],%L[0xffffffb5]r[0xffffff94][0xffffff90][0xffffffa6][0xffffffa5](![0xffffffc5][0xffffffbb]A[0xffffff89]n)[0xfffffff1]`[0xffffff94][0xffffffe8]8%z[0x0]%[0xffffffba][0xffffffe6][0xffffffbd]0[0xffffffe0][0x1d][0xffffffa3]DO[0xffffffa2][0xffffff84]F[0xffffff91][0xffffffa1][0xffffff84][0xb]$C[0x9][0xffffff8d]e=%[0xffffffd6]pVSb[0xffffff8d]h[0x12]%Ly[0xffffffb2][0xffffff94][0xffffffb0]][0xffffffca]R[0xffffffc2]T+G[0x9]iZ[0xffffff8a][0x12]R[0xffffffbc][0x1b][0xffffff94]8[0x1c]%F[0xffffffaf][0xffffffdf][0xffffffc2][0xfffffffc][0xfffffffd]<0%[0xffffff8e][0x0]J[0x1c][0xffffff9a][0xfffffff7][0xffffffc2][0xffffff80][0x1f][0x18]%[0xffffff8e]$Jh[0x14][0x19]J[0xffffffb8]@2[0xffffff94][0xffffffd0]X[0xffffffd6]Sb[\r]g5%[0xffffffd6][0xffffff88]&Q[0xffffffc2][0xffffff94]'K[0x9][0xffffffdb][0xffffffa5],%L[0xffffffb5]r[0xffffff94][0xffffff90][0xffffffa6][0xffffffa5](![0xffffffc5][0xffffffbb]A[0x9][0xffffffb7]v[0xfffffff9][0xffffff8c]A[0xffffffad]][0x1e][0xfffffff8][0xffffffda][0xffffffe5][0x11][0xffffffb0]vy[0xffffff98]I[0xffffffb6][0xffffffc2][0xffffff80]ck[0xffffff97][0xffffff87][0xffffff8c][0xffffffae][0xffffff91][0xffffff94][0x8]Y[0xffffffbb][0xffffffb4][0xffffff81]d([0x11][0xffffffb0]v)[0xffffffe1][0xffffffac][0xffffffa6]D[0xfffffff0][0xffffffda][0xffffffa5]+O[0xffffff96][0x12]yk[0xffffff97][0xffffffae]Z9J[0xffffffa4][0xffffffac]]j[0xfffffff1]nP[0xffffffc2][0xffffffad]]]]><![CDATA[>w[0xffffffc7][0xfffffffe][0xffffffc0][0xffffff81][0xffffffaf]][0x1e][0x1]k[0xffffff97][0xffffff87][0xffffff99]d+[0xc]8[0xffffffb6]vy[0xffffffc8][0xffffffe8][0x1a]I[0xffffff89][0xffffff90][0xffffffb5]K[0x1b]H[0xffffff86][0x12][0x1]k[0xffffff97][0x12][0xffffffce]jJ[0x4][0xffffffaf]][0xffffffba][0xfffffff2]d)[0xffffff91][0xffffffb7]v[0xffffffe9][0xffffffaa][0xffffff95][0xffffffa3]D[0xffffffca][0xffffffda][0xffffffa5][0x16][0xffffffef][0x6]%[0xffffffdc][0xffffffda][0xffffffe5][0xfffffff3]<[0xffffffd8][[0x9]|[0xffffffed][0xfffffff2][0x8]X[0xffffffbb]<[0xffffffcc]$[a[0xffffffc0][0xffffffb1][0xffffffb5][0xffffffcb]CF[0xffffffd7]HJ[0xffffff84][0xffffffac]][0xffffffda]@2[0xffffff94][0x8]X[0xffffffbb][0xffffff94]pVS"x[0xffffffed][0xffffffd2][0xffffff95]'K[0xffffff89][0xffffffbc][0xffffffb5]KW[0xffffffad][0x1c]%R[0xffffffd6].[0xffffffb5]x7([0xffffffe1]&[0xffffffaa][0xffffffe6][0xffffff98][0xffffffd8][[0x9]|[0xffffffa2][0xffffffea][0x8][0xffffff98][0xffffffa8]:[0xffffffcc][0xffffff8e]Ja[0xffffffc0][0xffffffb1][0xffffff89][0xffffffaa]C[0xffffff96]RHJ[0xffffff84]LT[0xffffffd9]@2[0xffffff94][0x8][0xffffff98][0xffffffa8][0xffffff92]pVS"x[0xffffffa2][0xffffffca][0xffffff95]'K[0xffffff89][0xffffffbc][0xffffff89]*W[0xffffffad][0x1c]%R&[0xffffffaa][0xffffffb4]x7([0xffffffe1]&[0xffffffaa][0xffffffe6]|Q[0xffffffd7]y[0x1d][0xfffffff8]D[0xffffffd5][0x11]0Qu[0xffffff98][0x1d][0xffffff95][0xffffffc2][0xffffff80]c[0x13]U[0xffffff87],[0xffffffa5][0xffffff90][0xffffff94][0x8][0xffffff99][0xffffffa8][0xffffffb2][0xffffff81]d([0x11]0Q%[0xffffffe1][0xffffffac][0xffffffa6]D[0xfffffff0]D[0xffffff95]+O[0xffffff96][0x12]y[0x13]U[0xffffffae]Z9J[0xffffffa4]LTi[0xfffffff1][0xfffffffe]9%N3Q5^[0xfffffffd][0xffffffa2]Np[0xffffff9c][0xfffffff8]D[0xffffffd5][0x19]0Qu[0xffffff9a][0x1d][0xffffff95][0xffffffba][0xffffff80][0xffffff9f][0xffffffd8]D[0xffffffd5])K) %L[0x14][0x11]J[0xffffffd8]@"[0xffffff94]0[0xffffffb1],[0xffffffa7][0xffffff84][0xffffff84][0xffffffb3][0xffffff98][0x12][0x12][0xffffffd1] J[0xffffffb8][0xfffffff2]D)[0xffffffe1][0xffffffbb][0x14][0xffffffa5][0xffffff84][0xffffffab]V[0xffffff8c][0x12][0xffffffda][0xffffffb4][0x10]%[0xffffffb4]x7([0xffffffd1][0x1c]%[0xffffffce]yQ[0xffffff94]h8%Z[0x0]%[0xffffff9a][0xffffffe6][0xffffffbd]0[0xffffffe0][\r][0xffffffa3]DK[0xffffffa2][0xffffff84]F[0xffffff91][0xffffffa1][0xffffff84][0xb]$C[0x9][0xffffff8d]e=%[0xffffffd6]pVSb[0xffffff8d]h[0x12]%Ly[0xffffffb2][0xffffff94][0xffffffb0]][0xffffffca]R[0xffffffc2]T+G[0x9]iZ[0xffffff8a][0x12]R[0xffffffbc][0x1b][0xffffff94]0[0x13]U[0xffffffe3]5_[0xffffffd4]g[0xffffff97]'>Qu[0x6]LT[0xffffff9d]fG[0xffffffa5]0[0xffffffe0][0xffffffd8]D[0xffffffd5])K)$%B&[0xffffffaa]l [0x19]J[0x4]LTI8[0xffffffab])[0x11]<Q[0xffffffe5][0xffffffca][0xffffff93][0xffffffa5]D[0xffffffde]D[0xffffff95][0xffffffab]V[0xffffff8e][0x12])[0x13]UZ[0xffffffbc][0x1b][0xffffff94]0[0x13]U[0xffffffa3][0xffffffbd][0xffffffb0];8N|[0xffffffa2][0xffffffea][0xc][0xffffff98][0xffffffa8]:[0xffffffcd][0xffffff8e]Ja[0xffffffc0][0xffffffb1][0xffffff89][0xffffffaa]S[0xffffff96]RHJ[0xffffff84]LT[0xffffffd9]@2[0xffffff94][0x8][0xffffff98][0xffffffa8][0xffffff92]pVS"x[0xffffffa2][0xffffffca][0xffffff95]'K[0xffffff89][0xffffffbc][0xffffff89]*W[0xffffffad][0x1c]%R&[0xffffffaa][0xffffffb4]x[0xffffffb7]([0xffffffd1][0xffffffc3]([0xffffffd1]qJ[0xfffffff4][0x0]Jt[0xffffff94][0x12][0x1d][0xffffffa3]DO[0xffffffa2][0xffffffc4][0x1a]E[0xffffff8a][0x12][0x1a]H[0xffffff8a][0x12]k,[0x9]Jt[0xffffff98][0x12]=[0xffffff98][0x12]R[0xffffff9e]4%L[0xffffff97][0xffffffd2][0xffffff94][0xffffff90]j%)[0xffffffd1]S([0xffffffd1][0xffffffff][0xffffff9a][0x12]f[0xffffffed]r[0xffffffb4][0xfffffff3][0xffffffba])J[0xffffffe0]k[0xffffff97]g[0xffffffc0][0xffffffda][0xffffffe5]i&[0xffffffd9][\n]"
19:31:00.742 [main] DEBUG org.apache.hc.client5.http.wire - http-outgoing-1 << "[0x3][0xffffff8e][0xffffffad]][0xffffff9e]2[0xffffffba]FR"d[0xffffffed][0xffffffd2][0x6][0xffffff92][0xffffffa1]D[0xffffffc0][0xffffffda][0xffffffa5][0xffffff84][0xffffffb3][0xffffff9a][0x12][0xffffffc1]k[0xffffff97][0xffffffae]<YJ[0xffffffe4][0xffffffad]][0xffffffba]j[0xffffffe5]([0xffffff91][0xffffffb2]v[0xffffffa9][0xffffffc5][0xffffffbb]A[0x9][0xffffffb3]v9[0xffffffda][0xffffffd5][0xffffffb0][0xffffffb7][0x12][0xfffffff8][0xffffffda][0xffffffe5][0x19][0xffffffb0]vy[0xffffff9a]I[0xffffffb6][0xffffffc2][0xffffff80]ck[0xffffff97][0xffffffa7][0xffffff8c][0xffffffae][0xffffff91][0xffffff94][0x8]Y[0xffffffbb][0xffffffb4][0xffffff81]d([0x11][0xffffffb0]v)[0xffffffe1][0xffffffac][0xffffffa6]D[0xfffffff0][0xffffffda][0xffffffa5]+O[0xffffff96][0x12]yk[0xffffff97][0xffffffae]Z9J[0xffffffa4][0xffffffac]]j[0xfffffff1]nP[0xffffffc2][0xffffffac]]~P[0xffffffe2][0xffffffa2]v%N|[0xffffffed][0xfffffff2][0xc]X[0xffffffbb]<[0xffffffcd]$[a[0xffffffc0][0xffffffb1][0xffffffb5][0xffffffcb]SF[0xffffffd7]HJ[0xffffff84][0xffffffac]][0xffffffda]@2[0xffffff94][0x8]X[0xffffffbb][0xffffff94]pVS"x[0xffffffed][0xffffffd2][0xffffff95]'K[0xffffff89][0xffffffbc][0xffffffb5]KW[0xffffffad][0x1c]%R[0xffffffd6].[0xffffffb5]x7(q[J<[0x18]%n[0xffffff9c][0x12]w[0x0]%n[0xffffffcd]{a[0xffffffc0]o[0xffffff8c][0x12]w[0x12]%4[0xffffff8a][0xc]%\ [0x19]Jh,[0xffffffeb])[0xffffffb1][0xffffff86][0xffffffb3][0xffffff9a][0x12]kD[0xffffff93](a[0xffffffca][0xffffff93][0xffffffa5][0xffffff84][0xffffffed]R[0xffffff96][0x12][0xffffffa6]Z9JH[0xffffffd3]R[0xffffff94][0xffffff90][0xffffffe2][0xffffffdd][0xffffffa0][0xffffff84][0x19][0xffffffce][0x1e]m[0xfffffff4]IQ[0x2][0x1f][0xffffffce]>[0x3][0xffffff86][0xffffffb3]O[0xffffffb3][0xffffffee]Z[0x18]pl8[0xfffffffb][0xffffff94][0xfffffffd]V[0xffffff92][0x12]![0xffffffc3][0xffffffd9]6[0xffffff90][0xc]%[0x2][0xffffff86][0xffffffb3]%[0xffffff9c][0xffffffd5][0xffffff94][0x8][0x1e][0xffffffce]v[0xffffffe5][0xffffffc9]R"o8[0xffffffdb]U+G[0xffffff89][0xffffff94][0xffffffe1]l-[0xffffffde][\r]J[0xffffff98][0xffffffe1][0xffffffec][0xffffffd1][0xffffffee][0x3][[0xffffffbb][0xffffffc4][0xffffff87][0xffffffb3][0xffffffcf][0xffffff80][0xffffffe1][0xffffffec][0xffffffd3][0xffffffac][0xffffffbb][0x16][0x6][0x1c][0x1b][0xffffffce]>e[0xffffffbf][0xffffff95][0xffffffa4]D[0xffffffc8]p[0xffffffb6][\r]$C[0xffffff89][0xffffff80][0xffffffe1]l[0x9]g5%[0xffffff82][0xffffff87][0xffffffb3]]y[0xffffffb2][0xffffff94][0xffffffc8][0x1b][0xffffffce]v[0xffffffd5][0xffffffca]Q"e8[[0xffffff8b][0xfffffff7][0xffffffcf])q[0xffffffb9][0xffffffe1][0xffffffec][0xffffffde][0xffffffda][0x9]Q[0xffffffe2][0xffffffc2][0xffffff87][0xffffffb3][0xffffffaf][0xffffff80][0xffffffe1][0xffffffec][0xffffffcb][0xffffffac][0xffffffbb][0xffffffd6][0x5][0xfffffffc][0xffffffc2][0xffffff86][0xffffffb3]/[0xffffffd9]o[0x5])a[0xffffffa2][0xffffff88]P[0xffffffc2][0x6][0x12][0xffffffa1][0xffffff84][0xffffff89]e9%$[0xffffff9c][0xffffffc5][0xffffff94][0xffffff90][0xffffff88][0x6]Q[0xffffffc2][0xffffff95]'J[0x9][0xffffffdf][0xffffffa5](%\[0xffffffb5]b[0xffffff94][0xffffffd0][0xffffffa6][0xffffff85]([0xffffffa1][0xffffffc5][0xffffffbb]A[0xffffff89][0xffffffe6]([0xffffffd1][0x7]u[0x18][0xfffffff4][0xfffffff3]y`J[0xffffffb4][0x0]J4[0xffffffcd]{a[0xffffffc0][0x1b]F[0xffffff89][0xffffff96]D[0x9][0xffffff8d]"C[0x9][0x17]H[0xffffff86][0x12][0x1a][0xffffffcb]zJ[0xffffffac][0xffffffe1][0xffffffac][0xffffffa6][0xffffffc4][0x1a][0xffffffd1]$J[0xffffff98][0xfffffff2]d)a[0xffffffbb][0xffffff94][0xffffffa5][0xffffff84][0xffffffa9]V[0xffffff8e][0x12][0xffffffd2][0xffffffb4][0x14]%[0xffffffa4]x7([0xffffffe1][0xffffff86][0xffffffb3][0xfffffffb]}Swp\[0xfffffff8]p[0xfffffff6][0x15]0[0xffffff9c]}[0xffffff99]u[0xffffffd7][0xffffffc2][0xffffff80]c[0xffffffc3][0xffffffd9][0xffffff97][0xffffffec][0xffffffb7][0xffffff92][0xffffff94][0x8][0x19][0xffffffce][0xffffffb6][0xffffff81]d([0x11]0[0xffffff9c]-[0xffffffe1][0xffffffac][0xffffffa6]D[0xfffffff0]p[0xffffffb6]+O[0xffffff96][0x12]y[0xffffffc3][0xffffffd9][0xffffffae]Z9J[0xffffffa4][0xc]gk[0xfffffff1]nP[0xffffffc2][\r]g[0x1f][0xffffffaf][0x17][0xfffffff5][0xffffffd9][0xffffffe5][0xffffff85][0xf]g_[0x1][0xffffffc3][0xffffffd9][0xffffff97]Yw-[0xc]86[0xffffff9c]}[0xffffffc9]~+I[0xffffff89][0xffffff90][0xffffffe1]l[0x1b]H[0xffffff86][0x12][0x1][0xffffffc3][0xffffffd9][0x12][0xffffffce]jJ[0x4][0xf]g[0xffffffbb][0xfffffff2]d)[0xffffff91]7[0xffffff9c][0xffffffed][0xffffffaa][0xffffff95][0xffffffa3]D[0xffffffca]p[0xffffffb6][0x16][0xffffffef][0x6]%[0xffffffdc][0xffffffda][0xffffffe5]q[0xffffffbe][0xffffffa8][0xffffffc3][0xffffffa0][0x17][0xffffffbe]vy[0x5][0xffffffac]]^f[0xffffff92][0xffffffad]0[0xffffffe0][0xffffffd8][0xffffffda][0xffffffe5]%[0xffffffa3]k$%B[0xffffffd6].m [0x19]J[0x4][0xffffffac]]J8[0xffffffab])[0x11][0xffffffbc]v[0xffffffe9][0xffffffca][0xffffff93][0xffffffa5]D[0xffffffde][0xffffffda][0xffffffa5][0xffffffab]V[0xffffff8e][0x12])k[0xffffff97]Z[0xffffffbc][0x1b][0xffffff94]pk[0xffffff97][0xffffffc7][0xffffffe0]([0xffffff81][0xffffffaf]]^[0x1]k[0xffffff97][0xffffff97][0xffffff99]d+[0xc]8[0xffffffb6]vy[0xffffffc9][0xffffffe8][0x1a]I[0xffffff89][0xffffff90][0xffffffb5]K[0x1b]H[0xffffff86][0x12][0x1]k[0xffffff97][0x12][0xffffffce]jJ[0x4][0xffffffaf]][0xffffffba][0xfffffff2]d)[0xffffff91][0xffffffb7]v[0xffffffe9][0xffffffaa][0xffffff95][0xffffffa3]D[0xffffffca][0xffffffda][0xffffffa5][0x16][0xffffffef][0x6]%[0xffffffdc][0xffffffda][0xffffffe5]1o[0xffffffec][0xf][0x1c][0xfffffff8][0xffffffda][0xffffffe5][0x15][0xffffffb0]vy[0xffffff99]I[0xffffffb6][0xffffffc2][0xffffff80]ck[0xffffff97][0xffffff97][0xffffff8c][0xffffffae][0xffffff91][0xffffff94][0x8]Y[0xffffffbb][0xffffffb4][0xffffff81]d([0x11][0xffffffb0]v)[0xffffffe1][0xffffffac][0xffffffa6]D[0xfffffff0][0xffffffda][0xffffffa5]+O[0xffffff96][0x12]yk[0xffffff97][0xffffffae]Z9J[0xffffffa4][0xffffffac]]j[0xfffffff1]nP[0xffffffc2][0xffffffad]][0xffffff9e]mv[0xffffff8a][0x12][0xfffffff8][0xffffffda][0xffffffe5][0x15][0xffffffb0]vy[0xffffff99]I[0xffffffb6][0xffffffc2][0xffffff80]ck[0xffffff97][0xffffff97][0xffffff8c][0xffffffae][0xffffff91][0xffffff94][0x8]Y[0xffffffbb][0xffffffb4][0xffffff81]d([0x11][0xffffffb0]v)[0xffffffe1][0xffffffac][0xffffffa6]D[0xfffffff0][0xffffffda][0xffffffa5]+O[0xffffff96][0x12]yk[0xffffff97][0xffffffae]Z9J[0xffffffa4][0xffffffac]]j[0xfffffff1]nP[0xffffffc2][0xffffffad]][0xffffff9e][0xffffffe7][0xffffffab]Q[0xffffff94][0xffffffc0][0xffffffd7].[0xffffffaf][0xffffff80][0xffffffb5][0xffffffcb][0xffffffcb]L[0xffffffb2][0x15][0x6][0x1c][[0xffffffbb][0xffffffbc]dt[0xffffff8d][0xffffffa4]D[0xffffffc8][0xffffffda][0xffffffa5][\r]$C[0xffffff89][0xffffff80][0xffffffb5]K[0x9]g5%[0xffffff82][0xffffffd7].]y[0xffffffb2][0xffffff94][0xffffffc8][[0xffffffbb]t[0xffffffd5][0xffffffca]Q"e[0xffffffed]R[0xffffff8b]w[0xffffff83][0x12]n[0xffffffed][0xfffffff2][0xffffffbc]&F[0x9]|[0xffffffed][0xfffffff2][\n]"
19:31:00.742 [main] DEBUG org.apache.hc.client5.http.wire - http-outgoing-1 << "X[0xffffffbb][0xffffffbc][0xffffffcc]$[a[0xffffffc0][0xffffffb1][0xffffffb5][0xffffffcb]KF[0xffffffd7]HJ[0xffffff84][0xffffffac]][0xffffffda]@2[0xffffff94][0x8]X[0xffffffbb][0xffffff94]pVS"x[0xffffffed][0xffffffd2][0xffffff95]'K[0xffffff89][0xffffffbc][0xffffffb5]KW[0xffffffad][0x1c]%R[0xffffffd6].[0xffffffb5]x[0xffffffff][0xffffff9c][0x12][0xffffffc3][0xffffffad]][0xffffff9e][0xffffffe3][0xffffffa4][0xffffffbe][0xffffff95][0x18][0xfffffff8][0xffffffda][0xffffffe5][0x8]X[0xffffffbb][0x1c]f[0xffffff92][0xffffffad].[0xffffffe0][0x3][[0xffffffbb][0x1c]2[0xffffffba][0x6]R[0xffffffc2]D[0x11][0xffffffa1][0xffffff84][\r]$B[0x9][0x13][0xffffffcb]rJH8[0xffffff8b])![0x11][\r][0xffffffa2][0xffffff84]+O[0xffffff94][0x12][0xffffffbe]KQJ[0xffffffb8]j[0xffffffc5]([0xffffffa1]M[0xb]QB[0xffffff8b]w[0xffffff83][0x12][0xffffffcd]R[0xffffffe2][0xffffffc1]([0xffffffd1]pJ[0xffffffb4][0x0]J4[0xffffffcd]{a[0xffffffc0][0x1b]F[0xffffff89][0xffffff96]D[0x9][0xffffff8d]"C[0x9][0x17]H[0xffffff86][0x12][0x1a][0xffffffcb]zJ[0xffffffac][0xffffffe1][0xffffffac][0xffffffa6][0xffffffc4][0x1a][0xffffffd1]$J[0xffffff98][0xfffffff2]d)a[0xffffffbb][0xffffff94][0xffffffa5][0xffffff84][0xffffffa9]V[0xffffff8e][0x12][0xffffffd2][0xffffffb4][0x14]%[0xffffffa4]x7([0xffffffe1][0xffffffd6].[0xffffffcf][0xfffffffb][0xffffffa0][0xffffff86][0xffffffb3][0x7][0xffffffbe]v9[0x2][0xffffffd6].[0xffffff87][0xffffff99]d+[0xc]8[0xffffffb6]v9dt[0xffffff8d][0xffffffa4]D[0xffffffc8][0xffffffda][0xffffffa5][\r]$C[0xffffff89][0xffffff80][0xffffffb5]K[0x9]g5%[0xffffff82][0xffffffd7].]y[0xffffffb2][0xffffff94][0xffffffc8][[0xffffffbb]t[0xffffffd5][0xffffffca]Q"e[0xffffffed]R[0xffffff8b]w[0xffffff83][0x12]n[0xffffffed][0xfffffff2][0xffffff9c][0xffffffaf][0xffffff93][0xffffffa2][0x4][0xffffffbe]v9[0x2][0xffffffd6].[0xffffff87][0xffffff99]d+[0xc]8[0xffffffb6]v9dt[0xffffff8d][0xffffffa4]D[0xffffffc8][0xffffffda][0xffffffa5][\r]$C[0xffffff89][0xffffff80][0xffffffb5]K[0x9]g5%[0xffffff82][0xffffffd7].]y[0xffffffb2][0xffffff94][0xffffffc8][[0xffffffbb]t[0xffffffd5][0xffffffca]Q"e[0xffffffed]R[0xffffff8b]w[0xffffff83][0x12]n[0xffffffed][0xfffffff2][0xffffffea][0xf][0xfffffff5][0xffffffd9][0xffffffe5][0xffffffc0][0xffffffd7].G[0xffffffc0][0xffffffda][0xffffffe5]0[0xffffff93]l[0xffffff85][0x1][0xffffffc7][0xffffffd6].[0xffffff87][0xffffff8c][0xffffffae][0xffffff91][0xffffff94][0x8]Y[0xffffffbb][0xffffffb4][0xffffff81]d([0x11][0xffffffb0]v)[0xffffffe1][0xffffffac][0xffffffa6]D[0xfffffff0][0xffffffda][0xffffffa5]+O[0xffffff96][0x12]yk[0xffffff97][0xffffffae]Z9J[0xffffffa4][0xffffffac]]j[0xfffffff1]nP[0xffffffc2][0xffffffad]]^W[0x7f]Q[0xffffff94][0xffffffc0][0xffffffd7].G[0xffffffc0][0xffffffda][0xffffffe5]0[0xffffff93]l[0xffffff85][0x1][0xffffffc7][0xffffffd6].[0xffffff87][0xffffff8c][0xffffffae][0xffffff91][0xffffff94][0x8]Y[0xffffffbb][0xffffffb4][0xffffff81]d([0x11][0xffffffb0]v)[0xffffffe1][0xffffffac][0xffffffa6]D[0xfffffff0][0xffffffda][0xffffffa5]+O[0xffffff96][0x12]yk[0xffffff97][0xffffffae]Z9J[0xffffffa4][0xffffffac]]j[0xfffffff1]nP[0xffffffc2][0xffffffad]]^[0xffffff93][0xffffffa3][0x4][0xffffffbe]v9[0x2][0xffffffd6].[0xffffff87][0xffffff99]d+[0xc]8[0xffffffb6]v9dt[0xffffff8d][0xffffffa4]D[0xffffffc8][0xffffffda][0xffffffa5][\r]$C[0xffffff89][0xffffff80][0xffffffb5]K[0x9]g5%[0xffffff82][0xffffffd7].]y[0xffffffb2][0xffffff94][0xffffffc8][[0xffffffbb]t[0xffffffd5][0xffffffca]Q"e[0xffffffed]R[0xffffff8b]w[0xffffff83][0x12]n[0xffffffed]r4[0xffffff8e][0x12][0xfffffff8][0xffffffda][0xffffffe5][0x8]X[0xffffffbb][0x1c]f[0xffffff92][0xffffffad]0[0xffffffe0][0xffffffd8][0xffffffda][0xffffffe5][0xffffff90][0xffffffd1]5[0xffffff92][0x12]!k[0xffffff97]6[0xffffff90][0xc]%[0x2][0xffffffd6].%[0xffffff9c][0xffffffd5][0xffffff94][0x8]^[0xffffffbb]t[0xffffffe5][0xffffffc9]R"o[0xffffffed][0xffffffd2]U+G[0xffffff89][0xffffff94][0xffffffb5]K-[0xffffffde][\r]J[0xffffffb8][0xffffffb5][0xffffffcb]q[0xffffffdd][0xffffff83][0xffffffa2][0x4][0xffffffbe]v9[0x2][0xffffffd6].[0xffffff87][0xffffff99]d+[0xc]8[0xffffffb6]v9dt[0xffffff8d][0xffffffa4]D[0xffffffc8][0xffffffda][0xffffffa5][\r]$C[0xffffff89][0xffffff80][0xffffffb5]K[0x9]g5%[0xffffff82][0xffffffd7].]y[0xffffffb2][0xffffff94][0xffffffc8][[0xffffffbb]t[0xffffffd5][0xffffffca]Q"e[0xffffffed]R[0xffffff8b]w[0xffffff8b][0x12]g[0x18]%N[0xffffff9c][0x12]g[0x0]%N[0xffffff94][0x12]'F[0xffffff89]3[0xffffff89][0x12]k[0x14])Jh )J[0xffffffac][0xffffffb1]$(q[0xffffffc2][0xffffff94]8[0xffffff83])![0xffffffe5]IS[0xffffffc2]t)M[0x9][0xffffffa9]V[0xffffff92][0x12]g[\n]"
19:31:00.743 [main] DEBUG org.apache.hc.client5.http.wire - http-outgoing-1 << "%[0xffffffce][0xffffffbf][0xffffffa6][0xffffff84][0x1b][0xffffffce][0x1e]7v3[0xffffffe8][0xffffffc0][0xffffff87][0xffffffb3]G[0xffffffc0]p[0xfffffff6]0[0xffffffeb][0xffffffae][0xffffff85][0x1][0xffffffc7][0xffffff86][0xffffffb3][0xffffff87][0xffffffec][0xffffffb7][0xffffff92][0xffffff94][0x8][0x19][0xffffffce][0xffffffb6][0xffffff81]d([0x11]0[0xffffff9c]-[0xffffffe1][0xffffffac][0xffffffa6]D[0xfffffff0]p[0xffffffb6]+O[0xffffff96][0x12]y[0xffffffc3][0xffffffd9][0xffffffae]Z9J[0xffffffa4][0xc]gk[0xfffffff1][0xfffffffe]9%n7[0xffffff9c]}[0xfffffff7][0xffffff8b][0xffffffa2][0xffffffc4][0xffffff8d][0xf]g[0xffffffdf][0x1][0xffffffc3][0xffffffd9][0xffffffb7]Yw[0xffffffad][0xb][0xfffffff8][0xffffff8d][\r]g[0xffffffdf][0xffffffb2][0xffffffdf][\n]"
19:31:00.743 [main] DEBUG org.apache.hc.client5.http.wire - http-outgoing-1 << "R[0xffffffc2]D[0x11][0xffffffa1][0xffffff84][\r]$B[0x9][0x13][0xffffffcb]rJH8[0xffffff8b])![0x11][\r][0xffffffa2][0xffffff84]+O[0xffffff94][0x12][0xffffffbe]KQJ[0xffffffb8]j[0xffffffc5]([0xffffffa1]M[0xb]QB[0xffffff8b]w[0xffffff83][0x12]n[0xffffffed][0xfffffff2]~[0xffffffb0]][0xffffff89][0x1b]_[0xffffffbb][0xffffffbc][0x3][0xffffffd6].o3[0xffffffc9]V[0x18]pl[0xffffffed][0xfffffff2][0xffffff96][0xffffffd1]5[0xffffff92][0x12]!k[0xffffff97]6[0xffffff90][0xc]%[0x2][0xffffffd6].%[0xffffff9c][0xffffffd5][0xffffff94][0x8]^[0xffffffbb]t[0xffffffe5][0xffffffc9]R"o[0xffffffed][0xffffffd2]U+G[0xffffff89][0xffffff94][0xffffffb5]K-[0xffffffde][\r]J[0xffffffb8][0xffffff89][0xffffffaa]{N[0xffffffea][0x4][0xffffffc7][0xffffff8d]OT[0xffffffdd][0x1][0x13]U[0xffffffb7][0xffffffd9]Q)[0xc]86Qu[0xffffffcb]R[\n]"
19:31:00.743 [main] DEBUG org.apache.hc.client5.http.wire - http-outgoing-1 << "I[0xffffff89][0xffffff90][0xffffff89]*[0x1b]H[0xffffff86][0x12][0x1][0x13]U[0x12][0xffffffce]jJ[0x4]OT[0xffffffb9][0xfffffff2]d)[0xffffff91]7Q[0xffffffe5][0xffffffaa][0xffffff95][0xffffffa3]D[0xffffffca]D[0xffffff95][0x16][0xffffffef][0x6]%[0xffffffdc]D[0xffffffd5][0xfffffff3]:[0xf][0xffffff8a][0x12][0xfffffff8]D[0xffffffd5][0x1d]0Qu[0xffffff9b][0x1d][0xffffff95][0xffffffc2][0xffffff80]c[0x13]U[0xffffffb7],[0xffffffa5][0xffffff90][0xffffff94][0x8][0xffffff99][0xffffffa8][0xffffffb2][0xffffff81]d([0x11]0Q%[0xffffffe1][0xffffffac][0xffffffa6]D[0xfffffff0]D[0xffffff95]+O[0xffffff96][0x12]y[0x13]U[0xffffffae]Z9J[0xffffffa4]LTi[0xfffffff1]nP[0xffffffc2]MT=[0xffffffaf][0xffffff89][0xfffffffd][0xffffff81][0x3][0xffffff9f][0xffffffa8][0xffffffba][0x3]&[0xffffffaa]n[0xffffffb3][0xffffffa3]R[0x18]pl[0xffffffa2][0xffffffea][0xffffff96][0xffffffa5][0x14][0xffffff92][0x12]![0x13]U6[0xffffff90][0xc]%[0x2]&[0xffffffaa]$[0xffffff9c][0xffffffd5][0xffffff94][0x8][0xffffff9e][0xffffffa8]r[0xffffffe5][0xffffffc9]R"o[0xffffffa2][0xffffffca]U+G[0xffffff89][0xffffff94][0xffffff89]*-[0xffffffde][\r]J[0xffffffb8][0xffffff89][0xffffffaa][0xffffffa7][0xffffffb7][0xffffff8b][0xffffffa2][0x4]>Qu[0x7]LT[0xffffffdd]fG[0xffffffa5]0[0xffffffe0][0xffffffd8]D[0xffffffd5]-K)$%B&[0xffffffaa]l [0x19]J[0x4]LTI8[0xffffffab])[0x11]<Q[0xffffffe5][0xffffffca][0xffffff93][0xffffffa5]D[0xffffffde]D[0xffffff95][0xffffffab]V[0xffffff8e][0x12])[0x13]UZ[0xffffffbc][[0xffffff94][0xffffffe8]a[0xffffff94][0xffffffe8]8%z[0x0]%:J[0xffffff89][0xffffff8e]Q[0xffffffa2]'Qb[0xffffff8d]"E[0x9][\r]$E[0xffffff89]5[0xffffff96][0x4]%:L[0xffffff89][0x1e]L[0x9])O[0xffffff9a][0x12][0xffffffa6]KiJH[0xffffffb5][0xffffff92][0xffffff94][0xffffffe8])[0xffffff94][0xffffffe8][0x7f]M[0x9][0xffffffb7]v[0xfffffff9]\[0x1d];[0xc][0xffffff8a][0xffffffaf]][0xffffffde][0x1]k[0xffffff97][0xffffffb7][0xffffff99]d+[0xc]8[0xffffffb6]vy[0xffffffcb][0xffffffe8][0x1a]I[0xffffff89][0xffffff90][0xffffffb5]K[0x1b]H[0xffffff86][0x12][0x1]k[0xffffff97][0x12][0xffffffce]jJ[0x4][0xffffffaf]][0xffffffba][0xfffffff2]d)[0xffffff91][0xffffffb7]v[0xffffffe9][0xffffffaa][0xffffff95][0xffffffa3]D[0xffffffca][0xffffffda][0xffffffa5][0x16][0xffffffef][0x16]%[0xffffffcc][[0x9][0xffffff94][0x12][0xfffffff4][[0xffffff89]'[0xffffffe0][0xffffffad][0xffffffc4][0xffffffa3]t.[\r]8[0xfffffff5]V[0xffffffe2]Iz+[0xffffffa1]Q[0xffffffa4]([0xffffff91][0xfffffff2]VBcIP[0xffffff82]}+[0xffffffb1]F4[0xffffff8b][0x12]ao%l[0xffffff97][0xffffffd2][0xffffff94][0x8]z+!M[0xffffffcb]Q[0xffffffe2][0xffffffbf]x+q[0xffffff84]Q[0xffffffe2][0xffffffc0])q[0x4]P[0xffffffe2]@)q`[0xffffff94]8[0xffffff92]([0xffffffb1]F[0xffffff91][0xffffffa2][0xffffff84][0x6][0xffffff92][0xffffffa2][0xffffffc4][0x1a]K[0xffffff82][0x12][0x7]L[0xffffff89]#[0xffffff98][0x12]R[0xffffff9e]4%L[0xffffff97][0xffffffd2][0xffffff94][0xffffff90]j%)q[0xffffffa4]P[0xffffffe2][0xfffffff8][0xf]([0xffffffd1][0xffffffd2],[0xffffffd1]xL[0xffffffb4][0x4]M4[0xffffff96][0x13][0xffffff8d][0xfffffff3]D[0xffffff8b][0x2][0xffffff85][0xffffffe4][0xffffff91][0x12][0xffffff85]I%E[\n]"
19:31:00.743 [main] DEBUG org.apache.hc.client5.http.wire - http-outgoing-1 << "[0xffffffc9]&a[0xffffff8a]F[0xffffffa3][0xffffffa2]%[0xffffffab]Bk[0xffffff94]f[0xffffff85]kU[0xffffffda][0x15]Z[0xffffffb2]$,[0xffffffd6][0xffffffce][0xffffffe5]d[0xffffffb1]V[0xfffffff0][0x16]-[0xfffffffa][0x19]F[0xffffff8b][0xe]_[0xfffffff0][0xfffffff5][0xfffffffd][0x8]<-:x[0xffffffc5][0xffffffd7][0xfffffff7][0xffffffcf]S[0xffffffb4][0xffffffe8]9[0xffffff97]|[0xffffffb9]<R[0xffffffb4]0[0xffffffa9][0xffffffa4]h![0xffffffd9]$h[0xffffffd1][0xffffffd1][0xffffff8b][0xffffffbe]4[0xffffffa7]Y[0xffffffb4][0xffffffd0][0x1a][0xffffffa5]i[0xffffffe1]Z[0xffffff95][0xffffffa6][0xffffff85][0xffffff96],I[0xffffff8b][0xffffffb5]s9Z[0xffffffac][0x15][0xffffffbc]E[0xffffff8b]#[0xffffffed][0xffffffad][0xffffffc5][0xffffffc1][0xffffffbf][0xffffffb5]8[0x12][0xffffffde]Z[0x1c][0xffffffec][[0xffffff8b][0xffffff83]{kqD[0xffffffbd][0xffffffb5][0xffffff90]<R[0xffffffb4]0[0xffffffa9][0xffffffa4]h![0xffffffd9]$hq[0xffffffd0]o-[0xffffff8e][0xffffffe4][0xffffffb7][0x16]Z[0xffffffa3]4-\[0xffffffab][0xffffffd2][0xffffffb4][0xffffffd0][0xffffff92]%i[0xffffffb1]v.G[0xffffff8b][0xffffffb5][0xffffff82][0xffffffb7]h1f[0x18]-[0xffffffc6][0xffffffc4]i[0xfffffff1][0xfffffff1][0x8]<-~<[0x4]E[0xffffff8b][0xffffff8f][0xffffff9f][0xffffffa7]h[0xfffffff1][0xfffffffd][0xffffffd3])[0xffffffb4][0xffffff90]<R[0xffffffb4]0[0xffffffa9][0xffffffa4]h![0xffffffd9]$h[0xffffffb1]$[0xffffffb4][0xffffff9e][0x16]KN[0xffffffb3]h[0xffffffa1]5J[0xffffffd3][0xffffffc2][0xffffffb5]*M[0xb]-Y[0xffffff92][0x16]k[0xffffffe7]r[0xffffffb4]X+x[0xffffff8b][0x16][0xffffffcf][0x15]F[0xffffff8b][0xffffffe7][0xffffffc2]i[0xfffffff1][0xfffffff1][0x8]<-~<[0x4]E[0xffffff8b][0xffffff8f][0xffffff9f][0xffffffa7]h[0xfffffff1][0xfffffffd][0xffffffd3])[0xffffffb4][0xffffff90]<R[0xffffffb4]0[0xffffffa9][0xffffffa4]h![0xffffffd9]$h[0xffffffb1]$[0xffffffb4][0xffffff9e][0x16]KN[0xffffffb3]h[0xffffffa1]5J[0xffffffd3][0xffffffc2][0xffffffb5]*M[0xb]-Y[0xffffff92][0x16]k[0xffffffe7]r[0xffffffb4]X+x[0xffffff8f][0x16]w[0x1a]-n[0xffffff9e][0x16]w[0x2]-n[0xffffff96][0x16]7G[0xffffff8b];[0xffffff8a][0x16]k[0x1e]1Zh*1Z[0xffffffac][0xffffffd9]Dhq[0xffffffd3][0xffffffb4][0xffffffb8][0xffffff93]i!5[0xffffff8a][0xffffffd3][0xffffffc2][0xffffffb4]*N[0xb])Y[0xffffff94][0x16]w[0xc]-[0xffffffee][0xffffffff][0xffffff80][0x16][0xffffffed][0xfffffff5][0xffffff84][0xffffffd9][0xffffffe2][0xffffffe3][0xffffff89]p\|>[0x3][0xffffffaf][0xffffff8b][0xffffff9f]OA[0xfffffff1][0xffffffe2][0xfffffff3][0xfffffff7])_[0xfffffffc][0xfffffff8][0xffffffed][0x14]`h()a[0xffffffb8]hR[0xffffffc4][0xffffffd0][0xffffff80][0x12][0xffffffc6]XcZ[0xffffff8f][0xffffff8c]5[0xffffffac]Y[0xffffffca]0[0xffffff85]J3[0xffffffc3][0xfffffff6]+[0xffffffed][0xc]S[0xffffffb7]$4[0xffffffa4]}9iH[0x19]oQ[0xffffffa3][0xffffffbf][0xffffffce]0j|<[0x11]N[0xffffff8d][0xffffffcf]g[0xffffffe0][0xffffffa9][0xfffffff1][0xfffffff3])(j|[0xfffffffe]>E[0xffffff8d][0x1f][0xffffffbf][0xffffff9d]B[\r][\r]%E[\r][0x17]M[0xffffff8a][0x1a][0x1a]P[0xffffff82][0x1a]kL[0xffffffeb][0xffffffa9][0xffffffb1][0xffffff86]5[0xffffff8b][0x1a][0xffffffa6]Pij[0xffffffd8]~[0xffffffa5][0xffffffa9]a[0xffffffea][0xffffff96][0xffffffa4][0xffffff86][0xffffffb4]/G[\r])[0xffffffe3]=j[0xffffff8c]8j[0xffffff8c][0x0]j[0xffffff8c][0x8]j[0xc][0xffffff98][0x1a][0x3][0xffffffa4][0xffffffc6][0xffffffc8][0xffffffa2][0xffffff86][0xffffff84][0x12][0xffffffa3][0xffffff86][0xffffff89]&F[\r][0x9](B[0xffffff8d][0xffffff81]ScDSC[0xb][0x15][0xffffffa7][0xffffff86][0xffffffeb]W[0xffffff9c][0x1a]Z[0xffffffb7](5[0xffffffd6][0xfffffff6][0x5][0xffffffa9][0xffffffb1][0xffffff96][0xfffffff1][0xffffff9f]P[0xffffffa3][0x7f][0xffffffff]+[0xffffffd3][0xffffffdc]!2[0xffffffdb]y[0xffffff94]C[0xffffffe3][0xfffffff7][0xfffffff3]P[0xffffffcc][0xfffffff8][0xffffffc7][0x13]`[0xffffffc8]X[0xffffff9e][0xffffffa1][0xffffff98][0x18][0xffffffff][0xfffffff8][0xfffffff5]b`[0xfffffffc][0xffffffef]/[0xffffffc3][0xffffffbc]x[0x1b][0xffffffc5]b\[0xfffffffc]K [0xffffff8b]i[0xfffffff1]6[0xffffff96][0xffffff85][0xffffffb0]x[0x13][0xffffffce]2V[0xffffffbc][0xffffff89]h[0x4]*[0xffffffde][0xffffff97]'D[0xffffff8a][0x7f][0xffffffeb]R[0x8][0x14][0xffffffef][0xffffffab][0x15][0xffffffe0][0xffffffc4][0xffffffbb][0xffffffa6]-[0xffffffc7][0xffffffc4][0xffffffbb][0xffffffe2][0xfffffffd]sJ</G[0xffffff89][0xffffffe3][0xffffffb8]!J|>[0xf]K[0xffffff89][0xffffffaf]'[0xffffff80])[0xfffffff1][0xffffffeb][0x19][0x10]J|[0xfffffffd]:B[0xffffff89][0xffffff9f][0xffffffbf][0x1c]A[0x9][0x13]E[0xffffff84][0x12]6[0xffffff90][0x8]%L,[0xffffffcb])![0xffffffe1],[0xffffffa6][0xffffff84]D4[0xffffff88][0x12][0xffffffae]<QJ[0xfffffff8].E)[0xffffffe1][0xffffffaa][0x15][0xffffffa3][0xffffff84]6-D[0x9]-[0xffffffde][\r]J4G[0xffffff89][0xfffffffb][0xffffffc4]([0xffffffd1]pJ[0xffffffb4][0x0]J4[0xffffffcd]{a[0xffffffc0][0x1b]F[0xffffff89][0xffffff96]D[0x9][0xffffff8d]"C[0x9][0x17]H[0xffffff86][0x12][0x1a][0xffffffcb]zJ[0xffffffac][0xffffffe1][0xffffffac][0xffffffa6][0xffffffc4][0x1a][0xffffffd1]$J[0xffffff98][0xfffffff2]d)a[0xffffffbb][0xffffff94][0xffffffa5][0xffffff84][0xffffffa9]V[0xffffff8e][0x12][0xffffffd2][0xffffffb4][0x14]%[0xffffffa4]x7(q(%[0xffffffee][0xffffffd7]qS[0x7f][0xffffffe0][0xfffffff8]|[0x1e][0xffffff98][0x12]G[0x0]%[0xe][0xffffffcd]{a[0xffffffc0][0xf][0xffffff8c][0x12]G[0x12]%4[0xffffff8a][0xc]%\ [0x19]Jh,[0xffffffeb])[0xffffffb1][0xffffff86][0xffffffb3][0xffffff9a][0x12]kD[0xffffff93](a[0xffffffca][0xffffff93][0xffffffa5][0xffffff84][0xffffffed]R[0xffffff96][0x12][0xffffffa6]Z9JH[0xffffffd3]R[0xffffff94][0xffffff90][0xffffffe2][0xffffffdd][0xffffffa0][0xffffffc4][0xffffffe9](q}[0xfffffffd][0xffffffef][0xffffff85]P[0xffffffe2][0xffffffc4])q[0x6]P[0xffffffe2][0xffffffd4][0xffffffbc][0x17][0x6][0xfffffffc][0xffffffc4](q&QB[0xffffffa3][0xffffffc8]P[0xffffffc2][0x5][0xffffff92][0xffffffa1][0xffffff84][0xffffffc6][0xffffffb2][0xffffff9e][0x12]k8[0xffffffab])[0xffffffb1]F4[0xffffff89][0x12][0xffffffa6]<YJ[0xffffffd8].e)a[0xffffffaa][0xffffff95][0xffffffa3][0xffffff84]4-E[0x9])[0xffffffde][\r]J\[0xffffff8e][0x12][0xfffffff3]8)J\8%[0xffffffae][0x0]J\[0xffffff9a][0xfffffff7][0xffffffc2][0xffffff80]_[0x18]%[0xffffffae]$Jh[0x14][0x19]J[0xffffffb8]@2[0xffffff94][0xffffffd0]X[0xffffffd6]Sb[\r]g5%[0xffffffd6][0xffffff88]&Q[0xffffffc2][0xffffff94]'K[0x9][0xffffffdb][0xffffffa5],%L[0xffffffb5]r[0xffffff94][0xffffff90][0xffffffa6][0xffffffa5](![0xffffffc5][0xffffffbb]A[0xffffff89]a)11J[0xc][0xffffff9c][0x12]#[0xffffff80][0x12]C[0xfffffff3]^[0x18][0xfffffff0][0xffffff81]Qb$QB[0xffffffa3][0xffffffc8]P[0xffffffc2][0x5][0xffffff92][0xffffffa1][0xffffff84][0xffffffc6][0xffffffb2][0xffffff9e][0x12]k8[0xffffffab])[0xffffffb1]F4[0xffffff89][0x12][0xffffffa6]<YJ[0xffffffd8].e)a[0xffffffaa][0xffffff95][0xffffffa3][0xffffff84]4-E[0x9])[0xffffffde][\r]J[0xffffffdc][0xffffff86][0x12][0xffffffed]5[0x6]E[0xffffff89][0x1b][0xffffffa7][0xffffffc4][0x1d]@[0xffffff89][[0xfffffff3]^[0x18][0xfffffff0][0x1b][0xffffffa3][0xffffffc4][0xffffff9d]D[0x9][0xffffff8d]"C[0x9][0x17]H[0xffffff86][0x12][0x1a][0xffffffcb]zJ[0xffffffac][0xffffffe1][0xffffffac][0xffffffa6][0xffffffc4][0x1a][0xffffffd1]$J[0xffffff98][0xfffffff2]d)a[0xffffffbb][0xffffff94][0xffffffa5][0xffffff84][0xffffffa9]V[0xffffff8e][0x12][0xffffffd2][0xffffffb4][0x14]%[0xffffffa4]x7([0xfffffff1]8J[0xffffffb4][0xffffff86]}+[0xfffffff1][0xffffffe0][0xffffff94]x[0x2]([0xfffffff1]h[0xffffffde][0xb][0x3][0xfffffffe]`[0xffffff94]x[0xffffff92]([0xffffffa1]Qd([0xffffffe1][0x2][0xffffffc9]PBcYO[0xffffff89]5[0xffffff9c][0xffffffd5][0xffffff94]X#[0xffffff9a]D[0x9]S[0xffffff9e],%l[0xffffff97][0xffffffb2][0xffffff94]0[0xffffffd5][0xffffffca]QB[0xffffff9a][0xffffff96][0xffffffa2][0xffffff84][0x14][0xffffffef][0x6]%[0xffffffcc]D[0xffffffd5][0x7]%[0xffffffb8][0xffffffb7][0x12][0xfffffff8]D[0xffffffd5][0x13]0Q[0xfffffff5][0xffffff98][0x1d][0xffffff95][0xffffffc2][0xffffff80]c[0x13]U[0xffffff8f],[0xffffffa5][0xffffff90][0xffffff94][0x8][0xffffff99][0xffffffa8][0xffffffb2][0xffffff81]d([0x11]0Q%[0xffffffe1][0xffffffac][0xffffffa6]D[0xfffffff0]D[0xffffff95]+O[0xffffff96][0x12]y[0x13]U[0xffffffae]Z9J[0xffffffa4]LTi[0xfffffff1][0xfffffffe]9%[0xffffffa6][0xffffff99][0xffffffa8][0xffffffba]?[0xfffffffe][0xffffff9f]'D[0xffffff89][0xffffff89]OT[0xffffffcd][0xffffff80][0xffffff89][0xffffffaa]ivT[0xffffffea][0x2]>[0xffffffb1][0xffffff89][0xffffffaa])K) %L[0x14][0x11]J[0xffffffd8]@"[0xffffff94]0[0xffffffb1],[0xffffffa7][0xffffff84][0xffffff84][0xffffffb3][0xffffff98][0x12][0x12][0xffffffd1] J[0xffffffb8][0xfffffff2]D)[0xffffffe1][0xffffffbb][0x14][0xffffffa5][0xffffff84][0xffffffab]V[0xffffff8c][0x12][0xffffffda][0xffffffb4][0x10]%[0xffffffb4]x7(a&[0xffffffaa][0xffffffee]v?[0xffffffd4]D[0xffffffd5][0xffffffc4]'[0xffffffaa]f[0xffffffc0]D[0xffffffd5]4;*[0xffffff85][0x1][0xffffffc7]&[0xffffffaa][0xffffffa6],[0xffffffa5][0xffffff90][0xffffff94][0x8][0xffffff99][0xffffffa8][0xffffffb2][0xffffff81]d([0x11]0Q%[0xffffffe1][0xffffffac][0xffffffa6]D[0xfffffff0]D[0xffffff95]+O[0xffffff96][0x12]y[0x13]U[0xffffffae]Z9J[0xffffffa4]LTi[0xfffffff1]nP[0xffffffa2];J[0xffffffcc][0xffffffa7]Q[0xffffff94][0xffffffe8]8%z[0x0]%[0xffffffba][0xffffffe6][0xffffffbd]0[0xffffffe0][0x1d][0xffffffa3]DO[0xffffffa2][0xffffff84]F[0xffffff91][0xffffffa1][0xffffff84][0xb]$C[0x9][0xffffff8d]e=%[0xffffffd6]pVSb[0xffffff8d]h[0x12]%Ly[0xffffffb2][0xffffff94][0xffffffb0]][0xffffffca]R[0xffffffc2]T+G[0x9]iZ[0xffffff8a][0x12]R[0xffffffbc][0x1b][0xffffff94]pk[0xffffff97][0xfffffffd]<O[0xffffff8a][0x12][0xfffffff8][0xffffffda][0xffffffe5][0xc]X[0xffffffbb][0xffffff9c]f[0xffffff92][0xffffffad]0[0xffffffe0][0xffffffd8][0xffffffda][0xffffffe5][0xffffff94][0xffffffd1]5[0xffffff92][0x12]!k[0xffffff97]6[0xffffff90][0xc]%[0x2][0xffffffd6].%[0xffffff9c][0xffffffd5][0xffffff94][0x8]^[0xffffffbb]t[0xffffffe5][0xffffffc9]R"o[0xffffffed][0xffffffd2]U+G[0xffffff89][0xffffff94][0xffffffb5]K-[0xffffffde]-J[0xfffffff4]0Jt[0xffffff9c][0x12]=[0xffffff80][0x12][0x1d][0xffffffa5]D[0xffffffc7]([0xffffffd1][0xffffff93]([0xffffffb1]F[0xffffff91][0xffffffa2][0xffffff84][0x6][0xffffff92][0xffffffa2][0xffffffc4][0x1a]K[0xffffff82][0x12][0x1d][0xffffffa6]D[0xf][0xffffffa6][0xffffff84][0xffffff94]'M[0x9][0xffffffd3][0xffffffa5]4%[0xffffffa4]ZIJ[0xfffffff4][0x14]J[0xfffffff4][0xffffffbf][0xffffffa6][0xffffff84][0x1b][0xffffffce][0xffffffee][0xffffffd7]E[0x1d][0x6][0xffffff9d][0xfffffff8]p[0xfffffff6][0xc][0x18][0xffffffce][0xffffff9e]f[0xffffffdd][0xffffffb5]0[0xffffffe0][0xffffffd8]p[0xfffffff6][0xffffff94][0xfffffffd]V[0xffffff92][0x12]![0xffffffc3][0xffffffd9]6[0xffffff90][0xc]%[0x2][0xffffff86][0xffffffb3]%[0xffffff9c][0xffffffd5][0xffffff94][0x8][0x1e][0xffffffce]v[0xffffffe5][0xffffffc9]R"o8[0xffffffdb]U+G[0xffffff89][0xffffff94][0xffffffe1]l-[0xffffffde]-J[0xffffff98][0xffffffb7][0x12](%[0xffffffe8][0xffffffb7][0x12]g[0xffffffc0][[0xffffff89]S[0xffffffe9]\[0x1a]p[0xffffffea][0xffffffad][0xffffffc4][0xffffff99][0xfffffff4]VB[0xffffffa3]HQ"[0xffffffe5][0xffffffad][0xffffff84][0xffffffc6][0xffffff92][0xffffffa0][0x4][0xfffffffb]Vb[0xffffff8d]h[0x16]%[0xffffffc2][0xffffffde]J[0xffffffd8].[0xffffffa5])[0x11][0xfffffff4]VB[0xffffff9a][0xffffff96][0xffffffa3][0xffffffc4][0xffffffdf][0xffffffbf][0xffffff95]pk[0xffffff97][0xffffffc7]x&E[0x9]|[0xffffffed]r[0x6][0xffffffac]]N3[0xffffffc9]V[0x18]pl[0xffffffed]r[0xffffffca][0xffffffe8][0x1a]I[0xffffff89][0xffffff90][0xffffffb5]K[0x1b]H[0xffffff86][0x12][0x1]k[0xffffff97][0x12][0xffffffce]jJ[0x4][0xffffffaf]][0xffffffba][0xfffffff2]d)[0xffffff91][0xffffffb7]v[0xffffffe9][0xffffffaa][0xffffff95][0xffffffa3]D[0xffffffca][0xffffffda][0xffffffa5][0x16][0xffffffef][0x6]%[0xffffffdc][0xffffffda][0xffffffe5][0xfffffff1]\[0x17]E[0x9]|[0xffffffed]r[0x6][0xffffffac]]N3[0xffffffc9]V[0x18]pl[0xffffffed]r[0xffffffca][0xffffffe8][0x1a]I[0xffffff89][0xffffff90][0xffffffb5]K[0x1b]H[0xffffff86][0x12][0x1]k[0xffffff97][0x12][0xffffffce]jJ[0x4][0xffffffaf]][0xffffffba][0xfffffff2]d)[0xffffff91][0xffffffb7]v[0xffffffe9][0xffffffaa][0xffffff95][0xffffffa3]D[0xffffffca][0xffffffda][0xffffffa5][0x16][0xffffffef][0x6]%[0xffffffdc][0xffffffda][0xffffffe5][0xffffffd9][0xf]j[0xffffffed]r[0xffffffe2]k[0xffffff97]3`[0xffffffed]r[0xffffff9a]I[0xffffffb6][0xffffffc2][0xffffff80]ck[0xffffff97]SF[0xffffffd7]HJ[0xffffff84][0xffffffac]][0xffffffda]@2[0xffffff94][0x8]X[0xffffffbb][0xffffff94]pVS"x[0xffffffed][0xffffffd2][0xffffff95]'K[0xffffff89][0xffffffbc][0xffffffb5]KW[0xffffffad][0x1c]%R[0xffffffd6].[0xffffffb5]x[0xffffffff][0xffffff98][0x12][0xffffffcf][0xffffffcb][0xffffffad]][0xffffff9e][0xffffff9d][0xffffff9a][0xffffffa8][0xfffffffa]z[0x1e][0xffffff94][0x12][0xffffffdf]O[0xffffffc0]R[0xffffffe2][0xfffffff7]3[0x10][0xffffff94][0xfffffff8][0xfffffffe]u[0xffffff82][0x12][0xffffffbf]~9[0xffffff81][0x12].[0xffffff8a][0x4]%| [0x9]J[0xffffffb8]XVSB[0xffffffc3]YK[0x9][0xffffff8d]h[0xe]%ly[0xffffff92][0xffffff94]x[0xffffffd3][0xffffffa5]$%l[0xffffffb5]R[0xffffff94]0M[0xffffffcb]P[0xffffffc2][0x14][0xffffffef][0x6]%[0xffffffdc][0xffffffda][0xffffffe5]y[0xffffff9c][0xffffffd0]g[0xffffff97]_[0xffffffcf][0x3]S[0xffffff82]_[0xffffffbb][0xfffffffc][0xfffffffd][0xc][0xc]%[0xffffffa8][0xffffffb5][0xffffffcb]_[0xffffffbf][0xffffff9c]A[0xffffff89][0xffffff8c][0xffffffb5]K[0x1f]H[0xffffff86][0x12][0xfffffffc][0xffffffda][0xffffffa5][0xffffff86][0xffffffb3][0xffffff9a][0x12][0xffffffb9]k[0xffffff97][0xffffffb6]<YJ[0xffffffc4][0xffffffad]][0xffffffda]j[0xffffffe5]([0x11][0xffffffb2]vi[0xffffff8a]w[0xffffff83][0x12][0xffffffdd]R[0xffffff82]{+[0xffffffd1]qJ[0xfffffff4][0x0]Jt[0xffffffcd]{a[0xffffffc0];F[0xffffff89][0xffffff9e]D[0x9][0xffffff8d]"C[0x9][0x17]H[0xffffff86][0x12][0x1a][0xffffffcb]zJ[0xffffffac][0xffffffe1][0xffffffac][0xffffffa6][0xffffffc4][0x1a][0xffffffd1]$J[0xffffff98][0xfffffff2]d)a[0xffffffbb][0xffffff94][0xffffffa5][0xffffff84][0xffffffa9]V[0xffffff8e][0x12][0xffffffd2][0xffffffb4][0x14]%[0xffffffa4]x7([0xffffffe1][0xffffffd6].[0xffffffcf][0xfffffff3][0xffffff80]Np|=[0xf]L[0x9]~[0xffffffed][0xfffffff2][0xfffffff7]30[0xffffff94][0xffffffa0][0xffffffd6].[0x7f][0xfffffffd]r[0x6]%2[0xffffffd6].} [0x19]J[0xfffffff0]k[0xffffff97][0x1a][0xffffffce]jJ[0xffffffe4][0xffffffae]][0xffffffda][0xfffffff2]d)[0x11][0xffffffb7]vi[0xffffffab][0xffffff95][0xffffffa3]D[0xffffffc8][0xffffffda][0xffffffa5])[0xffffffde]-J[0xffffffb4]0J4[0xffffff9c][0x12]-[0xffffff80][0x12][\r][0xffffffa5]D[0xffffffc3]([0xffffffd1][0xffffff92]([0xffffffb1]F[0xffffff91][0xffffffa2][0xffffff84][0x6][0xffffff92][0xffffffa2][0xffffffc4][0x1a]K[0xffffff82][0x12][\r][0xffffffa6]D[0xb][0xffffffa6][0xffffff84][0xffffff94]'M[0x9][0xffffffd3][0xffffffa5]4%[0xffffffa4]ZIJ[0xffffffb4][0x14]J[0xffffffb4][0xffffffbf][0xffffffa6][0xffffff84][[0xffffffbb]<[0xffffffaf][0xffffffe7][0xffffffa0](A[0xffffffaf]]~?[0x1]M[0x9]r[0xffffffed][0xfffffff2][0xfffffffb][0xffffffd7][0x19]J[0x4][0xffffffad]][0xffffffba](2[0xffffff94]HY[0xffffffbb]t[0xffffffb1][0xffffffac][0xffffffa7][0x4][0xffffffbb]v[0xffffffa9][0x11]M[0xffffffa2]D[0xffffffd8][0xffffffda][0xffffffe5][0xffffff9b].e)[0x11][0xffffffb4]vi[0xffffff9a][0xffffff96][0xffffffa2][0xffffffc4][0xffffffdf][0xffffffaf]]]]><![CDATA[>[0xffffffaf][0xffffffcb]P[0xffffffe2]z[0xffffffbd]^[0x14]%.[0xffffff9c][0x12]W[0x0]%.[0xffffffcd]{a[0xffffffc0]/[0xffffff8c][0x12]W[0x12]%4[0xffffff8a][0xc]%\ [0x19]Jh,[0xffffffeb])[0xffffffb1][0xffffff86][0xffffffb3][0xffffff9a][0x12]kD[0xffffff93](a[0xffffffca][0xffffff93][0xffffffa5][0xffffff84][0xffffffed]R[0xffffff96][0x12][0xffffffa6]Z9JH[0xffffffd3]R[0xffffff94][0xffffff90][0xffffffe2][0xffffffdd][0xffffffa0][0xffffffc4]p[0xffffff94]h[0x17][0xfffffff6][0xffffffd9][0xffffffe5][0xffffffc0])1[0x2](14[0xffffffef][0xffffff85][0x1][0x1f][0x18]%F[0x12]%4[0xffffff8a][0xc]%\ [0x19]Jh,[0xffffffeb])[0xffffffb1][0xffffff86][0xffffffb3][0xffffff9a][0x12]kD[0xffffff93](a[0xffffffca][0xffffff93][0xffffffa5][0xffffff84][0xffffffed]R[0xffffff96][0x12][0xffffffa6]Z9JH[0xffffffd3]R[0xffffff94][0xffffff90][0xffffffe2][0xffffffdd][0xffffffa0][0xffffff84][0x1b][0xffffffce][0xffffffbe][0xffffffc6][0xffffff81][0x1d][0x6][0xffffffa5][0xffffff87][0xffffffb3][0xffffffbf][0xffffff9f][0xffffff80][0xffffffa6][0x4]9[0xffffff9c][0xfffffffd][0xfffffffd][0xffffffeb][0xc]%[0xffffff82][0xffffff86][0xffffffb3]][0x14][0x19]J[0xffffffa4][0xc]g[0xffffffbb]X[0xffffffd6]S[0xffffff82][0x1d][0xffffffce][0xffffffd6][0xffffff88]&Q"l8[0xfffffffb]M[0xffffff97][0xffffffb2][0xffffff94][0x8][0x1a][0xffffffce]6MKQ[0xffffffe2][0xffffffef][0xffffff87][0xffffffb3][0xffffff9f][0xffffff97][0x1b][0xffffffce][0xffffffbe]>[0xfffffffe]i[0xffffff8a][0x12][0xfffffff4]p[0xfffffff6][0xfffffff7][0x13][0xffffffd0][0xffffff94] [0xffffff87][0xffffffb3][0xffffffbf][0x7f][0xffffff9d][0xffffffa1]D[0xffffffd0]p[0xffffffb6][0xffffff8b]"C[0xffffff89][0xffffff94][0xffffffe1]l[0x17][0xffffffcb]zJ[0xffffffb0][0xffffffc3][0xffffffd9][0x1a][0xffffffd1]$J[0xffffff84][\r]g[0xffffffbf][0xffffffe9]R[0xffffff96][0x12]A[0xffffffc3][0xffffffd9][0xffffffa6]i)J[0xfffffffc][0xfffffffd]p[0xfffffff6][0xfffffff3]r[0xffffffc3][0xffffffd9][0xffffffe3][0xffffffd5][0x1f][0xffffff8a][0x12][0xfffffff4]p[0xfffffff6][0xfffffff7][0x13][0xffffffd0][0xffffff94] [0xffffff87][0xffffffb3][0xffffffbf][0x7f][0xffffff9d][0xffffffa1]D[0xffffffd0]p[0xffffffb6][0xffffff8b]"C[0xffffff89][0xffffff94][0xffffffe1]l[0x17][0xffffffcb]zJ[0xffffffb0][0xffffffc3][0xffffffd9][0x1a][0xffffffd1]$J[0xffffff84][\r]g[0xffffffbf][0xffffffe9]R[0xffffff96][0x12]A[0xffffffc3][0xffffffd9][0xffffffa6]i)J[0xfffffffc][0x7][0xffffffc3][0xffffffd9][0xffffffcd][\r]g[0xffffff8f]>[0x1a]D[0xffffff89][0xffffff86][0xf]g[0xffffffb7][0xffffff80][0xffffffe1][0xffffffec]f[0xffffffd6]][0xffffffeb][0x2][0xffffffde][0xffffffb0][0xffffffe1][0xffffffec]&[0xfffffffb][0xffffffad] %L[0x14][0x11]J[0xffffffd8]@"[0xffffff94]0[0xffffffb1],[0xffffffa7][0xffffff84][0xffffff84][0xffffffb3][0xffffff98][0x12][0x12][0xffffffd1] J[0xffffffb8][0xfffffff2]D)[0xffffffe1][0xffffffbb][0x14][0xffffffa5][0xffffff84][0xffffffab]V[0xffffff8c][0x12][0xffffffda][0xffffffb4][0x10]%[0xffffffb4]x7([0xffffffe1][0xffffff86][0xffffffb3][0xffffffc7][0xffffffdd][0xffffffa0][0xffffffeb][0xffffffbc][0xffffffbe][0xffffff9e][0x7][0xffffffa6]D[0xffffffc0]pv3[0xffffffeb][0xffffffae][0xffffff85][0x1][0xffffffc7][0xffffff86][0xffffffb3][0xffffff9b][0xffffffec][0xffffffb7][0xffffff92][0xffffff94][0x8][0x19][0xffffffce][0xffffffb6][0xffffff81]d([0x11]0[0xffffff9c]-[0xffffffe1][0xffffffac][0xffffffa6]D[0xfffffff0]p[0xffffffb6]+O[0xffffff96][0x12]y[0xffffffc3][0xffffffd9][0xffffffae]Z9J[0xffffffa4][0xc]gk[0xfffffff1]nQ[0xffffffa2][0xffffff87]Q[0xffffffa2][0xffffffe3][0xffffff94][0xffffffe8][0x1][0xffffff94][0xffffffe8](%:F[0xffffff89][0xffffff9e]D[0xffffff89]5[0xffffff8a][0x14]%4[0xffffff90][0x14]%[0xffffffd6]X[0x12][0xffffff94][0xffffffe8]0%z0%[0xffffffa4]<iJ[0xffffff98].[0xffffffa5])![0xffffffd5]JR[0xffffffa2][0xffffffa7]P[0xffffffa2][0xffffffff]5%[0xffffffba]{+[0xfffffff1][0xffffff9c][0x18]%:[0xfffffffe]V[0xffffffa2][0x7][0xffffffbc][0xffffff95][0xffffffe8]J[0xffffffe7][0xffffffc2][0xffffff80]w[0xffffffec][0xffffffad]DOz+[0xffffffa1]Qd([0xffffffe1][0x2][0xffffffc9]PBcYO[0xffffff89]5[0xffffff9c][0xffffffd5][0xffffff94]X#[0xffffff9a]D[0x9]S[0xffffff9e],%l[0xffffff97][0xffffffb2][0xffffff94]0[0xffffffd5][0xffffffca]QB[0xffffff9a][0xffffff96][0xffffffa2][0xffffff84][0x14][0xffffffef][0x6]%[0xffffffdc][0x1d][0x1c]wo[0xffffffd4]a[0xffffffd0][0xffffff86][0xffffffdf][0xffffffc1][0xffffffd1][0x2][0xffffffee][0xffffffe0]hf([0xffffffbe]0[0xffffffe0][0xffffffd8][0x1d][0x1c]M[0xffffffa6][0xffffffe0]IJ[0xffffff84][0xffffffdc][0xffffffc1]a[0x3][0xffffffc9]P"[0xffffffe0][0xe][0xe][0x9]g5%[0xffffff82][0xffffffef][0xffffffe0]p[0xffffffe5][0xffffffc9]R"[0xffffffef][0xe][0xe]W[0xffffffad][0x1c]%R[0xffffffee][0xffffffe0][0xffffffd0][0xffffffe2][0xffffffdd][0xffffffa0][0xffffff84][0x1b][0xffffffce][0xffffffbe][0xfffffffb][0xffffff83][0xffffffbd][0xffffff95][0xffffffc0][0xffffff87][0xffffffb3][[0xffffffc0]pv3[0xffffffeb][0xffffffae][0xffffff85][0x1][0xffffffc7][0xffffff86][0xffffffb3][0xffffff9b][0xffffffec][0xffffffb7][0xffffff92][0xffffff94][0x8][0x19][0xffffffce][0xffffffb6][0xffffff81]d([0x11]0[0xffffff9c]-[0xffffffe1][0xffffffac][0xffffffa6]D[0xfffffff0]p[0xffffffb6]+O[0xffffff96][0x12]y[0xffffffc3][0xffffffd9][0xffffffae]Z9J[0xffffffa4][0xc]gk[0xfffffff1]nP[0xffffffc2][\r]g[0xffffffdf][0x7][0xfffffff7][0x7][0xe]|8[0xffffffbb][0x5][0xc]g7[0xffffffb3][0xffffffee]Z[0x18]pl8[0xffffffbb][0xffffffc9]~+I[0xffffff89][0xffffff90][0xffffffe1]l[0x1b]H[0xffffff86][0x12][0x1][0xffffffc3][0xffffffd9][0x12][0xffffffce]jJ[0x4][0xf]g[0xffffffbb][0xfffffff2]d)[0xffffff91]7[0xffffff9c][0xffffffed][0xffffffaa][0xffffff95][0xffffffa3]D[0xffffffca]p[0xffffffb6][0x16][0xffffffef][0x6]%[0xffffffdc]p[0xfffffff6]}L[0xffffffea]:[0xffffffaf][0xffffff86][0xf]g[0xffffffb7][0xffffff80][0xffffffe1][0xffffffec]f[0xffffffd6]][0xb][0x3][0xffffff8e][\r]g7[0xffffffd9]o%)[0x11]2[0xffffff9c]m[0x3][0xffffffc9]P"`8[[0xffffffc2]YM[0xffffff89][0xffffffe0][0xffffffe1]lW[0xffffff9e],%[0xfffffff2][0xffffff86][0xffffffb3]][0xffffffb5]r[0xffffff94]H[0x19][0xffffffce][0xffffffd6][0xffffffe2][0xffffffdd][0xffffffa0][0xffffff84][0x1b][0xffffffce][0xffffffbe][0xffffffcf][0xffffff93][0xffffffba][0xffffffce][0xffffffab][0xffffffe1][0xffffffc3][0xffffffd9]-`8[0xffffffbb][0xffffff99]u[0xffffffd7][0xffffffc2][0xffffff80]c[0xffffffc3][0xffffffd9]M[0xfffffff6][IJ[0xffffff84][0xc]g[0xffffffdb]@2[0xffffff94][0x8][0x18][0xffffffce][0xffffff96]pVS"x8[0xffffffdb][0xffffff95]'K[0xffffff89][0xffffffbc][0xffffffe1]lW[0xffffffad][0x1c]%R[0xffffff86][0xffffffb3][0xffffffb5]x[0xffffffff][0xffffff9c][0x12][0xffffffdd]MT=[0xffffffaf][0xffffff87][0xffffff9a][0xffffffa8][0xffffffea][0xfffffff8]DU[0xf][0xffffff98][0xffffffa8][0xffffffea]fG[0xffffffa5].[0xffffffe0][0x1d][0xffffff9b][0xffffffa8][0xffffffea][0xffffffb2][0xffffff94][0x2]R[0xffffffc2]D[0x11][0xffffffa1][0xffffff84][\r]$B[0x9][0x13][0xffffffcb]rJH8[0xffffff8b])![0x11][\r][0xffffffa2][0xffffff84]+O[0xffffff94][0x12][0xffffffbe]KQJ[0xffffffb8]j[0xffffffc5]([0xffffffa1]M[0xb]QB[0xffffff8b]w[0xffffff83][0x12]n[0xffffffa2][0xffffffea][0xffffffe9]sR[0xffffff94][0xffffffc0]'[0xffffffaa]z[0xffffffc0]DU7;*[0xffffff85][0x1][0xffffffc7]&[0xffffffaa][0xffffffba],[0xffffffa5][0xffffff90][0xffffff94][0x8][0xffffff99][0xffffffa8][0xffffffb2][0xffffff81]d([0x11]0Q%[0xffffffe1][0xffffffac][0xffffffa6]D[0xfffffff0]D[0xffffff95]+O[0xffffff96][0x12]y[0x13]U[0xffffffae]Z9J[0xffffffa4]LTi[0xfffffff1]nQB'[0xffffffaa]XJ[0xffffffc0][0x13]U=`[0xffffffa2][0xffffffaa][0xffffff9b][0x1d][0xffffff95][0xffffffd2][0xffffff80]C[0x13]U][0xffffff96]RXJDLT[0xffffffd9]@R[0xffffff94][0xffffffc0]'[0xffffffaa]$[0xffffff9c][0xfffffff5][0xffffff94][0xffffff88][0xffffff9d][0xffffffa8]r[0xffffffe5]IS"m[0xffffffa2][0xffffffca]U+I[0xffffff89][0xffffff8c][0xffffff89]*-[0xffffffde][\r]J[0xffffffb8]][0xffffff89]gb[0xffffff87]A;[0xffffffbe]+[0xffffffd1][0x3]v%[0xffffffba]9[0xfffffffc]\[0x18]plW[0xffffffa2][0xffffffcb][0xfffffff1]f[0xffffff92][0x12]![0xffffffbb][0x12]6[0xffffff90][0xc]%[0x2]v%$[0xffffff9c][0xffffffd5][0xffffff94][0x8][0xffffffde][0xffffff95]p[0xffffffe5][0xffffffc9]R"oW[0xffffffc2]U+G[0xffffff89][0xffffff94]][0x9]-[0xffffffde][\r]J[0xffffffb8]][0xffffff89]yv[0xffffffec][0xffffffad][0x4][0xffffffbe]+[0xffffffd1][0x3]v%[0xffffffba]9[0xfffffffc]\[0x18]plW[0xffffffa2][0xffffffcb][0xfffffff1]f[0xffffff92][0x12]![0xffffffbb][0x12]6[0xffffff90][0xc]%[0x2]v%$[0xffffff9c][0xffffffd5][0xffffff94][0x8][0xffffffde][0xffffff95]p[0xffffffe5][0xffffffc9]R"oW[0xffffffc2]U+G[0xffffff89][0xffffff94]][0x9]-[0xffffffde][\r]J[0xffffff98][0xffffffc3][0xffffffa0][0xffffffcf][0xffffffab][0xffffffb5][0xffffff9b][0xffffffa2][0x4]~[0x18][0xffffffb4][0x7][0x1c][0x6][0xffffffed][0xffffffe6][0xffffffc4]Ra[0xffffffc0][0xffffffb1][0xffffffc3][0xffffffa0]][0xffffffce]$[0xffffff91][0xffffff94][0x8]9[0xc]j[0x3][0xffffffc9]P"[0xffffffe0]0[0xffffffa8][0xffffff84][0xffffffb3][0xffffff9a][0x12][0xffffffc1][0xffffff87]A]y[0xffffffb2][0xffffff94][0xffffffc8];[0xc][0xffffffea][0xffffffaa][0xffffff95][0xffffffa3]D[0xffffffca]aP-[0xffffffde][\r]J[0xffffff98][0xffffffc3][0xffffffa0][0xffffffcf][0xffffffeb][0xffffffb8]:E[0x9][0xfffffffc]0h[0xf]8[0xc][0xffffffda][0xffffffcd][0xffffff89][0xffffffa5][0xffffffc2][0xffffff80]c[0xffffff87]A[0xffffffbb][0xffffff9c]I")[0x11]r[0x18][0xffffffd4][0x6][0xffffff92][0xffffffa1]D[0xffffffc0]aP[0x9]g5%[0xffffff82][0xf][0xffffff83][0xffffffba][0xfffffff2]d)[0xffffff91]w[0x18][0xffffffd4]U+G[0xffffff89][0xffffff94][0xffffffc3][0xffffffa0]Z[0xffffffbc][0x1b][0xffffff94]x[0x1c]%[0xffffffee][0xfffffffb][0xffffffa1]([0xfffffff1][0xffffffe0][0xffffff94]x[0x2]([0xfffffff1]h[0xffffffde][0xb][0x3][0xfffffffe]`[0xffffff94]x[0xffffff92]([0xffffffa1]Qd([0xffffffe1][0x2][0xffffffc9]PBcYO[0xffffff89]5[0xffffff9c][0xffffffd5][0xffffff94]X#[0xffffff9a]D[0x9]S[0xffffff9e],%l[0xffffff97][0xffffffb2][0xffffff94]0[0xffffffd5][0xffffffca]QB[0xffffff9a][0xffffff96][0xffffffa2][0xffffff84][0x14][0xffffffef][0x6]%[0xffffffa6][0xffffffa3][0xffffffc4]sb[0xffffffbb][0x12][0x13][0xffffffa7][0xffffffc4][0xc][0xffffffa0][0xffffffc4][0xffffffd4][0xffffffbc][0x17][0x6]|b[0xffffff94][0xffffff98]I[0xffffff94][0xffffffd0](2[0xffffff94]p[0xffffff81]d([0xffffffa1][0xffffffb1][0xffffffac][0xffffffa7][0xffffffc4][0x1a][0xffffffce]j"
19:31:00.783 [main] DEBUG org.apache.hc.client5.http.wire - http-outgoing-1 << "J[0xffffffac][0x11]M[0xffffffa2][0xffffff84])O[0xffffff96][0x12][0xffffffb6]KYJ[0xffffff98]j[0xffffffe5](!MKQB[0xffffff8a][0xfffffff7][0xffffffcf])q[0xffffff98][0xffffff89][0xffffffaa][0xf]JLj[0xffffffed][0xfffffff2][0xffffffc0]'[0xffffffaa][0xffffff8e][0xffffff80][0xffffff89][0xffffffaa][0xffffffc3][0xffffffec][0xffffffa8][0xffffffd4][0x5][0xfffffffc][0xffffffc0]&[0xffffffaa][0xe]YJ[0x1])a[0xffffffa2][0xffffff88]P[0xffffffc2][0x6][0x12][0xffffffa1][0xffffff84][0xffffff89]e9%$[0xffffff9c][0xffffffc5][0xffffff94][0xffffff90][0xffffff88][0x6]Q[0xffffffc2][0xffffff95]'J[0x9][0xffffffdf][0xffffffa5](%\[0xffffffb5]b[0xffffff94][0xffffffd0][0xffffffa6][0xffffff85]([0xffffffa1][0xffffffc5][0xffffffbb]A[0xffffff89]n([0xffffffd1]^[\r][0xffffffa3]D[0xffffffc7])[0xffffffd1][0x3]([0xffffffd1]5[0xffffffef][0xffffff85][0x1][0xffffffef][0x18]%z[0x12]%4[0xffffff8a][0xc]%\ [0x19]Jh,[0xffffffeb])[0xffffffb1][0xffffff86][0xffffffb3][0xffffff9a][0x12]kD[0xffffff93](a[0xffffffca][0xffffff93][0xffffffa5][0xffffff84][0xffffffed]R[0xffffff96][0x12][0xffffffa6]Z9JH[0xffffffd3]R[0xffffff94][0xffffff90][0xffffffe2][0xffffffdd][0xffffffa0][0xffffff84][0xffffffd9][0xffffff95][0xfffffff8][0xffffffff][0xffffffe6][0xffffffee](Gr[0x1c][0xb][0xffffffd2][0xfffffff5][0xfffffffb]][0xffffffcc][0xffffffc0]ER[0xffffff94][0xffffffb4][0xffffff98]Y[0xffffffca][0xffffffec][0xfffffffd]FDfUf[0xffffffd3][0xffffffcc][0x13]HF[0xffffffe1][0xfffffffc][0xffffff86][0xffffffea]F?4[0x10][0x12][\n]"
19:31:00.784 [main] DEBUG org.apache.hc.client5.http.wire - http-outgoing-1 << "[0x6][0xffffffc3][0x7][0xffffffb9]d[0xffffffbc][0xffffff8f][0xffffffe3][0xffffffeb]6[0x11]J[0xffffffe0][0xffffffbb][0x12]=`W[0xffffffa2][0xffffff9b][0xffffff8f][0xffffff9f][0xb][0x3][0xffffff8e][0xffffffed]Jt[0xfffffff9][0xffffffbc][0xffffff99][0xffffffa4]D[0xffffffc8][0xffffffae][0xffffff84][\r]$C[0xffffff89][0xffffff80]][0x9][0x9]g5%[0xffffff82]w%\y[0xffffffb2][0xffffff94][0xffffffc8][0xffffffdb][0xffffff95]p[0xffffffd5][0xffffffca]Q"eWB[0xffffff8b]w[0xffffff83][0x12]fW[0xffffffe2]>[0xffffffce]I[0xffffffbd]+[0xffffffd1][0xfffffff1]][0xffffff89][0x1e][0xffffffb0]+[0xffffffd1][0xffffffcd][0xffffffc7][0xffffffcf][0xffffff85][0x1][0xffffffc7]v%[0xffffffba]|[0xffffffde]LR"dW[0xffffffc2][0x6][0xffffff92][0xffffffa1]D[0xffffffc0][0xffffffae][0xffffff84][0xffffff84][0xffffffb3][0xffffff9a][0x12][0xffffffc1][0xffffffbb][0x12][0xffffffae]<YJ[0xffffffe4][0xffffffed]J[0xffffffb8]j[0xffffffe5]([0xffffff91][0xffffffb2]+[0xffffffa1][0xffffffc5][0xffffffbb]E[0xffffff89][0x1e]F[0xffffff89][0xffffff8e]S[0xffffffa2][0x7]P[0xffffffa2][0xffffffa3][0xffffff94][0xffffffe8][0x18]%z[0x12]%[0xffffffd6](R[0xffffff94][0xffffffd0]@R[0xffffff94]XcIP[0xffffffa2][0xffffffc3][0xffffff94][0xffffffe8][0xffffffc1][0xffffff94][0xffffff90][0xfffffff2][0xffffffa4])a[0xffffffba][0xffffff94][0xffffffa6][0xffffff84]T+I[0xffffff89][0xffffff9e]B[0xffffff89][0xfffffffe][0x1f]Pb[0xffffff86]Qb[0xffffffe2][0xffffff94][0xffffff98][0x1][0xffffff94][0xffffff98](%&F[0xffffff89][0xffffff99]D[0xffffff89]5[0xffffff8a][0x14]%4[0xffffff90][0x14]%[0xffffffd6]X[0x12][0xffffff94][0xffffff98]0%f0%[0xffffffa4]<iJ[0xffffff98].[0xffffffa5])![0xffffffd5]JRb[0xffffffa6]Pb[0xfffffffe][0x7][0xffffff94]8[0xffffffce]0K[0x1c]'[0xffffff8e][0xffffff89][0xffffff8f][[0xffffffe0]5[0xfffffff1][0xfffffff3]&(N|\[0xffffff9e][0xfffffff2][0xffffffc4][0xffffff8f]K[0xffffffa7][0xffffff80]B[0xfffffff2]H[0xffffff89][0xffffffc2][0xffffffa4][0xffffff92]"[0xffffff85]d[0xffffff93]0[0xffffffc5][0xffffff92][0xffffffd0]zT,9[0xffffffcd]R[0xffffff85][0xffffffd6]([0xffffffcd][\n]"
19:31:00.784 [main] DEBUG org.apache.hc.client5.http.wire - http-outgoing-1 << "[0xffffffd7][0xffffffaa][0xffffffb4]+[0xffffffb4]dIX[0xffffffac][0xffffff9d][0xffffffcb][0xffffffc9]b[0xffffffad][0xffffffe0]-Z|[0xfffffffd][0xffffffdb]I[0xffffffa2]E[0xffffff87][0xffffffcf][\n]"
19:31:00.784 [main] DEBUG org.apache.hc.client5.http.wire - http-outgoing-1 << "[0xfffffffd]q[0xb]<-:xZ[0xffffffe8][0xffffff8f][0xffffffcb]S[0xffffffb4][0xffffffe8]9[0xffffffe7][0xffffff85][0xffffffba]<R[0xffffffb4]0[0xffffffa9][0xffffffa4]h![0xffffffd9]$h[0xffffffd1][0xffffffd1]3C5[0xffffffa7]Y[0xffffffb4][0xffffffd0][0x1a][0xffffffa5]i[0xffffffe1]Z[0xffffff95][0xffffffa6][0xffffff85][0xffffff96],I[0xffffff8b][0xffffffb5]s9Z[0xffffffac][0x15][0xffffffbc]E[0xffffff8b][0xffffff91][0xfffffff6][0xb][0xffffffc8][0xffffffe0][0x7f][0x2][0x19][0x9][0xffffffbf][0xffffff81][0xc][0xfffffff6]G[0xffffff90][0xffffffc1][0xfffffffd][\n]"
19:31:00.784 [main] DEBUG org.apache.hc.client5.http.wire - http-outgoing-1 << "2[0xffffffa2]~[0x6][0xffffff91]<R[0xffffffb4]0[0xffffffa9][0xffffffa4]h![0xffffffd9]$h1[0xffffffe8][0xffffff9f]BF[0xfffffff2]o!Z[0xffffffa3]4-\[0xffffffab][0xffffffd2][0xffffffb4][0xffffffd0][0xffffff92]%i[0xffffffb1]v.G[0xffffff8b][0xffffffb5][0xffffff82][0xffffffb7]hq^a[0xffffffb4]8/[0xffffff9c][0x16][0x1f][0xffffffb7][0xffffffc0][0xffffffd3][0xffffffe2][0xffffffe7]MP[0xffffffb4][0xfffffff8][0xffffffb8]<E[0xffffff8b][0x1f][0xffffff97]N[0xffffffa1][0xffffff85][0xffffffe4][0xffffff91][0xffffffa2][0xffffff85]I%E[0xb][0xffffffc9]&A[0xffffff8b]%[0xffffffa1][0xfffffff5][0xffffffb4]Xr[0xffffff9a]E[0xb][0xffffffad]Q[0xffffff9a][0x16][0xffffffae]UiZh[0xffffffc9][0xffffff92][0xffffffb4]X;[0xffffff97][0xffffffa3][0xffffffc5]Z[0xffffffc1][[0xffffffb4][0xffffffb8][0xffffffd3]>[0x1][0xffffffb9][0xfffffff9]o@[0xffffffee][0xffffff84][0xffffff8f]@n[0xfffffff6]+[0xffffff90][0xffffff9b][0xfffffffb][0xc][0xffffffe4][0xffffff8e][0xfffffffa][0xe]D[0xfffffff2]H[0xffffffd1][0xffffffc2][0xffffffa4][0xffffff92][0xffffffa2][0xffffff85]d[0xffffff93][0xffffffa0][0xffffffc5]M[0x7f][0xb]r'[0x7f][0xc][0xffffffa2]5J[0xffffffd3][0xffffffc2][0xffffffb5]*M[0xb]-Y[0xffffff92][0x16]k[0xffffffe7]r[0xffffffb4]X+x[0xffffff8b][0x16][0xffffffc7][0xffffff91][0xffffffb6]T[0xfffffff1]qG8.>[0xffffffef][0xffffff81][0xffffffd7][0xffffffc5]?wA[0xfffffff1][0xffffffe2][0xfffffff3][0xfffffffa][0xffffff94]/~^;[0x5][0x18][0x1a]JJ[0x18].[0xffffff9a][0x14]14[0xffffffa0][0xffffff84]1[0xffffffd6][0xffffff98][0xffffffd6]#c[\r]k[0xffffff96]2L[0xffffffa1][0xffffffd2][0xffffffcc][0xffffffb0][0xfffffffd]J;[0xffffffc3][0xffffffd4]-[0x9][\r]i_N[0x1a]R[0xffffffc6][0xffffff9b][0xffffffd4]8[0xffffffe2][0xffffffa8]q[0x4]P[0xffffffe3][0xffffff88][0xffffffa0][0xffffffc6][0x1]S[0xffffffe3][0x0][0xffffffa9]qdQc[\r]%G[\r][0xffffff8d]&G[0xffffff8d]5[0xffffffa0][0xc]5[0xe][0xffffff9c][0x1a]G45[0xffffffa4]Pyj[0xffffff98]~[0xffffffe5][0xffffffa9]!u[0xffffffcb]R[0xffffffe3][0xffffffc8][0xffffffa1][0xffffffc6][0xfffffff1]_P[0xffffffe3]|[0xffffffd2][0xffffffa8]q><5>[0xffffffee]![0xffffff80][0x1a]?[0xffffffef][0x2][0xffffffa3][0xffffffc6][0xffffffc7][0xfffffff5]1j[0xfffffffc][0xffffffb8]v[0xc]5$[0xffffff94][0x18]5L41jH@[0x11]j,1[0x5][0xffffffa8][0xffffffb1][0xffffff84]5[0xffffff8c][0x1a]Z[0xffffffa8]85\[0xffffffbf][0xffffffe2][0xffffffd4][0xffffffd0][0xffffffba]E[0xffffffa9][0xffffffb1][0xffffffb6]/H[0xffffff8d][0xffffffb5][0xffffff8c][0xffffffff][0xffffff86][0x1a][0xfffffffd][0xffffffc7]_9[0xffffffcd][0xffffffd0]w;^g94~[0xffffffdd][0xf][0xffffffc5][0xffffff8c][0xffffffdf][0xffffffee][0x0]C[0xffffffc6]r[0xf][0xffffffc5][0xffffffc4][0xfffffff8][0xffffffed][0xffffffea][0xffffffc5][0xffffffc0][0xfffffff8][0xffffffdf]+[0xffffffc3][0xffffffbc]x[0x1b][0xffffffc5]b\[0xfffffffc]![0xffffff90][0xffffffc5][0xffffffb4]x[0x1b][0xffffffcb]BX[0xffffffbc][0x9]g[0x19]+[0xffffffde]D4[0x2][0x15][0xffffffef][0xffffffcb][0x13]"[0xffffffc5][0xffffff9f][0xffffffba][0x14][0x2][0xffffffc5][0xfffffffb]j[0x5]8[0xfffffff1][0xffffffae]i[0xffffffcb]1[0xfffffff1][0xffffffae]x[0xffffffb7]([0xffffffa1]oy[0xffffffb2][0xffffff94][0xffffffc0]^[0xfffffff2][0xfffffffc][0xffffffed][0xe]xJ [0xffffffaf]x[0xfffffffe]vu[0xffffff8a][0x12][0x9]/x[0xffffffbe][0xffffff8d]"E[0x9][0xfffffffc][0xfffffff5][0xffffffce][0xffffffb7][0xffffffb1]$([0x1][0xffffffbd][0xffffffdc][0xfffffff9]&[0xffffffa2]Y[0xffffff94]Hy[0xffffffb5][0xfffffff3]O]JS"[0xffffffe1][0xffffffc5][0xffffffce]wM[0xffffffcb]Q[0xffffffe2][0x1b][0xffffffaf]u[0xfffffffe][0xfffffffc][0x1b][0xffffffd3]=[0xffffff95][0xffffffb8][0xffffffe6]MQb[0xffffffe2]O%f[0xffffffc0]S[0xffffff89][0xffffffa9]t.[0xc][0xfffffff8][0xffffffc4][0xffffff9e]J[0xffffffcc][0xffffffa4][0xffffffa7][0x12][0x1a]E[0xffffff86][0x12].[0xffffff90][0xc]%4[0xffffff96][0xfffffff5][0xffffff94]X[0xffffffc3]YM[0xffffff89]5[0xffffffa2]I[0xffffff94]0[0xffffffe5][0xffffffc9]R[0xffffffc2]v)K[0x9]S[0xffffffad][0x1c]%[0xffffffa4]i)JH[0xfffffff1]nP[0xffffffe2]r[0xffffff94]x[0xffffff80]7)~[0xffffffdd][0xf]L[0xffffff89]+[0xffffff80][0x12][0xffffff97][0xffffffe6][0xffffffbd]0[0xffffffe0][0x17]F[0xffffff89]+[0xffffff89][0x12][0x1a]E[0xffffff86][0x12].[0xffffff90][0xc]%4[0xffffff96][0xfffffff5][0xffffff94]X[0xffffffc3]YM[0xffffff89]5[0xffffffa2]I[0xffffff94]0[0xffffffe5][0xffffffc9]R[0xffffffc2]v)K[0x9]S[0xffffffad][0x1c]%[0xffffffa4]i)JH[0xfffffff1]nP[0xffffffe2]6[0xffffff94][0xffffffe8][0xfffffffd]~(J[0xffffffdc]8%[0xffffffee][0x0]J[0xffffffdc][0xffffff9a][0xfffffff7][0xffffffc2][0xffffff80][0xffffffdf][0x18]%[0xffffffee]$Jh[0x14][0x19]J[0xffffffb8]@2[0xffffff94][0xffffffd0]X[0xffffffd6]Sb[\r]g5%[0xffffffd6][0xffffff88]&Q[0xffffffc2][0xffffff94]'K[0x9][0xffffffdb][0xffffffa5],%L[0xffffffb5]r[0xffffff94][0xffffff90][0xffffffa6][0xffffffa5](![0xffffffc5][0xfffffffb][0xfffffff7][0xffffff94][0x18]/G[0xffffff89]g[0xffffffbc] J|[0xffffffde][0xf]K[0xffffff89][0xffffffaf];[0xffffff80])[0xfffffff1][0xffffffef]= [0xffffff94][0xfffffff8][0xffffffba]:B[0xffffff89][0x7f][0xffffffae][0x1c]A[0x9][0x13]E[0xffffff84][0x12]6[0xffffff90][0x8]%L,[0xffffffcb])![0xffffffe1],[0xffffffa6][0xffffff84]D4[0xffffff88][0x12][0xffffffae]<QJ[0xfffffff8].E)[0xffffffe1][0xffffffaa][0x15][0xffffffa3][0xffffff84]6-D[0x9]-[0xffffffde][\r]J[0x1c][0xffffff86][0x12][0xffffffe3][0xfffffff5][0xffffffea][0x14]%[0xe][0xffffff9c][0x12]G[0x0]%[0xe][0xffffffcd]{a[0xffffffc0][0xf][0xffffff8c][0x12]G[0x12]%4[0xffffff8a][0xc]%\ [0x19]Jh,[0xffffffeb])[0xffffffb1][0xffffff86][0xffffffb3][0xffffff9a][0x12]kD[0xffffff93](a[0xffffffca][0xffffff93][0xffffffa5][0xffffff84][0xffffffed]R[0xffffff96][0x12][0xffffffa6]Z9JH[0xffffffd3]R[0xffffff94][0xffffff90][0xffffffe2][0xffffffdd][0xffffffa0]D[0xffffffb3][0xffffff94]8[0x1b]E[0xffffff89][0xffffff86]S[0xffffffa2][0x5]P[0xffffffa2]i[0xffffffde][0xb][0x3][0xffffffde]0J[0xffffffb4]$Jh[0x14][0x19]J[0xffffffb8]@2[0xffffff94][0xffffffd0]X[0xffffffd6]Sb[\r]g5%[0xffffffd6][0xffffff88]&Q[0xffffffc2][0xffffff94]'K[0x9][0xffffffdb][0xffffffa5],%L[0xffffffb5]r[0xffffff94][0xffffff90][0xffffffa6][0xffffffa5](![0xffffffc5][0xffffffbb]A[0xffffff89]n)qQ[0xffffffef]J|[0xffffffde][0xf]L[0xffffff89][0x1e]@[0xffffff89][0xffffffae]y/[0xc]x[0xffffffc7]([0xffffffd1][0xffffff93]([0xffffffa1]Qd([0xffffffe1][0x2][0xffffffc9]PBcYO[0xffffff89]5[0xffffff9c][0xffffffd5][0xffffff94]X#[0xffffff9a]D[0x9]S[0xffffff9e],%l[0xffffff97][0xffffffb2][0xffffff94]0[0xffffffd5][0xffffffca]QB[0xffffff9a][0xffffff96][0xffffffa2][0xffffff84][0x14][0xffffffef][0x6]%[0xffffff86][0xffffffa3][0xffffffc4]1.[0xffffff8a][0x12][0x3][0xffffffa7][0xffffffc4][0x8][0xffffffa0][0xffffffc4][0xffffffd0][0xffffffbc][0x17][0x6]|`[0xffffff94][0x18]I[0xffffff94][0xffffffd0](2[0xffffff94]p[0xffffff81]d([0xffffffa1][0xffffffb1][0xffffffac][0xffffffa7][0xffffffc4][0x1a][0xffffffce]jJ[0xffffffac][0x11]M[0xffffffa2][0xffffff84])O[0xffffff96][0x12][0xffffffb6]KYJ[0xffffff98]j[0xffffffe5](!MKQB[0xffffff8a]w[0xffffff83][0x12][0xffffffee]c[0xffffffd0][0xfffffff1]t[0xffffffec][0xffffffb5]K[0xfffffffc]c[0xffffffd0][0x11][0xfffffff0]1[0xffffffe8]0_,[0x15][0x6][0x1c][0xfffffffb][0x18]t[0xffffffc8]7I$%B>[0x6][0xffffffb5][0xffffff81]d([0x11][0xfffffff0]1[0xffffffa8][0xffffff84][0xffffffb3][0xffffff9a][0x12][0xffffffc1][0x1f][0xffffff83][0xffffffba][0xfffffff2]d)[0xffffff91][0xfffffff7]1[0xffffffa8][0xffffffab]V[0xffffff8e][0x12])[0x1f][0xffffff83]j[0xfffffff1]nQ[0xffffffa2][0xffffff85]Q[0xffffffa2][0xffffffe1][0xffffff94]h[0x1][0xffffff94]h(%[0x1a]F[0xffffff89][0xffffff96]D[0xffffff89]5[0xffffff8a][0x14]%4[0xffffff90][0x14]%[0xffffffd6]X[0x12][0xffffff94]h0%Z0%[0xffffffa4]<iJ[0xffffff98].[0xffffffa5])![0xffffffd5]JR[0xffffffa2][0xffffffa5]P[0xffffffa2]}[0xffffff9b][0x12]nW[0xffffffe2][0xffffffec][0x7]5[0xffffff9c]=[0xfffffff0]][0xffffff89][0x11][0xffffffb0]+1[0xffffffcc][0xffffffc7][0xffffffcf][0xffffff85][0x1][0xffffffc7]v%[0xffffff86]|[0xffffffde]LR"dW[0xffffffc2][0x6][0xffffff92][0xffffffa1]D[0xffffffc0][0xffffffae][0xffffff84][0xffffff84][0xffffffb3][0xffffff9a][0x12][0xffffffc1][0xffffffbb][0x12][0xffffffae]<YJ[0xffffffe4][0xffffffed]J[0xffffffb8]j[0xffffffe5]([0xffffff91][0xffffffb2]+[0xffffffa1][0xffffffc5][0xfffffffb][0xfffffff7][0xffffff94]8[0xffffffdd][0xffffffae][0xffffffc4]|5[0xffffffea][0xb][0xffffff8e][0x13][0xffffffdf][0xffffff95]8[0x3]v%N[0xfffffff3][0xfffffff1]s][0xffffffc0]OlW[0xffffffe2][0xffffff94][0xffffffcf][0xffffff9b]AJ[0xffffff98]("[0xffffff94][0xffffffb0][0xffffff81]D(abYN[0x9][0x9]g1%$[0xffffffa2]A[0xffffff94]p[0xffffffe5][0xffffff89]R[0xffffffc2]w)J[0x9]W[0xffffffad][0x18]%[0xffffffb4]i!Jh[0xfffffff1]nP[0xffffffc2][0xffffffed]J[0xffffffcc]vP[0xffffffaf]][0xffffff9e][0xfffffff8][0xffffffae][0xffffffc4][0x19][0xffffffb0]+q[0xffffff9a][0xffffff8f][0xffffff9f][0xb][0x3][0xffffff8e][0xffffffed]J[0xffffff9c][0xfffffff2]y3I[0xffffff89][0xffffff90]][0x9][0x1b]H[0xffffff86][0x12][0x1][0xffffffbb][0x12][0x12][0xffffffce]jJ[0x4][0xffffffef]J[0xffffffb8][0xfffffff2]d)[0xffffff91][0xffffffb7]+[0xffffffe1][0xffffffaa][0xffffff95][0xffffffa3]D[0xffffffca][0xffffffae][0xffffff84][0x16][0xffffffef][0x6]%[0xffffffdc][0xffffffae][0xffffffc4][0xffffff9c]/[0xffffffec][0xffffffa9][0x4][0xffffffbe]+q[0x6][0xffffffec]J[0xffffff9c][0xffffffe6][0xffffffe3][0xffffffe7][0xffffffc2][0xffffff80]c[0xffffffbb][0x12][0xffffffa7]|[0xffffffde]LR"dW[0xffffffc2][0x6][0xffffff92][0xffffffa1]D[0xffffffc0][0xffffffae][0xffffff84][0xffffff84][0xffffffb3][0xffffff9a][0x12][0xffffffc1][0xffffffbb][0x12][0xffffffae]<YJ[0xffffffe4][0xffffffed]J[0xffffffb8]j[0xffffffe5]([0xffffff91][0xffffffb2]+[0xffffffa1][0xffffffc5][0xffffffbb]A[0xffffff89][0xffffffee](q[0xffffffdd][0xffffff83][0xffffffa2]D[0xffffffc7])[0xffffffd1][0x3]([0xffffffd1]5[0xffffffef][0xffffff85][0x1][0xffffffef][0x18]%z[0x12]%4[0xffffff8a][0xc]%\ [0x19]Jh,[0xffffffeb])[0xffffffb1][0xffffff86][0xffffffb3][0xffffff9a][0x12]kD[0xffffff93](a[0xffffffca][0xffffff93][0xffffffa5][0xffffff84][0xffffffed]R[0xffffff96][0x12][0xffffffa6]Z9JH[0xffffffd3]R[0xffffff94][0xffffff90][0xffffffe2][0xffffffdd][0xffffffa0][0xffffff84][0xffffffdb][0xffffff95][0xffffffb8][0xffffffda][0xffffff8b]z[0xffffffed][0xfffffff2][0xffffffc4]w%[0xffffffce][0xffffff80]][0xffffff89][0xffffffd3]|[0xfffffffc]\[0x18]plW[0xffffffe2][0xffffff94][0xffffffcf][0xffffff9b]IJ[0xffffff84][0xffffffec]J[0xffffffd8]@2[0xffffff94][0x8][0xffffffd8][0xffffff95][0xffffff90]pVS"xW[0xffffffc2][0xffffff95]'K[0xffffff89][0xffffffbc]][0x9]W[0xffffffad][0x1c]%Rv%[0xffffffb4]x7(qZJL[0xffffffec][0xffffffa9][0xffffffc4][0xffffff89]S[0xffffffe2][0xc][0xffffffa0][0xffffffc4][0xffffffa9]y/[0xc][0xfffffff8][0xffffff89]Q[0xffffffe2]L[0xffffffa2][0xffffff84]F[0xffffff91][0xffffffa1][0xffffff84][0xb]$C[0x9][0xffffff8d]e=%[0xffffffd6]pVSb[0xffffff8d]h[0x12]%Ly[0xffffffb2][0xffffff94][0xffffffb0]][0xffffffca]R[0xffffffc2]T+G[0x9]iZ[0xffffff8a][0x12]R[0xffffffbc][0x1b][0xffffff94][0xffffff98][0xffffff8e][0x12][0xfffffffd]E[\r]g[0x7f][0xffffffde][0xf]L[0xffffff89][0x19]@[0xffffff89][0xffffffa9]y/[0xc][0xfffffff8][0xffffffc4](1[0xffffff93]([0xffffffa1]Qd([0xffffffe1][0x2][0xffffffc9]PBcYO[0xffffff89]5[0xffffff9c][0xffffffd5][0xffffff94]X#[0xffffff9a]D[0x9]S[0xffffff9e],%l[0xffffff97][0xffffffb2][0xffffff94]0[0xffffffd5][0xffffffca]QB[0xffffff9a][0xffffff96][0xffffffa2][0xffffff84][0x14][0xffffffef][0x6]%[0xffffffdc][0xffffffda][0xffffffe5][0xffffffd5]O[0xffffffec][0xb][0xe]|[0xffffffed][0xfffffff2][0xc]X[0xffffffbb]<[0xffffffcd]$[a[0xffffffc0][0xffffffb1][0xffffffb5][0xffffffcb]SF[0xffffffd7]HJ[0xffffff84][0xffffffac]][0xffffffda]@2[0xffffff94][0x8]X[0xffffffbb][0xffffff94]pVS"x[0xffffffed][0xffffffd2][0xffffff95]'K[0xffffff89][0xffffffbc][0xffffffb5]KW[0xffffffad][0x1c]%R[0xffffffd6].[0xffffffb5]x7([0xffffffe1]&[0xffffffaa][0xffffffae][0xffffff81]MT[0xffffff9d][0xfffffff8]D[0xffffffd5][0x19]0Qu[0xffffff9a][0x1d][0xffffff95][0xffffffc2][0xffffff80]c[0x13]U[0xffffffa7],[0xffffffa5][0xffffff90][0xffffff94][0x8][0xffffff99][0xffffffa8][0xffffffb2][0xffffff81]d([0x11]0Q%[0xffffffe1][0xffffffac][0xffffffa6]D[0xfffffff0]D[0xffffff95]+O[0xffffff96][0x12]y[0x13]U[0xffffffae]Z9J[0xffffffa4]LTi[0xfffffff1]nP[0xffffffe2]q[0xffffff94]8[0xffffffb9]/8[0x1e][0xffffff9c][0x12]O[0x0]%[0x1e][0xffffffcd]{a[0xffffffc0][0x1f][0xffffff8c][0x12]O[0x12]%4[0xffffff8a][0xc]%\ [0x19]Jh,[0xffffffeb])[0xffffffb1][0xffffff86][0xffffffb3][0xffffff9a][0x12]kD[0xffffff93](a[0xffffffca][0xffffff93][0xffffffa5][0xffffff84][0xffffffed]R[0xffffff96][0x12][0xffffffa6]Z9JH[0xffffffd3]R[0xffffff94][0xffffff90][0xffffffe2][0xfffffffd]{JL[0xffffffb7]vy=[0xffffffcf][0x1]Qb[0xffffffe2]k[0xffffff97]3`[0xffffffed]r[0xffffff9a]I[0xffffffb6][0xffffffba][0xffffff80]Ol[0xffffffed]r[0xffffffca][0xffffffe8][0x1a]H[0x9][0x13]E[0xffffff84][0x12]6[0xffffff90][0x8]%L,[0xffffffcb])![0xffffffe1],[0xffffffa6][0xffffff84]D4[0xffffff88][0x12][0xffffffae]<QJ[0xfffffff8].E)[0xffffffe1][0xffffffaa][0x15][0xffffffa3][0xffffff84]6-D[0x9]-[0xffffffde][\r]J[0xffffffb8][0xffffffb5][0xffffffcb][0xffffffbb][0x1d][0xffffffd4]D[0xffffffd5][0xffffffc4][0xffffffd7].g[0xffffffc0][0xffffffda][0xffffffe5]4[0xffffff93]l[0xffffff85][0x1][0xffffffc7][0xffffffd6].[0xffffffa7][0xffffff8c][0xffffffae][0xffffff91][0xffffff94][0x8]Y[0xffffffbb][0xffffffb4][0xffffff81]d([0x11][0xffffffb0]v)[0xffffffe1][0xffffffac][0xffffffa6]D[0xfffffff0][0xffffffda][0xffffffa5]+O[0xffffff96][0x12]yk[0xffffff97][0xffffffae]Z9J[0xffffffa4][0xffffffac]]j[0xfffffff1]nP[0xffffffc2][0xffffffad]][0xffffffde]'[0xfffffff7]T[0x2]_[0xffffffbb][0xffffff9c][0x1]k[0xffffff97][0xffffffd3]L[0xffffffb2][0x15][0x6][0x1c][[0xffffffbb][0xffffff9c]2[0xffffffba]FR"d[0xffffffed][0xffffffd2][0x6][0xffffff92][0xffffffa1]D[0xffffffc0][0xffffffda][0xffffffa5][0xffffff84][0xffffffb3][0xffffff9a][0x12][0xffffffc1]k[0xffffff97][0xffffffae]<YJ[0xffffffe4][0xffffffad]][0xffffffba]j[0xffffffe5]([0xffffff91][0xffffffb2]v[0xffffffa9][0xffffffc5][0xffffffbb]A[0xffffff89][0xffffffee](q[0xffffffbf]n[0xffffff8a][0x12][0x1d][0xffffffa7]D[0xf][0xffffffa0]D[0xffffffd7][0xffffffbc][0x17][0x6][0xffffffbc]c[0xffffff94][0xffffffe8]I[0xffffff94][0xffffffd0](2[0xffffff94]p[0xffffff81]d([0xffffffa1][0xffffffb1][0xffffffac][0xffffffa7][0xffffffc4][0x1a][0xffffffce]jJ[0xffffffac][0x11]M[0xffffffa2][0xffffff84])O[0xffffff96][0x12][0xffffffb6]KYJ[0xffffff98]j[0xffffffe5](!MKQB[0xffffff8a]w[0xffffff83][0x12]n[0xffffffed][0xfffffff2]9.[0xffffffea][0xb][0xffffff8e][0xffffff89][0xffffffaf]][0xffffffce][0xffffff80][0xffffffb5][0xffffffcb]i&[0xffffffd9][\n]"
19:31:00.784 [main] DEBUG org.apache.hc.client5.http.wire - http-outgoing-1 << "[0x3][0xffffff8e][0xffffffad]]N[0x19]]#)[0x11][0xffffffb2]vi[0x3][0xffffffc9]P"`[0xffffffed]R[0xffffffc2]YM[0xffffff89][0xffffffe0][0xffffffb5]KW[0xffffff9e],%[0xfffffff2][0xffffffd6].][0xffffffb5]r[0xffffff94]HY[0xffffffbb][0xffffffd4][0xffffffe2][0xffffffdd][0xffffffa0][0xffffff84][[0xffffffbb]|[0xfffffffa][0xffffff8d]=[0xffffff95][0xffffffc0][0xffffffd7].g[0xffffffc0][0xffffffda][0xffffffe5]4[0xffffff93]l[0xffffff85][0x1][0xffffffc7][0xffffffd6].[0xffffffa7][0xffffff8c][0xffffffae][0xffffff91][0xffffff94][0x8]Y[0xffffffbb][0xffffffb4][0xffffff81]d([0x11][0xffffffb0]v)[0xffffffe1][0xffffffac][0xffffffa6]D[0xfffffff0][0xffffffda][0xffffffa5]+O[0xffffff96][0x12]yk[0xffffff97][0xffffffae]Z9J[0xffffffa4][0xffffffac]]j[0xfffffff1]nP[0xffffffc2][0xffffffad]]]]><![CDATA[>[0xfffffff3]5(J[0xffffffe0]k[0xffffff97]3`[0xffffffed]r[0xffffff9a]I[0xffffffb6][0xffffffc2][0xffffff80]ck[0xffffff97]SF[0xffffffd7]HJ[0xffffff84][0xffffffac]][0xffffffda]@2[0xffffff94][0x8]X[0xffffffbb][0xffffff94]pVS"x[0xffffffed][0xffffffd2][0xffffff95]'K[0xffffff89][0xffffffbc][0xffffffb5]KW[0xffffffad][0x1c]%R[0xffffffd6].[0xffffffb5]x7([0xffffffe1]&[0xffffffaa][0xffffff9e][0xfffffffb][0xffffffa6][0xffffffd6].'>Q5[0x3]&[0xffffffaa][0xffffffa6][0xffffffd9]Q)[0xc]86Q5e)[0xffffff85][0xffffffa4]D[0xffffffc8]D[0xffffff95][\r]$C[0xffffff89][0xffffff80][0xffffff89]*[0x9]g5%[0xffffff82]'[0xffffffaa]\y[0xffffffb2][0xffffff94][0xffffffc8][0xffffff9b][0xffffffa8]r[0xffffffd5][0xffffffca]Q"e[0xffffffa2]J[0xffffff8b]w[0xffffff83][0x12]n[0xffffffa2][0xffffffea]y.[0xffffffec]cP|[0xffffffa2]j[0x6]LTM[0xffffffb3][0xffffffa3]R[0x18]pl[0xffffffa2]j[0xffffffca]R[\n]"
19:31:00.784 [main] DEBUG org.apache.hc.client5.http.wire - http-outgoing-1 << "I[0xffffff89][0xffffff90][0xffffff89]*[0x1b]H[0xffffff86][0x12][0x1][0x13]U[0x12][0xffffffce]jJ[0x4]OT[0xffffffb9][0xfffffff2]d)[0xffffff91]7Q[0xffffffe5][0xffffffaa][0xffffff95][0xffffffa3]D[0xffffffca]D[0xffffff95][0x16][0xffffffef][0xffffffdf]S[0xffffffe2]2[0x13]U[0xffffffcf][0xffffffeb][0xffffffd5])J\[0xfffffff8]D[0xffffffd5][0x15]0Qu[0xffffff99][0x1d][0xffffff95][0xffffffba][0xffffff80]_[0xffffffd8]D[0xffffffd5]%K) %L[0x14][0x11]J[0xffffffd8]@"[0xffffff94]0[0xffffffb1],[0xffffffa7][0xffffff84][0xffffff84][0xffffffb3][0xffffff98][0x12][0x12][0xffffffd1] J[0xffffffb8][0xfffffff2]D)[0xffffffe1][0xffffffbb][0x14][0xffffffa5][0xffffff84][0xffffffab]V[0xffffff8c][0x12][0xffffffda][0xffffffb4][0x10]%[0xffffffb4]x7(a&[0xffffffaa]>(qQ'[0xffffff83]^[0xfffffff8]D[0xffffffd5][0x15]0Qu[0xffffff99][0x1d][0xffffff95][0xffffffc2][0xffffff80]c[0x13]U[0xffffff97],[0xffffffa5][0xffffff90][0xffffff94][0x8][0xffffff99][0xffffffa8][0xffffffb2][0xffffff81]d([0x11]0Q%[0xffffffe1][0xffffffac][0xffffffa6]D[0xfffffff0]D[0xffffff95]+O[0xffffff96][0x12]y[0x13]U[0xffffffae]Z9J[0xffffffa4]LTi[0xfffffff1]nP[0xffffffc2]LT=[0xffffffaf][0xffffffa3]S[0x13]U[0x17]>Qu[0x5]LT]fG[0xffffffa5]0[0xffffffe0][0xffffffd8]D[0xffffffd5]%K)$%B&[0xffffffaa]l [0x19]J[0x4]LTI8[0xffffffab])[0x11]<Q[0xffffffe5][0xffffffca][0xffffff93][0xffffffa5]D[0xffffffde]D[0xffffff95][0xffffffab]V[0xffffff8e][0x12])[0x13]UZ[0xffffffbc][0x1b][0xffffff94][0xffffffe8][0xffffff8e][0x12][0xffffffed][0xffffffc1][0xffffff9e]Jt[0xffffff9c][0x12]=[0xffffff80][0x12]][0xfffffff3]^[0x18][0xfffffff0][0xffffff8e]Q[0xffffffa2]'QB[0xffffffa3][0xffffffc8]P[0xffffffc2][0x5][0xffffff92][0xffffffa1][0xffffff84][0xffffffc6][0xffffffb2][0xffffff9e][0x12]k8[0xffffffab])[0xffffffb1]F4[0xffffff89][0x12][0xffffffa6]<YJ[0xffffffd8].e)a[0xffffffaa][0xffffff95][0xffffffa3][0xffffff84]4-E[0x9])[0xffffffde][\r]J[0xffffff98][0xffffff89][0xffffffaa][0xffffffe7]uM[0xffffffec][0xffffffa9][0x4]>Qu[0x5]LT]fG[0xffffffa5]0[0xffffffe0][0xffffffd8]D[0xffffffd5]%K)$%B&[0xffffffaa]l [0x19]J[0x4]LTI8[0xffffffab])[0x11]<Q[0xffffffe5][0xffffffca][0xffffff93][0xffffffa5]D[0xffffffde]D[0xffffff95][0xffffffab]V[0xffffff8e][0x12])[0x13]UZ[0xffffffbc][[0xffffff94]ha[0xffffff94]h8%Z[0x0]%[0x1a]J[0xffffff89][0xffffff86]Q[0xffffffa2]%Qb[0xffffff8d]"E[0x9][\r]$E[0xffffff89]5[0xffffff96][0x4]%[0x1a]L[0xffffff89][0x16]L[0x9])O[0xffffff9a][0x12][0xffffffa6]KiJH[0xffffffb5][0xffffff92][0xffffff94]h)[0xffffff94]h[0xffffffdf][0xffffffa6][0xffffff84]Y[0xffffffbb]|^[0xffffffdc][0xffffffc7][0xffffffa0][0x17][0xffffffbe]vy[0x5][0xffffffac]]^f[0xffffff92][0xffffffad]0[0xffffffe0][0xffffffd8][0xffffffda][0xffffffe5]%[0xffffffa3]k$%B[0xffffffd6].m [0x19]J[0x4][0xffffffac]]J8[0xffffffab])[0x11][0xffffffbc]v[0xffffffe9][0xffffffca][0xffffff93][0xffffffa5]D[0xffffffde][0xffffffda][0xffffffa5][0xffffffab]V[0xffffff8e][0x12])k[0xffffff97]Z[0xffffffbc][0x1b][0xffffff94]0k[0xffffff97][0xffffffcf]1[0x1a][0xfffffff6]T[0x2]_[0xffffffbb][0xffffffbc][0x2][0xffffffd6]./3[0xffffffc9]V[0x18]pl[0xffffffed][0xfffffff2][0xffffff92][0xffffffd1]5[0xffffff92][0x12]!k[0xffffff97]6[0xffffff90][0xc]%[0x2][0xffffffd6].%[0xffffff9c][0xffffffd5][0xffffff94][0x8]^[0xffffffbb]t[0xffffffe5][0xffffffc9]R"o[0xffffffed][0xffffffd2]U+G[0xffffff89][0xffffff94][0xffffffb5]K-[0xffffffde]-J[0xffffff8c]0J[0xc][0xffffff9c][0x12]#[0xffffff80][0x12][0x3][0xffffffa5][0xffffffc4][0xffffffc0](1[0xffffff92]([0xffffffb1]F[0xffffff91][0xffffffa2][0xffffff84][0x6][0xffffff92][0xffffffa2][0xffffffc4][0x1a]K[0xffffff82][0x12][0x3][0xffffffa6][0xffffffc4][0x8][0xffffffa6][0xffffff84][0xffffff94]'M[0x9][0xffffffd3][0xffffffa5]4%[0xffffffa4]ZIJ[0xffffff8c][0x14]J[0xffffff8c]oS[0xffffffe2]rO%f[0x1f][0x14]%.[0xfffffffc][0xffffffa9][0xffffffc4][0x15][0xfffffff0]T[0xffffffe2]R:[0x17][0x6][0xfffffffc][0xffffffc2][0xffffff9e]J\IO%4[0xffffff8a][0xc]%\ [0x19]Jh,[0xffffffeb])[0xffffffb1][0xffffff86][0xffffffb3][0xffffff9a][0x12]kD[0xffffff93](a[0xffffffca][0xffffff93][0xffffffa5][0xffffff84][0xffffffed]R[0xffffff96][0x12][0xffffffa6]Z9JH[0xffffffd3]R[0xffffff94][0xffffff90][0xffffffe2][0xffffffdd][0xffffffa0][0xffffff84]9[0xffffff83][0xffffffe3]i[0xffffffaf]N[0x1d]2~[0xffffffe1]gp\[0x1]gp\f([0xffffffbe]0[0xffffffe0][0xffffffd8][0x19][0x1c][0xffffff97]L[0xffffffc1][0xffffff93][0xffffff94][0x8]9[0xffffff83][0xffffffc3][0x6][0xffffff92][0xffffffa1]D[0xffffffc0][0x19][0x1c][0x12][0xffffffce]jJ[0x4][0xffffff9f][0xffffffc1][0xffffffe1][0xffffffca][0xffffff93][0xffffffa5]D[0xffffffde][0x19][0x1c][0xffffffae]Z9J[0xffffffa4][0xffffff9c][0xffffffc1][0xffffffa1][0xffffffc5][0xffffffbb]A[0x9]s[0x6][0xffffffc7][0xffffffd3]>[0xfffffffe]KQ[0x2]?[0xffffff83][0xffffffe3][\n]"
19:31:00.784 [main] DEBUG org.apache.hc.client5.http.wire - http-outgoing-1 << "8[0xffffff83][0xffffffe3]2C[0xfffffff1][0xffffff85][0x1][0xffffffc7][0xffffffce][0xffffffe0][0xffffffb8]d[\n]"
19:31:00.785 [main] DEBUG org.apache.hc.client5.http.wire - http-outgoing-1 << "[0xffffff9e][0xffffffa4]D[0xffffffc8][0x19][0x1c]6[0xffffff90][0xc]%[0x2][0xffffffce][0xffffffe0][0xffffff90]pVS"[0xfffffff8][0xc][0xe]W[0xffffff9e],%[0xfffffff2][0xffffffce][0xffffffe0]p[0xffffffd5][0xffffffca]Q"[0xffffffe5][0xc][0xe]-[0xffffffde][0xffffffbf][0xffffffa7][0xffffffc4][0xffffffed][0xffffffce][0xffffffe0]h[0xfffffff3][0xffffffa1][0xffffffde][0xffffff95][0xffffffb8][0xfffffff1]38[0xffffffee][0xffffff80]38n3[0x14]_[0x17][0xfffffff0][0x1b];[0xffffff83][0xffffffe3][0xffffff96])x[0xffffff90][0x12]&[0xffffff8a][0x8]%l [0x11]J[0xffffff98]X[0xffffff96]SB[0xffffffc2]YL[0x9][0xffffff89]h[0x10]%\y[0xffffffa2][0xffffff94][0xfffffff0]][0xffffff8a]R[0xffffffc2]U+F[0x9]mZ[0xffffff88][0x12]Z[0xffffffbc][0x1b][0xffffff94]pgp[0xffffffb4][0xfffffffb][0xffffffa6]>[0x6][0xffffffbd][0xfffffff1]38[0xffffffee][0xffffff80]38n3[0x14]_[0x18]p[0xffffffec][0xc][0xffffff8e][[0xffffffa6][0xffffffe0]IJ[0xffffff84][0xffffff9c][0xffffffc1]a[0x3][0xffffffc9]P"[0xffffffe0][0xc][0xe][0x9]g5%[0xffffff82][0xffffffcf][0xffffffe0]p[0xffffffe5][0xffffffc9]R"[0xffffffef][0xc][0xe]W[0xffffffad][0x1c]%R[0xffffffce][0xffffffe0][0xffffffd0][0xffffffe2][0xffffffdd][0xffffffa0][0xffffff84];[0xffffff83][0xffffffa3][0xffffffb7]kP[0xffffff94][0xffffffc0][0xffffffcf][0xffffffe0][0xffffffb8][0x3][0xffffffce][0xffffffe0][0xffffffb8][0xffffffcd]P|a[0xffffffc0][0xffffffb1]38n[0xffffff99][0xffffff82]')[0x11]r[0x6][0xffffff87][\r]$C[0xffffff89][0xffffff80]38$[0xffffff9c][0xffffffd5][0xffffff94][0x8]>[0xffffff83][0xffffffc3][0xffffff95]'K[0xffffff89][0xffffffbc]38\[0xffffffb5]r[0xffffff94]H9[0xffffff83]C[0xffffff8b]w[0xffffff83][0x12]n8[0xffffffbb][0xfffffff7][0x1b][0xfffffffb][0xffffff81][0x3][0x1f][0xffffffce][0xffffffbe][0x3][0xffffff86][0xffffffb3]o[0xffffffb3][0xffffffee]Z[0x18]pl8[0xfffffffb][0xffffff96][0xfffffffd]V[0xffffff92][0x12]![0xffffffc3][0xffffffd9]6[0xffffff90][0xc]%[0x2][0xffffff86][0xffffffb3]%[0xffffff9c][0xffffffd5][0xffffff94][0x8][0x1e][0xffffffce]v[0xffffffe5][0xffffffc9]R"o8[0xffffffdb]U+G[0xffffff89][0xffffff94][0xffffffe1]l-[0xffffffde][\r]J[0xffffffb8][0xffffffb5][0xffffffcb]>[0xffffff8e][0xffffff9b][0xffffffa2][0x4][0xffffffbe]vy[0x7][0xffffffac]][0xffffffde]f[0xffffff92][0xffffffad]0[0xffffffe0][0xffffffd8][0xffffffda][0xffffffe5]-[0xffffffa3]k$%B[0xffffffd6].m [0x19]J[0x4][0xffffffac]]J8[0xffffffab])[0x11][0xffffffbc]v[0xffffffe9][0xffffffca][0xffffff93][0xffffffa5]D[0xffffffde][0xffffffda][0xffffffa5][0xffffffab]V[0xffffff8e][0x12])k[0xffffff97]Z[0xffffffbc][0x1b][0xffffff94]pk[0xffffff97]}[0xffffff9c][0xffffffd8][0xffffffbb][0x12][0xfffffff8][0xffffffda][0xffffffe5][0x1d][0xffffffb0]vy[0xffffff9b]I[0xffffffb6][0xffffffc2][0xffffff80]ck[0xffffff97][0xffffffb7][0xffffff8c][0xffffffae][0xffffff91][0xffffff94][0x8]Y[0xffffffbb][0xffffffb4][0xffffff81]d([0x11][0xffffffb0]v)[0xffffffe1][0xffffffac][0xffffffa6]D[0xfffffff0][0xffffffda][0xffffffa5]+O[0xffffff96][0x12]yk[0xffffff97][0xffffffae]Z9J[0xffffffa4][0xffffffac]]j[0xfffffff1]nP[0xffffffc2]MT[0xfffffff5][0xfffffff9][0xffffffc2]~[0xffffffe0][0xffffffc0]'[0xffffffaa][0xffffffee][0xffffff80][0xffffff89][0xffffffaa][0xffffffdb][0xffffffec][0xffffffa8][0x14][0x6][0x1c][0xffffff9b][0xffffffa8][0xffffffba]e)[0xffffff85][0xffffffa4]D[0xffffffc8]D[0xffffff95][\r]$C[0xffffff89][0xffffff80][0xffffff89]*[0x9]g5%[0xffffff82]'[0xffffffaa]\y[0xffffffb2][0xffffff94][0xffffffc8][0xffffff9b][0xffffffa8]r[0xffffffd5][0xffffffca]Q"e[0xffffffa2]J[0xffffff8b]w[0xffffff8b][0x12]#[0xffffff8c][0x12][0xfffffff0]p[0xfffffff6][0xffffffd7][0x1d][0xfffffff0][0xffffff94][0x0][0xffffff87][0xffffffb3][0xffffffbf][0xffffffae]NQ"g8[0xffffffdb]D[0xffffff91][0xffffffa2]D[0xffffffc8]p[0xffffffb6][0xffffff89]%A[0x9]t8["[0xffffff9a]E[0xffffff89][0xffffffac][0xffffffe1]l[0xffffffdf][0xffffffa5]4%r[0xffffff86][0xffffffb3][0xffffffb5]i9J|{8[0xfffffffb]vk[0xffffff97][0xffffffe3][0xffffffec][0x17]E[0x9]|[0xffffffed][0xfffffff2][0xe]X[0xffffffbb][0xffffffbc][0xffffffcd]$[a[0xffffffc0][0xffffffb1][0xffffffb5][0xffffffcb][F[0xffffffd7]HJ[0xffffff84][0xffffffac]][0xffffffda]@2[0xffffff94][0x8]X[0xffffffbb][0xffffff94]pVS"x[0xffffffed][0xffffffd2][0xffffff95]'K[0xffffff89][0xffffffbc][0xffffffb5]KW[0xffffffad][0x1c]%R[0xffffffd6].[0xffffffb5]x[0xffffffb7]([0xffffffd1][0xffffffc2]([0xffffffd1]pJ[0xffffffb4][0x0]J4[0xffffff94][0x12][\r][0xffffffa3]DK[0xffffffa2][0xffffffc4][0x1a]E[0xffffff8a][0x12][0x1a]H[0xffffff8a][0x12]k,[0x9]J4[0xffffff98][0x12]-[0xffffff98][0x12]R[0xffffff9e]4%L[0xffffff97][0xffffffd2][0xffffff94][0xffffff90]j%)[0xffffffd1]R([0xffffffd1][0xffffffbe]K[0xffffff89][0xffffffc7]MT[0xffffff9d][0xffffffed][0xffffffd5]!J<[0xfffffff8]D[0xffffffd5][0x13]0Q[0xfffffff5][0xffffff98][0x1d][0xffffff95][0xffffffba][0xffffff80]?[0xffffffd8]D[0xffffffd5]#K) %L[0x14][0x11]J[0xffffffd8]@"[0xffffff94]0[0xffffffb1],[0xffffffa7][0xffffff84][0xffffff84][0xffffffb3][0xffffff98][0x12][0x12][0xffffffd1] J[0xffffffb8][0xfffffff2]D)[0xffffffe1][0xffffffbb][0x14][0xffffffa5][0xffffff84][0xffffffab]V[0xffffff8c][0x12][0xffffffda][0xffffffb4][0x10]%[0xffffffb4]x7([0xffffffd1][0x1d]%[0xffffffae]6(Jt[0xffffff9c][0x12]=[0xffffff80][0x12]][0xfffffff3]^[0x18][0xfffffff0][0xffffff8e]Q[0xffffffa2]'QB[0xffffffa3][0xffffffc8]P[0xffffffc2][0x5][0xffffff92][0xffffffa1][0xffffff84][0xffffffc6][0xffffffb2][0xffffff9e][0x12]k8[0xffffffab])[0xffffffb1]F4[0xffffff89][0x12][0xffffffa6]<YJ[0xffffffd8].e)a[0xffffffaa][0xffffff95][0xffffffa3][0xffffff84]4-E[0x9])[0xffffffde][\r]J[0xffffffb8]][0xffffff89][0xffffffd9][0xffffffee]IQ[0x2][0xffffffdf][0xffffff95]x[0x2]v%[0x1e][0xfffffff3][0xfffffff1]sa[0xffffffc0][0xffffffb1]][0xffffff89]G>o&)[0x11][0xffffffb2]+a[0x3][0xffffffc9]P"`WB[0xffffffc2]YM[0xffffff89][0xffffffe0]][0x9]W[0xffffff9e],%[0xfffffff2]v%\[0xffffffb5]r[0xffffff94]H[0xffffffd9][0xffffff95][0xffffffd0][0xffffffe2][0xffffffdd][0xffffffa0][0xffffff84][0xffffffdb][0xffffff95][0xffffff98][0xfffffffd][0xffffffc4][0xffffff9e]J[0xffffffe0][0xffffffbb][0x12]O[0xffffffc0][0xffffffae][0xffffffc4]c>~.[0xc]8[0xffffffb6]+[0xfffffff1][0xffffffc8][0xffffffe7][0xffffffcd]$%Bv%l [0x19]J[0x4][0xffffffec]JH8[0xffffffab])[0x11][0xffffffbc]+[0xffffffe1][0xffffffca][0xffffff93][0xffffffa5]D[0xffffffde][0xffffffae][0xffffff84][0xffffffab]V[0xffffff8e][0x12])[0xffffffbb][0x12]Z[0xffffffbc][0x1b][0xffffff94]p[0xffffffbb][0x12]s[0x1c][0x18]%[0xfffffff0]][0xffffff89]'`W[0xffffffe2]1[0x1f]?[0x17][0x6][0x1c][0xffffffdb][0xffffff95]x[0xffffffe4][0xfffffff3]f[0xffffff92][0x12]![0xffffffbb][0x12]6[0xffffff90][0xc]%[0x2]v%$[0xffffff9c][0xffffffd5][0xffffff94][0x8][0xffffffde][0xffffff95]p[0xffffffe5][0xffffffc9]R"oW[0xffffffc2]U+G[0xffffff89][0xffffff94]][0x9]-[0xffffffde][\r]J[0xffffffb8][0xffffff8f]A[0xffffffe7]8[0x1f][0xffffff8a][0x12][0xfffffff8][0xffffffc7][0xffffffa0]O[0xffffffc0][0xffffffc7][0xffffffa0][0xffffff8f][0xfffffff9]b[0xffffffa9]0[0xffffffe0][0xffffffd8][0xffffffc7][0xffffffa0][0xffffff8f]|[0xffffff93]DR"[0xffffffe4]cP[0x1b]H[0xffffff86][0x12][0x1][0x1f][0xffffff83]J8[0xffffffab])[0x11][0xfffffffc]1[0xffffffa8]+O[0xffffff96][0x12]y[0x1f][0xffffff83][0xffffffba]j[0xffffffe5]([0xffffff91][0xfffffff2]1[0xffffffa8][0x16][0xffffffef][0x6]%[0x1e]G[0xffffff89][0xfffffff3]xQ[0xffffff94]xpJ<[0x1][0xffffff94]x4[0xffffffef][0xffffff85][0x1][0x7f]0J<I[0xffffff94][0xffffffd0](2[0xffffff94]p[0xffffff81]d([0xffffffa1][0xffffffb1][0xffffffac][0xffffffa7][0xffffffc4][0x1a][0xffffffce]jJ[0xffffffac][0x11]M[0xffffffa2][0xffffff84])O[0xffffff96][0x12][0xffffffb6]KYJ[0xffffff98]j[0xffffffe5](!MKQB[0xffffff8a][0xfffffff7][0xffffffaf])[0xfffffff1][0xffffffbc]^[0xffffff8e][0x12][0xffffff93]z*[0xfffffff1]u?(%~[0xffffffdc][0x1]K[0xffffff89]_[0xfffffff7]@P[0xffffffe2][0xffffffc7][0xffffffd5][0x9]J[0xfffffffc]{[0xffffffe5][0x4]J[0xffffffb8]([0x12][0xffffff94][0xfffffff0][0xffffff81]$([0xffffffe1]bYM[0x9][\r]g-%4[0xffffffa2]9[0xffffff94][0xffffffb0][0xffffffe5]IR[0xffffffe2]M[0xffffff97][0xffffff92][0xffffff94][0xffffffb0][0xffffffd5]JQ[0xffffffc2]4-C[0x9]S[0xffffffbc][0x1b][0xffffff94]p[0xffffffbb][0x12][0xfffffff3]yN[0xffffff8a][0x12][0xfffffff4][0xffffffae][0xffffffc4][0xffffff8f];[0xffffffa0])A[0xffffffee]J[0xfffffffc][0xffffffb8]:C[0xffffff89][0xffffffa0]][0x9][0x17]E[0xffffff86][0x12])[0xffffffbb][0x12].[0xffffff96][0xfffffff5][0xffffff94]`w%4[0xffffffa2]I[0xffffff94][0x8][0xffffffdb][0xffffff95]x[0xffffffd3][0xffffffa5],%[0xffffff82]v%L[0xffffffd3]R[0xffffff94][0xfffffff8][0xfffffffe][0xffffffae][0xffffffc4][0xfffffff3]j[0xffffff86][0x12]W[0xffffff9b][0xffffffd0][0x19][0x1c]_[0xfffffff7][0x3]S[0xffffffa2][0x5]P[0xffffffa2]i[0xffffffde][0xb][0x3][0xffffffde]0J[0xffffffb4]$Jh[0x14][0x19]J[0xffffffb8]@2[0xffffff94][0xffffffd0]X[0xffffffd6]Sb[\r]g5%[0xffffffd6][0xffffff88]&Q[0xffffffc2][0xffffff94]'K[0x9][0xffffffdb][0xffffffa5],%L[0xffffffb5]r[0xffffff94][0xffffff90][0xffffffa6][0xffffffa5](![0xffffffc5][0xffffffbb]A[0xffffff89][0xffffffee]([0xffffffd1][0xffffffcf][0xffffff9b][0xffffffa2]D[0xffffffc7])[0xffffffd1][0x3]([0xffffffd1]5[0xffffffef][0xffffff85][0x1][0xffffffef][0x18]%z[0x12]%4[0xffffff8a][0xc]%\ [0x19]Jh,[0xffffffeb])[0xffffffb1][0xffffff86][0xffffffb3][0xffffff9a][0x12]kD[0xffffff93](a[0xffffffca][0xffffff93][0xffffffa5][0xffffff84][0xffffffed]R[0xffffff96][0x12][0xffffffa6]Z9JH[0xffffffd3]R[0xffffff94][0xffffff90][0xffffffe2][0xffffffdd][0xffffffa0][0xffffffc4]p[0xffffff94]x[0xffffff8e]FQb[0xffffffe0][0xffffff94][0x18][0x1][0xffffff94][0x18][0xffffff9a][0xfffffff7][0xffffffc2][0xffffff80][0xf][0xffffff8c][0x12]#[0xffffff89][0x12][0x1a]E[0xffffff86][0x12].[0xffffff90][0xc]%4[0xffffff96][0xfffffff5][0xffffff94]X[0xffffffc3]YM[0xffffff89]5[0xffffffa2]I[0xffffff94]0[0xffffffe5][0xffffffc9]R[0xffffffc2]v)K[0x9]S[0xffffffad][0x1c]%[0xffffffa4]i)JH[0xfffffff1]nP[0xffffffc2][0xffffffad]][0xffffffde][0xffffffc7][0xffffff83][0xfffffffd][0xffffffc0]A[0xffffffaf]][0xfffffffe][0xffffffb8][0x3][0xffffff9a][0x12][0xffffffe4][0xffffffda][0xffffffe5][0xffffff8f][0xffffffab]3[0xffffff94][0x8]Z[0xffffffbb]tQd([0xffffff91][0xffffffb2]v[0xffffffe9]bYO[0x9]v[0xffffffed]R#[0xffffff9a]D[0xffffff89][0xffffffb0][0xffffffb5][0xffffffcb]7][0xffffffca]R"h[0xffffffed][0xffffffd2]4-E[0xffffff89][0xffffffef][0xffffffaf]]]]><![CDATA[>/[0xffffffb7]vy[0xffffff9f][0x3][0xfffffffa][0x18][0xfffffff4][0xffffffeb]~`J[0xfffffff0]k[0xffffff97][0xffffffbf][0xffffffee][0xffffff81][0xffffffa1][0x4][0xffffffb5]v[0xfffffff9][0xffffffef][0xffffff95]3([0xffffff91][0xffffffb1]v[0xffffffe9][0x3][0xffffffc9]P[0xffffff82]_[0xffffffbb][0xffffffd4]pVS"w[0xffffffed][0xffffffd2][0xffffff96]'K[0xffffff89][0xffffffb8][0xffffffb5]K[[0xffffffad][0x1c]%B[0xffffffd6].M[0xfffffff1]nP[0xffffffc2][0xffffffad]][0xffffffde][0xffffffcf]3(J[0xffffffd0]k[0xffffff97]?[0xffffffee][0xffffff80][0xffffffa6][0x4][0xffffffb9]v[0xfffffff9][0xffffffe3][0xffffffea][0xc]%[0xffffff82][0xffffffd6].][0x14][0x19]J[0xffffffa4][0xffffffac]][0xffffffba]X[0xffffffd6]S[0xffffff82]][0xffffffbb][0xffffffd4][0xffffff88]&Q"l[0xffffffed][0xfffffff2]M[0xffffff97][0xffffffb2][0xffffff94][0x8]Z[0xffffffbb]4MKQ[0xffffffe2][0xfffffffb]k[0xffffff97][0xffffffcf][0xffffffcb]MT=[0xfffffffd][0xffffff86][0xe][0x19][0xffffffff][0xffffffba][0x1f][0xffffff98][0x12][0xfffffffc]D[0xffffffd5][0xffffffaf]{`(AMT[0xfffffffd]{[0xffffffe5][0xc]JdLT[0xfffffff9]@2[0xffffff94][0xffffffe0]'[0xffffffaa]4[0xffffff9c][0xffffffd5][0xffffff94][0xffffffc8][0xffffff9d][0xffffffa8][0xffffffb2][0xffffffe5][0xffffffc9]R"n[0xffffffa2][0xffffffca]V+G[0xffffff89][0xffffff90][0xffffff89]*S[0xffffffbc][0x7f]O[0xffffff89][0xffffffc3][0xffffffed]J<[0xffffffe7]E[0xfffffffd][0xffffffc0]q[0xffffffe0][0xffffffbb][0x12]G[0xffffffc0][0xffffffae][0xffffffc4]a>~[0xffffffae][0xb][0xfffffff8][0xffffff81][0xffffffed]J[0x1c][0xfffffff2]y3H[0x9][0x13]E[0xffffff84][0x12]6[0xffffff90][0x8]%L,[0xffffffcb])![0xffffffe1],[0xffffffa6][0xffffff84]D4[0xffffff88][0x12][0xffffffae]<QJ[0xfffffff8].E)[0xffffffe1][0xffffffaa][0x15][0xffffffa3][0xffffff84]6-D[0x9]-[0xffffffde][\r]J[0xffffffb8]][0xffffff89]gR[0xffffffc3][0xffffffd9]_[0xfffffff7][0x3]S"`W[0xffffffe2]0[0x1f]?[0x17][0x6][0x1c][0xffffffdb][0xffffff95]8[0xffffffe4][0xfffffff3]f[0xffffff92][0x12]![0xffffffbb][0x12]6[0xffffff90][0xc]%[0x2]v%$[0xffffff9c][0xffffffd5][0xffffff94][0x8][0xffffffde][0xffffff95]p[0xffffffe5][0xffffffc9]R"oW[0xffffffc2]U+G[0xffffff89][0xffffff94]][0x9]-[0xffffffde][\r]JtK[0x9]l8[0xfffffffb][0xfffffff3]~`J[0xfffffff4][0x0]Jt[0xffffffcd]{a[0xffffffc0];F[0xffffff89][0xffffff9e]D[0x9][0xffffff8d]"C[0x9][0x17]H[0xffffff86][0x12][0x1a][0xffffffcb]zJ[0xffffffac][0xffffffe1][0xffffffac][0xffffffa6][0xffffffc4][0x1a][0xffffffd1]$J[0xffffff98][0xfffffff2]d)a[0xffffffbb][0xffffff94][0xffffffa5][0xffffff84][0xffffffa9]V[0xffffff8e][0x12][0xffffffd2][0xffffffb4][0x14]%[0xffffffa4]x7([0xffffffe1]v%[0xffffff9e][0xffffffeb][0xffffffc4][0xffffff9e]J[0xffffffe0][0xffffffbb][0x12]G[0xffffffc0][0xffffffae][0xffffffc4]a>~.[0xc]8[0xffffffb6]+q[0xffffffc8][0xffffffe7][0xffffffcd]$%Bv%l [0x19]J[0x4][0xffffffec]JH8[0xffffffab])[0x11][0xffffffbc]+[0xffffffe1][0xffffffca][0xffffff93][0xffffffa5]D[0xffffffde][0xffffffae][0xffffff84][0xffffffab]V[0xffffff8e][0x12])[0xffffffbb][0x12]Z[0xffffffbc][0x1b][0xffffff94]p[0xffffffbb][0x12][0xffffff9f][0xffffffbf]pP[0xffffff94][0xffffffc0]w%[0xffffff8e][0xffffff80]][0xffffff89][0xffffffc3]|[0xfffffffc]\[0x18]plW[0xffffffe2][0xffffff90][0xffffffcf][0xffffff9b]IJ[0xffffff84][0xffffffec]J[0xffffffd8]@2[0xffffff94][0x8][0xffffffd8][0xffffff95][0xffffff90]pVS"xW[0xffffffc2][0xffffff95]'K[0xffffff89][0xffffffbc]][0x9]W[0xffffffad][0x1c]%Rv%[0xffffffb4]x7([0xffffffa1][0xffffffbb][0x12][0xffffffe3][0xfffffff5]z[0xffffff9d][0xffffffd4][0x17][0x1c][0x7][0xffffffbe]+q[0x4][0xffffffec]J[0x1c][0xffffffe6][0xffffffe3][0xffffffe7][0xffffffc2][0xffffff80]c[0xffffffbb][0x12][0xffffff87]|[0xffffffde]LR"dW[0xffffffc2][0x6][0xffffff92][0xffffffa1]D[0xffffffc0][0xffffffae][0xffffff84][0xffffff84][0xffffffb3][0xffffff9a][0x12][0xffffffc1][0xffffffbb][0x12][0xffffffae]<YJ[0xffffffe4][0xffffffed]J[0xffffffb8]j[0xffffffe5]([0xffffff91][0xffffffb2]+[0xffffffa1][0xffffffc5][0xffffffbb]A[0x9][0xffffffdd][0xffffff95][0xfffffff8][0xffffffa0][0xffffffc4][0xffffffc1][0xffffffbd]v[0xffffff89][0xffffffef]J[0x1c][0x1][0xffffffbb][0x12][0xffffff87][0xfffffff9][0xfffffff8][0xffffffb9]0[0xffffffe0][0xffffffd8][0xffffffae][0xffffffc4]![0xffffff9f]7[0xffffff93][0xffffff94][0x8][0xffffffd9][0xffffff95][0xffffffb0][0xffffff81]d([0x11][0xffffffb0]+![0xffffffe1][0xffffffac][0xffffffa6]D[0xfffffff0][0xffffffae][0xffffff84]+O[0xffffff96][0x12]y[0xffffffbb][0x12][0xffffffae]Z9J[0xffffffa4][0xffffffec]Jh[0xfffffff1]nP[0xffffffe2][0xffffffb6][0xffffff94][0xffffff98][0xffffffd4]q^[0xffffff9f][0xfffffff7][0x3]S[0xffffffe2][0xe][0xffffffa0][0xffffffc4][0xffffffad]y/[0xc][0xfffffff8][0xffffff8d]Q[0xffffffe2]N[0xffffffa2][0xffffff84]F[0xffffff91][0xffffffa1][0xffffff84][0xb]$C[0x9][0xffffff8d]e=%[0xffffffd6]pVSb[0xffffff8d]h[0x12]%Ly[0xffffffb2][0xffffff94][0xffffffb0]][0xffffffca]R[0xffffffc2]T+G[0x9]iZ[0xffffff8a][0x12]R[0xffffffbc][0x1b][0xffffff94][0xffffffd0][0xffffff89][0xffffffaa][0xf]J[0xffffffb4][0xffffff86][0xffffffbd]+[0xffffff81]OT[0x1d][0x1][0x13]U[0xffffff87][0xffffffd9]Q)[0xc]86Qu[0xffffffc8]R[\n]"
19:31:00.785 [main] DEBUG org.apache.hc.client5.http.wire - http-outgoing-1 << "I[0xffffff89][0xffffff90][0xffffff89]*[0x1b]H[0xffffff86][0x12][0x1][0x13]U[0x12][0xffffffce]jJ[0x4]OT[0xffffffb9][0xfffffff2]d)[0xffffff91]7Q[0xffffffe5][0xffffffaa][0xffffff95][0xffffffa3]D[0xffffffca]D[0xffffff95][0x16][0xffffffef][0xffffffdf]S[0xffffffa2][0xffffffbd],%.[0xffffffea]c[0xffffffd0][0xffffffcf][0xfffffffb]a)[0xfffffff1]u[0x7]0%[0xfffffffe][0xffffffbd][0x7][0xffffff84][0x12]_WG([0xfffffff1][0xffffffcf][0xffffff95]#(a[0xffffffa2][0xffffff88]P[0xffffffc2][0x6][0x12][0xffffffa1][0xffffff84][0xffffff89]e9%$[0xffffff9c][0xffffffc5][0xffffff94][0xffffff90][0xffffff88][0x6]Q[0xffffffc2][0xffffff95]'J[0x9][0xffffffdf][0xffffffa5](%\[0xffffffb5]b[0xffffff94][0xffffffd0][0xffffffa6][0xffffff85]([0xffffffa1][0xffffffc5][0xffffffbb]A[0x9]][0xffffffbb][0xfffffffc][0xffffffa0][0xffffffc4][0xffffffc0][0xffffffde][0xffffff95]h[0xfffffff8][0xffffffda]e[0xb]X[0xffffffbb]lf[0xffffff92][0xffffffad]0[0xffffffe0][0xffffffd8][0xffffffda]e[0xffffff93][0xffffffd1]5[0xffffff92][0x12]!k[0xffffff97]6[0xffffff90][0xc]%[0x2][0xffffffd6].%[0xffffff9c][0xffffffd5][0xffffff94][0x8]^[0xffffffbb]t[0xffffffe5][0xffffffc9]R"o[0xffffffed][0xffffffd2]U+G[0xffffff89][0xffffff94][0xffffffb5]K-[0xffffffde][\r]J[0xffffffe8][0xffffffda][0xffffffe5]'%n[0xffffffea]][0xffffff89][0xffffff86][0xffffffaf]][0xffffffb6][0xffffff80][0xffffffb5][0xffffffcb]f&[0xffffffd9][\n]"
19:31:00.785 [main] DEBUG org.apache.hc.client5.http.wire - http-outgoing-1 << "[0x3][0xffffff8e][0xffffffad]]6[0x19]]#)[0x11][0xffffffb2]vi[0x3][0xffffffc9]P"`[0xffffffed]R[0xffffffc2]YM[0xffffff89][0xffffffe0][0xffffffb5]KW[0xffffff9e],%[0xfffffff2][0xffffffd6].][0xffffffb5]r[0xffffff94]HY[0xffffffbb][0xffffffd4][0xffffffe2][0xffffffdd][0xffffffa0]Dw[0xffffff94][0xffffff98][0xffffff8d][0xfffffffa][0x18][0xfffffff4][0xfffffff3]~`J[0xfffffff4][0x0]Jt[0xffffffcd]{a[0xffffffc0];F[0xffffff89][0xffffff9e]D[0x9][0xffffff8d]"C[0x9][0x17]H[0xffffff86][0x12][0x1a][0xffffffcb]zJ[0xffffffac][0xffffffe1][0xffffffac][0xffffffa6][0xffffffc4][0x1a][0xffffffd1]$J[0xffffff98][0xfffffff2]d)a[0xffffffbb][0xffffff94][0xffffffa5][0xffffff84][0xffffffa9]V[0xffffff8e][0x12][0xffffffd2][0xffffffb4][0x14]%[0xffffffa4]x7([0xffffffa1][0x13]U[0x1f][0xffffff94][0xffffffb8]:[0xfffffff6]T[0x2][0xffffff9f][0xffffffa8]j[0x1][0x13]U[0xffffffcd][0xffffffec][0xffffffa8][0x14][0x6][0x1c][0xffffff9b][0xffffffa8]j[0xffffffb2][0xffffff94]BR"d[0xffffffa2][0xffffffca][0x6][0xffffff92][0xffffffa1]D[0xffffffc0]D[0xffffff95][0xffffff84][0xffffffb3][0xffffff9a][0x12][0xffffffc1][0x13]U[0xffffffae]<YJ[0xffffffe4]MT[0xffffffb9]j[0xffffffe5]([0xffffff91]2Q[0xffffffa5][0xffffffc5][0xffffffbb]A[0x9];Qu[0xffffffdd][0xffffff93][0xffffffa2][0x4]>Q[0xffffffd5][0x2]&[0xffffffaa][0xffffff9a][0xffffffd9]Q)[0xc]86Q[0xffffffd5]d)[0xffffff85][0xffffffa4]D[0xffffffc8]D[0xffffff95][\r]$C[0xffffff89][0xffffff80][0xffffff89]*[0x9]g5%[0xffffff82]'[0xffffffaa]\y[0xffffffb2][0xffffff94][0xffffffc8][0xffffff9b][0xffffffa8]r[0xffffffd5][0xffffffca]Q"e[0xffffffa2]J[0xffffff8b]w[0xffffff83][0x12]v[0xffffffa2][0xffffffea][0xffffffee][0xffffffd4][0xffffffc7][0xffffffa0][\r][0xffffff9f][0xffffffa8]j[0x1][0x13]U[0xffffffcd][0xffffffec][0xffffffa8][0x14][0x6][0x1c][0xffffff9b][0xffffffa8]j[0xffffffb2][0xffffff94]BR"d[0xffffffa2][0xffffffca][0x6][0xffffff92][0xffffffa1]D[0xffffffc0]D[0xffffff95][0xffffff84][0xffffffb3][0xffffff9a][0x12][0xffffffc1][0x13]U[0xffffffae]<YJ[0xffffffe4]MT[0xffffffb9]j[0xffffffe5]([0xffffff91]2Q[0xffffffa5][0xffffffc5][0xffffffbb]A[0x9];Q[0xfffffff5][0x1c][0xffffffd8]S[0x9]|[0xffffffa2][0xffffffaa][0x5]LT5[0xffffffb3][0xffffffa3]R[0x18]pl[0xffffffa2][0xffffffaa][0xffffffc9]R[\n]"
19:31:00.785 [main] DEBUG org.apache.hc.client5.http.wire - http-outgoing-1 << "I[0xffffff89][0xffffff90][0xffffff89]*[0x1b]H[0xffffff86][0x12][0x1][0x13]U[0x12][0xffffffce]jJ[0x4]OT[0xffffffb9][0xfffffff2]d)[0xffffff91]7Q[0xffffffe5][0xffffffaa][0xffffff95][0xffffffa3]D[0xffffffca]D[0xffffff95][0x16][0xffffffef][0x6]%[0xffffffdc]D[0xffffffd5][0xfffffff1][0xffffffe2]>[0x6][0xffffffc5]'[0xffffffaa]Z[0xffffffc0]DU3;*[0xffffff85][0x1][0xffffffc7]&[0xffffffaa][0xffffff9a],[0xffffffa5][0xffffff90][0xffffff94][0x8][0xffffff99][0xffffffa8][0xffffffb2][0xffffff81]d([0x11]0Q%[0xffffffe1][0xffffffac][0xffffffa6]D[0xfffffff0]D[0xffffff95]+O[0xffffff96][0x12]y[0x13]U[0xffffffae]Z9J[0xffffffa4]LTi[0xfffffff1][0xfffffffe]=%[0xffffffba][0xffffff9b][0xffffffa8]:[0xffffff8e]F=[0xffffff95][0xffffffe8][0xfffffff8]DU[0xf][0xffffff98][0xffffffa8][0xffffffea]fG[0xffffffa5].[0xffffffe0][0x1d][0xffffff9b][0xffffffa8][0xffffffea][0xffffffb2][0xffffff94][0x2]R[0xffffffc2]D[0x11][0xffffffa1][0xffffff84][\r]$B[0x9][0x13][0xffffffcb]rJH8[0xffffff8b])![0x11][\r][0xffffffa2][0xffffff84]+O[0xffffff94][0x12][0xffffffbe]KQJ[0xffffffb8]j[0xffffffc5]([0xffffffa1]M[0xb]QB[0xffffff8b]w[0xffffff83][0x12]n[0xffffffa2][0xffffffea]8[0xffffffee][0xffffff93][0xffffffa2][0x4]>Q[0xffffffd5][0x3]&[0xffffffaa][0xffffffba][0xffffffd9]Q)[0xc]86Q[0xffffffd5]e)[0xffffff85][0xffffffa4]D[0xffffffc8]D[0xffffff95][\r]$C[0xffffff89][0xffffff80][0xffffff89]*[0x9]g5%[0xffffff82]'[0xffffffaa]\y[0xffffffb2][0xffffff94][0xffffffc8][0xffffff9b][0xffffffa8]r[0xffffffd5][0xffffffca]Q"e[0xffffffa2]J[0xffffff8b]w[0xffffff83][0x12]n[0xffffffa2][0xffffffea]h[0xffffffa3]Q[0xffffff94][0xffffffc0]'[0xffffffaa]z[0xffffffc0]DU7;*[0xffffff85][0x1][0xffffffc7]&[0xffffffaa][0xffffffba],[0xffffffa5][0xffffff90][0xffffff94][0x8][0xffffff99][0xffffffa8][0xffffffb2][0xffffff81]d([0x11]0Q%[0xffffffe1][0xffffffac][0xffffffa6]D[0xfffffff0]D[0xffffff95]+O[0xffffff96][0x12]y[0x13]U[0xffffffae]Z9J[0xffffffa4]LTi[0xfffffff1]nP[0xffffffa2][J<[0xffffffd4]D[0xffffffd5][0xffffffe7][0xffffffff][0xffffffc0][0xffffff94][0xffffffe8][0x1][0xffffff94][0xffffffe8][0xffffff9a][0xfffffff7][0xffffffc2][0xffffff80]w[0xffffff8c][0x12]=[0xffffff89][0x12][0x1a]E[0xffffff86][0x12].[0xffffff90][0xc]%4[0xffffff96][0xfffffff5][0xffffff94]X[0xffffffc3]YM[0xffffff89]5[0xffffffa2]I[0xffffff94]0[0xffffffe5][0xffffffc9]R[0xffffffc2]v)K[0x9]S[0xffffffad][0x1c]%[0xffffffa4]i)JH[0xfffffff1]nP[0xffffffc2]MT[0x1d]sR[0x1f][0xffffff83]v|[0xffffffa2][0xffffffaa][0x7]LTu[0xffffffb3][0xffffffa3]R[0x18]pl[0xffffffa2][0xffffffaa][0xffffffcb]R[\n]"
19:31:00.785 [main] DEBUG org.apache.hc.client5.http.wire - http-outgoing-1 << "I[0xffffff89][0xffffff90][0xffffff89]*[0x1b]H[0xffffff86][0x12][0x1][0x13]U[0x12][0xffffffce]jJ[0x4]OT[0xffffffb9][0xfffffff2]d)[0xffffff91]7Q[0xffffffe5][0xffffffaa][0xffffff95][0xffffffa3]D[0xffffffca]D[0xffffff95][0x16][0xffffffef][0x6]%[0xffffffdc]D[0xffffffd5]q[0xffffffbf]0J[0xffffffe0][0x13]U=`[0xffffffa2][0xffffffaa][0xffffff9b][0x1d][0xffffff95][0xffffffc2][0xffffff80]c[0x13]U][0xffffff96]RHJ[0xffffff84]LT[0xffffffd9]@2[0xffffff94][0x8][0xffffff98][0xffffffa8][0xffffff92]pVS"x[0xffffffa2][0xffffffca][0xffffff95]'K[0xffffff89][0xffffffbc][0xffffff89]*W[0xffffffad][0x1c]%R&[0xffffffaa][0xffffffb4]x7([0xffffffe1]&[0xffffffaa][0xffffffda][0xffffffab]a[0xffffffaf]][0xffffffe2][0x13]U=`[0xffffffa2][0xffffffaa][0xffffff9b][0x1d][0xffffff95][0xffffffc2][0xffffff80]c[0x13]U][0xffffff96]RHJ[0xffffff84]LT[0xffffffd9]@2[0xffffff94][0x8][0xffffff98][0xffffffa8][0xffffff92]pVS"x[0xffffffa2][0xffffffca][0xffffff95]'K[0xffffff89][0xffffffbc][0xffffff89]*W[0xffffffad][0x1c]%R&[0xffffffaa][0xffffffb4]x7([0xffffffe1]&[0xffffffaa][0xffffffda][0xffffffeb]~(J[0xffffffe0][0x13]U=`[0xffffffa2][0xffffffaa][0xffffff9b][0x1d][0xffffff95][0xffffffc2][0xffffff80]c[0x13]U][0xffffff96]RHJ[0xffffff84]LT[0xffffffd9]@2[0xffffff94][0x8][0xffffff98][0xffffffa8][0xffffff92]pVS"x[0xffffffa2][0xffffffca][0xffffff95]'K[0xffffff89][0xffffffbc][0xffffff89]*W[0xffffffad][0x1c]%R&[0xffffffaa][0xffffffb4]x7([0xffffffe1]&[0xffffffaa][0xffffffda]10J[0xffffffe0][0x13]U=`[0xffffffa2][0xffffffaa][0xffffff9b][0x1d][0xffffff95][0xffffffc2][0xffffff80]c[0x13]U][0xffffff96]RHJ[0xffffff84]LT[0xffffffd9]@2[0xffffff94][0x8][0xffffff98][0xffffffa8][0xffffff92]pVS"x[0xffffffa2][0xffffffca][0xffffff95]'K[0xffffff89][0xffffffbc][0xffffff89]*W[0xffffffad][0x1c]%R&[0xffffffaa][0xffffffb4]x[0xffffffff][0xffffff9e][0x12][0xffffffc3]MT[0xffffffb5][0xffffffe3][0xffffffa1]&[0xffffffaa][0x6]>Q5[0x2]&[0xffffffaa][0xffffff86][0xffffffd9]Q[0xffffffa9][0xb][0xfffffff8][0xffffffc0]&[0xffffffaa][0xffffff86],[0xffffffa5][0xffffff80][0xffffff94]0QD(a[0x3][0xffffff89]P[0xffffffc2][0xffffffc4][0xffffffb2][0xffffff9c][0x12][0x12][0xffffffce]bJHD[0xffffff83]([0xffffffe1][0xffffffca][0x13][0xffffffa5][0xffffff84][0xffffffef]R[0xffffff94][0x12][0xffffffae]Z1Jh[0xffffffd3]B[0xffffff94][0xffffffd0][0xffffffe2][0xffffffdd][0xffffffa0][0xffffff84][0xffffff9b][0xffffffa8]j[\r]{*1[0xfffffff0][0xffffff89][0xffffffaa][0x11]0Q5[0xffffffcc][0xffffff8e]Ja[0xffffffc0][0xffffffb1][0xffffff89][0xffffffaa]!K)$%B&[0xffffffaa]l [0x19]J[0x4]LTI8[0xffffffab])[0x11]<Q[0xffffffe5][0xffffffca][0xffffff93][0xffffffa5]D[0xffffffde]D[0xffffff95][0xffffffab]V[0xffffff8e][0x12])[0x13]UZ[0xffffffbc][0x1b][0xffffff94]p[0x13]U[0xffffffad][0xffffff9f][0xffffffd4][0xffffffae][0xffffffc4][0xffffffc0]'[0xffffffaa]F[0xffffffc0]D[0xffffffd5]0;*[0xffffff85][0x1][0xffffffc7]&[0xffffffaa][0xffffff86],[0xffffffa5][0xffffff90][0xffffff94][0x8][0xffffff99][0xffffffa8][0xffffffb2][0xffffff81]d([0x11]0Q%[0xffffffe1][0xffffffac][0xffffffa6]D[0xfffffff0]D[0xffffff95]+O[0xffffff96][0x12]y[0x13]U[0xffffffae]Z9J[0xffffffa4]LTi[0xfffffff1]nP[0xffffffa2];J\[0xfffffff3][0xffffffa6]([0xffffffd1]qJ[0xfffffff4][0x0]Jt[0xffffffcd]{a[0xffffffc0];F[0xffffff89][0xffffff9e]D[0x9][0xffffff8d]"C[0x9][0x17]H[0xffffff86][0x12][0x1a][0xffffffcb]zJ[0xffffffac][0xffffffe1][0xffffffac][0xffffffa6][0xffffffc4][0x1a][0xffffffd1]$J[0xffffff98][0xfffffff2]d)a[0xffffffbb][0xffffff94][0xffffffa5][0xffffff84][0xffffffa9]V[0xffffff8e][0x12][0xffffffd2][0xffffffb4][0x14]%[0xffffffa4]x[0xffffffb7]([0xffffffd1][0xffffffc2]([0xffffffd1]pJ[0xffffffb4][0x0]J4[0xffffff94][0x12][\r][0xffffffa3]DK[0xffffffa2][0xffffffc4][0x1a]E[0xffffff8a][0x12][0x1a]H[0xffffff8a][0x12]k,[0x9]J4[0xffffff98][0x12]-[0xffffff98][0x12]R[0xffffff9e]4%L[0xffffff97][0xffffffd2][0xffffff94][0xffffff90]j%)[0xffffffd1]R([0xffffffd1][0xfffffffe][0x3]J[0xffffffcc]0JL[0xffffff9c][0x12]3[0xffffff80][0x12][0x13][0xffffffa5][0xffffffc4][0xffffffc4](1[0xffffff93]([0xffffffb1]F[0xffffff91][0xffffffa2][0xffffff84][0x6][0xffffff92][0xffffffa2][0xffffffc4][0x1a]K[0xffffff82][0x12][0x13][0xffffffa6][0xffffffc4][0xc][0xffffffa6][0xffffff84][0xffffff94]'M[0x9][0xffffffd3][0xffffffa5]4%[0xffffffa4]ZIJ[0xffffffcc][0x14]J[0xffffffcc][0xffffffff][0xffffff80][0x12]G[0xffffff9a]%[0xe][0x1e][0x13]G[0xffffff82]&[0xe][0xffffff96][0x13][0x7][0xffffffe7][0xffffff89]#[\n]"
19:31:00.785 [main] DEBUG org.apache.hc.client5.http.wire - http-outgoing-1 << "[0x14][0xffffff92]GJ[0x14]&[0xffffff95][0x14])$[0xffffff9b][0xffffff84])[0xe][0x1a][0x15]G[0xffffffb2]*[0xffffffb4]FiV[0xffffffb8]V[0xffffffa5]][0xffffffa1]%K[0xffffffc2]b[0xffffffed]\N[0x16]k[0x5]o[0xffffffd1][0xffffffa2]]a[0xffffffb4]h[0x17]N[0xffffff8b][0xffffff8f][[0xffffffe0]i[0xfffffff1][0xfffffff3]&(Z|\[0xffffff9e][0xffffffa2][0xffffffc5][0xffffff8f]K[0xffffffa7][0xffffffd0]B[0xfffffff2]H[0xffffffd1][0xffffffc2][0xffffffa4][0xffffff92][0xffffffa2][0xffffff85]d[0xffffff93][0xffffffa0][0xffffffc5][0xffffff92][0xffffffd0]zZ,9[0xffffffcd][0xffffffa2][0xffffff85][0xffffffd6](M[0xb][0xffffffd7][0xffffffaa]4-[0xffffffb4]dIZ[0xffffffac][0xffffff9d][0xffffffcb][0xffffffd1]b[0xffffffad][0xffffffe0]-Z[0xfffffff4]3[0xffffff8c][0x16][0xfffffffd][0xffffffc4]i[0xfffffff1]q[0xb]<-~[0xffffffde][0x4]E[0xffffff8b][0xffffff8f][0xffffffcb]S[0xffffffb4][0xfffffff8]q[0xffffffe9][0x14]ZH[0x1e])Z[0xffffff98]TR[0xffffffb4][0xffffff90]l[0x12][0xffffffb4]X[0x12]ZO[0xffffff8b]%[0xffffffa7]Y[0xffffffb4][0xffffffd0][0x1a][0xffffffa5]i[0xffffffe1]Z[0xffffff95][0xffffffa6][0xffffff85][0xffffff96],I[0xffffff8b][0xffffffb5]s9Z[0xffffffac][0x15][0xffffffbc]E[0xffffff8b][0xffffffaf][0xf]E[0xffffff93]hqv[0xffffff9c][0x16][0x1f][0xffffffb7][0xffffffc0][0xffffffd3][0xffffffe2][0xffffffe7]MP[0xffffffb4][0xfffffff8][0xffffffb8]<E[0xffffff8b][0x1f][0xffffff97]N[0xffffffa1][0xffffff85][0xffffffe4][0xffffff91][0xffffffa2][0xffffff85]I%E[0xb][0xffffffc9]&A[0xffffff8b]%[0xffffffa1][0xfffffff5][0xffffffb4]Xr[0xffffff9a]E[0xb][0xffffffad]Q[0xffffff9a][0x16][0xffffffae]UiZh[0xffffffc9][0xffffff92][0xffffffb4]X;[0xffffff97][0xffffffa3][0xffffffc5]Z[0xffffffc1][[0xffffffb4]x[0xffffffee]0Z<7N[0xffffff8b][0xffffff8f][[0xffffffe0]i[0xfffffff1][0xfffffff3]&(Z|\[0xffffff9e][0xffffffa2][0xffffffc5][0xffffff8f]K[0xffffffa7][0xffffffd0]B[0xfffffff2]H[0xffffffd1][0xffffffc2][0xffffffa4][0xffffff92][0xffffffa2][0xffffff85]d[0xffffff93][0xffffffa0][0xffffffc5][0xffffff92][0xffffffd0]zZ,9[0xffffffcd][0xffffffa2][0xffffff85][0xffffffd6](M[0xb][0xffffffd7][0xffffffaa]4-[0xffffffb4]dIZ[0xffffffac][0xffffff9d][0xffffffcb][0xffffffd1]b[0xffffffad][0xffffffe0]-Z[0x1c]-[0xffffffee]=[0xffffffce][0x16][0xfffffff0]"g[0xffffff8b]x[0xffffff93][0xffffffb3][0xffffffc1][0xffffffaf]r6[0xfffffff0]][0xffffffce][0xffffff96][0xfffffff5]2[0xffffffa7][0xffffff84][0xffffff92][0x12][0xffffff86][0xffffff8b]&E[0xc][\r](a[0xffffff8c]5[0xffffffa6][0xfffffff5][0xffffffc8]X[0xffffffc3][0xffffff9a][0xffffffa5][0xc]S[0xffffffa8]43l[0xffffffbf][0xffffffd2][0xffffffce]0uKBC[0xffffffda][0xffffff97][0xffffff93][0xffffff86][0xffffff94][0xfffffff1]&5[0xffffffd2][0xffffffde][0xffffffeb]<[0x2]^[0xffffffec]<"[0xffffffde][0xffffffec]<[0xfffffff4][0xffffffad][0xffffffa3][0xffffffe2][0xffffffb0]s[0xffffffef]v[0x1e]Y/wj(9j[0xffffffe4][0xffffffbc][0xffffffde][0xffffffa9][0x1]e[0xffffffa8]"
19:31:00.794 [main] DEBUG org.apache.hc.client5.http.wire - http-outgoing-1 << "A[0xffffffbf][0xffffffe0][0xffffffb9][0xffffff86]5[0xffffff8d][0x1a]q[0xffffffaf]x[0xffffffda]~[0xffffffe5][0xffffffa9][0x11][0xfffffff5][0xffffff92][0xffffffa7][0xffffffb4]/I[0xffffff8d][0xffffffff][0xffffffe2]5[0xffffffcf]c[0x1c]i[0xffffffd4][0x18][0x7]O[0xffffff8d][0xffffff8f]{[0x8][0xffffffa0][0xffffffc6][0xffffffcf][0xffffffbb][0xffffffc0][0xffffffa8][0xfffffff1]q}[0xffffff8c][0x1a]?[0xffffffae][0x1d]C[\r][0x9]%F[\r][0x13]M[0xffffff8c][0x1a][0x12]P[0xffffff84][0x1a]KL[0x1]j,a[\r][0xffffffa3][0xffffff86][0x16]*N[\r][0xffffffd7][0xffffffaf]85[0xffffffb4]nQj[0xffffffac][0xffffffed][0xb]Rc-[0xffffffe3][0xffffffbf][0xffffffa1][0xffffffc6][0xfffffff8][0xfffffff1]W[0xffffff86][0x19][0xfffffffa][0xffffffee][0xffffffed][0xffffffaa]?3[0xffffffe4][0xffffffd7][0xfffffffd]P[0xffffffcc][0xfffffff8][0xffffffed][0xe]0d,[0xfffffff7]PL[0xffffff8c][0xffffffdf][0xffffffae]^[0xc][0xffffff8c][0xffffffff][0xffffffbd]2[0xffffffcc][0xffffff8b][0xffffffb7]Q,[0xffffffc6][0xffffffc5][0x1f][0x2]YL[0xffffff8b][0xffffffb7][0xffffffb1],[0xffffff84][0xffffffc5][0xffffff9b]p[0xffffff96][0xffffffb1][0xffffffe2]MD#P[0xfffffff1][0xffffffbe]<!R[0xfffffffc][0xffffffa9]K!P[0xffffffbc][0xffffffaf]V[0xffffff80][0x13][0xffffffef][0xffffff9a][0xffffffb6][0x1c][0x13][0xffffffef][0xffffff8a]w[0xffffff8b][0x12]-[0xffffff8c][0x12][0xffffffd8][0xffffffd0][0xfffffff7]ow[0xffffffc0]S[0x2][0x19][0xfffffffa][0xfffffffe][0xffffffed][0xffffffea][0x14]%[0x12][0xffffff86][0xffffffbe][0xffffffdf]F[0xffffff91][0xffffffa2][0x4]>[0xfffffff4][0xfffffffd]6[0xffffff96][0x4]%[0xffffffa0][0xffffffa1][0xffffffef]7[0x11][0xffffffcd][0xffffffa2]D[0xffffffca][0xffffffd0][0xfffffff7][0xffffff9f][0xffffffba][0xffffff94][0xffffffa6]D[0xffffffc2][0xffffffd0][0xfffffff7][0xffffffbb][0xffffffa6][0xffffffe5]([0xfffffff1][0xffffff8d][0xffffffa1][0xffffffef][0xffffff9f][0x7f][0xffffffe3]tO%[0xffffffce][0xffffffa3][0xfffffffe]P[0xfffffff4]_[0xfffffff7][0x3]S[0xffffffe2][0xc]x*q*[0xffffff9d][0xb][0x3]~bO%[0xffffffce][0xffffffa4][0xffffffa7][0x12][0x1a]E[0xffffff86][0x12].[0xffffff90][0xc]%4[0xffffff96][0xfffffff5][0xffffff94]X[0xffffffc3]YM[0xffffff89]5[0xffffffa2]I[0xffffff94]0[0xffffffe5][0xffffffc9]R[0xffffffc2]v)K[0x9]S[0xffffffad][0x1c]%[0xffffffa4]i)JH[0xfffffff1]nQ[0xffffffc2]<[0xffffff95]@)A?[0xffffff95]8[0x3][0xffffff9e]J[0xffffff9c]J[0xffffffe7][0xffffffd2][0xffffff80]SO%[0xffffffce][0xffffffa4][0xffffffa7][0x12][0x1a]E[0xffffff8a][0x12])O%4[0xffffff96][0x4]%[0xffffffd8][0xffffffa7][0x12]kD[0xffffffb3]([0x11][0xfffffff6]T[0xffffffc2]v)M[0xffffff89][0xffffffa0][0xffffffa7][0x12][0xffffffd2][0xffffffb4][0x1c]%[0xffffffbe][0xffffffff]Tb[0xffffffba][0xffffffa7][0x12][0xffffffcf]<)JL[0xfffffffc][0xffffffa9][0xffffffc4][0xc]x*1[0xffffff95][0xffffffce][0xffffff85][0x1][0xffffff9f][0xffffffd8]S[0xffffff89][0xffffff99][0xfffffff4]TB[0xffffffa3][0xffffffc8]P[0xffffffc2][0x5][0xffffff92][0xffffffa1][0xffffff84][0xffffffc6][0xffffffb2][0xffffff9e][0x12]k8[0xffffffab])[0xffffffb1]F4[0xffffff89][0x12][0xffffffa6]<YJ[0xffffffd8].e)a[0xffffffaa][0xffffff95][0xffffffa3][0xffffff84]4-E[0x9])[0xffffffde][\r]J\[0xffffff86][0x12][0xffffffe3]h[0x7]E[0xffffff89][0xb][0xffffffa7][0xffffffc4][0x15]@[0xffffff89]K[0xfffffff3]^[0x18][0xfffffff0][0xb][0xffffffa3][0xffffffc4][0xffffff95]D[0x9][0xffffff8d]"C[0x9][0x17]H[0xffffff86][0x12][0x1a][0xffffffcb]zJ[0xffffffac][0xffffffe1][0xffffffac][0xffffffa6][0xffffffc4][0x1a][0xffffffd1]$J[0xffffff98][0xfffffff2]d)a[0xffffffbb][0xffffff94][0xffffffa5][0xffffff84][0xffffffa9]V[0xffffff8e][0x12][0xffffffd2][0xffffffb4][0x14]%[0xffffffa4]x7(q;J[0xffffff9c]'[0xfffffff6][0x3][0xffffffc7][0xffffff8d]S[0xffffffe2][0xe][0xffffffa0][0xffffffc4][0xffffffad]y/[0xc][0xfffffff8][0xffffff8d]Q[0xffffffe2]N[0xffffffa2][0xffffff84]F[0xffffff91][0xffffffa1][0xffffff84][0xb]$C[0x9][0xffffff8d]e=%[0xffffffd6]pVSb[0xffffff8d]h[0x12]%Ly[0xffffffb2][0xffffff94][0xffffffb0]][0xffffffca]R[0xffffffc2]T+G[0x9]iZ[0xffffff8a][0x12]R[0xffffffbc][0x1b][0xffffff94]x[0x1c]%[0xffffffae]1(J<8%[0xffffff9e][0x0]J<[0xffffff9a][0xfffffff7][0xffffffc2][0xffffff80]?[0x18]%[0xffffff9e]$Jh[0x14][0x19]J[0xffffffb8]@2[0xffffff94][0xffffffd0]X[0xffffffd6]Sb[\r]g5%[0xffffffd6][0xffffff88]&Q[0xffffffc2][0xffffff94]'K[0x9][0xffffffdb][0xffffffa5],%L[0xffffffb5]r[0xffffff94][0xffffff90][0xffffffa6][0xffffffa5](![0xffffffc5][0xfffffffb][0xfffffff7][0xffffff94]8_[0xffffff86][0x12][0xffffffe7][0xffffffeb][0xffffffbc] J|[0xffffffde][0xf]K[0xffffff89][0xffffffaf];[0xffffff80])[0xfffffff1][0xffffffef]= [0xffffff94][0xfffffff8][0xffffffba]:B[0xffffff89][0x7f][0xffffffae][0x1c]A[0x9][0x13]E[0xffffff84][0x12]6[0xffffff90][0x8]%L,[0xffffffcb])![0xffffffe1],[0xffffffa6][0xffffff84]D4[0xffffff88][0x12][0xffffffae]<QJ[0xfffffff8].E)[0xffffffe1][0xffffffaa][0x15][0xffffffa3][0xffffff84]6-D[0x9]-[0xffffffde][\r]J4G[0xffffff89][0xffffffd6][0xffffffea][0xffffffb7]0[0x7f][0xffffffdd][0xf]L[0xffffff89][0x16]@[0xffffff89][0xffffffa6]y/[0xc]x[0xffffffc3]([0xffffffd1][0xffffff92]([0xffffffa1]Qd([0xffffffe1][0x2][0xffffffc9]PBcYO[0xffffff89]5[0xffffff9c][0xffffffd5][0xffffff94]X#[0xffffff9a]D[0x9]S[0xffffff9e],%l[0xffffff97][0xffffffb2][0xffffff94]0[0xffffffd5][0xffffffca]QB[0xffffff9a][0xffffff96][0xffffffa2][0xffffff84][0x14][0xffffffef][0x6]%[0xffffffba][0xffffffa5][0x4]0[0xffffffab][0xfffffffd][0xffffffeb]~`J[0xfffffff4][0x0]Jt[0xffffffcd]{a[0xffffffc0];F[0xffffff89][0xffffff9e]D[0x9][0xffffff8d]"C[0x9][0x17]H[0xffffff86][0x12][0x1a][0xffffffcb]zJ[0xffffffac][0xffffffe1][0xffffffac][0xffffffa6][0xffffffc4][0x1a][0xffffffd1]$J[0xffffff98][0xfffffff2]d)a[0xffffffbb][0xffffff94][0xffffffa5][0xffffff84][0xffffffa9]V[0xffffff8e][0x12][0xffffffd2][0xffffffb4][0x14]%[0xffffffa4]x7(1[0x1c]%[0xfffffffa][0xfffffff9][0xffffffa2](1pJ[0xffffff8c][0x0]J[0xc][0xffffffcd]{a[0xffffffc0][0x7]F[0xffffff89][0xffffff91]D[0x9][0xffffff8d]"C[0x9][0x17]H[0xffffff86][0x12][0x1a][0xffffffcb]zJ[0xffffffac][0xffffffe1][0xffffffac][0xffffffa6][0xffffffc4][0x1a][0xffffffd1]$J[0xffffff98][0xfffffff2]d)a[0xffffffbb][0xffffff94][0xffffffa5][0xffffff84][0xffffffa9]V[0xffffff8e][0x12][0xffffffd2][0xffffffb4][0x14]%[0xffffffa4]x7([0xffffffe1][0xffffffd6].[0xffffffcf]qc[0xffffffef]J[0xffffffe0]k[0xffffff97]g[0xffffffc0][0xffffffda][0xffffffe5]i&[0xffffffd9][\n]"
19:31:00.794 [main] DEBUG org.apache.hc.client5.http.wire - http-outgoing-1 << "[0x3][0xffffff8e][0xffffffad]][0xffffff9e]2[0xffffffba]FR"d[0xffffffed][0xffffffd2][0x6][0xffffff92][0xffffffa1]D[0xffffffc0][0xffffffda][0xffffffa5][0xffffff84][0xffffffb3][0xffffff9a][0x12][0xffffffc1]k[0xffffff97][0xffffffae]<YJ[0xffffffe4][0xffffffad]][0xffffffba]j[0xffffffe5]([0xffffff91][0xffffffb2]v[0xffffffa9][0xffffffc5][0xffffffbb]A[0x9]7Qu[0xffffffde][0xffffffdc]k[0xffffff97][0xfffffff8]D[0xffffffd5][0x19]0Qu[0xffffff9a][0x1d][0xffffff95][0xffffffc2][0xffffff80]c[0x13]U[0xffffffa7],[0xffffffa5][0xffffff90][0xffffff94][0x8][0xffffff99][0xffffffa8][0xffffffb2][0xffffff81]d([0x11]0Q%[0xffffffe1][0xffffffac][0xffffffa6]D[0xfffffff0]D[0xffffff95]+O[0xffffff96][0x12]y[0x13]U[0xffffffae]Z9J[0xffffffa4]LTi[0xfffffff1]nP[0xffffffc2]MT[0xffffffcd][0xffffffd7][0xffffff9c][0x14]%[0xfffffff0][0xffffff89][0xffffffaa]3`[0xffffffa2][0xffffffea]4;*[0xffffff85][0x1][0xffffffc7]&[0xffffffaa]NYJ!)[0x11]2Qe[0x3][0xffffffc9]P"`[0xffffffa2]J[0xffffffc2]YM[0xffffff89][0xffffffe0][0xffffff89]*W[0xffffff9e],%[0xfffffff2]&[0xffffffaa]\[0xffffffb5]r[0xffffff94]H[0xffffff99][0xffffffa8][0xffffffd2][0xffffffe2][0xffffffdd][0xffffffa0][0xffffff84][0xffffff9b][0xffffffa8][0xffffff9a][0xffffffe3][0xffffffc2][0xffffff9e]J[0xffffffe0][0x13]Ug[0xffffffc0]D[0xffffffd5]ivT[\n]"
19:31:00.794 [main] DEBUG org.apache.hc.client5.http.wire - http-outgoing-1 << "[0x3][0xffffff8e]MT[0xffffff9d][0xffffffb2][0xffffff94]BR"d[0xffffffa2][0xffffffca][0x6][0xffffff92][0xffffffa1]D[0xffffffc0]D[0xffffff95][0xffffff84][0xffffffb3][0xffffff9a][0x12][0xffffffc1][0x13]U[0xffffffae]<YJ[0xffffffe4]MT[0xffffffb9]j[0xffffffe5]([0xffffff91]2Q[0xffffffa5][0xffffffc5][0xffffffbb]E[0xffffff89][0x16]F[0x9][0xfffffff8]8[0xffffffaf][0xffffffaf];[0xffffffe0])[0x1][0x1e][0xffffffe7][0xfffffff5]uu[0xffffff8a][0x12]9[0xffffffc7]y[0xffffff99](R[0xffffff94][0x8]9[0xffffffce][0xffffffcb][0xffffffc4][0xffffff92][0xffffffa0][0x4]z[0xffffff9c][0xffffff97]D4[0xffffff8b][0x12]Y[0xffffffc7]y[0xfffffff9].[0xffffffa5])[0xffffff91]s[0xffffff9c][0xffffff97]6-G[0xffffff89]o[0x1f][0xffffffe7]5[0xffffffdd]D[0xffffffd5][0xfffffff5][0xffffffba][0x1b]D[0xffffff89][0xffffff89]OT[0xffffffcd][0xffffff80][0xffffff89][0xffffffaa]ivT[0xffffffea][0x2]>[0xffffffb1][0xffffff89][0xffffffaa])K) %L[0x14][0x11]J[0xffffffd8]@"[0xffffff94]0[0xffffffb1],[0xffffffa7][0xffffff84][0xffffff84][0xffffffb3][0xffffff98][0x12][0x12][0xffffffd1] J[0xffffffb8][0xfffffff2]D)[0xffffffe1][0xffffffbb][0x14][0xffffffa5][0xffffff84][0xffffffab]V[0xffffff8c][0x12][0xffffffda][0xffffffb4][0x10]%[0xffffffb4]x7(q8J[0xffffffb4][0xffffff8b]:[0x19][0xfffffff4][0xfffffff3]~`J[0x1c][0x1][0xffffff94]84[0xffffffef][0xffffff85][0x1]?0J[0x1c]I[0xffffff94][0xffffffd0](2[0xffffff94]p[0xffffff81]d([0xffffffa1][0xffffffb1][0xffffffac][0xffffffa7][0xffffffc4][0x1a][0xffffffce]jJ[0xffffffac][0x11]M[0xffffffa2][0xffffff84])O[0xffffff96][0x12][0xffffffb6]KYJ[0xffffff98]j[0xffffffe5](!MKQB[0xffffff8a]w[0xffffff83][0x12]n[0xffffffed][0xfffffff2][0xffffff9a][0xf][0xfffffff6]T[0x2]_[0xffffffbb][0xffffff9c][0x1]k[0xffffff97][0xffffffd3]L[0xffffffb2][0x15][0x6][0x1c][[0xffffffbb][0xffffff9c]2[0xffffffba]FR"d[0xffffffed][0xffffffd2][0x6][0xffffff92][0xffffffa1]D[0xffffffc0][0xffffffda][0xffffffa5][0xffffff84][0xffffffb3][0xffffff9a][0x12][0xffffffc1]k[0xffffff97][0xffffffae]<YJ[0xffffffe4][0xffffffad]][0xffffffba]j[0xffffffe5]([0xffffff91][0xffffffb2]v[0xffffffa9][0xffffffc5][0xffffffbb]A[0x9][0xffffffb7]vy[0xffffffdd]7[0xfffffff6]T[0x2]_[0xffffffbb][0xffffff9c][0x1]k[0xffffff97][0xffffffd3]L[0xffffffb2][0x15][0x6][0x1c][[0xffffffbb][0xffffff9c]2[0xffffffba]FR"d[0xffffffed][0xffffffd2][0x6][0xffffff92][0xffffffa1]D[0xffffffc0][0xffffffda][0xffffffa5][0xffffff84][0xffffffb3][0xffffff9a][0x12][0xffffffc1]k[0xffffff97][0xffffffae]<YJ[0xffffffe4][0xffffffad]][0xffffffba]j[0xffffffe5]([0xffffff91][0xffffffb2]v[0xffffffa9][0xffffffc5][0xffffffbb]A[0xffffff89]a(q[0xffffffb7][0xffffff8b][0xfffffffa][0x18][0xfffffff4][0xfffffff3]~`J[0xffffff8c][0x0]J[0xc][0xffffffcd]{a[0xffffffc0][0x7]F[0xffffff89][0xffffff91]D[0x9][0xffffff8d]"C[0x9][0x17]H[0xffffff86][0x12][0x1a][0xffffffcb]zJ[0xffffffac][0xffffffe1][0xffffffac][0xffffffa6][0xffffffc4][0x1a][0xffffffd1]$J[0xffffff98][0xfffffff2]d)a[0xffffffbb][0xffffff94][0xffffffa5][0xffffff84][0xffffffa9]V[0xffffff8e][0x12][0xffffffd2][0xffffffb4][0x14]%[0xffffffa4]x7([0xffffffe1]&[0xffffffaa][0xffffffee][0xffffffce][0xfffffffd][0xffffffc0][0xffffff81]OT[0xffffffcd][0xffffff80][0xffffff89][0xffffffaa]ivT[\n]"
19:31:00.794 [main] DEBUG org.apache.hc.client5.http.wire - http-outgoing-1 << "[0x3][0xffffff8e]MTMYJ!)[0x11]2Qe[0x3][0xffffffc9]P"`[0xffffffa2]J[0xffffffc2]YM[0xffffff89][0xffffffe0][0xffffff89]*W[0xffffff9e],%[0xfffffff2]&[0xffffffaa]\[0xffffffb5]r[0xffffff94]H[0xffffff99][0xffffffa8][0xffffffd2][0xffffffe2][0xffffffdd][0xffffffa0][0xffffff84][0xffffff9b][0xffffffa8][0xffffffba]G[0xffffffc7]~[0xffffffe0][0xffffffc0]'[0xffffffaa]f[0xffffffc0]D[0xffffffd5]4;*[0xffffff85][0x1][0xffffffc7]&[0xffffffaa][0xffffffa6],[0xffffffa5][0xffffff90][0xffffff94][0x8][0xffffff99][0xffffffa8][0xffffffb2][0xffffff81]d([0x11]0Q%[0xffffffe1][0xffffffac][0xffffffa6]D[0xfffffff0]D[0xffffff95]+O[0xffffff96][0x12]y[0x13]U[0xffffffae]Z9J[0xffffffa4]LTi[0xfffffff1]nP[0xffffffc2]MT[0xffffffdd][0xffffffe3]9(J[0xffffffe0][0x13]U3`[0xffffffa2]j[0xffffff9a][0x1d][0xffffff95][0xffffffc2][0xffffff80]c[0x13]US[0xffffff96]RHJ[0xffffff84]LT[0xffffffd9]@2[0xffffff94][0x8][0xffffff98][0xffffffa8][0xffffff92]pVS"x[0xffffffa2][0xffffffca][0xffffff95]'K[0xffffff89][0xffffffbc][0xffffff89]*W[0xffffffad][0x1c]%R&[0xffffffaa][0xffffffb4]x[0xffffffff][0xffffff9e][0x12][0xffffff97][0xffffffdb][0xffffff95][0xffffffb8][0xffffffef]NQ[0xffffffe2][0xffffffc2]w%[0xffffffae][0xffffff80]][0xffffff89][0xffffffcb]|[0xfffffffc]\[0x17][0xfffffff0][0xb][0xffffffdb][0xffffff95][0xffffffb8][0xffffffe4][0xfffffff3]f[0xffffff90][0x12]&[0xffffff8a][0x8]%l [0x11]J[0xffffff98]X[0xffffff96]SB[0xffffffc2]YL[0x9][0xffffff89]h[0x10]%\y[0xffffffa2][0xffffff94][0xfffffff0]][0xffffff8a]R[0xffffffc2]U+F[0x9]mZ[0xffffff88][0x12]Z[0xffffffbc][[0xffffff94]ha[0xffffff94][0xffffff80][0xffffffd7].[0xffffffbf][0xffffffee][0xffffff80][0xffffffa7][0x4][0xffffffb8]v[0xfffffff9]uu[0xffffff8a][0x12]9k[0xffffff97]&[0xffffff8a][0x14]%B[0xffffffd6].M,[0x9]J[0xffffffa0]k[0xffffff97][0x12][0xffffffd1],Jd[0xffffffad]][0xfffffffa].[0xffffffa5])[0xffffff91][0xffffffb3]v[0xffffffa9]M[0xffffffcb]Q[0xffffffe2][0xffffffdb]k[0xffffff97][0xffffffd7][0xffffffe1]([0xfffffff1][0xffffffcc][0xffffff9b][0xffffffa2][0xffffffc4][0xffffff81]S[0xffffffe2][0x8][0xffffffa0][0xffffffc4][0xffffffa1]y/[0xc][0xfffffff8][0xffffff81]Q[0xffffffe2]H[0xffffffa2][0xffffff84]F[0xffffff91][0xffffffa1][0xffffff84][0xb]$C[0x9][0xffffff8d]e=%[0xffffffd6]pVSb[0xffffff8d]h[0x12]%Ly[0xffffffb2][0xffffff94][0xffffffb0]][0xffffffca]R[0xffffffc2]T+G[0x9]iZ[0xffffff8a][0x12]R[0xffffffbc][0x1b][0xffffff94][0x18][0xffffffe6][0x7][0xffffff8e][0xffffffe7]>:E[0xffffff89][0xffffff81][0xffffffff][0xffffffc0]1[0x2]~[0xffffffe0][0x18][0xfffffffa][0x14][0xffffffae]0[0xffffffe0][0x3][0xfffffffb][0xffffff81]c$[0xfffffffd][0xffffffc0][0xffffffa1]Qd([0xffffffe1][0x2][0xffffffc9]PBcYO[0xffffff89]5[0xffffff9c][0xffffffd5][0xffffff94]X#[0xffffff9a]D[0x9]S[0xffffff9e],%l[0xffffff97][0xffffffb2][0xffffff94]0[0xffffffd5][0xffffffca]QB[0xffffff9a][0xffffff96][0xffffffa2][0xffffff84][0x14][0xffffffef][0x16]%z[0x18]%:N[0xffffff89][0x1e]@[0xffffff89][0xffffff8e]R[0xffffffa2]c[0xffffff94][0xffffffe8]I[0xffffff94]X[0xffffffa3]HQB[0x3]IQb[0xffffff8d]%A[0xffffff89][0xe]S[0xffffffa2][0x7]SB[0xffffffca][0xffffff93][0xffffffa6][0xffffff84][0xffffffe9]R[0xffffff9a][0x12]R[0xffffffad]$%z[\n]"
19:31:00.794 [main] DEBUG org.apache.hc.client5.http.wire - http-outgoing-1 << "%[0xfffffffa][0xffffffb7])q[0xffffffea]S[0xffffff89][0xffffffe3]u`k[0xffffff97][0xffffff9f][0xfffffff7][0x3]S[0xffffffe2][0xc]x*q*[0xffffff9d][0xb][0x3]~bO%[0xffffffce][0xffffffa4][0xffffffa7][0x12][0x1a]E[0xffffff86][0x12].[0xffffff90][0xc]%4[0xffffff96][0xfffffff5][0xffffff94]X[0xffffffc3]YM[0xffffff89]5[0xffffffa2]I[0xffffff94]0[0xffffffe5][0xffffffc9]R[0xffffffc2]v)K[0x9]S[0xffffffad][0x1c]%[0xffffffa4]i)JH[0xfffffff1]nP[0xffffffc2]LT[0x1d][0xffffffaf]yQ[0x13]U[0x17]>Qu[0x5]LT]fG[0xffffffa5]0[0xffffffe0][0xffffffd8]D[0xffffffd5]%K)$%B&[0xffffffaa]l [0x19]J[0x4]LTI8[0xffffffab])[0x11]<Q[0xffffffe5][0xffffffca][0xffffff93][0xffffffa5]D[0xffffffde]D[0xffffff95][0xffffffab]V[0xffffff8e][0x12])[0x13]UZ[0xffffffbc][0x1b][0xffffff94]0[0x13]U[0xffffffc7][0xffffffeb][0xffffffc6]v%.|[0xffffffa2][0xffffffea][\n]"
19:31:00.794 [main] DEBUG org.apache.hc.client5.http.wire - http-outgoing-1 << "[0xffffff98][0xffffffa8][0xffffffba][0xffffffcc][0xffffff8e]Ja[0xffffffc0][0xffffffb1][0xffffff89][0xffffffaa]K[0xffffff96]RHJ[0xffffff84]LT[0xffffffd9]@2[0xffffff94][0x8][0xffffff98][0xffffffa8][0xffffff92]pVS"x[0xffffffa2][0xffffffca][0xffffff95]'K[0xffffff89][0xffffffbc][0xffffff89]*W[0xffffffad][0x1c]%R&[0xffffffaa][0xffffffb4]x7(a&[0xffffffaa][0xffffff8e][0xffffffa3][\r][0xffffff8c][0x12][0xfffffff8]D[0xffffffd5][0x15]0Qu[0xffffff99][0x1d][0xffffff95][0xffffffc2][0xffffff80]c[0x13]U[0xffffff97],[0xffffffa5][0xffffff90][0xffffff94][0x8][0xffffff99][0xffffffa8][0xffffffb2][0xffffff81]d([0x11]0Q%[0xffffffe1][0xffffffac][0xffffffa6]D[0xfffffff0]D[0xffffff95]+O[0xffffff96][0x12]y[0x13]U[0xffffffae]Z9J[0xffffffa4]LTi[0xfffffff1]nP[0xffffffe2]q[0xffffff94][0xffffffe8][0xffffffed][0xffffffa1]([0xfffffff1][0xffffffe0][0xffffff94]x[0x2]([0xfffffff1]h[0xffffffde][0xb][0x3][0xfffffffe]`[0xffffff94]x[0xffffff92]([0xffffffa1]Qd([0xffffffe1][0x2][0xffffffc9]PBcYO[0xffffff89]5[0xffffff9c][0xffffffd5][0xffffff94]X#[0xffffff9a]D[0x9]S[0xffffff9e],%l[0xffffff97][0xffffffb2][0xffffff94]0[0xffffffd5][0xffffffca]QB[0xffffff9a][0xffffff96][0xffffffa2][0xffffff84][0x14][0xffffffef][0xffffffdf]S[0xffffffe2]6k[0xffffff97][0x1f][0xffffff94][0xffffffb8][0xffffffa8]/8n|[0xffffffed][0xfffffff2][0xe]X[0xffffffbb][0xffffffbc][0xffffffcd]$[][0xffffffc0]ol[0xffffffed][0xfffffff2][0xffffff96][0xffffffd1]5[0xffffff90][0x12]&[0xffffff8a][0x8]%l [0x11]J[0xffffff98]X[0xffffff96]SB[0xffffffc2]YL[0x9][0xffffff89]h[0x10]%\y[0xffffffa2][0xffffff94][0xfffffff0]][0xffffff8a]R[0xffffffc2]U+F[0x9]mZ[0xffffff88][0x12]Z[0xffffffbc][0x1b][0xffffff94]8[0x1c]%[0xffffffc6][0xfffffff1][0xffffffa2](q[0xffffffe0][0xffffff94]8[0x2](qh[0xffffffde][0xb][0x3]~`[0xffffff94]8[0xffffff92]([0xffffffa1]Qd([0xffffffe1][0x2][0xffffffc9]PBcYO[0xffffff89]5[0xffffff9c][0xffffffd5][0xffffff94]X#[0xffffff9a]D[0x9]S[0xffffff9e],%l[0xffffff97][0xffffffb2][0xffffff94]0[0xffffffd5][0xffffffca]QB[0xffffff9a][0xffffff96][0xffffffa2][0xffffff84][0x14][0xffffffef][0x6]%[0xffffff9a][0xffffffa5][0x4][0xffffffb6]v[0xfffffff9]y?0%Z[0x0]%[0xffffff9a][0xffffffe6][0xffffffbd]0[0xffffffe0][\r][0xffffffa3]DK[0xffffffa2][0xffffff84]F[0xffffff91][0xffffffa1][0xffffff84][0xb]$C[0x9][0xffffff8d]e=%[0xffffffd6]pVSb[0xffffff8d]h[0x12]%Ly[0xffffffb2][0xffffff94][0xffffffb0]][0xffffffca]R[0xffffffc2]T+G[0x9]iZ[0xffffff8a][0x12]R[0xffffffbc][0x1b][0xffffff94][0xffffffe8][0xffffff8e][0x12][0xfffffff3]E[0xffffffbd]v[0xfffffff9]y?0%z[0x0]%[0xffffffba][0xffffffe6][0xffffffbd]0[0xffffffe0][0x1d][0xffffffa3]DO[0xffffffa2][0xffffff84]F[0xffffff91][0xffffffa1][0xffffff84][0xb]$C[0x9][0xffffff8d]e=%[0xffffffd6]pVSb[0xffffff8d]h[0x12]%Ly[0xffffffb2][0xffffff94][0xffffffb0]][0xffffffca]R[0xffffffc2]T+G[0x9]iZ[0xffffff8a][0x12]R[0xffffffbc][0x1b][0xffffff94][0x18][0xffffff96][0x12][0x17][0xfffffff6][0x3][0xffffffc7][0xffffffc0])1[0x2](14[0xffffffef][0xffffff85][0x1][0x1f][0x18]%F[0x12]%4[0xffffff8a][0xc]%\ [0x19]Jh,[0xffffffeb])[0xffffffb1][0xffffff86][0xffffffb3][0xffffff9a][0x12]kD[0xffffff93](a[0xffffffca][0xffffff93][0xffffffa5][0xffffff84][0xffffffed]R[0xffffff96][0x12][0xffffffa6]Z9JH[0xffffffd3]R[0xffffff94][0xffffff90][0xffffffe2][0xffffffdd][0xffffffa0][0xffffff84][[0xffffffbb]l[0xffffffc7]M}[0xffffffc1]q[0xffffffe3]k[0xffffff97]w[0xffffffc0][0xffffffda][0xffffffe5]m&[0xffffffd9][\n]"
19:31:00.794 [main] DEBUG org.apache.hc.client5.http.wire - http-outgoing-1 << "[0x3][0xffffff8e][0xffffffad]][0xffffffde]2[0xffffffba]FR"d[0xffffffed][0xffffffd2][0x6][0xffffff92][0xffffffa1]D[0xffffffc0][0xffffffda][0xffffffa5][0xffffff84][0xffffffb3][0xffffff9a][0x12][0xffffffc1]k[0xffffff97][0xffffffae]<YJ[0xffffffe4][0xffffffad]][0xffffffba]j[0xffffffe5]([0xffffff91][0xffffffb2]v[0xffffffa9][0xffffffc5][0xffffffbb]A[0x9]7Q[0xffffffd5][0xffffffee][0xb][0xffffffa3][0x4]>Qu[0x7]LT[0xffffffdd]fG[0xffffffa5]0[0xffffffe0][0xffffffd8]D[0xffffffd5]-K)$%B&[0xffffffaa]l [0x19]J[0x4]LTI8[0xffffffab])[0x11]<Q[0xffffffe5][0xffffffca][0xffffff93][0xffffffa5]D[0xffffffde]D[0xffffff95][0xffffffab]V[0xffffff8e][0x12])[0x13]UZ[0xffffffbc][0x1b][0xffffff94]p[0x13]U[0xffffffbd]][0xffffffd8][0xffffffbb][0x12][0xfffffff8]D[0xffffffd5][0x1d]0Qu[0xffffff9b][0x1d][0xffffff95][0xffffffc2][0xffffff80]c[0x13]U[0xffffffb7],[0xffffffa5][0xffffff90][0xffffff94][0x8][0xffffff99][0xffffffa8][0xffffffb2][0xffffff81]d([0x11]0Q%[0xffffffe1][0xffffffac][0xffffffa6]D[0xfffffff0]D[0xffffff95]+O[0xffffff96][0x12]y[0x13]U[0xffffffae]Z9J[0xffffffa4]LTi[0xfffffff1]nQ[0xffffffa2][0xffffff85]Q[0xffffffa2][0xffffffe1][0xffffff94]h[0x1][0xffffff94]h(%[0x1a]F[0xffffff89][0xffffff96]D[0xffffff89]5[0xffffff8a][0x14]%4[0xffffff90][0x14]%[0xffffffd6]X[0x12][0xffffff94]h0%Z0%[0xffffffa4]<iJ[0xffffff98].[0xffffffa5])![0xffffffd5]JR[0xffffffa2][0xffffffa5]P[0xffffffa2]}[0xffffff9b][0x12]n[0xffffffed][0xffffffb2][0xffffff8f]A[0xffffff9d][0xc]z[0xffffffe3]k[0xffffff97]w[0xffffffc0][0xffffffda][0xffffffe5]m&[0xffffffd9][\n]"
19:31:00.795 [main] DEBUG org.apache.hc.client5.http.wire - http-outgoing-1 << "[0x3][0xffffff8e][0xffffffad]][0xffffffde]2[0xffffffba]FR"d[0xffffffed][0xffffffd2][0x6][0xffffff92][0xffffffa1]D[0xffffffc0][0xffffffda][0xffffffa5][0xffffff84][0xffffffb3][0xffffff9a][0x12][0xffffffc1]k[0xffffff97][0xffffffae]<YJ[0xffffffe4][0xffffffad]][0xffffffba]j[0xffffffe5]([0xffffff91][0xffffffb2]v[0xffffffa9][0xffffffc5][0xfffffffb][0xfffffff7][0xffffff94]x[0xffffffdc][0xffffffda]e[0xffffffbf]o[0xffffffea][0xb][0xffffff8e][0x7]_[0xffffffbb]|[0x2][0xffffffd6].[0x1f]3[0xffffffc9]V[0x17][0xfffffff0][0x7][[0xffffffbb]|dt[\r][0xffffffa4][0xffffff84][0xffffff89]"B[0x9][0x1b]H[0xffffff84][0x12]&[0xffffff96][0xffffffe5][0xffffff94][0xffffff90]p[0x16]SB"[0x1a]D[0x9]W[0xffffff9e](%|[0xffffff97][0xffffffa2][0xffffff94]p[0xffffffd5][0xffffff8a]QB[0xffffff9b][0x16][0xffffffa2][0xffffff84][0x16][0xffffffef][0x16]%[0xffffffcc][0xf][0x1c](%[0xffffffe0][0x1f]8[0xffffffbe][0xffffffee][0xffffff80][0xffffffa7][0x4][0xfffffff8][0x3][0xffffffc7][0xffffffd7][0xffffffd5])J[0xffffffe4][0xfffffffc][0xffffffc0]a[0xffffffa2]HQ"[0xffffffe4][0x7][0xe][0x13]K[0xffffff82][0x12][0xffffffe8][0xf][0x1c][0x12][0xffffffd1],Jd[0xfffffffd][0xffffffc0][0xffffffe1][0xffffffbb][0xffffff94][0xffffffa6]D[0xffffffce][0xf][0x1c][0xffffffda][0xffffffb4][0x1c]%[0xffffffbe][0xfffffffd][0x3][0xffffffc7][0xffffffe3][0xffffff86][0xffffffb3][0xffffffc7][0xffffffeb]l[0x14]%[0xfffffff0][0xffffffe1][0xffffffec]'`8[0xfffffffb]1[0xffffffeb][0xffffffae][0xffffff85][0x1][0xffffffc7][0xffffff86][0xffffffb3][0x1f][0xffffffd9]o%)[0x11]2[0xffffff9c]m[0x3][0xffffffc9]P"`8[[0xffffffc2]YM[0xffffff89][0xffffffe0][0xffffffe1]lW[0xffffff9e],%[0xfffffff2][0xffffff86][0xffffffb3]][0xffffffb5]r[0xffffff94]H[0x19][0xffffffce][0xffffffd6][0xffffffe2][0xffffffdd][0xffffffa0][0xffffff84][0x1b][0xffffffce][0x1e][0x1f][0xffffffff][0xffffffa1]([0xffffff81][0xf]g?[0x1][0xffffffc3][0xffffffd9][0xffffff8f]Yw-[0xc]86[0xffffff9c][0xfffffffd][0xffffffc8]~+I[0xffffff89][0xffffff90][0xffffffe1]l[0x1b]H[0xffffff86][0x12][0x1][0xffffffc3][0xffffffd9][0x12][0xffffffce]jJ[0x4][0xf]g[0xffffffbb][0xfffffff2]d)[0xffffff91]7[0xffffff9c][0xffffffed][0xffffffaa][0xffffff95][0xffffffa3]D[0xffffffca]p[0xffffffb6][0x16][0xffffffef][0x6]%[0xffffffdc]p[0xfffffff6]8/[0xffffffec][0xffffffa9][0x4]>[0xffffff9c][0xfffffffd][0x4][0xc]g?f[0xffffffdd][0xffffffb5]0[0xffffffe0][0xffffffd8]p[0xfffffff6]#[0xfffffffb][0xffffffad]$%B[0xffffff86][0xffffffb3]m [0x19]J[0x4][0xc]gK8[0xffffffab])[0x11]<[0xffffff9c][0xffffffed][0xffffffca][0xffffff93][0xffffffa5]D[0xffffffde]p[0xffffffb6][0xffffffab]V[0xffffff8e][0x12])[0xffffffc3][0xffffffd9]Z[0xffffffbc][0x1b][0xffffff94][0x18][0xffffff8e][0x12][0xffffff93]{*1pJ[0xffffff8c][0x0]J[0xc][0xffffffcd]{a[0xffffffc0][0x7]F[0xffffff89][0xffffff91]D[0x9][0xffffff8d]"C[0x9][0x17]H[0xffffff86][0x12][0x1a][0xffffffcb]zJ[0xffffffac][0xffffffe1][0xffffffac][0xffffffa6][0xffffffc4][0x1a][0xffffffd1]$J[0xffffff98][0xfffffff2]d)a[0xffffffbb][0xffffff94][0xffffffa5][0xffffff84][0xffffffa9]V[0xffffff8e][0x12][0xffffffd2][0xffffffb4][0x14]%[0xffffffa4]x7([0xffffffe1][0xffffff86][0xffffffb3][0xffffffc7][0xffffff9c][0xffffffd8]k[0xffffff97][0xfffffff8]p[0xfffffff6][0x13]0[0xffffff9c][0xfffffffd][0xffffff98]u[0xffffffd7][0xffffffc2][0xffffff80]c[0xffffffc3][0xffffffd9][0xffffff8f][0xffffffec][0xffffffb7][0xffffff92][0xffffff94][0x8][0x19][0xffffffce][0xffffffb6][0xffffff81]d([0x11]0[0xffffff9c]-[0xffffffe1][0xffffffac][0xffffffa6]D[0xfffffff0]p[0xffffffb6]+O[0xffffff96][0x12]y[0xffffffc3][0xffffffd9][0xffffffae]Z9J[0xffffffa4][0xc]gk[0xfffffff1]nPb:J\/j8[0xfffffffb][0xfffffff3]~`J[0xffffffcc][0x0]JL[0xffffffcd]{a[0xffffffc0]'F[0xffffff89][0xffffff99]D[0x9][0xffffff8d]"C[0x9][0x17]H[0xffffff86][0x12][0x1a][0xffffffcb]zJ[0xffffffac][0xffffffe1][0xffffffac][0xffffffa6][0xffffffc4][0x1a][0xffffffd1]$J[0xffffff98][0xfffffff2]d)a[0xffffffbb][0xffffff94][0xffffffa5][0xffffff84][0xffffffa9]V[0xffffff8e][0x12][0xffffffd2][0xffffffb4][0x14]%[0xffffffa4]x7([0xffffffe1][0xffffffce][0xffffffe0][0x18][0xfffffff7]AMT=[0xfffffff8][0x19][0x1c]O[0xffffffc0][0x19][0x1c][0xffffff8f][0x19][0xffffff8a]/[0xc]8v[0x6][0xffffffc7]#S[0xfffffff0]$%B[0xffffffce][0xffffffe0][0xffffffb0][0xffffff81]d([0x11]p[0x6][0xffffff87][0xffffff84][0xffffffb3][0xffffff9a][0x12][0xffffffc1]gp[0xffffffb8][0xfffffff2]d)[0xffffff91]w[0x6][0xffffff87][0xffffffab]V[0xffffff8e][0x12])gph[0xfffffff1]nP[0xffffffc2][0xffffff9d][0xffffffc1]q[0xfffffff6]~Q[0xffffff94][0xffffffc0][0xffffffcf][0xffffffe0]x[0x2][0xffffffce][0xffffffe0]x[0xffffffcc]P|a[0xffffffc0][0xffffffb1]38[0x1e][0xffffff99][0xffffff82]')[0x11]r[0x6][0xffffff87][\r]$C[0xffffff89][0xffffff80]38$[0xffffff9c][0xffffffd5][0xffffff94][0x8]>[0xffffff83][0xffffffc3][0xffffff95]'K[0xffffff89][0xffffffbc]38\[0xffffffb5]r[0xffffff94]H9[0xffffff83]C[0xffffff8b]w[0xffffff8b][0x12]:Q[0xffffffc5]R[0xffffff82][0xffffff9e][0xffffffa8][\n]"
19:31:00.795 [main] DEBUG org.apache.hc.client5.http.wire - http-outgoing-1 << "8[0xffffff83][0xffffffe3]1C[0xfffffff1][0xffffffa5][0x1][0xffffffa7]&[0xffffffaa][0xffffff92][0xffffffce][0xffffffe0]0Q[0xffffffa4]([0xffffff91]2Q[0x15]p[0x6][0xffffff87][0xffffff84][0xffffffb3][0xffffff9e][0x12][0xffffffb9][0x13]Uigp[0xfffffff8].[0xffffffa5])[0x11]4Q[0xffffff95]r[0x6][0xffffff87][0x16][0xffffffef][0x16]%z[0x18]%:N[0xffffff89][0x1e]@[0xffffff89][0xffffff8e]R[0xffffffa2]c[0xffffff94][0xffffffe8]I[0xffffff94]X[0xffffffa3]HQB[0x3]IQb[0xffffff8d]%A[0xffffff89][0xe]S[0xffffffa2][0x7]SB[0xffffffca][0xffffff93][0xffffffa6][0xffffff84][0xffffffe9]R[0xffffff9a][0x12]R[0xffffffad]$%z[\n]"
19:31:00.795 [main] DEBUG org.apache.hc.client5.http.wire - http-outgoing-1 << "%[0xfffffffa][0x7f]@[0xffffff89]3[0xffffff8c][0x12]'N[0xffffff89]3[0xffffff80][0x12]'J[0xffffff89][0x13][0xffffffa3][0xffffffc4][0xffffff99]D[0xffffff89]5[0xffffff8a][0x14]%4[0xffffff90][0x14]%[0xffffffd6]X[0x12][0xffffff94]8aJ[0xffffff9c][0xffffffc1][0xffffff94][0xffffff90][0xfffffff2][0xffffffa4])a[0xffffffba][0xffffff94][0xffffffa6][0xffffff84]T+I[0xffffff89]3[0xffffff85][0x12][0xffffffe7][0x7f]@[0xffffff89]#[0xffffffcd][0x12][0x7][0xffffff8f][0xffffff89]#A[0x13][0x7][0xffffffcb][0xffffff89][0xffffff83][0xfffffff3][0xffffffc4][0x11][0x5][\n]"
19:31:00.795 [main] DEBUG org.apache.hc.client5.http.wire - http-outgoing-1 << "[0xffffffc9]#%[\n]"
19:31:00.795 [main] DEBUG org.apache.hc.client5.http.wire - http-outgoing-1 << "[0xffffff93]J[0xffffff8a][0x14][0xffffff92]M[0xffffffc2][0x14][0x7][0xffffff8d][0xffffff8a]#Y[0x15]Z[0xffffffa3]4+\[0xffffffab][0xffffffd2][0xffffffae][0xffffffd0][0xffffff92]%a[0xffffffb1]v.'[0xffffff8b][0xffffffb5][0xffffff82][0xffffffb7]h[0xffffffd1][0xffffffd2]~[0xfffffff1]h[0xfffffffc]O[0x1e]-[0xffffffe1]7[0xffffff8f][0xffffffc6][0xfffffffe][0xffffffe8][0xffffffd1][0xffffffb8]_=Z[0xffffffd4][0xffffffcf][0x1e][0xffffff92]G[0xffffff8a][0x16]&[0xffffff95][0x14]-$[0xffffff9b][0x4]-[0x1a][0xfffffffd][0xffffffd3]GK[0xfffffffe][0xffffffed]Ck[0xffffff94][0xffffffa6][0xffffff85]kU[0xffffff9a][0x16]Z[0xffffffb2]$-[0xffffffd6][0xffffffce][0xffffffe5]h[0xffffffb1]V[0xfffffff0][0x16]-z[0xffffffda]S[0xffffff8b][0xffffffce]?[0xffffffb5][0xffffffe8][0x9]O-:[0xfffffffb][0xffffffd4][0xffffffa2]sO-z[0xffffffd4]S[0xb][0xffffffc9]#E[0xb][0xffffff93]J[0xffffff8a][0x16][0xffffff92]M[0xffffff82][0x16][0xffffff9d]~j[0xffffffd1][0xffffff93][0xffffff9f]Zh[0xffffff8d][0xffffffd2][0xffffffb4]p[0xffffffad]J[0xffffffd3]BK[0xffffff96][0xffffffa4][0xffffffc5][0xffffffda][0xffffffb9][0x1c]-[0xffffffd6][\n]"
19:31:00.795 [main] DEBUG org.apache.hc.client5.http.wire - http-outgoing-1 << "[0xffffffde][0xffffffa2][0xffffffc5]}[0xffffff87][0xffffffd1][0xffffffe2][0xffffffbe]qZ|[0xffffffdc][0x2]O[0xffffff8b][0xffffff9f]7A[0xffffffd1][0xffffffe2][0xffffffe3][0xfffffff2][0x14]-~\:[0xffffff85][0x16][0xffffff92]G[0xffffff8a][0x16]&[0xffffff95][0x14]-$[0xffffff9b][0x4]-[0xffffff96][0xffffff84][0xffffffd6][0xffffffd3]b[0xffffffc9]i[0x16]-[0xffffffb4]FiZ[0xffffffb8]V[0xffffffa5]i[0xffffffa1]%K[0xffffffd2]b[0xffffffed]\[0xffffff8e][0x16]k[0x5]o[0xffffffd1][0xffffffe2]I[0x1b][0xffffffa6]x[0xfffffff8]e[0xffffff8a][0xffffff8f][[0xffffffe0]i[0xfffffff1][0xfffffff3]&(Z<[0xffffffdc]8[0xffffffc5][0x13][0xffffffb5]N!y[0xffffffa4]haRI[0xffffffd1]B[0xffffffb2]I[0xffffffd0][0xffffffe2][0xffffffa1][0x17]*[0xffffff9e][0xffffffe4][0xffffff89][\n]"
19:31:00.795 [main] DEBUG org.apache.hc.client5.http.wire - http-outgoing-1 << "[0xffffffad]Q[0xffffff9a][0x16][0xffffffae]UiZh[0xffffffc9][0xffffff92][0xffffffb4]X;[0xffffff97][0xffffffa3][0xffffffc5]Z[0xffffffc1][[0xffffffb4]8f[0xffffffda]/"[0x1f]w[0xffffff84][0xffffffe3][0xffffffe2][0xfffffff3][0x1e]x][0xfffffffc]s[0x17][0x14]/>[0xffffffaf]O[0xfffffff9][0xffffffe2][0xffffffe7][0xffffffb5]S[0xffffff80][0xffffffa1][0xffffffa1][0xffffffa4][0xffffff84][0xffffffe1][0xffffffa2]I[0x11]C[0x3]J[0x18]c[0xffffff8d]i=2[0xffffffd6][0xffffffb0]f)[0xffffffc3][0x14]*[0xffffffcd][0xc][0xffffffdb][0xffffffaf][0xffffffb4]3L[0xffffffdd][0xffffff92][0xffffffd0][0xffffff90][0xfffffff6][0xffffffe5][0xffffffa4]!e[0xfffffffc]7[0xffffffd4]8[0x7f][0xfffffffc][0xffffff95][0xffffffc7][0xffffffad]k[0xffffffde][0xffffffc0]I[0xffffffa4][0xffffffbf][0xffffffee][0xffffff87]b[0xffffffc6]ow[0xffffff80]!c[0xffffffb9][0xffffff87]bb[0xfffffffc]v[0xfffffff5]b`[0xfffffffc][0xffffffef][0xffffff95]a^[0xffffffbc][0xffffff8d]b1.[0xfffffffe][0x10][0xffffffc8]bZ[0xffffffbc][0xffffff8d]e!,[0xffffffde][0xffffff84][0xffffffb3][0xffffff8c][0x15]o"[0x1a][0xffffff81][0xffffff8a][0xfffffff7][0xffffffe5][0x9][0xffffff91][0xffffffe2]O][\n]"
19:31:00.795 [main] DEBUG org.apache.hc.client5.http.wire - http-outgoing-1 << "[0xffffff81][0xffffffe2]}[0xffffffb5][0x2][0xffffff9c]x[0xffffffd7][0xffffffb4][0xffffffe5][0xffffff98]xW[0xffffffbc][[0xffffff94]0[0xffffffeb][0xffffff9a](%[0xffffffb0]u[0xffffffcd][0xffffffdf][0xffffffee][0xffffff80][0xffffffa7][0x4][0xffffffb2][0xffffffae][0xfffffff9][0xffffffdb][0xffffffd5])J$[0xffffffac]k[0xffffffbe][0xffffff8d]"E[0x9]|][0xfffffff3]m,[0x9]J@[0xffffffeb][0xffffff9a]o"[0xffffff9a]E[0xffffff89][0xffffff94]u[0xffffffcd]?u)M[0xffffff89][0xffffff84]u[0xffffffcd]wM[0xffffffcb]Q[0xffffffe2][0x1b][0xffffffeb][0xffffff9a][0xffffff9f][0x7f][0xffffffe3]z[0xffffffbd]^[0xffffffe6][0xffffffa9][0xffffffc4]<z[0xfffffffd][0xffffffa1][0xffffffe6][0xffffffbf][0xffffffee][0xffffff87][0xffffffa4][0xffffffc4][0xffffffcf];@)[0xfffffff1][0xffffffdb]=[0x0][0xffffff94][0xfffffff8]yu[0xffffff80][0x12][0xffffffbf][0xffffffae][0x1c]@[0x9][0x1b]E[0xffffff80][0x12]o[0x2][0x9]P[0xffffffc2][0xffffffc6][0xffffffb2][0xffffff98][0x12]&[0xffffff9c][0xffffffa5][0xffffff94]0[0x11][0xffffff8d][0xffffffa1][0xffffff84]/O[0xffffff90][0x12][0xffffffef][0xffffffba][0x14][0xffffffa4][0xffffff84][0xffffffaf]V[0xffffff88][0x12][0xffffffae]i[0x11]J[0xffffffb8][0xffffffe2][0xffffffdd][0xffffffa0]Ds[0xffffff94][0xfffffff8]`[\n]"
19:31:00.795 [main] DEBUG org.apache.hc.client5.http.wire - http-outgoing-1 << "E[0xffffff89][0xffffff86]S[0xffffffa2][0x5]P[0xffffffa2]i[0xffffffde][0xb][0x3][0xffffffde]0J[0xffffffb4]$Jh[0x14][0x19]J[0xffffffb8]@2[0xffffff94][0xffffffd0]X[0xffffffd6]Sb[\r]g5%[0xffffffd6][0xffffff88]&Q[0xffffffc2][0xffffff94]'K[0x9][0xffffffdb][0xffffffa5],%L[0xffffffb5]r[0xffffff94][0xffffff90][0xffffffa6][0xffffffa5](![0xffffffc5][0xffffffbb]A[0xffffff89]n(q[0x1d][0xffffffaf][0xfffffffa][0xffffff97]2[0x7f][0xffffffdd][0xf]L[0xffffff89][0x1e]@[0xffffff89][0xffffffae]y/[0xc]x[0xffffffc7]([0xffffffd1][0xffffff93]([0xffffffa1]Qd([0xffffffe1][0x2][0xffffffc9]PBcYO[0xffffff89]5[0xffffff9c][0xffffffd5][0xffffff94]X#[0xffffff9a]D[0x9]S[0xffffff9e],%l[0xffffff97][0xffffffb2][0xffffff94]0[0xffffffd5][0xffffffca]QB[0xffffff9a][0xffffff96][0xffffffa2][0xffffff84][0x14][0xffffffef][0x6]%[0xffffff86][0xffffffa3]D{0J[0xc][0xffffff9c][0x12]#[0xffffff80][0x12]C[0xfffffff3]^[0x18][0xfffffff0][0xffffff81]Qb$QB[0xffffffa3][0xffffffc8]P[0xffffffc2][0x5][0xffffff92][0xffffffa1][0xffffff84][0xffffffc6][0xffffffb2][0xffffff9e][0x12]k8[0xffffffab])[0xffffffb1]F4[0xffffff89][0x12][0xffffffa6]<YJ[0xffffffd8].e)a[0xffffffaa][0xffffff95][0xffffffa3][0xffffff84]4-E[0x9])[0xffffffde][\r]J[0xffffff9c][0xffffff8e][0x12][0xfffffff3]>(J[0xffffff9c]8%[0xffffffce][0x0]J[0xffffff9c][0xffffff9a][0xfffffff7][0xffffffc2][0xffffff80][0xffffff9f][0x18]%[0xffffffce]$Jh[0x14][0x19]J[0xffffffb8]@2[0xffffff94][0xffffffd0]X[0xffffffd6]Sb[\r]g5%[0xffffffd6][0xffffff88]&Q[0xffffffc2][0xffffff94]'K[0x9][0xffffffdb][0xffffffa5],%L[0xffffffb5]r[0xffffff94][0xffffff90][0xffffffa6][0xffffffa5](![0xffffffc5][0xffffffbb]A[0xffffff89][0xffffffe9]([0xfffffff1]a[0x9][0xffffff8a][0x12][0x13][0xffffffa7][0xffffffc4][0xc][0xffffffa0][0xffffffc4][0xffffffd4][0xffffffbc][0x17][0x6]|b[0xffffff94][0xffffff98]I[0xffffff94][0xffffffd0](2[0xffffff94]p[0xffffff81]d([0xffffffa1][0xffffffb1][0xffffffac][0xffffffa7][0xffffffc4][0x1a][0xffffffce]jJ[0xffffffac][0x11]M[0xffffffa2][0xffffff84])O[0xffffff96][0x12][0xffffffb6]KYJ[0xffffff98]j[0xffffffe5](!MKQB[0xffffff8a]w[0xffffff83][0x12][0xffffff97][0xffffffa3][0xffffffc4][0xffffffdd]&E[0xffffff89][0xb][0xffffffa7][0xffffffc4][0x15]@[0xffffff89]K[0xfffffff3]^[0x18][0xfffffff0][0xb][0xffffffa3][0xffffffc4][0xffffff95]D[0x9][0xffffff8d]"C[0x9][0x17]H[0xffffff86][0x12][0x1a][0xffffffcb]zJ[0xffffffac][0xffffffe1][0xffffffac][0xffffffa6][0xffffffc4][0x1a][0xffffffd1]$J[0xffffff98][0xfffffff2]d)a[0xffffffbb][0xffffff94][0xffffffa5][0xffffff84][0xffffffa9]V[0xffffff8e][0x12][0xffffffd2][0xffffffb4][0x14]%[0xffffffa4]x7(q[J[0xffffffdc][0xffffff8d][0xffffffa2][0xffffffc4][0xffffff8d]S[0xffffffe2][0xe][0xffffffa0][0xffffffc4][0xffffffad]y/[0xc][0xfffffff8][0xffffff8d]Q[0xffffffe2]N[0xffffffa2][0xffffff84]F[0xffffff91][0xffffffa1][0xffffff84][0xb]$C[0x9][0xffffff8d]e=%[0xffffffd6]pVSb[0xffffff8d]h[0x12]%Ly[0xffffffb2][0xffffff94][0xffffffb0]][0xffffffca]R[0xffffffc2]T+G[0x9]iZ[0xffffff8a][0x12]R[0xffffffbc][0x1b][0xffffff94]pk[0xffffff97][0xffffffd7]3[0xffffffb0][0xffffffa7][0x12][0xfffffff0][0xffffffda][0xffffffe5][0xffffffcf];[0xffffffa0])[0x1][0xffffffae]][0xfffffffe][0xffffffbc]:C[0xffffff89][0xffffff9c][0xffffffb5]K[0x1b]E[0xffffff86][0x12]!k[0xffffff97]6[0xffffff96][0xfffffff5][0xffffff94]@[0xffffffd7].MD[0xffffff93]([0xffffff91][0xffffffb5]v[0xfffffff9][0xffffffae]KYJ[0xffffffe4][0xffffffac]][0xffffffba][0xffffffa6][0xffffffa5]([0xfffffff1][0xffffffed][0xffffffb5][0xffffffcb][0xffffffeb]u[0xffffffb8][0xffffff89][0xffffffaa][0xfffffffb]uS[0x13]U[0x7]>Qu[0x4]LT[0x1d]fG[0xffffffa5].[0xffffffe0][0x7]6Qu[0xffffffc8]R[\n]"
19:31:00.795 [main] DEBUG org.apache.hc.client5.http.wire - http-outgoing-1 << "H[0x9][0x13]E[0xffffff84][0x12]6[0xffffff90][0x8]%L,[0xffffffcb])![0xffffffe1],[0xffffffa6][0xffffff84]D4[0xffffff88][0x12][0xffffffae]<QJ[0xfffffff8].E)[0xffffffe1][0xffffffaa][0x15][0xffffffa3][0xffffff84]6-D[0x9]-[0xffffffde]-J[0xffffffb4]0J[0xffffffa0][0xffffffc3][0xffffffd9]?[0xffffffef][0xffffff80][0xffffffa7][0x4]6[0xffffff9c][0xfffffffd][0xfffffff3][0xffffffea][0x14]%R[0xffffff86][0xffffffb3]m[0x14])JD[0xc]g[0xffffffdb]X[0x12][0xffffff94][0x0][0xffffff87][0xffffffb3]MD[0xffffffb3]([0xffffff91]4[0xffffff9c][0xfffffffd][0xffffffae]KiJ[0xffffffa4][0xc]g[0xffffffbb][0xffffffa6][0xffffffe5]([0xfffffff1][0xffffffed][0xffffffe1][0xffffffec][0xffffffe3]pO%F[0xffffffef][0x14]%[0xe][0xfffffffc][0xffffffa9][0xffffffc4][0x11][0xfffffff0]T[0xffffffe2]P:[0x17][0x6][0xfffffffc][0xffffffc0][0xffffff9e]J[0x1c]IO%4[0xffffff8a][0xc]%\ [0x19]Jh,[0xffffffeb])[0xffffffb1][0xffffff86][0xffffffb3][0xffffff9a][0x12]kD[0xffffff93](a[0xffffffca][0xffffff93][0xffffffa5][0xffffff84][0xffffffed]R[0xffffff96][0x12][0xffffffa6]Z9JH[0xffffffd3]R[0xffffff94][0xffffff90][0xffffffe2][0xffffffdd][0xffffffa0][0xffffff84][0x1b][0xffffffce][0xffffffbe][0xffffffe7][0xb][0xffffffa3][0x4]>[0xffffff9c]}[0x4][0xc]g[0x1f]f[0xffffffdd][0xffffffb5]0[0xffffffe0][0xffffffd8]p[0xfffffff6]![0xfffffffb][0xffffffad]$%B[0xffffff86][0xffffffb3]m [0x19]J[0x4][0xc]gK8[0xffffffab])[0x11]<[0xffffff9c][0xffffffed][0xffffffca][0xffffff93][0xffffffa5]D[0xffffffde]p[0xffffffb6][0xffffffab]V[0xffffff8e][0x12])[0xffffffc3][0xffffffd9]Z[0xffffffbc][[0xffffff94][0x18]a[0xffffff94][0x18]8%F[0x0]%[0x6]J[0xffffff89][0xffffff81]Qb$Qb[0xffffff8d]"E[0x9][\r]$E[0xffffff89]5[0xffffff96][0x4]%[0x6]L[0xffffff89][0x11]L[0x9])O[0xffffff9a][0x12][0xffffffa6]KiJH[0xffffffb5][0xffffff92][0xffffff94][0x18])[0xffffff94][0x18][0xffffffdf][0xffffffa6][0xffffff84];[0xffffff83][0xffffffe3]y[\r][0xffffff8c][0x12][0xfffffff8][0x19][0x1c]G[0xffffffc0][0x19][0x1c][0xffffff87][0x19][0xffffff8a]/[0xc]8v[0x6][0xffffffc7]!S[0xfffffff0]$%B[0xffffffce][0xffffffe0][0xffffffb0][0xffffff81]d([0x11]p[0x6][0xffffff87][0xffffff84][0xffffffb3][0xffffff9a][0x12][0xffffffc1]gp[0xffffffb8][0xfffffff2]d)[0xffffff91]w[0x6][0xffffff87][0xffffffab]V[0xffffff8e][0x12])gph[0xfffffff1]nQB_[0xffffffbb]d)A[0xffffffbf]v[0xffffffd9][0x3]^[0xffffffbb][0xffffffec][0xfffffffa]nPi[0xffffffc0][0xffffffa9][0xffffffd7].{[0xffffffd2]k[0xffffff97][0x1a]E[0xffffff8a][0x12])[0xffffffaf]]j,[0x9]J[0xffffffb0][0xffffffaf]][0xffffffae][0x11][0xffffffcd][0xffffffa2]D[0xffffffd8]k[0xffffff97][0xffffffb6]KiJ[0x4][0xffffffbd]v)M[0xffffffcb]Q[0xffffffe2][0xfffffffb][0xffffffaf]][0xffffffba][0xffffffe3][0xffffffbc][0xffffff9e][0xffffffc6]Q[0x2]?[0xffffffce][0xffffffeb][0x8]8[0xffffffce][0xffffffeb]0g[0xffffffce][0x14][0x6][0x1c];[0xffffffce][0xffffffeb][0xffffff90]SeHJ[0xffffff84][0x1c][0xffffffe7]e[0x3][0xffffffc9]P"[0xffffffe0]8/[0x9]g5%[0xffffff82][0xffffff8f][0xfffffff3]r[0xffffffe5][0xffffffc9]R"[0xffffffef]8/W[0xffffffad][0x1c]%R[0xffffff8e][0xfffffff3][0xffffffd2][0xffffffe2][0xffffffdd][0xffffffa0][0xffffffc4][0xffffffe9]([0xffffffd1][0xffffffb1]38>[0xffffffef][0x7][0xffffffa6][0xffffffc4][0x19]@[0xffffff89]S[0xfffffff3]^[0x18][0xfffffff0][0x13][0xffffffa3][0xffffffc4][0xffffff99]D[0x9][0xffffff8d]"C[0x9][0x17]H[0xffffff86][0x12][0x1a][0xffffffcb]zJ[0xffffffac][0xffffffe1][0xffffffac][0xffffffa6][0xffffffc4][0x1a][0xffffffd1]$J[0xffffff98][0xfffffff2]d)a[0xffffffbb][0xffffff94][0xffffffa5][0xffffff84][0xffffffa9]V[0xffffff8e][0x12][0xffffffd2][0xffffffb4][0x14]%[0xffffffa4]x7([0xffffffe1][0xffffff8e][0xfffffff3]z[0xffffffae][0xfffffff9]P[0xffffff94][0xffffffc0][0xffffff8f][0xfffffff3]:[0x2][0xffffff8e][0xfffffff3]:[0xffffffcc][0xffffff99]3[0xffffff85][0x1][0xffffffc7][0xffffff8e][0xfffffff3]:[0xffffffe4]T[0x19][0xffffff92][0x12]![0xffffffc7]y[0xffffffd9]@2[0xffffff94][0x8]8[0xffffffce]K[0xffffffc2]YM[0xffffff89][0xffffffe0][0xffffffe3][0xffffffbc]\y[0xffffffb2][0xffffff94][0xffffffc8];[0xffffffce][0xffffffcb]U+G[0xffffff89][0xffffff94][0xffffffe3][0xffffffbc][0xffffffb4]x7(a[0xffffff8e][0xfffffff3]j[0x1f]H[0xffffffb9](J[0xffffffe0][0xffffffc7]y[0x1d][0x1][0xffffffc7]y[0x1d][0xffffffe6][0xffffffcc][0xffffff99][0xffffffc2][0xffffff80]c[0xffffffc7]y[0x1d]r[0xffffffaa][0xc]I[0xffffff89][0xffffff90][0xffffffe3][0xffffffbc]l [0x19]J[0x4][0x1c][0xffffffe7]%[0xffffffe1][0xffffffac][0xffffffa6]D[0xfffffff0]q^[0xffffffae]<YJ[0xffffffe4][0x1d][0xffffffe7][0xffffffe5][0xffffffaa][0xffffff95][0xffffffa3]D[0xffffffca]q^Z[0xffffffbc][0x1b][0xffffff94]0[0xffffffc7]y[0xffffffb5][0xffffffd7]8[0xffffffb1][0xffffffa7][0x12][0xfffffff8]q^G[0xffffffc0]q^[0xffffff87]9s[0xffffffa6]0[0xffffffe0][0xffffffd8]q^[0xffffff87][0xffffff9c]*CR"[0xffffffe4]8/[0x1b]H[0xffffff86][0x12][0x1][0xffffffc7]yI8[0xffffffab])[0x11]|[0xffffff9c][0xffffff97]+O[0xffffff96][0x12]y[0xffffffc7]y[0xffffffb9]j[0xffffffe5]([0xffffff91]r[0xffffff9c][0xffffff97][0x16][0xffffffef][0x6]%[0xffffffcc]q^[0xffffffed]u][0xffffff83][0xffffffa2][0x4]~[0xffffff9c][0xffffffd7][0x11]p[0xffffff9c][0xffffffd7]a[0xffffffce][0xffffff9c])[0xc]8v[0xffffff9c][0xffffffd7]![0xffffffa7][0xffffffca][0xffffff90][0xffffff94][0x8]9[0xffffffce][0xffffffcb][0x6][0xffffff92][0xffffffa1]D[0xffffffc0]q^[0x12][0xffffffce]jJ[0x4][0x1f][0xffffffe7][0xffffffe5][0xffffffca][0xffffff93][0xffffffa5]D[0xffffffde]q^[0xffffffae]Z9J[0xffffffa4][0x1c][0xffffffe7][0xffffffa5][0xffffffc5][0xfffffffb][0xfffffff7][0xffffff94]h[0xffffffe6]8[0xffffffaf][0xfffffff6][0xffffffba];[0xfffffff5][0xffffffda]e[0xffffffc3][0xffffff8f][0xfffffff3]j[0x1][0xffffffc7]y5s[0xffffffe6]L][0xffffffc0][0x1b]v[0xffffff9c]W[0xffffff93]Se@J[0xffffff98]("[0xffffff94][0xffffffb0][0xffffff81]D(abYN[0x9][0x9]g1%$[0xffffffa2]A[0xffffff94]p[0xffffffe5][0xffffff89]R[0xffffffc2]w)J[0x9]W[0xffffffad][0x18]%[0xffffffb4]i!Jh[0xfffffff1]nP[0xffffffc2][0xffffff9c][0xffffffc1][0xffffffd1][0xffffff8e][0xffffffa3]Q?p4[0xfffffffc][0xc][0xffffff8e][0x16]p[0x6]G3C[0xfffffff1][0xffffff85][0x1][0xffffffc7][0xffffffce][0xffffffe0]h2[0x5]OR"[0xffffffe4][0xc][0xe][0x1b]H[0xffffff86][0x12][0x1]gpH8[0xffffffab])[0x11]|[0x6][0xffffff87]+O[0xffffff96][0x12]ygp[0xffffffb8]j[0xffffffe5]([0xffffff91]r[0x6][0xffffff87][0x16][0xffffffef][0x6]%[0xffffffcc][0x19][0x1c][0xffffffed][0xffffffe3][0xffffffff]<)J[0xffffffe0]gp[0xffffffb4][0xffffff80]38[0xffffff9a][0x19][0xffffff8a]/[0xc]8v[0x6]G[0xffffff93])x[0xffffff92][0x12]!gp[0xffffffd8]@2[0xffffff94][0x8]8[0xffffff83]C[0xffffffc2]YM[0xffffff89][0xffffffe0]38\y[0xffffffb2][0xffffff94][0xffffffc8];[0xffffff83][0xffffffc3]U+G[0xffffff89][0xffffff94]38[0xffffffb4]x7(a[0xffffff86][0xffffffb3][0xffffffdb]qu[0xffffff8c][0x12][0xfffffff8]pv[0xb][0x18][0xffffffce]nf[0xffffffdd][0xffffffb5]0[0xffffffe0][0xffffffd8]pv[0xffffff93][0xfffffffd]V[0xffffff92][0x12]![0xffffffc3][0xffffffd9]6[0xffffff90][0xc]%[0x2][0xffffff86][0xffffffb3]%[0xffffff9c][0xffffffd5][0xffffff94][0x8][0x1e][0xffffffce]v[0xffffffe5][0xffffffc9]R"o8[0xffffffdb]U+G[0xffffff89][0xffffff94][0xffffffe1]l-[0xffffffde][\r]J[0xffffff98][0xffffffb5][0xffffffcb]v</[0xffffffec][0x7][0xe]|[0xffffffed][0xffffffb2][0x5][0xffffffac]]63[0xffffffc9]V[0x18]pl[0xffffffed][0xffffffb2][0xffffffc9][0xffffffe8][0x1a]I[0xffffff89][0xffffff90][0xffffffb5]K[0x1b]H[0xffffff86][0x12][0x1]k[0xffffff97][0x12][0xffffffce]jJ[0x4][0xffffffaf]][0xffffffba][0xfffffff2]d)[0xffffff91][0xffffffb7]v[0xffffffe9][0xffffffaa][0xffffff95][0xffffffa3]D[0xffffffca][0xffffffda][0xffffffa5][0x16][0xffffffef][0x6]%NC[0xffffff89][0xffffffd6][0xffffffb1][0xffffff93]A?[0xffffffef][0x7][0xffffffa6][0xffffffc4][0x19]@[0xffffff89]S[0xfffffff3]^[0x18][0xfffffff0][0x13][0xffffffa3][0xffffffc4][0xffffff99]D[0x9][0xffffff8d]"C[0x9][0x17]H[0xffffff86][0x12][0x1a][0xffffffcb]zJ[0xffffffac][0xffffffe1][0xffffffac][0xffffffa6][0xffffffc4][0x1a][0xffffffd1]$J[0xffffff98][0xfffffff2]d)a[0xffffffbb][0xffffff94][0xffffffa5][0xffffff84][0xffffffa9]V[0xffffff8e][0x12][0xffffffd2][0xffffffb4][0x14]%[0xffffffa4]x7(a[0xffffffd6].[[0x1b]w[0xffffffa3]([0xffffff81][0xffffffaf]][0xffffffb6][0xffffff80][0xffffffb5][0xffffffcb]f&[0xffffffd9][\n]"
19:31:00.796 [main] DEBUG org.apache.hc.client5.http.wire - http-outgoing-1 << "[0x3][0xffffff8e][0xffffffad]]6[0x19]]#)[0x11][0xffffffb2]vi[0x3][0xffffffc9]P"`[0xffffffed]R[0xffffffc2]YM[0xffffff89][0xffffffe0][0xffffffb5]KW[0xffffff9e],%[0xfffffff2][0xffffffd6].][0xffffffb5]r[0xffffff94]HY[0xffffffbb][0xffffffd4][0xffffffe2][0xffffffdd][0xffffffa0][0xffffff84][0xffffff9b][0xffffffa8][0xffffffea][0xffffffaf][0xffffffe7]EQ[0x2][0xffffff9f][0xffffffa8]j[0x1][0x13]U[0xffffffcd][0xffffffec][0xffffffa8][0x14][0x6][0x1c][0xffffff9b][0xffffffa8]j[0xffffffb2][0xffffff94]BR"d[0xffffffa2][0xffffffca][0x6][0xffffff92][0xffffffa1]D[0xffffffc0]D[0xffffff95][0xffffff84][0xffffffb3][0xffffff9a][0x12][0xffffffc1][0x13]U[0xffffffae]<YJ[0xffffffe4]MT[0xffffffb9]j[0xffffffe5]([0xffffff91]2Q[0xffffffa5][0xffffffc5][0xffffffbb]A[0x9]7Q[0xffffffd5][0xffffffc7]3)J[0xffffffe0][0x13]U-`[0xffffffa2][0xffffffaa][0xffffff99][0x1d][0xffffff95][0xffffffc2][0xffffff80]c[0x13]UM[0xffffff96]RHJ[0xffffff84]LT[0xffffffd9]@2[0xffffff94][0x8][0xffffff98][0xffffffa8][0xffffff92]pVS"x[0xffffffa2][0xffffffca][0xffffff95]'K[0xffffff89][0xffffffbc][0xffffff89]*W[0xffffffad][0x1c]%R&[0xffffffaa][0xffffffb4]x[0xffffffff][0xffffff9e][0x12][0xffffffdd]MT[0xfffffff5][0xfffffff3]: Jt|[0xffffffa2][0xffffffaa][0x7]LTu[0xffffffb3][0xffffffa3]R[0x17][0xfffffff0][0xffffff8e]MTuYJ[0x1])a[0xffffffa2][0xffffff88]P[0xffffffc2][0x6][0x12][0xffffffa1][0xffffff84][0xffffff89]e9%$[0xffffff9c][0xffffffc5][0xffffff94][0xffffff90][0xffffff88][0x6]Q[0xffffffc2][0xffffff95]'J[0x9][0xffffffdf][0xffffffa5](%\[0xffffffb5]b[0xffffff94][0xffffffd0][0xffffffa6][0xffffff85]([0xffffffa1][0xffffffc5][0xffffffbb]A[0x9]7Q[0xffffffd5]g[0xffffffa7]~[0xffffffe0][0xffffffe8][0xfffffff8]DU[0xf][0xffffff98][0xffffffa8][0xffffffea]fG[0xffffffa5]0[0xffffffe0][0xffffffd8]DU[0xffffff97][0xffffffa5][0x14][0xffffff92][0x12]![0x13]U6[0xffffff90][0xc]%[0x2]&[0xffffffaa]$[0xffffff9c][0xffffffd5][0xffffff94][0x8][0xffffff9e][0xffffffa8]r[0xffffffe5][0xffffffc9]R"o[0xffffffa2][0xffffffca]U+G[0xffffff89][0xffffff94][0xffffff89]*-[0xffffffde][\r]J[0xffffffb8][0xffffff89][0xffffffaa]>/[0xffffffea]c[0xffffffd0][0xffffff8e]OT[0xfffffff5][0xffffff80][0xffffff89][0xffffffaa]nvT[\n]"
19:31:00.796 [main] DEBUG org.apache.hc.client5.http.wire - http-outgoing-1 << "[0x3][0xffffff8e]MTuYJ!)[0x11]2Qe[0x3][0xffffffc9]P"`[0xffffffa2]J[0xffffffc2]YM[0xffffff89][0xffffffe0][0xffffff89]*W[0xffffff9e],%[0xfffffff2]&[0xffffffaa]\[0xffffffb5]r[0xffffff94]H[0xffffff99][0xffffffa8][0xffffffd2][0xffffffe2][0xffffffdd][0xffffffa0][0xffffff84][0xffffff9b][0xffffffa8][0xffffffea]W[0xffffffa7][0xffffffde][0xffffff95][0xffffffe8][0xfffffff8]DU[0xf][0xffffff98][0xffffffa8][0xffffffea]fG[0xffffffa5]0[0xffffffe0][0xffffffd8]DU[0xffffff97][0xffffffa5][0x14][0xffffff92][0x12]![0x13]U6[0xffffff90][0xc]%[0x2]&[0xffffffaa]$[0xffffff9c][0xffffffd5][0xffffff94][0x8][0xffffff9e][0xffffffa8]r[0xffffffe5][0xffffffc9]R"o[0xffffffa2][0xffffffca]U+G[0xffffff89][0xffffff94][0xffffff89]*-[0xffffffde][\r]J[0xffffffb8][0xffffff89][0xffffffaa]~[0xffffff9f][0xffffffd8][0xf][0x1c][0xfffffff8]DU[0xf][0xffffff98][0xffffffa8][0xffffffea]fG[0xffffffa5]0[0xffffffe0][0xffffffd8]DU[0xffffff97][0xffffffa5][0x14][0xffffff92][0x12]![0x13]U6[0xffffff90][0xc]%[0x2]&[0xffffffaa]$[0xffffff9c][0xffffffd5][0xffffff94][0x8][0xffffff9e][0xffffffa8]r[0xffffffe5][0xffffffc9]R"o[0xffffffa2][0xffffffca]U+G[0xffffff89][0xffffff94][0xffffff89]*-[0xffffffde][\r]J[0xffffff9c][0xffffff86][0x12][0x1f][0xffffffff]`O%N[0xffffff9c][0x12]g[0x0]%N[0xffffffcd]{a[0xffffffc0]O[0xffffff8c][0x12]g[0x12]%4[0xffffff8a][0xc]%\ [0x19]Jh,[0xffffffeb])[0xffffffb1][0xffffff86][0xffffffb3][0xffffff9a][0x12]kD[0xffffff93](a[0xffffffca][0xffffff93][0xffffffa5][0xffffff84][0xffffffed]R[0xffffff96][0x12][0xffffffa6]Z9JH[0xffffffd3]R[0xffffff94][0xffffff90][0xffffffe2][0xffffffdd][0xffffffa0][0xffffff84][0xffffff9b][0xffffffa8][0x1a]c`_p[0xffffffe0][0x13]U=`[0xffffffa2][0xffffffaa][0xffffff9b][0x1d][0xffffff95][0xffffffc2][0xffffff80]c[0x13]U][0xffffff96]RHJ[0xffffff84]LT[0xffffffd9]@2[0xffffff94][0x8][0xffffff98][0xffffffa8][0xffffff92]pVS"x[0xffffffa2][0xffffffca][0xffffff95]'K[0xffffff89][0xffffffbc][0xffffff89]*W[0xffffffad][0x1c]%R&[0xffffffaa][0xffffffb4]x7(q9J<[0xffffffc7][0xffffffa0](q[0xffffffe1][0xffffff94][0xffffffb8][0x2](qi[0xffffffde][0xb][0x3]~a[0xffffff94][0xffffffb8][0xffffff92]([0xffffffa1]Qd([0xffffffe1][0x2][0xffffffc9]PBcYO[0xffffff89]5[0xffffff9c][0xffffffd5][0xffffff94]X#[0xffffff9a]D[0x9]S[0xffffff9e],%l[0xffffff97][0xffffffb2][0xffffff94]0[0xffffffd5][0xffffffca]QB[0xffffff9a][0xffffff96][0xffffffa2][0xffffff84][0x14][0xffffffef][0x6]%[0xffffffdc][0xffffffda][0xffffffe5]y[0xffffffbc]0J[0xffffffe0]k[0xffffff97]=`[0xffffffed][0xffffffb2][0xffffff9b]I[0xffffffb6][0xffffffc2][0xffffff80]ck[0xffffff97]]F[0xffffffd7]HJ[0xffffff84][0xffffffac]][0xffffffda]@2[0xffffff94][0x8]X[0xffffffbb][0xffffff94]pVS"x[0xffffffed][0xffffffd2][0xffffff95]'K[0xffffff89][0xffffffbc][0xffffffb5]KW[0xffffffad][0x1c]%R[0xffffffd6].[0xffffffb5]x7([0xffffffe1][0xffffffd6].[0xffffffcf][0xfffffff3][0xffffff85][0xffffffbd]+[0xffffff81][0xffffffaf]][0xfffffff6][0xffffff80][0xffffffb5][0xffffffcb]n&[0xffffffd9][\n]"
19:31:00.796 [main] DEBUG org.apache.hc.client5.http.wire - http-outgoing-1 << "[0x3][0xffffff8e][0xffffffad]]v[0x19]]#)[0x11][0xffffffb2]vi[0x3][0xffffffc9]P"`[0xffffffed]R[0xffffffc2]YM[0xffffff89][0xffffffe0][0xffffffb5]KW[0xffffff9e],%[0xfffffff2][0xffffffd6].][0xffffffb5]r[0xffffff94]HY[0xffffffbb][0xffffffd4][0xffffffe2][0xfffffffd]{J[0xc][0xffffffb7]vy[0xffffffce][0xffffffe7][0xffffff86](1[0xfffffff0][0xffffffb5][0xffffffcb][0x11][0xffffffb0]v9[0xffffffcc]$[][0xffffffc0][0x7][0xffffffb6]v9dt[\r][0xffffffa4][0xffffff84][0xffffff89]"B[0x9][0x1b]H[0xffffff84][0x12]&[0xffffff96][0xffffffe5][0xffffff94][0xffffff90]p[0x16]SB"[0x1a]D[0x9]W[0xffffff9e](%|[0xffffff97][0xffffffa2][0xffffff94]p[0xffffffd5][0xffffff8a]QB[0xffffff9b][0x16][0xffffffa2][0xffffff84][0x16][0xffffffef][0x6]%[0xffffff8e][0xffffffff][0xffffffd3][0xffffff84][0x12][0xfffffff3]5[0xffffffa9]C[0xffffffc6]?[0xffffffef][0x7][0xffffffa6][0xffffffc4][0xffffffe7][0x1d][0xffffffd0][0xffffff94][0xfffffff8][0xffffffe7][0x1e][0x18]J|^[0xffffff9d][0xffffffa1][0xffffffc4][0xffffffcf]+gPB[0xffffffa3][0xffffffc8]P[0xffffffc2][0x5][0xffffff92][0xffffffa1][0xffffff84][0xffffffc6][0xffffffb2][0xffffff9e][0x12]k8[0xffffffab])[0xffffffb1]F4[0xffffff89][0x12][0xffffffa6]<YJ[0xffffffd8].e)a[0xffffffaa][0xffffff95][0xffffffa3][0xffffff84]4-E[0x9])[0xffffffde][\r]J[0xffffffb8][0xffffffb5][0xffffffcb][0xffffffd9]n[0xffffffea][0xb][0xffffff8e][0xffffff81][0xffffffaf]][0xffffff8e][0xffffff80][0xffffffb5][0xffffffcb]a&[0xffffffd9][\n]"
19:31:00.797 [main] DEBUG org.apache.hc.client5.http.wire - http-outgoing-1 << "[0x3][0xffffff8e][0xffffffad]][0xe][0x19]]#)[0x11][0xffffffb2]vi[0x3][0xffffffc9]P"`[0xffffffed]R[0xffffffc2]YM[0xffffff89][0xffffffe0][0xffffffb5]KW[0xffffff9e],%[0xfffffff2][0xffffffd6].][0xffffffb5]r[0xffffff94]HY[0xffffffbb][0xffffffd4][0xffffffe2][0xffffffdd][0xffffffa0][0xffffff84][[0xffffffbb][0xffffff9c][0xfffffff3][0xffffffc4][0xffffff9e]J[0xffffffe0]k[0xffffff97]#`[0xffffffed]r[0xffffff98]I[0xffffffb6][0xffffffc2][0xffffff80]ck[0xffffff97]CF[0xffffffd7]HJ[0xffffff84][0xffffffac]][0xffffffda]@2[0xffffff94][0x8]X[0xffffffbb][0xffffff94]pVS"x[0xffffffed][0xffffffd2][0xffffff95]'K[0xffffff89][0xffffffbc][0xffffffb5]KW[0xffffffad][0x1c]%R[0xffffffd6].[0xffffffb5]x7([0xffffffe1][0xffffffd6].[0xffffffe7][0xffffffd5][0xffffffa9]38[0x6][0xffffffbe]v9[0x2][0xffffffd6].[0xffffff87][0xffffff99]d+[0xc]8[0xffffffb6]v9dt[0xffffff8d][0xffffffa4]D[0xffffffc8][0xffffffda][0xffffffa5][\r]$C[0xffffff89][0xffffff80][0xffffffb5]K[0x9]g5%[0xffffff82][0xffffffd7].]y[0xffffffb2][0xffffff94][0xffffffc8][[0xffffffbb]t[0xffffffd5][0xffffffca]Q"e[0xffffffed]R[0xffffff8b]w[0xffffff83][0x12][0xffffffa7][0xffffffa5][0xffffffc4]=(J[0xffffff9c]8%[0xffffffce][0x0]J[0xffffff9c][0xffffff9a][0xfffffff7][0xffffffc2][0xffffff80][0xffffff9f][0x18]%[0xffffffce]$Jh[0x14][0x19]J[0xffffffb8]@2[0xffffff94][0xffffffd0]X[0xffffffd6]Sb[\r]g5%[0xffffffd6][0xffffff88]&Q[0xffffffc2][0xffffff94]'K[0x9][0xffffffdb][0xffffffa5],%L[0xffffffb5]r[0xffffff94][0xffffff90][0xffffffa6][0xffffffa5](![0xffffffc5][0xffffffbb]A[0x9][0xffffffb7]v9[0xffffffef][0xffffffaf][0x7f]_[0x8]%[0xfffffff0][0xffffffb5][0xffffffcb][0x11][0xffffffb0]v9[0xffffffcc]$[a[0xffffffc0][0xffffffb1][0xffffffb5][0xffffffcb]![0xffffffa3]k$%B[0xffffffd6].m [0x19]J[0x4][0xffffffac]]J8[0xffffffab])[0x11][0xffffffbc]v[0xffffffe9][0xffffffca][0xffffff93][0xffffffa5]D[0xffffffde][0xffffffda][0xffffffa5][0xffffffab]V[0xffffff8e][0x12])k[0xffffff97]Z[0xffffffbc][0x1b][0xffffff94]pk[0xffffff97][0xfffffff3]ya[0xffffff94][0xffffffc0][0xffffffd7].G[0xffffffc0][0xffffffda][0xffffffe5]0[0xffffff93]l[0xffffff85][0x1][0xffffffc7][0xffffffd6].[0xffffff87][0xffffff8c][0xffffffae][0xffffff91][0xffffff94][0x8]Y[0xffffffbb][0xffffffb4][0xffffff81]d([0x11][0xffffffb0]v)[0xffffffe1][0xffffffac][0xffffffa6]D[0xfffffff0][0xffffffda][0xffffffa5]+O[0xffffff96][0x12]yk[0xffffff97][0xffffffae]Z9J[0xffffffa4][0xffffffac]]j[0xfffffff1]nP[0xffffffc2][0xffffffad]]^[0xffffffaf][0x1b][0xffffffdb][0xffffff95][0xffffffc0][0xffffffd7].G[0xffffffc0][0xffffffda][0xffffffe5]0[0xffffff93]l[0xffffff85][0x1][0xffffffc7][0xffffffd6].[0xffffff87][0xffffff8c][0xffffffae][0xffffff91][0xffffff94][0x8]Y[0xffffffbb][0xffffffb4][0xffffff81]d([0x11][0xffffffb0]v)[0xffffffe1][0xffffffac][0xffffffa6]D[0xfffffff0][0xffffffda][0xffffffa5]+O[0xffffff96][0x12]yk[0xffffff97][0xffffffae]Z9J[0xffffffa4][0xffffffac]]j[0xfffffff1]nP[0xffffffc2][0xffffffad]]^mbO%[0xfffffff0][0xffffffb5][0xffffffcb][0x11][0xffffffb0]v9[0xffffffcc]$[a[0xffffffc0][0xffffffb1][0xffffffb5][0xffffffcb]![0xffffffa3]k$%B[0xffffffd6].m [0x19]J[0x4][0xffffffac]]J8[0xffffffab])[0x11][0xffffffbc]v[0xffffffe9][0xffffffca][0xffffff93][0xffffffa5]D[0xffffffde][0xffffffda][0xffffffa5][0xffffffab]V[0xffffff8e][0x12])k[0xffffff97]Z[0xffffffbc][[0xffffff94][0xffffffe8]a[0xffffff94][0xffffffe8]8%z[0x0]%:J[0xffffff89][0xffffff8e]Q[0xffffffa2]'Qb[0xffffff8d]"E[0x9][\r]$E[0xffffff89]5[0xffffff96][0x4]%:L[0xffffff89][0x1e]L[0x9])O[0xffffff9a][0x12][0xffffffa6]KiJH[0xffffffb5][0xffffff92][0xffffff94][0xffffffe8])[0xffffff94][0xffffffe8][0xffffffff][0x1]%[0xffffffce]0J[0xffffff9c]8%[0xffffffce][0x0]J[0xffffff9c](%N[0xffffff8c][0x12]g[0x12]%[0xffffffd6](R[0xffffff94][0xffffffd0]@R[0xffffff94]XcIP[0xffffffe2][0xffffff84])q[0x6]SB[0xffffffca][0xffffff93][0xffffffa6][0xffffff84][0xffffffe9]R[0xffffff9a][0x12]R[0xffffffad]$%[0xffffffce][0x14]J[0xffffff9c][0xffffffff][0x1]%[0xffffff8e]+[0xffffffcc][0x12][0xffffffc7][0xffffff85]c[0xffffffe2][0xffffffe3][0x16]xM[0xfffffffc][0xffffffbc][0x9][0xffffff8a][0x13][0x1f][0xffffff97][0xffffffa7]<[0xfffffff1][0xffffffe3][0xffffffd2])[0xffffffa0][0xffffff90]<R[0xffffffa2]0[0xffffffa9][0xffffffa4]H![0xffffffd9]$L[0xffffffb1]$[0xffffffb4][0x1e][0x15]KN[0xffffffb3]T[0xffffffa1]5J[0xffffffb3][0xffffffc2][0xffffffb5]*[0xffffffed][\n]"
19:31:00.797 [main] DEBUG org.apache.hc.client5.http.wire - http-outgoing-1 << "-Y[0x12][0x16]k[0xffffffe7]r[0xffffffb2]X+x[0xffffff8b][0x16][0xffffffed][0xe][0xffffffa3]E[0xffffffbb]qZ|[0xffffffdc][0x2]O[0xffffff8b][0xffffff9f]7A[0xffffffd1][0xffffffe2][0xffffffe3][0xfffffff2][0x14]-~\:[0xffffff85][0x16][0xffffff92]G[0xffffff8a][0x16]&[0xffffff95][0x14]-$[0xffffff9b][0x4]-[0xffffff96][0xffffff84][0xffffffd6][0xffffffd3]b[0xffffffc9]i[0x16]-[0xffffffb4]FiZ[0xffffffb8]V[0xffffffa5]i[0xffffffa1]%K[0xffffffd2]b[0xffffffed]\[0xffffff8e][0x16]k[0x5]o[0xffffffd1]b[0x1c]a[0xffffffb4][0x18][0x7]N[0xffffff8b][0xffffff8f][[0xffffffe0]i[0xfffffff1][0xfffffff3]&(Z|\[0xffffff9e][0xffffffa2][0xffffffc5][0xffffff8f]K[0xffffffa7][0xffffffd0]B[0xfffffff2]H[0xffffffd1][0xffffffc2][0xffffffa4][0xffffff92][0xffffffa2][0xffffff85]d[0xffffff93][0xffffffa0][0xffffffc5][0xffffff92][0xffffffd0]zZ,9[0xffffffcd][0xffffffa2][0xffffff85][0xffffffd6](M[0xb][0xffffffd7][0xffffffaa]4-[0xffffffb4]dIZ[0xffffffac][0xffffff9d][0xffffffcb][0xffffffd1]b[0xffffffad][0xffffffe0][0xffffffbf][0xffffffa1][0xffffffc5][0xfffffffc][0xfffffffa]#[0xffffffe7]a[0xffffffbe][0xfffffff8][0xffffffb8][0xffffffdb]s[0xffffff96][0xffffffcb][0xffffffe2][0xffffffd7][0xfffffffd]P[0xffffffb0][0xfffffff8][0xffffffed][0xe]0W,[0xfffffff7]P[0xffffffcc][0xffffff8a][0xffffffdf][0xffffffae]^[0xffffffac][0xffffff8a][0xffffffff][0xffffffbd]2[0xffffff8c][0xffffff8a][0xffffffb7]Q,6[0xffffffc5][0x1f][0x2]YL[0xffffff8a][0xffffffb7][0xffffffb1],[0x14][0xffffffc5][0xffffff9b]p[0xffffff96][0xffffff81][0xffffffe2]MD"
19:31:00.804 [main] DEBUG org.apache.hc.client5.http.wire - http-outgoing-1 << "#<[0xfffffff1][0xffffffbe]<!N[0xfffffffc][0xffffffa9]K!M[0xffffffbc][0xffffffaf]V[0x0][0x13][0xffffffef][0xffffff9a][0xffffffb6][0xffffffdc][0x12][0xffffffef][0xffffff8a]w[0xffffff83][0x12][0xffffffee]$[0xffffffd1]{^[0xfffffff5]'[0xffffff89][0xfffffffe][0xffffffba][0x1f][0xffffff98][0x12][0xffffffe8]I[0xffffffa2][0xffffffcb]=0[0xffffff94][0x0]N[0x12][0xfffffffd][0xffffffdf]+gP[0x2]?I[0xfffffff4][0xf][0xffffff81]d([0xffffff81][0xffffff9e]$[0xfffffffa]&[0xffffff9c][0xffffffd5][0xffffff94][0xffffff88]<I[0xfffffff4]}y[0xffffffb2][0xffffff94]H:I[0xfffffff4]}[0xffffffb5]r[0xffffff94][0xffffffe0]O[0x12]}W[0xffffffbc][[0xffffff94]ha[0xffffff94]h8%Z[0x0]%[0x1a]J[0xffffff89][0xffffff86]Q[0xffffffa2]%Qb[0xffffff8d]"E[0x9][\r]$E[0xffffff89]5[0xffffff96][0x4]%[0x1a]L[0xffffff89][0x16]L[0x9])O[0xffffff9a][0x12][0xffffffa6]KiJH[0xffffffb5][0xffffff92][0xffffff94]h)[0xffffff94]h[0xffffffdf][0xffffffa6][0xffffff84];[0xffffff94][0xfffffffc][0xffffffbe][0x7]F[0x9][0xfffffff0]P[0xfffffff2][0xffffffdf][0xffffffee][0xffffff80][0xffffffa6][0x4]t([0xfffffff9]oWg([0xffffff91]q([0xfffffff9][0xffffffdb](2[0xffffff94][0x8]8[0xffffff94][0xfffffffc]m,[0xffffffeb])[0xffffff81][0x1d]J[0xfffffffe]&[0xffffffa2]I[0xffffff94][0xffffffc8]9[0xffffff94][0xfffffffc]O][0xffffffca]R"[0xffffffe3]P[0xfffffff2]wMKQ[0xffffffe2][[0xffffff87][0xffffff92][0xffffffff][0xfffffffc][0x1b][0xffffffee]P[0xfffffff2][0xffffffa7][\r][0xffffffec]][0x9][0xfffffff0]P[0xfffffff2][0xffffffdf][0xffffffee][0xffffff80][0xffffffa6][0x4]t([0xfffffff9]oWg([0xffffff91]q([0xfffffff9][0xffffffdb](2[0xffffff94][0x8]8[0xffffff94][0xfffffffc]m,[0xffffffeb])[0xffffff81][0x1d]J[0xfffffffe]&[0xffffffa2]I[0xffffff94][0xffffffc8]9[0xffffff94][0xfffffffc]O][0xffffffca]R"[0xffffffe3]P[0xfffffff2]wMKQ[0xffffffe2][[0xffffff87][0xffffff92][0xffffffff][0xfffffffc][0x1b][0xffffffa7][0xffffffa3][0xffffffc4][0x18][0xffffff93][0xffffffa2][0xffffffc4][0xffffff89]S[0xffffffe2][0xc][0xffffffa0][0xffffffc4][0xffffffa9]y/[0xc][0xfffffff8][0xffffff89]Q[0xffffffe2]L[0xffffffa2][0xffffff84]F[0xffffff91][0xffffffa1][0xffffff84][0xb]$C[0x9][0xffffff8d]e=%[0xffffffd6]pVSb[0xffffff8d]h[0x12]%Ly[0xffffffb2][0xffffff94][0xffffffb0]][0xffffffca]R[0xffffffc2]T+G[0x9]iZ[0xffffff8a][0x12]R[0xffffffbc][0x1b][0xffffff94][0xffffff98][0xffffff8e][0x12]w[0xffffffbb](JL[0xffffff9c][0x12]3[0xffffff80][0x12]S[0xfffffff3]^[0x18][0xfffffff0][0xffffff89]Qb&QB[0xffffffa3][0xffffffc8]P[0xffffffc2][0x5][0xffffff92][0xffffffa1][0xffffff84][0xffffffc6][0xffffffb2][0xffffff9e][0x12]k8[0xffffffab])[0xffffffb1]F4[0xffffff89][0x12][0xffffffa6]<YJ[0xffffffd8].e)a[0xffffffaa][0xffffff95][0xffffffa3][0xffffff84]4-E[0x9])[0xffffffde][\r]J[0xffffffb8][0xffffff93]D[0xffffff9f]gb[0xffffffef]J[0xffffff80]'[0xffffff89][0xfffffffe]v[0x7]4%[0xffffffa0][0xffffff93]D[0x7f][0xffffffbb]:C[0xffffff89][0xffffff8c][0xffffff93]D[0xffffffdf]F[0xffffff91][0xffffffa1]D[0xffffffc0]I[0xffffffa2]ocYO[0x9][0xffffffec]$[0xffffffd1]7[0x11]M[0xffffffa2]D[0xffffffce]I[0xffffffa2][0x7f][0xffffffea]R[0xffffff96][0x12][0x19]'[0xffffff89][0xffffffbe]kZ[0xffffff8a][0x12][0xffffffdf]:I[0xfffffff4][0xffffffe7][0xffffffdf]0'[0xffffff89][0xfffffff6][0xffffffd7][0xffffffeb][0x18][0x14]%[0xffffffc0][0xffffff93]D[0x7f][0xffffffbb][0x3][0xffffff9a][0x12][0xffffffd0]I[0xffffffa2][0xffffffbf]][0xffffff9d][0xffffffa1]D[0xffffffc6]I[0xffffffa2]o[0xffffffa3][0xffffffc8]P"[0xffffffe0]$[0xffffffd1][0xffffffb7][0xffffffb1][0xffffffac][0xffffffa7][0x4]v[0xffffff92][0xffffffe8][0xffffff9b][0xffffff88]&Q"[0xffffffe7]$[0xffffffd1]?u)K[0xffffff89][0xffffff8c][0xffffff93]D[0xffffffdf]5-E[0xffffff89]o[0xffffff9d]$[0xfffffffa][0xffffffe3]o[0xffffffcc][0xffffff97][0xffffffa5][0xffffffc4][0xffffffbc]!J|[0xffffffde][0xf]K[0xffffff89][0xffffffaf];[0xffffff80])[0xfffffff1][0xffffffef]= [0xffffff94][0xfffffff8][0xffffffba]:B[0xffffff89][0x7f][0xffffffae][0x1c]A[0x9][0x13]E[0xffffff84][0x12]6[0xffffff90][0x8]%L,[0xffffffcb])![0xffffffe1],[0xffffffa6][0xffffff84]D4[0xffffff88][0x12][0xffffffae]<QJ[0xfffffff8].E)[0xffffffe1][0xffffffaa][0x15][0xffffffa3][0xffffff84]6-D[0x9]-[0xffffffde][\r]J[0xffffff98][0xffffffb5][0xffffffcb][0xfffffffe]j/[0xffffff8c][0x12][0xfffffff8][0xffffffda][0xffffffe5][0xc]X[0xffffffbb][0xffffff9c]f[0xffffff92][0xffffffad]0[0xffffffe0][0xffffffd8][0xffffffda][0xffffffe5][0xffffff94][0xffffffd1]5[0xffffff92][0x12]!k[0xffffff97]6[0xffffff90][0xc]%[0x2][0xffffffd6].%[0xffffff9c][0xffffffd5][0xffffff94][0x8]^[0xffffffbb]t[0xffffffe5][0xffffffc9]R"o[0xffffffed][0xffffffd2]U+G[0xffffff89][0xffffff94][0xffffffb5]K-[0xffffffde][\r]J[0xffffff98][0xffffffb5][0xffffffcb][0xfffffffe]:o[0xffffffea][0xffffffb5][0xffffffcb][0xffffff89][0xffffffaf]][0xffffffce][0xffffff80][0xffffffb5][0xffffffcb]i&[0xffffffd9][\n]"
19:31:00.805 [main] DEBUG org.apache.hc.client5.http.wire - http-outgoing-1 << "[0x3][0xffffff8e][0xffffffad]]N[0x19]]#)[0x11][0xffffffb2]vi[0x3][0xffffffc9]P"`[0xffffffed]R[0xffffffc2]YM[0xffffff89][0xffffffe0][0xffffffb5]KW[0xffffff9e],%[0xfffffff2][0xffffffd6].][0xffffffb5]r[0xffffff94]HY[0xffffffbb][0xffffffd4][0xffffffe2][0xffffffdd][0xffffffa0][0xffffff84][0xffffff99][0xffffffa8][0xffffffea][0xffffffaf][0xfffffffb][0xffffffa0]v%&>Q5[0x3]&[0xffffffaa][0xffffffa6][0xffffffd9]Q)[0xc]86Q5e)[0xffffff85][0xffffffa4]D[0xffffffc8]D[0xffffff95][\r]$C[0xffffff89][0xffffff80][0xffffff89]*[0x9]g5%[0xffffff82]'[0xffffffaa]\y[0xffffffb2][0xffffff94][0xffffffc8][0xffffff9b][0xffffffa8]r[0xffffffd5][0xffffffca]Q"e[0xffffffa2]J[0xffffff8b]w[0xffffff83][0x12]f[0xffffffa2][0xffffffaa][0x1f]m[0xffffffbc](J[0xffffffe0][0x13]U3`[0xffffffa2]j[0xffffff9a][0x1d][0xffffff95][0xffffffc2][0xffffff80]c[0x13]US[0xffffff96]RHJ[0xffffff84]LT[0xffffffd9]@2[0xffffff94][0x8][0xffffff98][0xffffffa8][0xffffff92]pVS"x[0xffffffa2][0xffffffca][0xffffff95]'K[0xffffff89][0xffffffbc][0xffffff89]*W[0xffffffad][0x1c]%R&[0xffffffaa][0xffffffb4]x7(a&[0xffffffaa][0xfffffffa]1[0x6][0xfffffff6][0x3][0x7]>Q5[0x3]&[0xffffffaa][0xffffffa6][0xffffffd9]Q)[0xc]86Q5e)[0xffffff85][0xffffffa4]D[0xffffffc8]D[0xffffff95][\r]$C[0xffffff89][0xffffff80][0xffffff89]*[0x9]g5%[0xffffff82]'[0xffffffaa]\y[0xffffffb2][0xffffff94][0xffffffc8][0xffffff9b][0xffffffa8]r[0xffffffd5][0xffffffca]Q"e[0xffffffa2]J[0xffffff8b]w[0xffffff83][0x12][0xffffffd3]Q[0xffffffe2]z[0xffffffb0][0xffffffa7][0x12][0x13][0xffffffa7][0xffffffc4][0xc][0xffffffa0][0xffffffc4][0xffffffd4][0xffffffbc][0x17][0x6]|b[0xffffff94][0xffffff98]I[0xffffff94][0xffffffd0](2[0xffffff94]p[0xffffff81]d([0xffffffa1][0xffffffb1][0xffffffac][0xffffffa7][0xffffffc4][0x1a][0xffffffce]jJ[0xffffffac][0x11]M[0xffffffa2][0xffffff84])O[0xffffff96][0x12][0xffffffb6]KYJ[0xffffff98]j[0xffffffe5](!MKQB[0xffffff8a]w[0xffffff83][0x12][0xffffff97][0xffffffa1]D{[0xffffff9d][0xffffff8d][0xffffffa2][0xffffffc4][0xffffff85]S[0xffffffe2][\n]"
19:31:00.805 [main] DEBUG org.apache.hc.client5.http.wire - http-outgoing-1 << "[0xffffffa0][0xffffffc4][0xffffffa5]y/[0xc][0xfffffff8][0xffffff85]Q[0xffffffe2]J[0xffffffa2][0xffffff84]F[0xffffff91][0xffffffa1][0xffffff84][0xb]$C[0x9][0xffffff8d]e=%[0xffffffd6]pVSb[0xffffff8d]h[0x12]%Ly[0xffffffb2][0xffffff94][0xffffffb0]][0xffffffca]R[0xffffffc2]T+G[0x9]iZ[0xffffff8a][0x12]R[0xffffffbc][[0xffffff94]ha[0xffffff94][0xffffff80][0xf][0x19][0xffffffff][0xffffffba][0x3][0xffffff9e][0x12][0xffffffe0]![0xffffffe3]_W[0xffffffa7]([0xffffff91]s[0xffffffc8][0xffffffb8][0xffffff89]"E[0xffffff89][0xffffff90]C[0xffffffc6]M,[0x9]J[0xffffffa0][0xffffff87][0xffffff8c]KD[0xffffffb3]([0xffffff91]u[0xffffffc8][0xffffffb8][0xffffffef]R[0xffffff9a][0x12]9[0xffffff87][0xffffff8c]k[0xffffffd3]r[0xffffff94][0xfffffff8][0xfffffff6]![0xffffffe3][0xffffffd3][0xc]g[0xfffffff7]6[0xf]lW[0x2][0x1f][0xffffffce][0xffffff9e][0x1][0xffffffc3][0xffffffd9][0xffffffd3][0xffffffac][0xffffffbb][0x16][0x6][0x1c][0x1b][0xffffffce][0xffffff9e][0xffffffb2][0xffffffdf]JR"d8[0xffffffdb][0x6][0xffffff92][0xffffffa1]D[0xffffffc0]p[0xffffffb6][0xffffff84][0xffffffb3][0xffffff9a][0x12][0xffffffc1][0xffffffc3][0xffffffd9][0xffffffae]<YJ[0xffffffe4][\r]g[0xffffffbb]j[0xffffffe5]([0xffffff91]2[0xffffff9c][0xffffffad][0xffffffc5][0xffffffbb]A[0x9]7[0xffffff9c][0xffffffdd]_[0xffffffdc][0x17][0x1c][0xfffffff8]p[0xfffffff6][0xc][0x18][0xffffffce][0xffffff9e]f[0xffffffdd][0xffffffb5]0[0xffffffe0][0xffffffd8]p[0xfffffff6][0xffffff94][0xfffffffd]V[0xffffff92][0x12]![0xffffffc3][0xffffffd9]6[0xffffff90][0xc]%[0x2][0xffffff86][0xffffffb3]%[0xffffff9c][0xffffffd5][0xffffff94][0x8][0x1e][0xffffffce]v[0xffffffe5][0xffffffc9]R"o8[0xffffffdb]U+G[0xffffff89][0xffffff94][0xffffffe1]l-[0xffffffde][0xffffffbf][0xffffffa7][0xffffffc4][0xffffffe5][0xffffff86][0xffffffb3][0xfffffffb][0xffffffd1][0xffffffa8]][0xffffff89][0xb][0x1f][0xffffffce][0xffffffbe][0x2][0xffffff86][0xffffffb3]/[0xffffffb3][0xffffffee]Z[0x17][0xfffffff0][0xb][0x1b][0xffffffce][0xffffffbe]d[0xffffffbf][0x15][0xffffffa4][0xffffff84][0xffffff89]"B[0x9][0x1b]H[0xffffff84][0x12]&[0xffffff96][0xffffffe5][0xffffff94][0xffffff90]p[0x16]SB"[0x1a]D[0x9]W[0xffffff9e](%|[0xffffff97][0xffffffa2][0xffffff94]p[0xffffffd5][0xffffff8a]QB[0xffffff9b][0x16][0xffffffa2][0xffffff84][0x16][0xffffffef][0x6]%[0xffffffdc][0xffffffda]eo[0xffffff83]zW[0xffffffe2][0xffffffc2][0xffffffd7].[0xffffffaf][0xffffff80][0xffffffb5][0xffffffcb][0xffffffcb]L[0xffffffb2][0x15][0x6][0x1c][[0xffffffbb][0xffffffbc]dt[0xffffff8d][0xffffffa4]D[0xffffffc8][0xffffffda][0xffffffa5][\r]$C[0xffffff89][0xffffff80][0xffffffb5]K[0x9]g5%[0xffffff82][0xffffffd7].]y[0xffffffb2][0xffffff94][0xffffffc8][[0xffffffbb]t[0xffffffd5][0xffffffca]Q"e[0xffffffed]R[0xffffff8b]w[0xffffff83][0x12]n[0xffffffed][0xffffffb2][0xfffffff7]cR[0xffffff94][0xffffffc0][0xffffffd7].[0xffffffaf][0xffffff80][0xffffffb5][0xffffffcb][0xffffffcb]L[0xffffffb2][0x15][0x6][0x1c][[0xffffffbb][0xffffffbc]dt[0xffffff8d][0xffffffa4]D[0xffffffc8][0xffffffda][0xffffffa5][\r]$C[0xffffff89][0xffffff80][0xffffffb5]K[0x9]g5%[0xffffff82][0xffffffd7].]y[0xffffffb2][0xffffff94][0xffffffc8][[0xffffffbb]t[0xffffffd5][0xffffffca]Q"e[0xffffffed]R[0xffffff8b]w[0xffffff83][0x12]n[0xffffffed][0xffffffb2][0xffffff8f]kP[0xffffff94][0xffffffc0][0xffffffd7].[0xffffffaf][0xffffff80][0xffffffb5][0xffffffcb][0xffffffcb]L[0xffffffb2][0x15][0x6][0x1c][[0xffffffbb][0xffffffbc]dt[0xffffff8d][0xffffffa4]D[0xffffffc8][0xffffffda][0xffffffa5][\r]$C[0xffffff89][0xffffff80][0xffffffb5]K[0x9]g5%[0xffffff82][0xffffffd7].]y[0xffffffb2][0xffffff94][0xffffffc8][[0xffffffbb]t[0xffffffd5][0xffffffca]Q"e[0xffffffed]R[0xffffff8b]w[0xffffff83][0x12]n[0xffffffed][0xffffffb2]?[0xffffffd8][0xffffffc9][0xffffffa0][0x17][0xffffffbe]vy[0x5][0xffffffac]]^f[0xffffff92][0xffffffad]0[0xffffffe0][0xffffffd8][0xffffffda][0xffffffe5]%[0xffffffa3]k$%B[0xffffffd6].m [0x19]J[0x4][0xffffffac]]J8[0xffffffab])[0x11][0xffffffbc]v[0xffffffe9][0xffffffca][0xffffff93][0xffffffa5]D[0xffffffde][0xffffffda][0xffffffa5][0xffffffab]V[0xffffff8e][0x12])k[0xffffff97]Z[0xffffffbc][0x1b][0xffffff94]p[0x13]U[0xffffffe3]<[0xffffffa9][0xffffffe1][0xffffffec][0xb][0xffffff9f][0xffffffa8][0xffffffba][0x2]&[0xffffffaa].[0xffffffb3][0xffffffa3]R[0x18]pl[0xffffffa2][0xffffffea][0xffffff92][0xffffffa5][0x14][0xffffff92][0x12]![0x13]U6[0xffffff90][0xc]%[0x2]&[0xffffffaa]$[0xffffff9c][0xffffffd5][0xffffff94][0x8][0xffffff9e][0xffffffa8]r[0xffffffe5][0xffffffc9]R"o[0xffffffa2][0xffffffca]U+G[0xffffff89][0xffffff94][0xffffff89]*-[0xffffffde][\r]J[0xffffffb8]][0xffffff89]qa[0xffffffbb][0x12][0x17][0xffffffbe]+q[0x5][0xffffffec]J\[0xffffffe6][0xffffffe3][0xffffffe7][0xffffffc2][0xffffff80]c[0xffffffbb][0x12][0xffffff97]|[0xffffffde]LR"dW[0xffffffc2][0x6][0xffffff92][0xffffffa1]D[0xffffffc0][0xffffffae][0xffffff84][0xffffff84][0xffffffb3][0xffffff9a][0x12][0xffffffc1][0xffffffbb][0x12][0xffffffae]<YJ[0xffffffe4][0xffffffed]J[0xffffffb8]j[0xffffffe5]([0xffffff91][0xffffffb2]+[0xffffffa1][0xffffffc5][0xffffffbb]A[0x9][0xffffffb7]+q[0xffffffb6]W[0xffffffa7]([0xffffff81][0xffffffef]J\[0x1][0xffffffbb][0x12][0xffffff97][0xfffffff9][0xfffffff8][0xffffffb9]0[0xffffffe0][0xffffffd8][0xffffffae][0xffffffc4]%[0xffffff9f]7[0xffffff93][0xffffff94][0x8][0xffffffd9][0xffffff95][0xffffffb0][0xffffff81]d([0x11][0xffffffb0]+![0xffffffe1][0xffffffac][0xffffffa6]D[0xfffffff0][0xffffffae][0xffffff84]+O[0xffffff96][0x12]y[0xffffffbb][0x12][0xffffffae]Z9J[0xffffffa4][0xffffffec]Jh[0xfffffff1][0xfffffffe]=%n[0xffffffb7]+q~[0xfffffffc][0x3]Q[0xffffffe2][0xffffffc6]w%[0xffffffee][0xffffff80]][0xffffff89][0xffffffdb]|[0xfffffffc]\[0x17][0xfffffff0][0x1b][0xffffffdb][0xffffff95][0xffffffb8][0xffffffe5][0xfffffff3]f[0xffffff90][0x12]&[0xffffff8a][0x8]%l [0x11]J[0xffffff98]X[0xffffff96]SB[0xffffffc2]YL[0x9][0xffffff89]h[0x10]%\y[0xffffffa2][0xffffff94][0xfffffff0]][0xffffff8a]R[0xffffffc2]U+F[0x9]mZ[0xffffff88][0x12]Z[0xffffffbc][0x1b][0xffffff94]8[0x1c]%[0xffffffae][0xffffff9b]zW[0xffffffe2][0xfffffff3]~`J[0x1c][0x1][0xffffff94]84[0xffffffef][0xffffff85][0x1]?0J[0x1c]I[0xffffff94][0xffffffd0](2[0xffffff94]p[0xffffff81]d([0xffffffa1][0xffffffb1][0xffffffac][0xffffffa7][0xffffffc4][0x1a][0xffffffce]jJ[0xffffffac][0x11]M[0xffffffa2][0xffffff84])O[0xffffff96][0x12][0xffffffb6]KYJ[0xffffff98]j[0xffffffe5](!MKQB[0xffffff8a]w[0xffffff83][0x12]n[0xffffffa2][0xffffffea]|[0xffffffce][0xffffff87][0xffffffa2][0x4]>Qu[0x7]LT[0xffffffdd]fG[0xffffffa5]0[0xffffffe0][0xffffffd8]D[0xffffffd5]-K)$%B&[0xffffffaa]l [0x19]J[0x4]LTI8[0xffffffab])[0x11]<Q[0xffffffe5][0xffffffca][0xffffff93][0xffffffa5]D[0xffffffde]D[0xffffff95][0xffffffab]V[0xffffff8e][0x12])[0x13]UZ[0xffffffbc][[0xffffff94]ha[0xffffff94][0xffffff80]O[0x6][0xfffffffd][0xffffffba][0x3][0xffffff9e][0x12][0xffffffe0][0xffffffc9][0xffffffa0]_W[0xffffffa7]([0xffffff91]s2[0xffffffa8][0xffffff89]"E[0xffffff89][0xffffff90][0xffffff93]AM,[0x9]J[0xffffffa0]'[0xffffff83]JD[0xffffffb3]([0xffffff91]u2[0xffffffa8][0xffffffef]R[0xffffff9a][0x12]9'[0xffffff83]j[0xffffffd3]r[0xffffff94][0xfffffff8][0xfffffff6][0xffffffc9][0xffffffa0][0xffffffb7][[0xffffffbb][0xffffff9c][0xffffff9d][0xfffffffb][0xffffff81][0x3]_[0xffffffbb][0xffffffbc][0x3][0xffffffd6].o3[0xffffffc9]V[0x18]pl[0xffffffed][0xfffffff2][0xffffff96][0xffffffd1]5[0xffffff92][0x12]!k[0xffffff97]6[0xffffff90][0xc]%[0x2][0xffffffd6].%[0xffffff9c][0xffffffd5][0xffffff94][0x8]^[0xffffffbb]t[0xffffffe5][0xffffffc9]R"o[0xffffffed][0xffffffd2]U+G[0xffffff89][0xffffff94][0xffffffb5]K-[0xffffffde][\r]J[0xffffffb8][0xffffffb5][0xffffffcb]9N[0xffffffea]c[0xffffffd0][0x1b]_[0xffffffbb][0xffffffbc][0x3][0xffffffd6].o3[0xffffffc9]V[0x18]pl[0xffffffed][0xfffffff2][0xffffff96][0xffffffd1]5[0xffffff92][0x12]!k[0xffffff97]6[0xffffff90][0xc]%[0x2][0xffffffd6].%[0xffffff9c][0xffffffd5][0xffffff94][0x8]^[0xffffffbb]t[0xffffffe5][0xffffffc9]R"o[0xffffffed][0xffffffd2]U+G[0xffffff89][0xffffff94][0xffffffb5]K-[0xffffffde][\r]J[0xffffffb8][0xffffffb5][0xffffffcb]y[0x1e][0xffffffd8][0xf][0x1c][0xfffffff8][0xffffffda][0xffffffe5][0x1d][0xffffffb0]vy[0xffffff9b]I[0xffffffb6][0xffffffc2][0xffffff80]ck[0xffffff97][0xffffffb7][0xffffff8c][0xffffffae][0xffffff91][0xffffff94][0x8]Y[0xffffffbb][0xffffffb4][0xffffff81]d([0x11][0xffffffb0]v)[0xffffffe1][0xffffffac][0xffffffa6]D[0xfffffff0][0xffffffda][0xffffffa5]+O[0xffffff96][0x12]yk[0xffffff97][0xffffffae]Z9J[0xffffffa4][0xffffffac]]j[0xfffffff1]nPbZJ\[0xffffffd8][0xf][0x1c][0x13][0xffffffa7][0xffffffc4][0xc][0xffffffa0][0xffffffc4][0xffffffd4][0xffffffbc][0x17][0x6]|b[0xffffff94][0xffffff98]I[0xffffff94][0xffffffd0](2[0xffffff94]p[0xffffff81]d([0xffffffa1][0xffffffb1][0xffffffac][0xffffffa7][0xffffffc4][0x1a][0xffffffce]jJ[0xffffffac][0x11]M[0xffffffa2][0xffffff84])O[0xffffff96][0x12][0xffffffb6]KYJ[0xffffff98]j[0xffffffe5](!MKQB[0xffffff8a]w[0xffffff83][0x12]n8{[0xffffffce]sP[0xffffff94][0xffffffc0][0xffffff87][0xffffffb3][0xffffffef][0xffffff80][0xffffffe1][0xffffffec][0xffffffdb][0xffffffac][0xffffffbb][0x16][0x6][0x1c][0x1b][0xffffffce][0xffffffbe]e[0xffffffbf][0xffffff95][0xffffffa4]D[0xffffffc8]p[0xffffffb6][\r]$C[0xffffff89][0xffffff80][0xffffffe1]l[0x9]g5%[0xffffff82][0xffffff87][0xffffffb3]]y[0xffffffb2][0xffffff94][0xffffffc8][0x1b][0xffffffce]v[0xffffffd5][0xffffffca]Q"e8[[0xffffff8b]w[0xffffff83][0x12]n8{^[0xffffffd8][0xffffffda][0xffffffe5][0xffffff8d][0xf]g[0xffffffdf][0x1][0xffffffc3][0xffffffd9][0xffffffb7]Yw-[0xc]86[0xffffff9c]}[0xffffffcb]~+I[0xffffff89][0xffffff90][0xffffffe1]l[0x1b]H[0xffffff86][0x12][0x1][0xffffffc3][0xffffffd9][0x12][0xffffffce]jJ[0x4][0xf]g[0xffffffbb][0xfffffff2]d)[0xffffff91]7[0xffffff9c][0xffffffed][0xffffffaa][0xffffff95][0xffffffa3]D[0xffffffca]p[0xffffffb6][0x16][0xffffffef][0x6]%[0xffffffdc]p[0xfffffff6]|[0xffffffee][0xffffff93][0xffffffa2][0x4]>[0xffffff9c]}[0x7][0xc]g[0xffffffdf]f[0xffffffdd][0xffffffb5]0[0xffffffe0][0xffffffd8]p[0xfffffff6]-[0xfffffffb][0xffffffad]$%B[0xffffff86][0xffffffb3]m [0x19]J[0x4][0xc]gK8[0xffffffab])[0x11]<[0xffffff9c][0xffffffed][0xffffffca][0xffffff93][0xffffffa5]D[0xffffffde]p[0xffffffb6][0xffffffab]V[0xffffff8e][0x12])[0xffffffc3][0xffffffd9]Z[0xffffffbc][0x7f]O[0xffffff89][0xffffffc7][\r]g_[0xffffffe3]xA[0xffffff94]x[0xfffffff0][0xffffffe1][0xffffffec]'`8[0xfffffffb]1[0xffffffeb][0xffffffae]u[0x1][0x7f][0xffffffb0][0xffffffe1][0xffffffec]G[0xfffffff6][AJ[0xffffff98]("[0xffffff94][0xffffffb0][0xffffff81]D(abYN[0x9][0x9]g1%$[0xffffffa2]A[0xffffff94]p[0xffffffe5][0xffffff89]R[0xffffffc2]w)J[0x9]W[0xffffffad][0x18]%[0xffffffb4]i!Jh[0xfffffff1]nP[0xffffffc2][\r]g_[0xfffffff7][0xffffffa4][0xffffff9e]J<[0xfffffff8]p[0xfffffff6][0x13]0[0xffffff9c][0xfffffffd][0xffffff98]u[0xffffffd7][0xffffffc2][0xffffff80]c[0xffffffc3][0xffffffd9][0xffffff8f][0xffffffec][0xffffffb7][0xffffff92][0xffffff94][0x8][0x19][0xffffffce][0xffffffb6][0xffffff81]d([0x11]0[0xffffff9c]-[0xffffffe1][0xffffffac][0xffffffa6]D[0xfffffff0]p[0xffffffb6]+O[0xffffff96][0x12]y[0xffffffc3][0xffffffd9][0xffffffae]Z9J[0xffffffa4][0xc]gk[0xfffffff1]nP[0xffffffc2][\r]g[0xffffffdf][0xffffffaf][0xfffffff3][0xffffffa0]([0xffffff81][0xf]g?[0x1][0xffffffc3][0xffffffd9][0xffffff8f]Yw-[0xc]86[0xffffff9c][0xfffffffd][0xffffffc8]~+I[0xffffff89][0xffffff90][0xffffffe1]l[0x1b]H[0xffffff86][0x12][0x1][0xffffffc3][0xffffffd9][0x12][0xffffffce]jJ[0x4][0xf]g[0xffffffbb][0xfffffff2]d)[0xffffff91]7[0xffffff9c][0xffffffed][0xffffffaa][0xffffff95][0xffffffa3]D[0xffffffca]p[0xffffffb6][0x16][0xffffffef][0x6]%[0xffffffdc][0xffffffda][0xffffffe5]}[0xffffffbe]&E[0x9]|[0xffffffed][0xfffffff2][0x9]X[0xffffffbb]|[0xffffffcc]$[a[0xffffffc0][0xffffffb1][0xffffffb5][0xffffffcb]GF[0xffffffd7]HJ[0xffffff84][0xffffffac]][0xffffffda]@2[0xffffff94][0x8]X[0xffffffbb][0xffffff94]pVS"x[0xffffffed][0xffffffd2][0xffffff95]'K[0xffffff89][0xffffffbc][0xffffffb5]KW[0xffffffad][0x1c]%R[0xffffffd6].[0xffffffb5]x[0xffffffff]H[0xffffff89][0xffffffff][0xfffffffb][0xffffffff][0xfffffffe][0xffffffbf][0xffffffff][0x1f][0xffffff85]r[0xffffff80][0xffffffdc][0xffffffff][0xffffffba]([0x0]"
19:31:00.808 [main] DEBUG org.apache.hc.client5.http.impl.classic.InternalHttpClient - ep-0000000002 releasing valid endpoint
19:31:00.808 [main] DEBUG org.apache.hc.client5.http.impl.io.PoolingHttpClientConnectionManager - ep-0000000002 releasing endpoint
19:31:00.809 [main] DEBUG org.apache.hc.client5.http.impl.io.PoolingHttpClientConnectionManager - ep-0000000002 connection http-outgoing-1 can be kept alive for 3 MINUTES
19:31:00.809 [main] DEBUG org.apache.hc.client5.http.impl.io.PoolingHttpClientConnectionManager - ep-0000000002 connection released [route: {s}->https://googlechromelabs.github.io:443][total available: 2; route allocated: 1 of 5; total allocated: 2 of 25]
19:31:00.811 [main] INFO io.github.bonigarcia.wdm.WebDriverManager - Using chromedriver 134.0.6998.165 (resolved driver for Chrome 134)
19:31:00.814 [main] DEBUG io.github.bonigarcia.wdm.cache.ResolutionCache - Storing resolution chrome=134 in cache (valid until 20:31:00 27/03/2025 IST)
19:31:00.816 [main] DEBUG io.github.bonigarcia.wdm.cache.ResolutionCache - Storing resolution chrome134=134.0.6998.165 in cache (valid until 19:31:00 28/03/2025 IST)
19:31:00.834 [main] DEBUG io.github.bonigarcia.wdm.WebDriverManager - Driver chromedriver 134.0.6998.165 found in cache
19:31:00.834 [main] INFO io.github.bonigarcia.wdm.WebDriverManager - Exporting webdriver.chrome.driver as /Users/roshank/.cache/selenium/chromedriver/mac64/134.0.6998.165/chromedriver
19:31:01.046 [main] DEBUG io.netty.util.internal.logging.InternalLoggerFactory - Using SLF4J as the default logging framework
19:31:01.049 [main] DEBUG io.netty.util.ResourceLeakDetector - -Dio.netty.leakDetection.level: simple
19:31:01.050 [main] DEBUG io.netty.util.ResourceLeakDetector - -Dio.netty.leakDetection.targetRecords: 4
19:31:01.053 [main] DEBUG io.netty.util.ResourceLeakDetectorFactory - Loaded default ResourceLeakDetector: io.netty.util.ResourceLeakDetector@11a00961
19:31:01.071 [main] DEBUG io.netty.util.internal.PlatformDependent0 - -Dio.netty.noUnsafe: false
19:31:01.071 [main] DEBUG io.netty.util.internal.PlatformDependent0 - Java version: 23
19:31:01.072 [main] DEBUG io.netty.util.internal.PlatformDependent0 - sun.misc.Unsafe.theUnsafe: available
19:31:01.072 [main] DEBUG io.netty.util.internal.PlatformDependent0 - sun.misc.Unsafe.copyMemory: available
19:31:01.072 [main] DEBUG io.netty.util.internal.PlatformDependent0 - sun.misc.Unsafe.storeFence: available
19:31:01.073 [main] DEBUG io.netty.util.internal.PlatformDependent0 - java.nio.Buffer.address: available
19:31:01.073 [main] DEBUG io.netty.util.internal.PlatformDependent0 - direct buffer constructor: unavailable: java.nio.DirectByteBuffer.<init>(long,int)
19:31:01.074 [main] DEBUG io.netty.util.internal.PlatformDependent0 - java.nio.Bits.unaligned: available, true
19:31:01.075 [main] DEBUG io.netty.util.internal.PlatformDependent0 - jdk.internal.misc.Unsafe.allocateUninitializedArray(int): unavailable: class io.netty.util.internal.PlatformDependent0$7 cannot access class jdk.internal.misc.Unsafe (in module java.base) because module java.base does not export jdk.internal.misc to unnamed module @6d3a388c
19:31:01.077 [main] DEBUG io.netty.util.internal.PlatformDependent0 - java.nio.DirectByteBuffer.<init>(long, int): unavailable
19:31:01.078 [main] DEBUG io.netty.util.internal.PlatformDependent - sun.misc.Unsafe: available
19:31:01.081 [main] DEBUG io.netty.util.internal.PlatformDependent - maxDirectMemory: 4294967296 bytes (maybe)
19:31:01.082 [main] DEBUG io.netty.util.internal.PlatformDependent - -Dio.netty.tmpdir: /var/folders/1l/w5f8t4k558jbzmx3h__fbxw40000gq/T (java.io.tmpdir)
19:31:01.082 [main] DEBUG io.netty.util.internal.PlatformDependent - -Dio.netty.bitMode: 64 (sun.arch.data.model)
19:31:01.082 [main] DEBUG io.netty.util.internal.PlatformDependent - Platform: MacOS
19:31:01.082 [main] DEBUG io.netty.util.internal.PlatformDependent - -Dio.netty.maxDirectMemory: -1 bytes
19:31:01.082 [main] DEBUG io.netty.util.internal.PlatformDependent - -Dio.netty.uninitializedArrayAllocationThreshold: -1
19:31:01.086 [main] DEBUG io.netty.util.internal.CleanerJava9 - java.nio.ByteBuffer.cleaner(): available
19:31:01.086 [main] DEBUG io.netty.util.internal.PlatformDependent - -Dio.netty.noPreferDirect: false
19:31:01.091 [main] DEBUG io.netty.util.internal.PlatformDependent - org.jctools-core.MpscChunkedArrayQueue: available
19:31:01.125 [main] DEBUG io.netty.util.internal.InternalThreadLocalMap - -Dio.netty.threadLocalMap.stringBuilder.initialSize: 1024
19:31:01.125 [main] DEBUG io.netty.util.internal.InternalThreadLocalMap - -Dio.netty.threadLocalMap.stringBuilder.maxSize: 4096
19:31:01.142 [main] DEBUG io.netty.handler.ssl.JdkSslContext - Default protocols (JDK): [TLSv1.3, TLSv1.2] 
19:31:01.142 [main] DEBUG io.netty.handler.ssl.JdkSslContext - Default cipher suites (JDK): [TLS_ECDHE_ECDSA_WITH_AES_256_GCM_SHA384, TLS_ECDHE_ECDSA_WITH_AES_128_GCM_SHA256, TLS_ECDHE_RSA_WITH_AES_128_GCM_SHA256, TLS_ECDHE_RSA_WITH_AES_256_GCM_SHA384, TLS_ECDHE_RSA_WITH_AES_128_CBC_SHA, TLS_ECDHE_RSA_WITH_AES_256_CBC_SHA, TLS_RSA_WITH_AES_128_GCM_SHA256, TLS_RSA_WITH_AES_128_CBC_SHA, TLS_RSA_WITH_AES_256_CBC_SHA, TLS_AES_128_GCM_SHA256, TLS_AES_256_GCM_SHA384]
19:31:01.156 [main] DEBUG io.netty.util.concurrent.GlobalEventExecutor - -Dio.netty.globalEventExecutor.quietPeriodSeconds: 1
19:31:01.167 [main] DEBUG io.netty.channel.MultithreadEventLoopGroup - -Dio.netty.eventLoopThreads: 16
19:31:01.176 [main] DEBUG io.netty.channel.nio.NioEventLoop - -Dio.netty.noKeySetOptimization: false
19:31:01.176 [main] DEBUG io.netty.channel.nio.NioEventLoop - -Dio.netty.selectorAutoRebuildThreshold: 512
19:31:01.204 [main] DEBUG io.netty.buffer.PooledByteBufAllocator - -Dio.netty.allocator.numHeapArenas: 16
19:31:01.204 [main] DEBUG io.netty.buffer.PooledByteBufAllocator - -Dio.netty.allocator.numDirectArenas: 16
19:31:01.204 [main] DEBUG io.netty.buffer.PooledByteBufAllocator - -Dio.netty.allocator.pageSize: 8192
19:31:01.204 [main] DEBUG io.netty.buffer.PooledByteBufAllocator - -Dio.netty.allocator.maxOrder: 9
19:31:01.204 [main] DEBUG io.netty.buffer.PooledByteBufAllocator - -Dio.netty.allocator.chunkSize: 4194304
19:31:01.204 [main] DEBUG io.netty.buffer.PooledByteBufAllocator - -Dio.netty.allocator.smallCacheSize: 256
19:31:01.204 [main] DEBUG io.netty.buffer.PooledByteBufAllocator - -Dio.netty.allocator.normalCacheSize: 64
19:31:01.204 [main] DEBUG io.netty.buffer.PooledByteBufAllocator - -Dio.netty.allocator.maxCachedBufferCapacity: 32768
19:31:01.204 [main] DEBUG io.netty.buffer.PooledByteBufAllocator - -Dio.netty.allocator.cacheTrimInterval: 8192
19:31:01.204 [main] DEBUG io.netty.buffer.PooledByteBufAllocator - -Dio.netty.allocator.cacheTrimIntervalMillis: 0
19:31:01.204 [main] DEBUG io.netty.buffer.PooledByteBufAllocator - -Dio.netty.allocator.useCacheForAllThreads: false
19:31:01.204 [main] DEBUG io.netty.buffer.PooledByteBufAllocator - -Dio.netty.allocator.maxCachedByteBuffersPerChunk: 1023
19:31:01.213 [main] DEBUG io.netty.buffer.ByteBufUtil - -Dio.netty.allocator.type: pooled
19:31:01.213 [main] DEBUG io.netty.buffer.ByteBufUtil - -Dio.netty.threadLocalDirectBufferSize: 0
19:31:01.213 [main] DEBUG io.netty.buffer.ByteBufUtil - -Dio.netty.maxThreadLocalCharBufferSize: 16384
19:31:01.843 [Forwarding newSession on session null to remote] DEBUG io.netty.channel.DefaultChannelId - -Dio.netty.processId: 46603 (auto-detected)
19:31:01.845 [Forwarding newSession on session null to remote] DEBUG io.netty.util.NetUtil - -Djava.net.preferIPv4Stack: false
19:31:01.845 [Forwarding newSession on session null to remote] DEBUG io.netty.util.NetUtil - -Djava.net.preferIPv6Addresses: false
19:31:01.853 [Forwarding newSession on session null to remote] DEBUG io.netty.util.NetUtilInitializations - Loopback interface: lo0 (lo0, 0:0:0:0:0:0:0:1%lo0)
19:31:01.854 [Forwarding newSession on session null to remote] DEBUG io.netty.util.NetUtil - Failed to get SOMAXCONN from sysctl and file /proc/sys/net/core/somaxconn. Default: 128
19:31:01.856 [Forwarding newSession on session null to remote] DEBUG io.netty.channel.DefaultChannelId - -Dio.netty.machineId: ac:de:48:ff:fe:00:11:22 (auto-detected)
19:31:01.901 [AsyncHttpClient-1-2] DEBUG io.netty.buffer.AbstractByteBuf - -Dio.netty.buffer.checkAccessible: true
19:31:01.901 [AsyncHttpClient-1-2] DEBUG io.netty.buffer.AbstractByteBuf - -Dio.netty.buffer.checkBounds: true
19:31:01.901 [AsyncHttpClient-1-2] DEBUG io.netty.util.ResourceLeakDetectorFactory - Loaded default ResourceLeakDetector: io.netty.util.ResourceLeakDetector@4cfe287f
19:31:01.961 [AsyncHttpClient-1-2] DEBUG io.netty.util.Recycler - -Dio.netty.recycler.maxCapacityPerThread: 4096
19:31:01.961 [AsyncHttpClient-1-2] DEBUG io.netty.util.Recycler - -Dio.netty.recycler.ratio: 8
19:31:01.961 [AsyncHttpClient-1-2] DEBUG io.netty.util.Recycler - -Dio.netty.recycler.chunkSize: 32
19:31:01.961 [AsyncHttpClient-1-2] DEBUG io.netty.util.Recycler - -Dio.netty.recycler.blocking: false
19:31:01.961 [AsyncHttpClient-1-2] DEBUG io.netty.util.Recycler - -Dio.netty.recycler.batchFastThreadLocalOnly: true
19:31:02.026 [AsyncHttpClient-1-2] DEBUG io.netty.handler.ssl.util.InsecureTrustManagerFactory - Accepting a server certificate: CN=lambdatest.com
19:31:02.075 [AsyncHttpClient-1-2] DEBUG org.asynchttpclient.netty.channel.NettyConnectListener - Using new Channel '[id: 0x143e8858, L:/192.168.100.119:55408 - R:hub.lambdatest.com/43.204.87.215:443]' for 'POST' to '/wd/hub/session'
19:31:02.101 [AsyncHttpClient-1-2] DEBUG io.netty.handler.ssl.SslHandler - [id: 0x143e8858, L:/192.168.100.119:55408 - R:hub.lambdatest.com/43.204.87.215:443] HANDSHAKEN: protocol:TLSv1.2 cipher suite:TLS_ECDHE_RSA_WITH_AES_128_GCM_SHA256
19:31:13.381 [AsyncHttpClient-1-2] DEBUG io.netty.handler.codec.compression.Brotli - brotli4j not in the classpath; Brotli support will be unavailable.
19:31:13.382 [AsyncHttpClient-1-2] DEBUG org.asynchttpclient.netty.handler.HttpHandler - 

Request DefaultHttpRequest(decodeResult: success, version: HTTP/1.1)
POST /wd/hub/session HTTP/1.1
User-Agent: selenium/4.10.0 (java mac)
traceparent: 00-6388563ccbfdf0f998b09455804eab0a-004daee6829dee9c-01
Content-Length: 351
Content-Type: application/json; charset=utf-8
host: hub.lambdatest.com
authorization: Basic cm9zaGFuazpMVF8wdXVaNmxZbjhzeFE1NWFHWWlYTERHM2x3YWtmRXNjY3h1V0JCZm00RWVNYjRXbQ==
accept: */*

Response DefaultHttpResponse(decodeResult: success, version: HTTP/1.1)
HTTP/1.1 200 OK
Date: Thu, 27 Mar 2025 14:01:13 GMT
Content-Type: application/json
Content-Length: 854
Connection: keep-alive
Vary: Accept-Encoding

19:31:13.394 [AsyncHttpClient-1-2] DEBUG org.asynchttpclient.netty.channel.ChannelManager - Adding key: https://hub.lambdatest.com:443 for channel [id: 0x143e8858, L:/192.168.100.119:55408 - R:hub.lambdatest.com/43.204.87.215:443]
19:31:13.496 [Forwarding setTimeout on session 290045122958190ce15a9388800a1a3e to remote] DEBUG org.asynchttpclient.netty.request.NettyRequestSender - Using pooled Channel '[id: 0x143e8858, L:/192.168.100.119:55408 - R:hub.lambdatest.com/43.204.87.215:443]' for 'POST' to 'https://roshank:LT_0uuZ6lYn8sxQ55aGYiXLDG3lwakfEsccxuWBBfm4EeMb4Wm@hub.lambdatest.com/wd/hub/session/290045122958190ce15a9388800a1a3e/timeouts'
19:31:13.497 [Forwarding setTimeout on session 290045122958190ce15a9388800a1a3e to remote] DEBUG org.asynchttpclient.netty.request.NettyRequestSender - Using open Channel [id: 0x143e8858, L:/192.168.100.119:55408 - R:hub.lambdatest.com/43.204.87.215:443] for POST '/wd/hub/session/290045122958190ce15a9388800a1a3e/timeouts'
19:31:13.805 [AsyncHttpClient-1-2] DEBUG org.asynchttpclient.netty.handler.HttpHandler - 

Request DefaultHttpRequest(decodeResult: success, version: HTTP/1.1)
POST /wd/hub/session/290045122958190ce15a9388800a1a3e/timeouts HTTP/1.1
User-Agent: selenium/4.10.0 (java mac)
traceparent: 00-b2f7c5053644a5b6d3bf5d616bf8105f-d4228785cd222443-01
Content-Length: 23
Content-Type: application/json; charset=utf-8
host: hub.lambdatest.com
authorization: Basic cm9zaGFuazpMVF8wdXVaNmxZbjhzeFE1NWFHWWlYTERHM2x3YWtmRXNjY3h1V0JCZm00RWVNYjRXbQ==
accept: */*

Response DefaultHttpResponse(decodeResult: success, version: HTTP/1.1)
HTTP/1.1 200 OK
Date: Thu, 27 Mar 2025 14:01:13 GMT
Content-Type: application/json
Content-Length: 14
Connection: keep-alive

19:31:13.806 [AsyncHttpClient-1-2] DEBUG org.asynchttpclient.netty.channel.ChannelManager - Adding key: https://hub.lambdatest.com:443 for channel [id: 0x143e8858, L:/192.168.100.119:55408 - R:hub.lambdatest.com/43.204.87.215:443]
19:31:13.817 [Forwarding get on session 290045122958190ce15a9388800a1a3e to remote] DEBUG org.asynchttpclient.netty.request.NettyRequestSender - Using pooled Channel '[id: 0x143e8858, L:/192.168.100.119:55408 - R:hub.lambdatest.com/43.204.87.215:443]' for 'POST' to 'https://roshank:LT_0uuZ6lYn8sxQ55aGYiXLDG3lwakfEsccxuWBBfm4EeMb4Wm@hub.lambdatest.com/wd/hub/session/290045122958190ce15a9388800a1a3e/url'
19:31:13.817 [Forwarding get on session 290045122958190ce15a9388800a1a3e to remote] DEBUG org.asynchttpclient.netty.request.NettyRequestSender - Using open Channel [id: 0x143e8858, L:/192.168.100.119:55408 - R:hub.lambdatest.com/43.204.87.215:443] for POST '/wd/hub/session/290045122958190ce15a9388800a1a3e/url'
19:31:15.983 [AsyncHttpClient-1-2] DEBUG org.asynchttpclient.netty.handler.HttpHandler - 

Request DefaultHttpRequest(decodeResult: success, version: HTTP/1.1)
POST /wd/hub/session/290045122958190ce15a9388800a1a3e/url HTTP/1.1
User-Agent: selenium/4.10.0 (java mac)
traceparent: 00-c4d8cb7f7e1c861135fd3a7b544f10d1-0d2fe3dc999e1b94-01
Content-Length: 61
Content-Type: application/json; charset=utf-8
host: hub.lambdatest.com
authorization: Basic cm9zaGFuazpMVF8wdXVaNmxZbjhzeFE1NWFHWWlYTERHM2x3YWtmRXNjY3h1V0JCZm00RWVNYjRXbQ==
accept: */*

Response DefaultHttpResponse(decodeResult: success, version: HTTP/1.1)
HTTP/1.1 200 OK
Date: Thu, 27 Mar 2025 14:01:15 GMT
Content-Type: application/json
Content-Length: 14
Connection: keep-alive

19:31:15.984 [AsyncHttpClient-1-2] DEBUG org.asynchttpclient.netty.channel.ChannelManager - Adding key: https://hub.lambdatest.com:443 for channel [id: 0x143e8858, L:/192.168.100.119:55408 - R:hub.lambdatest.com/43.204.87.215:443]
19:31:15.990 [Forwarding findElement on session 290045122958190ce15a9388800a1a3e to remote] DEBUG org.asynchttpclient.netty.request.NettyRequestSender - Using pooled Channel '[id: 0x143e8858, L:/192.168.100.119:55408 - R:hub.lambdatest.com/43.204.87.215:443]' for 'POST' to 'https://roshank:LT_0uuZ6lYn8sxQ55aGYiXLDG3lwakfEsccxuWBBfm4EeMb4Wm@hub.lambdatest.com/wd/hub/session/290045122958190ce15a9388800a1a3e/element'
19:31:15.990 [Forwarding findElement on session 290045122958190ce15a9388800a1a3e to remote] DEBUG org.asynchttpclient.netty.request.NettyRequestSender - Using open Channel [id: 0x143e8858, L:/192.168.100.119:55408 - R:hub.lambdatest.com/43.204.87.215:443] for POST '/wd/hub/session/290045122958190ce15a9388800a1a3e/element'
19:31:16.331 [AsyncHttpClient-1-2] DEBUG org.asynchttpclient.netty.handler.HttpHandler - 

Request DefaultHttpRequest(decodeResult: success, version: HTTP/1.1)
POST /wd/hub/session/290045122958190ce15a9388800a1a3e/element HTTP/1.1
User-Agent: selenium/4.10.0 (java mac)
traceparent: 00-14603737e33d55c1930fb6274be4ada3-728d26bedf0da3f6-01
Content-Length: 50
Content-Type: application/json; charset=utf-8
host: hub.lambdatest.com
authorization: Basic cm9zaGFuazpMVF8wdXVaNmxZbjhzeFE1NWFHWWlYTERHM2x3YWtmRXNjY3h1V0JCZm00RWVNYjRXbQ==
accept: */*

Response DefaultHttpResponse(decodeResult: success, version: HTTP/1.1)
HTTP/1.1 200 OK
Date: Thu, 27 Mar 2025 14:01:16 GMT
Content-Type: application/json
Content-Length: 126
Connection: keep-alive
Vary: Accept-Encoding

19:31:16.332 [AsyncHttpClient-1-2] DEBUG org.asynchttpclient.netty.channel.ChannelManager - Adding key: https://hub.lambdatest.com:443 for channel [id: 0x143e8858, L:/192.168.100.119:55408 - R:hub.lambdatest.com/43.204.87.215:443]
19:31:16.344 [Forwarding sendKeysToElement on session 290045122958190ce15a9388800a1a3e to remote] DEBUG org.asynchttpclient.netty.request.NettyRequestSender - Using pooled Channel '[id: 0x143e8858, L:/192.168.100.119:55408 - R:hub.lambdatest.com/43.204.87.215:443]' for 'POST' to 'https://roshank:LT_0uuZ6lYn8sxQ55aGYiXLDG3lwakfEsccxuWBBfm4EeMb4Wm@hub.lambdatest.com/wd/hub/session/290045122958190ce15a9388800a1a3e/element/f.E849424D1A08DF7CE9DCC818C7112D39.d.DB3DE0B18B24CDFC36323A3246320B3E.e.29/value'
19:31:16.344 [Forwarding sendKeysToElement on session 290045122958190ce15a9388800a1a3e to remote] DEBUG org.asynchttpclient.netty.request.NettyRequestSender - Using open Channel [id: 0x143e8858, L:/192.168.100.119:55408 - R:hub.lambdatest.com/43.204.87.215:443] for POST '/wd/hub/session/290045122958190ce15a9388800a1a3e/element/f.E849424D1A08DF7CE9DCC818C7112D39.d.DB3DE0B18B24CDFC36323A3246320B3E.e.29/value'
19:31:16.726 [AsyncHttpClient-1-2] DEBUG org.asynchttpclient.netty.handler.HttpHandler - 

Request DefaultHttpRequest(decodeResult: success, version: HTTP/1.1)
POST /wd/hub/session/290045122958190ce15a9388800a1a3e/element/f.E849424D1A08DF7CE9DCC818C7112D39.d.DB3DE0B18B24CDFC36323A3246320B3E.e.29/value HTTP/1.1
User-Agent: selenium/4.10.0 (java mac)
traceparent: 00-8d96d6528e28fe2b105d1092171a1362-ad08c73d04d174c9-01
Content-Length: 379
Content-Type: application/json; charset=utf-8
host: hub.lambdatest.com
authorization: Basic cm9zaGFuazpMVF8wdXVaNmxZbjhzeFE1NWFHWWlYTERHM2x3YWtmRXNjY3h1V0JCZm00RWVNYjRXbQ==
accept: */*

Response DefaultHttpResponse(decodeResult: success, version: HTTP/1.1)
HTTP/1.1 200 OK
Date: Thu, 27 Mar 2025 14:01:16 GMT
Content-Type: application/json
Content-Length: 14
Connection: keep-alive

19:31:16.727 [AsyncHttpClient-1-2] DEBUG org.asynchttpclient.netty.channel.ChannelManager - Adding key: https://hub.lambdatest.com:443 for channel [id: 0x143e8858, L:/192.168.100.119:55408 - R:hub.lambdatest.com/43.204.87.215:443]
19:31:16.732 [Forwarding findElement on session 290045122958190ce15a9388800a1a3e to remote] DEBUG org.asynchttpclient.netty.request.NettyRequestSender - Using pooled Channel '[id: 0x143e8858, L:/192.168.100.119:55408 - R:hub.lambdatest.com/43.204.87.215:443]' for 'POST' to 'https://roshank:LT_0uuZ6lYn8sxQ55aGYiXLDG3lwakfEsccxuWBBfm4EeMb4Wm@hub.lambdatest.com/wd/hub/session/290045122958190ce15a9388800a1a3e/element'
19:31:16.732 [Forwarding findElement on session 290045122958190ce15a9388800a1a3e to remote] DEBUG org.asynchttpclient.netty.request.NettyRequestSender - Using open Channel [id: 0x143e8858, L:/192.168.100.119:55408 - R:hub.lambdatest.com/43.204.87.215:443] for POST '/wd/hub/session/290045122958190ce15a9388800a1a3e/element'
19:31:16.918 [AsyncHttpClient-1-2] DEBUG org.asynchttpclient.netty.handler.HttpHandler - 

Request DefaultHttpRequest(decodeResult: success, version: HTTP/1.1)
POST /wd/hub/session/290045122958190ce15a9388800a1a3e/element HTTP/1.1
User-Agent: selenium/4.10.0 (java mac)
traceparent: 00-1f801d093be76da5b2aefb54499380b3-a4e5c8c275e1b808-01
Content-Length: 53
Content-Type: application/json; charset=utf-8
host: hub.lambdatest.com
authorization: Basic cm9zaGFuazpMVF8wdXVaNmxZbjhzeFE1NWFHWWlYTERHM2x3YWtmRXNjY3h1V0JCZm00RWVNYjRXbQ==
accept: */*

Response DefaultHttpResponse(decodeResult: success, version: HTTP/1.1)
HTTP/1.1 200 OK
Date: Thu, 27 Mar 2025 14:01:16 GMT
Content-Type: application/json
Content-Length: 126
Connection: keep-alive
Vary: Accept-Encoding

19:31:16.919 [AsyncHttpClient-1-2] DEBUG org.asynchttpclient.netty.channel.ChannelManager - Adding key: https://hub.lambdatest.com:443 for channel [id: 0x143e8858, L:/192.168.100.119:55408 - R:hub.lambdatest.com/43.204.87.215:443]
19:31:16.924 [Forwarding sendKeysToElement on session 290045122958190ce15a9388800a1a3e to remote] DEBUG org.asynchttpclient.netty.request.NettyRequestSender - Using pooled Channel '[id: 0x143e8858, L:/192.168.100.119:55408 - R:hub.lambdatest.com/43.204.87.215:443]' for 'POST' to 'https://roshank:LT_0uuZ6lYn8sxQ55aGYiXLDG3lwakfEsccxuWBBfm4EeMb4Wm@hub.lambdatest.com/wd/hub/session/290045122958190ce15a9388800a1a3e/element/f.E849424D1A08DF7CE9DCC818C7112D39.d.DB3DE0B18B24CDFC36323A3246320B3E.e.30/value'
19:31:16.925 [Forwarding sendKeysToElement on session 290045122958190ce15a9388800a1a3e to remote] DEBUG org.asynchttpclient.netty.request.NettyRequestSender - Using open Channel [id: 0x143e8858, L:/192.168.100.119:55408 - R:hub.lambdatest.com/43.204.87.215:443] for POST '/wd/hub/session/290045122958190ce15a9388800a1a3e/element/f.E849424D1A08DF7CE9DCC818C7112D39.d.DB3DE0B18B24CDFC36323A3246320B3E.e.30/value'
19:31:17.150 [AsyncHttpClient-1-2] DEBUG org.asynchttpclient.netty.handler.HttpHandler - 

Request DefaultHttpRequest(decodeResult: success, version: HTTP/1.1)
POST /wd/hub/session/290045122958190ce15a9388800a1a3e/element/f.E849424D1A08DF7CE9DCC818C7112D39.d.DB3DE0B18B24CDFC36323A3246320B3E.e.30/value HTTP/1.1
User-Agent: selenium/4.10.0 (java mac)
traceparent: 00-ecf4df5b318ff7627d85134798f195b6-42c053b04f84658d-01
Content-Length: 249
Content-Type: application/json; charset=utf-8
host: hub.lambdatest.com
authorization: Basic cm9zaGFuazpMVF8wdXVaNmxZbjhzeFE1NWFHWWlYTERHM2x3YWtmRXNjY3h1V0JCZm00RWVNYjRXbQ==
accept: */*

Response DefaultHttpResponse(decodeResult: success, version: HTTP/1.1)
HTTP/1.1 200 OK
Date: Thu, 27 Mar 2025 14:01:17 GMT
Content-Type: application/json
Content-Length: 14
Connection: keep-alive

19:31:17.151 [AsyncHttpClient-1-2] DEBUG org.asynchttpclient.netty.channel.ChannelManager - Adding key: https://hub.lambdatest.com:443 for channel [id: 0x143e8858, L:/192.168.100.119:55408 - R:hub.lambdatest.com/43.204.87.215:443]
19:31:17.155 [Forwarding findElement on session 290045122958190ce15a9388800a1a3e to remote] DEBUG org.asynchttpclient.netty.request.NettyRequestSender - Using pooled Channel '[id: 0x143e8858, L:/192.168.100.119:55408 - R:hub.lambdatest.com/43.204.87.215:443]' for 'POST' to 'https://roshank:LT_0uuZ6lYn8sxQ55aGYiXLDG3lwakfEsccxuWBBfm4EeMb4Wm@hub.lambdatest.com/wd/hub/session/290045122958190ce15a9388800a1a3e/element'
19:31:17.155 [Forwarding findElement on session 290045122958190ce15a9388800a1a3e to remote] DEBUG org.asynchttpclient.netty.request.NettyRequestSender - Using open Channel [id: 0x143e8858, L:/192.168.100.119:55408 - R:hub.lambdatest.com/43.204.87.215:443] for POST '/wd/hub/session/290045122958190ce15a9388800a1a3e/element'
19:31:17.341 [AsyncHttpClient-1-2] DEBUG org.asynchttpclient.netty.handler.HttpHandler - 

Request DefaultHttpRequest(decodeResult: success, version: HTTP/1.1)
POST /wd/hub/session/290045122958190ce15a9388800a1a3e/element HTTP/1.1
User-Agent: selenium/4.10.0 (java mac)
traceparent: 00-2994fc886b685d7630b24e0a66bfa340-c58e6b566289b748-01
Content-Length: 73
Content-Type: application/json; charset=utf-8
host: hub.lambdatest.com
authorization: Basic cm9zaGFuazpMVF8wdXVaNmxZbjhzeFE1NWFHWWlYTERHM2x3YWtmRXNjY3h1V0JCZm00RWVNYjRXbQ==
accept: */*

Response DefaultHttpResponse(decodeResult: success, version: HTTP/1.1)
HTTP/1.1 200 OK
Date: Thu, 27 Mar 2025 14:01:17 GMT
Content-Type: application/json
Content-Length: 125
Connection: keep-alive
Vary: Accept-Encoding

19:31:17.342 [AsyncHttpClient-1-2] DEBUG org.asynchttpclient.netty.channel.ChannelManager - Adding key: https://hub.lambdatest.com:443 for channel [id: 0x143e8858, L:/192.168.100.119:55408 - R:hub.lambdatest.com/43.204.87.215:443]
19:31:17.348 [Forwarding clickElement on session 290045122958190ce15a9388800a1a3e to remote] DEBUG org.asynchttpclient.netty.request.NettyRequestSender - Using pooled Channel '[id: 0x143e8858, L:/192.168.100.119:55408 - R:hub.lambdatest.com/43.204.87.215:443]' for 'POST' to 'https://roshank:LT_0uuZ6lYn8sxQ55aGYiXLDG3lwakfEsccxuWBBfm4EeMb4Wm@hub.lambdatest.com/wd/hub/session/290045122958190ce15a9388800a1a3e/element/f.E849424D1A08DF7CE9DCC818C7112D39.d.DB3DE0B18B24CDFC36323A3246320B3E.e.3/click'
19:31:17.348 [Forwarding clickElement on session 290045122958190ce15a9388800a1a3e to remote] DEBUG org.asynchttpclient.netty.request.NettyRequestSender - Using open Channel [id: 0x143e8858, L:/192.168.100.119:55408 - R:hub.lambdatest.com/43.204.87.215:443] for POST '/wd/hub/session/290045122958190ce15a9388800a1a3e/element/f.E849424D1A08DF7CE9DCC818C7112D39.d.DB3DE0B18B24CDFC36323A3246320B3E.e.3/click'
19:31:17.574 [AsyncHttpClient-1-2] DEBUG org.asynchttpclient.netty.handler.HttpHandler - 

Request DefaultHttpRequest(decodeResult: success, version: HTTP/1.1)
POST /wd/hub/session/290045122958190ce15a9388800a1a3e/element/f.E849424D1A08DF7CE9DCC818C7112D39.d.DB3DE0B18B24CDFC36323A3246320B3E.e.3/click HTTP/1.1
User-Agent: selenium/4.10.0 (java mac)
traceparent: 00-d625cc569ea03cdbd54fdf90173b8a6b-dfc9b7646dc31c16-01
Content-Length: 87
Content-Type: application/json; charset=utf-8
host: hub.lambdatest.com
authorization: Basic cm9zaGFuazpMVF8wdXVaNmxZbjhzeFE1NWFHWWlYTERHM2x3YWtmRXNjY3h1V0JCZm00RWVNYjRXbQ==
accept: */*

Response DefaultHttpResponse(decodeResult: success, version: HTTP/1.1)
HTTP/1.1 200 OK
Date: Thu, 27 Mar 2025 14:01:17 GMT
Content-Type: application/json
Content-Length: 14
Connection: keep-alive

19:31:17.575 [AsyncHttpClient-1-2] DEBUG org.asynchttpclient.netty.channel.ChannelManager - Adding key: https://hub.lambdatest.com:443 for channel [id: 0x143e8858, L:/192.168.100.119:55408 - R:hub.lambdatest.com/43.204.87.215:443]
19:31:17.601 [AsyncHttpClient-1-1] DEBUG org.asynchttpclient.netty.channel.DefaultChannelPool - Entry count for : https://hub.lambdatest.com:443 : 1
19:31:18.697 [AsyncHttpClient-1-1] DEBUG org.asynchttpclient.netty.channel.DefaultChannelPool - Entry count for : https://hub.lambdatest.com:443 : 1
19:31:19.799 [AsyncHttpClient-1-1] DEBUG org.asynchttpclient.netty.channel.DefaultChannelPool - Entry count for : https://hub.lambdatest.com:443 : 1
19:31:20.901 [AsyncHttpClient-1-1] DEBUG org.asynchttpclient.netty.channel.DefaultChannelPool - Entry count for : https://hub.lambdatest.com:443 : 1
19:31:22.000 [AsyncHttpClient-1-1] DEBUG org.asynchttpclient.netty.channel.DefaultChannelPool - Entry count for : https://hub.lambdatest.com:443 : 1
19:31:22.588 [Forwarding getTitle on session 290045122958190ce15a9388800a1a3e to remote] DEBUG org.asynchttpclient.netty.request.NettyRequestSender - Using pooled Channel '[id: 0x143e8858, L:/192.168.100.119:55408 - R:hub.lambdatest.com/43.204.87.215:443]' for 'GET' to 'https://roshank:LT_0uuZ6lYn8sxQ55aGYiXLDG3lwakfEsccxuWBBfm4EeMb4Wm@hub.lambdatest.com/wd/hub/session/290045122958190ce15a9388800a1a3e/title'
19:31:22.588 [Forwarding getTitle on session 290045122958190ce15a9388800a1a3e to remote] DEBUG org.asynchttpclient.netty.request.NettyRequestSender - Using open Channel [id: 0x143e8858, L:/192.168.100.119:55408 - R:hub.lambdatest.com/43.204.87.215:443] for GET '/wd/hub/session/290045122958190ce15a9388800a1a3e/title'
19:31:23.007 [AsyncHttpClient-1-2] DEBUG org.asynchttpclient.netty.handler.HttpHandler - 

Request DefaultFullHttpRequest(decodeResult: success, version: HTTP/1.1, content: EmptyByteBufBE)
GET /wd/hub/session/290045122958190ce15a9388800a1a3e/title HTTP/1.1
User-Agent: selenium/4.10.0 (java mac)
Cache-Control: no-cache
traceparent: 00-0d6edaca99b809b74dd46bb80f6ad788-33709d8c887558c6-01
Content-Type: application/json; charset=utf-8
host: hub.lambdatest.com
authorization: Basic cm9zaGFuazpMVF8wdXVaNmxZbjhzeFE1NWFHWWlYTERHM2x3YWtmRXNjY3h1V0JCZm00RWVNYjRXbQ==
accept: */*

Response DefaultHttpResponse(decodeResult: success, version: HTTP/1.1)
HTTP/1.1 200 OK
Date: Thu, 27 Mar 2025 14:01:23 GMT
Content-Type: application/json
Content-Length: 108
Connection: keep-alive
Vary: Accept-Encoding

19:31:23.007 [AsyncHttpClient-1-2] DEBUG org.asynchttpclient.netty.channel.ChannelManager - Adding key: https://hub.lambdatest.com:443 for channel [id: 0x143e8858, L:/192.168.100.119:55408 - R:hub.lambdatest.com/43.204.87.215:443]
Login Successful on LambdaTest!
19:31:23.024 [Forwarding quit on session 290045122958190ce15a9388800a1a3e to remote] DEBUG org.asynchttpclient.netty.request.NettyRequestSender - Using pooled Channel '[id: 0x143e8858, L:/192.168.100.119:55408 - R:hub.lambdatest.com/43.204.87.215:443]' for 'DELETE' to 'https://roshank:LT_0uuZ6lYn8sxQ55aGYiXLDG3lwakfEsccxuWBBfm4EeMb4Wm@hub.lambdatest.com/wd/hub/session/290045122958190ce15a9388800a1a3e'
19:31:23.025 [Forwarding quit on session 290045122958190ce15a9388800a1a3e to remote] DEBUG org.asynchttpclient.netty.request.NettyRequestSender - Using open Channel [id: 0x143e8858, L:/192.168.100.119:55408 - R:hub.lambdatest.com/43.204.87.215:443] for DELETE '/wd/hub/session/290045122958190ce15a9388800a1a3e'
19:31:23.290 [AsyncHttpClient-1-2] DEBUG org.asynchttpclient.netty.handler.HttpHandler - 

Request DefaultFullHttpRequest(decodeResult: success, version: HTTP/1.1, content: EmptyByteBufBE)
DELETE /wd/hub/session/290045122958190ce15a9388800a1a3e HTTP/1.1
User-Agent: selenium/4.10.0 (java mac)
traceparent: 00-b5ad4ed6614c839dfa4c0b8e5f96589d-4b86d961cafa1a50-01
Content-Type: application/json; charset=utf-8
host: hub.lambdatest.com
authorization: Basic cm9zaGFuazpMVF8wdXVaNmxZbjhzeFE1NWFHWWlYTERHM2x3YWtmRXNjY3h1V0JCZm00RWVNYjRXbQ==
accept: */*

Response DefaultHttpResponse(decodeResult: success, version: HTTP/1.1)
HTTP/1.1 200 OK
Date: Thu, 27 Mar 2025 14:01:23 GMT
Content-Type: application/json
Content-Length: 14
Connection: keep-alive

19:31:23.291 [AsyncHttpClient-1-2] DEBUG org.asynchttpclient.netty.channel.ChannelManager - Adding key: https://hub.lambdatest.com:443 for channel [id: 0x143e8858, L:/192.168.100.119:55408 - R:hub.lambdatest.com/43.204.87.215:443]
]]></system-out>
    <system-err><![CDATA[Mar 27, 2025 7:31:00 PM org.openqa.selenium.remote.tracing.opentelemetry.OpenTelemetryTracer createTracer
INFO: Using OpenTelemetry for tracing
]]></system-err>
  </testcase>
</testsuite>